TN:
SF:/home/mike/dev/thr-addons/packages/messages/src/messagesActions.js
FN:16,addMessage
FN:36,addSuccessMessage
FN:48,addErrorMessage
FN:60,addWarnMessage
FN:70,clearMessage
FN:82,clearMessages
FNF:6
FNH:6
FNDA:5,addMessage
FNDA:1,addSuccessMessage
FNDA:1,addErrorMessage
FNDA:1,addWarnMessage
FNDA:1,clearMessage
FNDA:1,clearMessages
DA:3,3
DA:4,3
DA:5,3
DA:17,5
DA:37,1
DA:49,1
DA:61,1
DA:71,1
DA:83,1
LF:9
LH:9
BRDA:20,0,0,5
BRDA:20,0,1,1
BRDA:36,1,0,1
BRDA:36,2,0,1
BRDA:48,3,0,1
BRDA:48,4,0,1
BRDA:60,5,0,1
BRDA:60,6,0,1
BRF:8
BRH:8
end_of_record
TN:
SF:/home/mike/dev/thr-addons/packages/messages/src/Message/Message.js
FN:20,MessageComponent
FN:28,(anonymous_1)
FN:31,(anonymous_2)
FN:38,(anonymous_3)
FN:45,(anonymous_4)
FNF:5
FNH:2
FNDA:2,MessageComponent
FNDA:0,(anonymous_1)
FNDA:0,(anonymous_2)
FNDA:1,(anonymous_3)
FNDA:0,(anonymous_4)
DA:21,2
DA:22,2
DA:23,2
DA:24,2
DA:25,2
DA:26,0
DA:28,0
DA:31,0
DA:36,2
DA:38,1
DA:45,2
LF:11
LH:8
BRDA:25,0,0,0
BRDA:25,0,1,2
BRF:2
BRH:1
end_of_record
TN:
SF:/home/mike/dev/thr-addons/packages/messages/src/Message/index.js
FNF:0
FNH:0
LF:0
LH:0
BRF:0
BRH:0
end_of_record
TN:
SF:/home/mike/dev/thr-addons/packages/messages/src/Messages/Messages.js
FN:15,MessagesComponent
FN:20,(anonymous_1)
FN:26,(anonymous_2)
FNF:3
FNH:2
FNDA:2,MessagesComponent
FNDA:4,(anonymous_1)
FNDA:0,(anonymous_2)
DA:16,2
DA:17,1
DA:20,4
DA:26,1
LF:4
LH:4
BRDA:16,0,0,1
BRDA:16,0,1,1
BRF:2
BRH:2
end_of_record
TN:
SF:/home/mike/dev/thr-addons/packages/messages/tests/setupTests.js
FNF:0
FNH:0
DA:4,3
LF:1
LH:1
BRF:0
BRH:0
end_of_record
