{"/home/mike/dev/thr-addons/packages/tschemas/src/date.js": {"path":"/home/mike/dev/thr-addons/packages/tschemas/src/date.js","statementMap":{"0":{"start":{"line":13,"column":2},"end":{"line":13,"column":32}},"1":{"start":{"line":15,"column":2},"end":{"line":20,"column":5}},"2":{"start":{"line":16,"column":3},"end":{"line":16,"column":40}},"3":{"start":{"line":16,"column":27},"end":{"line":16,"column":40}},"4":{"start":{"line":18,"column":15},"end":{"line":18,"column":30}},"5":{"start":{"line":19,"column":3},"end":{"line":19,"column":51}},"6":{"start":{"line":24,"column":2},"end":{"line":24,"column":45}},"7":{"start":{"line":27,"column":22},"end":{"line":27,"column":46}},"8":{"start":{"line":27,"column":28},"end":{"line":27,"column":46}},"9":{"start":{"line":32,"column":31},"end":{"line":32,"column":45}},"10":{"start":{"line":32,"column":37},"end":{"line":32,"column":45}},"11":{"start":{"line":39,"column":2},"end":{"line":39,"column":35}},"12":{"start":{"line":41,"column":2},"end":{"line":49,"column":5}},"13":{"start":{"line":42,"column":3},"end":{"line":42,"column":40}},"14":{"start":{"line":42,"column":27},"end":{"line":42,"column":40}},"15":{"start":{"line":44,"column":3},"end":{"line":44,"column":34}},"16":{"start":{"line":44,"column":22},"end":{"line":44,"column":34}},"17":{"start":{"line":45,"column":3},"end":{"line":47,"column":4}},"18":{"start":{"line":46,"column":4},"end":{"line":46,"column":63}},"19":{"start":{"line":48,"column":3},"end":{"line":48,"column":15}},"20":{"start":{"line":53,"column":2},"end":{"line":53,"column":32}},"21":{"start":{"line":56,"column":25},"end":{"line":56,"column":52}},"22":{"start":{"line":56,"column":31},"end":{"line":56,"column":52}}},"fnMap":{"0":{"name":"(anonymous_0)","decl":{"start":{"line":12,"column":1},"end":{"line":12,"column":2}},"loc":{"start":{"line":12,"column":15},"end":{"line":21,"column":2}},"line":12},"1":{"name":"(anonymous_1)","decl":{"start":{"line":15,"column":23},"end":{"line":15,"column":24}},"loc":{"start":{"line":15,"column":32},"end":{"line":20,"column":3}},"line":15},"2":{"name":"(anonymous_2)","decl":{"start":{"line":23,"column":1},"end":{"line":23,"column":2}},"loc":{"start":{"line":23,"column":23},"end":{"line":25,"column":2}},"line":23},"3":{"name":"(anonymous_3)","decl":{"start":{"line":27,"column":22},"end":{"line":27,"column":23}},"loc":{"start":{"line":27,"column":28},"end":{"line":27,"column":46}},"line":27},"4":{"name":"(anonymous_4)","decl":{"start":{"line":32,"column":31},"end":{"line":32,"column":32}},"loc":{"start":{"line":32,"column":37},"end":{"line":32,"column":45}},"line":32},"5":{"name":"(anonymous_5)","decl":{"start":{"line":38,"column":1},"end":{"line":38,"column":2}},"loc":{"start":{"line":38,"column":15},"end":{"line":50,"column":2}},"line":38},"6":{"name":"(anonymous_6)","decl":{"start":{"line":41,"column":23},"end":{"line":41,"column":24}},"loc":{"start":{"line":41,"column":32},"end":{"line":49,"column":3}},"line":41},"7":{"name":"(anonymous_7)","decl":{"start":{"line":52,"column":1},"end":{"line":52,"column":2}},"loc":{"start":{"line":52,"column":23},"end":{"line":54,"column":2}},"line":52},"8":{"name":"(anonymous_8)","decl":{"start":{"line":56,"column":25},"end":{"line":56,"column":26}},"loc":{"start":{"line":56,"column":31},"end":{"line":56,"column":52}},"line":56}},"branchMap":{"0":{"loc":{"start":{"line":16,"column":3},"end":{"line":16,"column":40}},"type":"if","locations":[{"start":{"line":16,"column":3},"end":{"line":16,"column":40}},{"start":{"line":16,"column":3},"end":{"line":16,"column":40}}],"line":16},"1":{"loc":{"start":{"line":19,"column":10},"end":{"line":19,"column":50}},"type":"cond-expr","locations":[{"start":{"line":19,"column":26},"end":{"line":19,"column":29}},{"start":{"line":19,"column":32},"end":{"line":19,"column":50}}],"line":19},"2":{"loc":{"start":{"line":24,"column":9},"end":{"line":24,"column":44}},"type":"binary-expr","locations":[{"start":{"line":24,"column":9},"end":{"line":24,"column":29}},{"start":{"line":24,"column":33},"end":{"line":24,"column":44}}],"line":24},"3":{"loc":{"start":{"line":42,"column":3},"end":{"line":42,"column":40}},"type":"if","locations":[{"start":{"line":42,"column":3},"end":{"line":42,"column":40}},{"start":{"line":42,"column":3},"end":{"line":42,"column":40}}],"line":42},"4":{"loc":{"start":{"line":44,"column":3},"end":{"line":44,"column":34}},"type":"if","locations":[{"start":{"line":44,"column":3},"end":{"line":44,"column":34}},{"start":{"line":44,"column":3},"end":{"line":44,"column":34}}],"line":44},"5":{"loc":{"start":{"line":45,"column":3},"end":{"line":47,"column":4}},"type":"if","locations":[{"start":{"line":45,"column":3},"end":{"line":47,"column":4}},{"start":{"line":45,"column":3},"end":{"line":47,"column":4}}],"line":45},"6":{"loc":{"start":{"line":45,"column":7},"end":{"line":45,"column":48}},"type":"binary-expr","locations":[{"start":{"line":45,"column":7},"end":{"line":45,"column":18}},{"start":{"line":45,"column":22},"end":{"line":45,"column":34}},{"start":{"line":45,"column":38},"end":{"line":45,"column":48}}],"line":45}},"s":{"0":2,"1":2,"2":2,"3":1,"4":1,"5":1,"6":4,"7":4,"8":2,"9":4,"10":0,"11":4,"12":4,"13":3,"14":1,"15":2,"16":1,"17":1,"18":1,"19":0,"20":7,"21":4,"22":4},"f":{"0":2,"1":2,"2":4,"3":2,"4":0,"5":4,"6":3,"7":7,"8":4},"b":{"0":[1,1],"1":[0,1],"2":[4,3],"3":[1,2],"4":[1,1],"5":[1,0],"6":[1,1,1]},"_coverageSchema":"332fd63041d2c1bcb487cc26dd0d5f7d97098a6c","hash":"9c5ec516452b63d2b060584f2b6cdfd848b0feb0"}
,"/home/mike/dev/thr-addons/packages/tschemas/src/index.js": {"path":"/home/mike/dev/thr-addons/packages/tschemas/src/index.js","statementMap":{},"fnMap":{},"branchMap":{},"s":{},"f":{},"b":{},"_coverageSchema":"332fd63041d2c1bcb487cc26dd0d5f7d97098a6c","hash":"cbc44e82b921aa363067ad40fc708ac18ce28de6"}
,"/home/mike/dev/thr-addons/packages/tschemas/src/money.js": {"path":"/home/mike/dev/thr-addons/packages/tschemas/src/money.js","statementMap":{"0":{"start":{"line":12,"column":2},"end":{"line":12,"column":31}},"1":{"start":{"line":14,"column":2},"end":{"line":20,"column":5}},"2":{"start":{"line":15,"column":3},"end":{"line":15,"column":40}},"3":{"start":{"line":15,"column":27},"end":{"line":15,"column":40}},"4":{"start":{"line":17,"column":3},"end":{"line":17,"column":34}},"5":{"start":{"line":17,"column":22},"end":{"line":17,"column":34}},"6":{"start":{"line":18,"column":3},"end":{"line":18,"column":86}},"7":{"start":{"line":18,"column":39},"end":{"line":18,"column":86}},"8":{"start":{"line":19,"column":3},"end":{"line":19,"column":15}},"9":{"start":{"line":24,"column":2},"end":{"line":24,"column":28}},"10":{"start":{"line":28,"column":21},"end":{"line":28,"column":44}},"11":{"start":{"line":28,"column":27},"end":{"line":28,"column":44}}},"fnMap":{"0":{"name":"(anonymous_0)","decl":{"start":{"line":11,"column":1},"end":{"line":11,"column":2}},"loc":{"start":{"line":11,"column":15},"end":{"line":21,"column":2}},"line":11},"1":{"name":"(anonymous_1)","decl":{"start":{"line":14,"column":23},"end":{"line":14,"column":24}},"loc":{"start":{"line":14,"column":32},"end":{"line":20,"column":3}},"line":14},"2":{"name":"(anonymous_2)","decl":{"start":{"line":23,"column":1},"end":{"line":23,"column":2}},"loc":{"start":{"line":23,"column":23},"end":{"line":25,"column":2}},"line":23},"3":{"name":"(anonymous_3)","decl":{"start":{"line":28,"column":21},"end":{"line":28,"column":22}},"loc":{"start":{"line":28,"column":27},"end":{"line":28,"column":44}},"line":28}},"branchMap":{"0":{"loc":{"start":{"line":15,"column":3},"end":{"line":15,"column":40}},"type":"if","locations":[{"start":{"line":15,"column":3},"end":{"line":15,"column":40}},{"start":{"line":15,"column":3},"end":{"line":15,"column":40}}],"line":15},"1":{"loc":{"start":{"line":17,"column":3},"end":{"line":17,"column":34}},"type":"if","locations":[{"start":{"line":17,"column":3},"end":{"line":17,"column":34}},{"start":{"line":17,"column":3},"end":{"line":17,"column":34}}],"line":17},"2":{"loc":{"start":{"line":18,"column":3},"end":{"line":18,"column":86}},"type":"if","locations":[{"start":{"line":18,"column":3},"end":{"line":18,"column":86}},{"start":{"line":18,"column":3},"end":{"line":18,"column":86}}],"line":18},"3":{"loc":{"start":{"line":18,"column":7},"end":{"line":18,"column":37}},"type":"binary-expr","locations":[{"start":{"line":18,"column":7},"end":{"line":18,"column":19}},{"start":{"line":18,"column":23},"end":{"line":18,"column":37}}],"line":18}},"s":{"0":5,"1":5,"2":5,"3":1,"4":4,"5":1,"6":3,"7":1,"8":2,"9":10,"10":4,"11":5},"f":{"0":5,"1":5,"2":10,"3":5},"b":{"0":[1,4],"1":[1,3],"2":[1,2],"3":[3,2]},"_coverageSchema":"332fd63041d2c1bcb487cc26dd0d5f7d97098a6c","hash":"4f136e12f5d57543f9ef048d1feb7940ca7d7aef"}
,"/home/mike/dev/thr-addons/packages/tschemas/src/schemaValidate.js": {"path":"/home/mike/dev/thr-addons/packages/tschemas/src/schemaValidate.js","statementMap":{"0":{"start":{"line":6,"column":10},"end":{"line":6,"column":46}},"1":{"start":{"line":20,"column":1},"end":{"line":26,"column":2}},"2":{"start":{"line":21,"column":2},"end":{"line":21,"column":64}},"3":{"start":{"line":22,"column":2},"end":{"line":22,"column":14}},"4":{"start":{"line":24,"column":2},"end":{"line":24,"column":30}},"5":{"start":{"line":25,"column":2},"end":{"line":25,"column":28}}},"fnMap":{"0":{"name":"schemaValidate","decl":{"start":{"line":19,"column":30},"end":{"line":19,"column":44}},"loc":{"start":{"line":19,"column":93},"end":{"line":27,"column":1}},"line":19}},"branchMap":{"0":{"loc":{"start":{"line":21,"column":29},"end":{"line":21,"column":62}},"type":"binary-expr","locations":[{"start":{"line":21,"column":29},"end":{"line":21,"column":44}},{"start":{"line":21,"column":48},"end":{"line":21,"column":62}}],"line":21}},"s":{"0":4,"1":2,"2":2,"3":1,"4":1,"5":1},"f":{"0":2},"b":{"0":[2,2]},"_coverageSchema":"332fd63041d2c1bcb487cc26dd0d5f7d97098a6c","hash":"d41149c5543b3b9ded61a409af1683ba63790b37"}
,"/home/mike/dev/thr-addons/packages/tschemas/src/user.js": {"path":"/home/mike/dev/thr-addons/packages/tschemas/src/user.js","statementMap":{"0":{"start":{"line":10,"column":21},"end":{"line":14,"column":13}},"1":{"start":{"line":10,"column":27},"end":{"line":14,"column":13}},"2":{"start":{"line":19,"column":24},"end":{"line":21,"column":31}},"3":{"start":{"line":19,"column":30},"end":{"line":21,"column":31}},"4":{"start":{"line":27,"column":30},"end":{"line":30,"column":2}},"5":{"start":{"line":27,"column":57},"end":{"line":30,"column":2}},"6":{"start":{"line":28,"column":1},"end":{"line":28,"column":66}},"7":{"start":{"line":28,"column":9},"end":{"line":28,"column":66}},"8":{"start":{"line":29,"column":1},"end":{"line":29,"column":85}},"9":{"start":{"line":35,"column":23},"end":{"line":42,"column":2}},"10":{"start":{"line":35,"column":29},"end":{"line":42,"column":2}},"11":{"start":{"line":47,"column":21},"end":{"line":50,"column":2}},"12":{"start":{"line":47,"column":27},"end":{"line":50,"column":2}},"13":{"start":{"line":55,"column":19},"end":{"line":57,"column":2}},"14":{"start":{"line":55,"column":25},"end":{"line":57,"column":2}},"15":{"start":{"line":56,"column":69},"end":{"line":56,"column":93}}},"fnMap":{"0":{"name":"(anonymous_0)","decl":{"start":{"line":10,"column":21},"end":{"line":10,"column":22}},"loc":{"start":{"line":10,"column":27},"end":{"line":14,"column":13}},"line":10},"1":{"name":"(anonymous_1)","decl":{"start":{"line":19,"column":24},"end":{"line":19,"column":25}},"loc":{"start":{"line":19,"column":30},"end":{"line":21,"column":31}},"line":19},"2":{"name":"(anonymous_2)","decl":{"start":{"line":27,"column":30},"end":{"line":27,"column":31}},"loc":{"start":{"line":27,"column":57},"end":{"line":30,"column":2}},"line":27},"3":{"name":"(anonymous_3)","decl":{"start":{"line":27,"column":86},"end":{"line":27,"column":87}},"loc":{"start":{"line":27,"column":91},"end":{"line":30,"column":1}},"line":27},"4":{"name":"(anonymous_4)","decl":{"start":{"line":35,"column":23},"end":{"line":35,"column":24}},"loc":{"start":{"line":35,"column":29},"end":{"line":42,"column":2}},"line":35},"5":{"name":"(anonymous_5)","decl":{"start":{"line":47,"column":21},"end":{"line":47,"column":22}},"loc":{"start":{"line":47,"column":27},"end":{"line":50,"column":2}},"line":47},"6":{"name":"(anonymous_6)","decl":{"start":{"line":55,"column":19},"end":{"line":55,"column":20}},"loc":{"start":{"line":55,"column":25},"end":{"line":57,"column":2}},"line":55},"7":{"name":"(anonymous_7)","decl":{"start":{"line":56,"column":60},"end":{"line":56,"column":61}},"loc":{"start":{"line":56,"column":69},"end":{"line":56,"column":93}},"line":56}},"branchMap":{"0":{"loc":{"start":{"line":28,"column":1},"end":{"line":28,"column":66}},"type":"if","locations":[{"start":{"line":28,"column":1},"end":{"line":28,"column":66}},{"start":{"line":28,"column":1},"end":{"line":28,"column":66}}],"line":28}},"s":{"0":4,"1":3,"2":4,"3":2,"4":4,"5":0,"6":0,"7":0,"8":0,"9":4,"10":2,"11":4,"12":5,"13":4,"14":1,"15":1},"f":{"0":3,"1":2,"2":0,"3":0,"4":2,"5":5,"6":1,"7":1},"b":{"0":[0,0]},"_coverageSchema":"332fd63041d2c1bcb487cc26dd0d5f7d97098a6c","hash":"c99936ae2253ed1c43e8df9df10e85ed62d6a741"}
}
