TN:
SF:/home/mike/dev/thr-addons/packages/tschemas/src/date.js
FN:12,(anonymous_0)
FN:15,(anonymous_1)
FN:23,(anonymous_2)
FN:27,(anonymous_3)
FN:32,(anonymous_4)
FN:38,(anonymous_5)
FN:41,(anonymous_6)
FN:52,(anonymous_7)
FN:56,(anonymous_8)
FNF:9
FNH:8
FNDA:2,(anonymous_0)
FNDA:2,(anonymous_1)
FNDA:4,(anonymous_2)
FNDA:2,(anonymous_3)
FNDA:0,(anonymous_4)
FNDA:4,(anonymous_5)
FNDA:3,(anonymous_6)
FNDA:7,(anonymous_7)
FNDA:4,(anonymous_8)
DA:13,2
DA:15,2
DA:16,2
DA:18,1
DA:19,1
DA:24,4
DA:27,4
DA:32,4
DA:39,4
DA:41,4
DA:42,3
DA:44,2
DA:45,1
DA:46,1
DA:48,0
DA:53,7
DA:56,4
LF:17
LH:16
BRDA:16,0,0,1
BRDA:16,0,1,1
BRDA:19,1,0,0
BRDA:19,1,1,1
BRDA:24,2,0,4
BRDA:24,2,1,3
BRDA:42,3,0,1
BRDA:42,3,1,2
BRDA:44,4,0,1
BRDA:44,4,1,1
BRDA:45,5,0,1
BRDA:45,5,1,0
BRDA:45,6,0,1
BRDA:45,6,1,1
BRDA:45,6,2,1
BRF:15
BRH:13
end_of_record
TN:
SF:/home/mike/dev/thr-addons/packages/tschemas/src/index.js
FNF:0
FNH:0
LF:0
LH:0
BRF:0
BRH:0
end_of_record
TN:
SF:/home/mike/dev/thr-addons/packages/tschemas/src/money.js
FN:11,(anonymous_0)
FN:14,(anonymous_1)
FN:23,(anonymous_2)
FN:28,(anonymous_3)
FNF:4
FNH:4
FNDA:5,(anonymous_0)
FNDA:5,(anonymous_1)
FNDA:10,(anonymous_2)
FNDA:5,(anonymous_3)
DA:12,5
DA:14,5
DA:15,5
DA:17,4
DA:18,3
DA:19,2
DA:24,10
DA:28,5
LF:8
LH:8
BRDA:15,0,0,1
BRDA:15,0,1,4
BRDA:17,1,0,1
BRDA:17,1,1,3
BRDA:18,2,0,1
BRDA:18,2,1,2
BRDA:18,3,0,3
BRDA:18,3,1,2
BRF:8
BRH:8
end_of_record
TN:
SF:/home/mike/dev/thr-addons/packages/tschemas/src/schemaValidate.js
FN:19,schemaValidate
FNF:1
FNH:1
FNDA:2,schemaValidate
DA:6,4
DA:20,2
DA:21,2
DA:22,1
DA:24,1
DA:25,1
LF:6
LH:6
BRDA:21,0,0,2
BRDA:21,0,1,2
BRF:2
BRH:2
end_of_record
TN:
SF:/home/mike/dev/thr-addons/packages/tschemas/src/user.js
FN:10,(anonymous_0)
FN:19,(anonymous_1)
FN:27,(anonymous_2)
FN:27,(anonymous_3)
FN:35,(anonymous_4)
FN:47,(anonymous_5)
FN:55,(anonymous_6)
FN:56,(anonymous_7)
FNF:8
FNH:6
FNDA:3,(anonymous_0)
FNDA:2,(anonymous_1)
FNDA:0,(anonymous_2)
FNDA:0,(anonymous_3)
FNDA:2,(anonymous_4)
FNDA:5,(anonymous_5)
FNDA:1,(anonymous_6)
FNDA:1,(anonymous_7)
DA:10,4
DA:19,4
DA:27,4
DA:28,0
DA:29,0
DA:35,4
DA:47,5
DA:55,4
DA:56,1
LF:9
LH:7
BRDA:28,0,0,0
BRDA:28,0,1,0
BRF:2
BRH:0
end_of_record
