<?xml version="1.0" encoding="UTF-8"?>
<coverage generated="1603401534841" clover="3.2.0">
  <project timestamp="1603401534841" name="All files">
    <metrics statements="73" coveredstatements="67" conditionals="10" coveredconditionals="4" methods="14" coveredmethods="14" elements="97" coveredelements="85" complexity="0" loc="73" ncloc="73" packages="1" files="1" classes="1"/>
    <file name="index.ts" path="/home/mike/dev/thr-addons/packages/sha256/src/index.ts">
      <metrics statements="73" coveredstatements="67" conditionals="10" coveredconditionals="4" methods="14" coveredmethods="14"/>
      <line num="19" count="1" type="stmt"/>
      <line num="20" count="1" type="stmt"/>
      <line num="23" count="600" type="stmt"/>
      <line num="24" count="600" type="stmt"/>
      <line num="25" count="600" type="stmt"/>
      <line num="29" count="576" type="stmt"/>
      <line num="33" count="96" type="stmt"/>
      <line num="37" count="64" type="stmt"/>
      <line num="41" count="64" type="stmt"/>
      <line num="45" count="64" type="stmt"/>
      <line num="49" count="64" type="stmt"/>
      <line num="53" count="48" type="stmt"/>
      <line num="57" count="48" type="stmt"/>
      <line num="61" count="1" type="stmt"/>
      <line num="62" count="1" type="stmt"/>
      <line num="63" count="1" type="stmt"/>
      <line num="67" count="1" type="stmt"/>
      <line num="68" count="1" type="stmt"/>
      <line num="70" count="1" type="stmt"/>
      <line num="71" count="1" type="stmt"/>
      <line num="72" count="1" type="stmt"/>
      <line num="73" count="1" type="stmt"/>
      <line num="74" count="1" type="stmt"/>
      <line num="75" count="1" type="stmt"/>
      <line num="76" count="1" type="stmt"/>
      <line num="77" count="1" type="stmt"/>
      <line num="78" count="1" type="stmt"/>
      <line num="80" count="1" type="stmt"/>
      <line num="81" count="64" type="cond" truecount="2" falsecount="0"/>
      <line num="82" count="48" type="stmt"/>
      <line num="84" count="64" type="stmt"/>
      <line num="85" count="64" type="stmt"/>
      <line num="87" count="64" type="stmt"/>
      <line num="88" count="64" type="stmt"/>
      <line num="89" count="64" type="stmt"/>
      <line num="90" count="64" type="stmt"/>
      <line num="91" count="64" type="stmt"/>
      <line num="92" count="64" type="stmt"/>
      <line num="93" count="64" type="stmt"/>
      <line num="94" count="64" type="stmt"/>
      <line num="97" count="1" type="stmt"/>
      <line num="98" count="1" type="stmt"/>
      <line num="99" count="1" type="stmt"/>
      <line num="100" count="1" type="stmt"/>
      <line num="101" count="1" type="stmt"/>
      <line num="102" count="1" type="stmt"/>
      <line num="103" count="1" type="stmt"/>
      <line num="104" count="1" type="stmt"/>
      <line num="106" count="1" type="stmt"/>
      <line num="110" count="1" type="stmt"/>
      <line num="111" count="1" type="stmt"/>
      <line num="112" count="1" type="stmt"/>
      <line num="113" count="19" type="stmt"/>
      <line num="115" count="1" type="stmt"/>
      <line num="126" count="1" type="stmt"/>
      <line num="128" count="1" type="stmt"/>
      <line num="130" count="19" type="stmt"/>
      <line num="132" count="19" type="cond" truecount="1" falsecount="1"/>
      <line num="133" count="19" type="stmt"/>
      <line num="135" count="0" type="cond" truecount="0" falsecount="4"/>
      <line num="136" count="0" type="stmt"/>
      <line num="137" count="0" type="stmt"/>
      <line num="140" count="0" type="stmt"/>
      <line num="141" count="0" type="stmt"/>
      <line num="142" count="0" type="stmt"/>
      <line num="147" count="1" type="stmt"/>
      <line num="151" count="1" type="cond" truecount="1" falsecount="1"/>
      <line num="152" count="1" type="stmt"/>
      <line num="153" count="1" type="stmt"/>
      <line num="154" count="32" type="stmt"/>
      <line num="157" count="1" type="stmt"/>
      <line num="160" count="1" type="stmt"/>
      <line num="161" count="1" type="stmt"/>
    </file>
  </project>
</coverage>
