TN:
SF:src/index.ts
FN:17,sha256
FN:22,safe_add
FN:28,S
FN:32,R
FN:36,Ch
FN:40,Maj
FN:44,Sigma0256
FN:48,Sigma1256
FN:52,Gamma0256
FN:56,Gamma1256
FN:60,core_sha256
FN:109,str2binb
FN:118,Utf8Encode
FN:150,binb2hex
FNF:14
FNH:14
FNDA:1,sha256
FNDA:600,safe_add
FNDA:576,S
FNDA:96,R
FNDA:64,Ch
FNDA:64,Maj
FNDA:64,Sigma0256
FNDA:64,Sigma1256
FNDA:48,Gamma0256
FNDA:48,Gamma1256
FNDA:1,core_sha256
FNDA:1,str2binb
FNDA:1,Utf8Encode
FNDA:1,binb2hex
DA:19,1
DA:20,1
DA:23,600
DA:24,600
DA:25,600
DA:29,576
DA:33,96
DA:37,64
DA:41,64
DA:45,64
DA:49,64
DA:53,48
DA:57,48
DA:61,1
DA:62,1
DA:63,1
DA:67,1
DA:68,1
DA:70,1
DA:71,1
DA:72,1
DA:73,1
DA:74,1
DA:75,1
DA:76,1
DA:77,1
DA:78,1
DA:80,1
DA:81,64
DA:82,48
DA:84,64
DA:85,64
DA:87,64
DA:88,64
DA:89,64
DA:90,64
DA:91,64
DA:92,64
DA:93,64
DA:94,64
DA:97,1
DA:98,1
DA:99,1
DA:100,1
DA:101,1
DA:102,1
DA:103,1
DA:104,1
DA:106,1
DA:110,1
DA:111,1
DA:112,1
DA:113,19
DA:115,1
DA:126,1
DA:128,1
DA:130,19
DA:132,19
DA:133,19
DA:135,0
DA:136,0
DA:137,0
DA:140,0
DA:141,0
DA:142,0
DA:147,1
DA:151,1
DA:152,1
DA:153,1
DA:154,32
DA:157,1
DA:160,1
DA:161,1
LF:73
LH:67
BRDA:81,0,0,16
BRDA:81,0,1,48
BRDA:132,1,0,19
BRDA:132,1,1,0
BRDA:135,2,0,0
BRDA:135,2,1,0
BRDA:135,3,0,0
BRDA:135,3,1,0
BRDA:151,4,0,0
BRDA:151,4,1,1
BRF:10
BRH:4
end_of_record
