<?xml version="1.0" encoding="UTF-8"?>
<coverage generated="1603470651154" clover="3.2.0">
  <project timestamp="1603470651154" name="All files">
    <metrics statements="5" coveredstatements="3" conditionals="18" coveredconditionals="18" methods="4" coveredmethods="2" elements="27" coveredelements="23" complexity="0" loc="5" ncloc="5" packages="1" files="3" classes="3"/>
    <file name="commonWebpack.ts" path="/home/mike/dev/thr-addons/packages/common-webpack/src/commonWebpack.ts">
      <metrics statements="1" coveredstatements="1" conditionals="18" coveredconditionals="18" methods="1" coveredmethods="1"/>
      <line num="18" count="4" type="stmt"/>
    </file>
    <file name="index.ts" path="/home/mike/dev/thr-addons/packages/common-webpack/src/index.ts">
      <metrics statements="0" coveredstatements="0" conditionals="0" coveredconditionals="0" methods="0" coveredmethods="0"/>
    </file>
    <file name="inspectLoader.ts" path="/home/mike/dev/thr-addons/packages/common-webpack/src/inspectLoader.ts">
      <metrics statements="4" coveredstatements="2" conditionals="0" coveredconditionals="0" methods="3" coveredmethods="1"/>
      <line num="8" count="1" type="stmt"/>
      <line num="11" count="0" type="stmt"/>
      <line num="26" count="8" type="stmt"/>
      <line num="31" count="0" type="stmt"/>
    </file>
  </project>
</coverage>
