{"/home/mike/dev/thr-addons/packages/common-webpack/src/commonWebpack.ts": {"path":"/home/mike/dev/thr-addons/packages/common-webpack/src/commonWebpack.ts","statementMap":{"0":{"start":{"line":18,"column":1},"end":{"line":78,"column":3}}},"fnMap":{"0":{"name":"commonWebpack","decl":{"start":{"line":17,"column":24},"end":{"line":17,"column":37}},"loc":{"start":{"line":17,"column":144},"end":{"line":79,"column":1}},"line":17}},"branchMap":{"0":{"loc":{"start":{"line":20,"column":8},"end":{"line":20,"column":51}},"type":"cond-expr","locations":[{"start":{"line":20,"column":23},"end":{"line":20,"column":35}},{"start":{"line":20,"column":38},"end":{"line":20,"column":51}}],"line":20},"1":{"loc":{"start":{"line":22,"column":10},"end":{"line":22,"column":35}},"type":"cond-expr","locations":[{"start":{"line":22,"column":21},"end":{"line":22,"column":26}},{"start":{"line":22,"column":29},"end":{"line":22,"column":35}}],"line":22},"2":{"loc":{"start":{"line":23,"column":11},"end":{"line":23,"column":60}},"type":"cond-expr","locations":[{"start":{"line":23,"column":26},"end":{"line":23,"column":38}},{"start":{"line":23,"column":41},"end":{"line":23,"column":60}}],"line":23},"3":{"loc":{"start":{"line":33,"column":13},"end":{"line":33,"column":104}},"type":"cond-expr","locations":[{"start":{"line":33,"column":28},"end":{"line":33,"column":91}},{"start":{"line":33,"column":94},"end":{"line":33,"column":104}}],"line":33},"4":{"loc":{"start":{"line":39,"column":54},"end":{"line":39,"column":92}},"type":"cond-expr","locations":[{"start":{"line":39,"column":79},"end":{"line":39,"column":87}},{"start":{"line":39,"column":90},"end":{"line":39,"column":92}}],"line":39},"5":{"loc":{"start":{"line":39,"column":54},"end":{"line":39,"column":76}},"type":"binary-expr","locations":[{"start":{"line":39,"column":54},"end":{"line":39,"column":62}},{"start":{"line":39,"column":66},"end":{"line":39,"column":76}}],"line":39},"6":{"loc":{"start":{"line":63,"column":11},"end":{"line":63,"column":55}},"type":"cond-expr","locations":[{"start":{"line":63,"column":36},"end":{"line":63,"column":45}},{"start":{"line":63,"column":48},"end":{"line":63,"column":55}}],"line":63},"7":{"loc":{"start":{"line":63,"column":11},"end":{"line":63,"column":33}},"type":"binary-expr","locations":[{"start":{"line":63,"column":11},"end":{"line":63,"column":19}},{"start":{"line":63,"column":23},"end":{"line":63,"column":33}}],"line":63},"8":{"loc":{"start":{"line":76,"column":12},"end":{"line":76,"column":23}},"type":"binary-expr","locations":[{"start":{"line":76,"column":12},"end":{"line":76,"column":17}},{"start":{"line":76,"column":21},"end":{"line":76,"column":23}}],"line":76}},"s":{"0":4},"f":{"0":4},"b":{"0":[2,2],"1":[2,2],"2":[2,2],"3":[2,2],"4":[2,2],"5":[4,2],"6":[2,2],"7":[4,2],"8":[4,4]},"_coverageSchema":"1a1c01bbd47fc00a2c39e90264f33305004495a9","hash":"1d9b0a0e3073647bcc3170232c4910b47251b598"}
,"/home/mike/dev/thr-addons/packages/common-webpack/src/index.ts": {"path":"/home/mike/dev/thr-addons/packages/common-webpack/src/index.ts","statementMap":{},"fnMap":{},"branchMap":{},"s":{},"f":{},"b":{}}
,"/home/mike/dev/thr-addons/packages/common-webpack/src/inspectLoader.ts": {"path":"/home/mike/dev/thr-addons/packages/common-webpack/src/inspectLoader.ts","statementMap":{"0":{"start":{"line":8,"column":10},"end":{"line":8,"column":32}},"1":{"start":{"line":11,"column":1},"end":{"line":11,"column":28}},"2":{"start":{"line":26,"column":1},"end":{"line":34,"column":3}},"3":{"start":{"line":31,"column":4},"end":{"line":31,"column":70}}},"fnMap":{"0":{"name":"log","decl":{"start":{"line":10,"column":16},"end":{"line":10,"column":19}},"loc":{"start":{"line":10,"column":58},"end":{"line":12,"column":1}},"line":10},"1":{"name":"inspectLoader","decl":{"start":{"line":25,"column":24},"end":{"line":25,"column":37}},"loc":{"start":{"line":25,"column":73},"end":{"line":35,"column":1}},"line":25},"2":{"name":"(anonymous_2)","decl":{"start":{"line":30,"column":3},"end":{"line":30,"column":4}},"loc":{"start":{"line":30,"column":33},"end":{"line":32,"column":4}},"line":30}},"branchMap":{},"s":{"0":1,"1":0,"2":8,"3":0},"f":{"0":0,"1":8,"2":0},"b":{},"_coverageSchema":"1a1c01bbd47fc00a2c39e90264f33305004495a9","hash":"f209bcf96cea17adbe8e5fa0adc97c8d863689c6"}
}
