TN:
SF:src/commonWebpack.ts
FN:17,commonWebpack
FNF:1
FNH:1
FNDA:4,commonWebpack
DA:18,4
LF:1
LH:1
BRDA:20,0,0,2
BRDA:20,0,1,2
BRDA:22,1,0,2
BRDA:22,1,1,2
BRDA:23,2,0,2
BRDA:23,2,1,2
BRDA:33,3,0,2
BRDA:33,3,1,2
BRDA:39,4,0,2
BRDA:39,4,1,2
BRDA:39,5,0,4
BRDA:39,5,1,2
BRDA:63,6,0,2
BRDA:63,6,1,2
BRDA:63,7,0,4
BRDA:63,7,1,2
BRDA:76,8,0,4
BRDA:76,8,1,4
BRF:18
BRH:18
end_of_record
TN:
SF:src/index.ts
FNF:0
FNH:0
LF:0
LH:0
BRF:0
BRH:0
end_of_record
TN:
SF:src/inspectLoader.ts
FN:10,log
FN:25,inspectLoader
FN:30,(anonymous_2)
FNF:3
FNH:1
FNDA:0,log
FNDA:8,inspectLoader
FNDA:0,(anonymous_2)
DA:8,1
DA:11,0
DA:26,8
DA:31,0
LF:4
LH:2
BRF:0
BRH:0
end_of_record
