<?xml version="1.0" encoding="UTF-8"?>
<coverage generated="1529354705599" clover="3.2.0">
  <project timestamp="1529354705599" name="All files">
    <metrics statements="24" coveredstatements="21" conditionals="34" coveredconditionals="30" methods="7" coveredmethods="7" elements="65" coveredelements="58" complexity="0" loc="24" ncloc="24" packages="2" files="3" classes="3">
      <package name="src">
        <metrics statements="17" coveredstatements="16" conditionals="25" coveredconditionals="23" methods="7" coveredmethods="7"/>
        <file name="currencyCountry.js" path="/home/mike/dev/thr-addons/packages/money/src/currencyCountry.js">
          <metrics statements="3" coveredstatements="3" conditionals="2" coveredconditionals="1" methods="1" coveredmethods="1"/>
          <line num="3" count="1" type="stmt"/>
          <line num="130" count="1" type="cond" truecount="1" falsecount="1"/>
          <line num="131" count="1" type="stmt"/>
        </file>
        <file name="util.js" path="/home/mike/dev/thr-addons/packages/money/src/util.js">
          <metrics statements="14" coveredstatements="13" conditionals="23" coveredconditionals="22" methods="6" coveredmethods="6"/>
          <line num="18" count="20" type="cond" truecount="2" falsecount="0"/>
          <line num="19" count="17" type="cond" truecount="2" falsecount="0"/>
          <line num="20" count="5" type="cond" truecount="5" falsecount="0"/>
          <line num="21" count="3" type="cond" truecount="2" falsecount="0"/>
          <line num="22" count="2" type="stmt"/>
          <line num="32" count="4" type="stmt"/>
          <line num="42" count="2" type="cond" truecount="2" falsecount="0"/>
          <line num="51" count="4" type="cond" truecount="2" falsecount="0"/>
          <line num="52" count="1" type="stmt"/>
          <line num="54" count="3" type="cond" truecount="1" falsecount="1"/>
          <line num="55" count="3" type="cond" truecount="4" falsecount="0"/>
          <line num="56" count="1" type="stmt"/>
          <line num="57" count="2" type="stmt"/>
          <line num="60" count="0" type="stmt"/>
        </file>
      </package>
      <package name="src.graphql">
        <metrics statements="7" coveredstatements="5" conditionals="9" coveredconditionals="7" methods="0" coveredmethods="0"/>
        <file name="GraphQLMoney.js" path="/home/mike/dev/thr-addons/packages/money/src/graphql/GraphQLMoney.js">
          <metrics statements="7" coveredstatements="5" conditionals="9" coveredconditionals="7" methods="0" coveredmethods="0"/>
          <line num="8" count="1" type="stmt"/>
          <line num="13" count="5" type="cond" truecount="2" falsecount="0"/>
          <line num="14" count="4" type="stmt"/>
          <line num="18" count="7" type="cond" truecount="1" falsecount="1"/>
          <line num="19" count="0" type="stmt"/>
          <line num="23" count="6" type="cond" truecount="4" falsecount="1"/>
          <line num="24" count="0" type="stmt"/>
        </file>
      </package>
    </metrics>
  </project>
</coverage>
