TN:
SF:/home/mike/dev/thr-addons/packages/money/src/currencyCountry.js
FN:129,getCountryCode
FNF:1
FNH:1
FNDA:1,getCountryCode
DA:3,1
DA:130,1
DA:131,1
LF:3
LH:3
BRDA:130,0,0,0
BRDA:130,0,1,1
BRF:2
BRH:1
end_of_record
TN:
SF:/home/mike/dev/thr-addons/packages/money/src/util.js
FN:17,makeMoney
FN:31,roundTo
FN:41,formatMoney
FN:50,transformObjectsToMoney
FN:52,(anonymous_4)
FN:56,(anonymous_5)
FNF:6
FNH:6
FNDA:20,makeMoney
FNDA:4,roundTo
FNDA:2,formatMoney
FNDA:4,transformObjectsToMoney
FNDA:1,(anonymous_4)
FNDA:2,(anonymous_5)
DA:18,20
DA:19,17
DA:20,5
DA:21,3
DA:22,2
DA:32,4
DA:42,2
DA:51,4
DA:52,1
DA:54,3
DA:55,3
DA:56,1
DA:57,2
DA:60,0
LF:14
LH:13
BRDA:17,0,0,19
BRDA:18,1,0,3
BRDA:18,1,1,17
BRDA:19,2,0,12
BRDA:19,2,1,5
BRDA:20,3,0,2
BRDA:20,3,1,3
BRDA:20,4,0,5
BRDA:20,4,1,4
BRDA:20,4,2,2
BRDA:21,5,0,1
BRDA:21,5,1,2
BRDA:41,6,0,1
BRDA:42,7,0,1
BRDA:42,7,1,1
BRDA:51,8,0,1
BRDA:51,8,1,3
BRDA:54,9,0,3
BRDA:54,9,1,0
BRDA:55,10,0,2
BRDA:55,10,1,1
BRDA:55,11,0,3
BRDA:55,11,1,2
BRF:23
BRH:22
end_of_record
TN:
SF:/home/mike/dev/thr-addons/packages/money/src/MoneyInput/index.js
FN:12,moneyFromProps
FN:52,(anonymous_1)
FN:58,(anonymous_2)
FN:69,(anonymous_3)
FN:77,(anonymous_4)
FN:83,(anonymous_5)
FN:99,(anonymous_6)
FNF:7
FNH:4
FNDA:1,moneyFromProps
FNDA:1,(anonymous_1)
FNDA:1,(anonymous_2)
FNDA:0,(anonymous_3)
FNDA:0,(anonymous_4)
FNDA:1,(anonymous_5)
FNDA:0,(anonymous_6)
DA:14,1
DA:15,0
DA:16,0
DA:18,0
DA:21,1
DA:23,1
DA:53,1
DA:54,1
DA:55,1
DA:59,1
DA:60,0
DA:61,0
DA:70,0
DA:71,0
DA:72,0
DA:73,0
DA:78,0
DA:79,0
DA:80,0
DA:84,1
DA:86,1
DA:97,1
DA:99,0
LF:23
LH:10
BRDA:14,0,0,0
BRDA:14,0,1,1
BRDA:15,1,0,0
BRDA:15,1,1,0
BRDA:59,2,0,0
BRDA:59,2,1,1
BRDA:72,3,0,0
BRDA:72,3,1,0
BRDA:72,4,0,0
BRDA:72,4,1,0
BRDA:80,5,0,0
BRDA:80,5,1,0
BRDA:86,6,0,0
BRDA:86,6,1,1
BRDA:89,7,0,0
BRDA:89,7,1,0
BRDA:99,8,0,0
BRDA:99,8,1,1
BRF:18
BRH:4
end_of_record
TN:
SF:/home/mike/dev/thr-addons/packages/money/src/MoneyInput/moneyInputMask.js
FN:5,moneyInputMask
FN:6,onComplete
FN:10,onCleared
FNF:3
FNH:0
FNDA:0,moneyInputMask
FNDA:0,onComplete
FNDA:0,onCleared
DA:7,0
DA:11,0
DA:14,0
DA:27,0
DA:29,0
LF:5
LH:0
BRF:0
BRH:0
end_of_record
TN:
SF:/home/mike/dev/thr-addons/packages/money/src/graphql/GraphQLMoney.js
FNF:0
FNH:0
DA:8,1
DA:13,5
DA:14,4
DA:18,7
DA:19,0
DA:23,6
DA:24,0
LF:7
LH:5
BRDA:13,0,0,1
BRDA:13,0,1,4
BRDA:18,1,0,7
BRDA:18,1,1,0
BRDA:23,2,0,6
BRDA:23,2,1,0
BRDA:23,3,0,6
BRDA:23,3,1,4
BRDA:23,3,2,2
BRF:9
BRH:7
end_of_record
TN:
SF:/home/mike/dev/thr-addons/packages/money/tests/setupTests.js
FNF:0
FNH:0
DA:4,4
LF:1
LH:1
BRF:0
BRH:0
end_of_record
