TN:
SF:/home/mike/dev/thr-addons/packages/money/src/currencyCountry.js
FN:129,getCountryCode
FNF:1
FNH:1
FNDA:1,getCountryCode
DA:3,1
DA:130,1
DA:131,1
LF:3
LH:3
BRDA:130,0,0,0
BRDA:130,0,1,1
BRF:2
BRH:1
end_of_record
TN:
SF:/home/mike/dev/thr-addons/packages/money/src/util.js
FN:17,makeMoney
FN:32,roundTo
FN:42,formatMoney
FN:52,transformObjectsToMoney
FN:54,(anonymous_4)
FN:58,(anonymous_5)
FNF:6
FNH:6
FNDA:20,makeMoney
FNDA:4,roundTo
FNDA:2,formatMoney
FNDA:4,transformObjectsToMoney
FNDA:1,(anonymous_4)
FNDA:2,(anonymous_5)
DA:18,20
DA:19,19
DA:20,16
DA:21,4
DA:22,3
DA:23,2
DA:33,4
DA:43,2
DA:44,2
DA:53,4
DA:54,1
DA:56,3
DA:57,3
DA:58,1
DA:59,2
DA:62,0
LF:16
LH:15
BRDA:17,0,0,19
BRDA:18,1,0,1
BRDA:18,1,1,19
BRDA:19,2,0,3
BRDA:19,2,1,16
BRDA:20,3,0,12
BRDA:20,3,1,4
BRDA:21,4,0,1
BRDA:21,4,1,3
BRDA:21,5,0,4
BRDA:21,5,1,3
BRDA:21,5,2,1
BRDA:22,6,0,1
BRDA:22,6,1,2
BRDA:42,7,0,1
BRDA:43,8,0,0
BRDA:43,8,1,2
BRDA:44,9,0,1
BRDA:44,9,1,1
BRDA:53,10,0,1
BRDA:53,10,1,3
BRDA:56,11,0,3
BRDA:56,11,1,0
BRDA:57,12,0,2
BRDA:57,12,1,1
BRDA:57,13,0,3
BRDA:57,13,1,2
BRF:27
BRH:25
end_of_record
TN:
SF:/home/mike/dev/thr-addons/packages/money/src/graphql/GraphQLMoney.js
FNF:0
FNH:0
DA:8,1
DA:13,5
DA:14,4
DA:18,7
DA:19,0
DA:23,6
DA:24,0
LF:7
LH:5
BRDA:13,0,0,1
BRDA:13,0,1,4
BRDA:18,1,0,7
BRDA:18,1,1,0
BRDA:23,2,0,6
BRDA:23,2,1,0
BRDA:23,3,0,6
BRDA:23,3,1,4
BRDA:23,3,2,2
BRF:9
BRH:7
end_of_record
