<?xml version="1.0" encoding="UTF-8"?>
<coverage generated="1529354702913" clover="3.2.0">
  <project timestamp="1529354702914" name="All files">
    <metrics statements="92" coveredstatements="82" conditionals="92" coveredconditionals="74" methods="26" coveredmethods="25" elements="210" coveredelements="181" complexity="0" loc="92" ncloc="92" packages="2" files="3" classes="3">
      <package name="src">
        <metrics statements="70" coveredstatements="65" conditionals="68" coveredconditionals="55" methods="24" coveredmethods="23"/>
        <file name="util.js" path="/home/mike/dev/thr-addons/packages/date/src/util.js">
          <metrics statements="70" coveredstatements="65" conditionals="68" coveredconditionals="55" methods="24" coveredmethods="23"/>
          <line num="29" count="2" type="stmt"/>
          <line num="38" count="3" type="stmt"/>
          <line num="47" count="1" type="stmt"/>
          <line num="56" count="2" type="stmt"/>
          <line num="69" count="9" type="stmt"/>
          <line num="78" count="2" type="stmt"/>
          <line num="87" count="1" type="stmt"/>
          <line num="96" count="1" type="stmt"/>
          <line num="107" count="6" type="cond" truecount="2" falsecount="0"/>
          <line num="108" count="4" type="cond" truecount="1" falsecount="1"/>
          <line num="110" count="2" type="cond" truecount="2" falsecount="0"/>
          <line num="111" count="2" type="stmt"/>
          <line num="113" count="1" type="cond" truecount="1" falsecount="1"/>
          <line num="114" count="1" type="stmt"/>
          <line num="115" count="2" type="stmt"/>
          <line num="118" count="0" type="stmt"/>
          <line num="127" count="7" type="cond" truecount="2" falsecount="0"/>
          <line num="128" count="2" type="cond" truecount="2" falsecount="0"/>
          <line num="129" count="2" type="stmt"/>
          <line num="131" count="1" type="cond" truecount="1" falsecount="1"/>
          <line num="132" count="1" type="stmt"/>
          <line num="133" count="2" type="stmt"/>
          <line num="136" count="0" type="stmt"/>
          <line num="145" count="3" type="cond" truecount="2" falsecount="0"/>
          <line num="146" count="1" type="cond" truecount="1" falsecount="1"/>
          <line num="147" count="0" type="stmt"/>
          <line num="149" count="1" type="cond" truecount="1" falsecount="1"/>
          <line num="150" count="1" type="stmt"/>
          <line num="151" count="2" type="stmt"/>
          <line num="154" count="0" type="stmt"/>
          <line num="164" count="25" type="cond" truecount="2" falsecount="0"/>
          <line num="165" count="13" type="cond" truecount="2" falsecount="0"/>
          <line num="166" count="8" type="stmt"/>
          <line num="168" count="5" type="stmt"/>
          <line num="170" count="12" type="cond" truecount="2" falsecount="0"/>
          <line num="171" count="10" type="stmt"/>
          <line num="173" count="6" type="cond" truecount="1" falsecount="1"/>
          <line num="174" count="6" type="stmt"/>
          <line num="175" count="14" type="stmt"/>
          <line num="178" count="0" type="stmt"/>
          <line num="181" count="1" type="stmt"/>
          <line num="188" count="7" type="cond" truecount="2" falsecount="0"/>
          <line num="189" count="2" type="stmt"/>
          <line num="191" count="6" type="cond" truecount="2" falsecount="0"/>
          <line num="192" count="1" type="cond" truecount="2" falsecount="3"/>
          <line num="193" count="1" type="stmt"/>
          <line num="194" count="4" type="stmt"/>
          <line num="197" count="5" type="cond" truecount="4" falsecount="0"/>
          <line num="198" count="4" type="cond" truecount="2" falsecount="0"/>
          <line num="199" count="1" type="stmt"/>
          <line num="201" count="3" type="stmt"/>
          <line num="216" count="8" type="stmt"/>
          <line num="217" count="8" type="cond" truecount="2" falsecount="0"/>
          <line num="218" count="8" type="cond" truecount="2" falsecount="0"/>
          <line num="219" count="8" type="cond" truecount="2" falsecount="0"/>
          <line num="220" count="8" type="cond" truecount="1" falsecount="1"/>
          <line num="223" count="8" type="cond" truecount="4" falsecount="2"/>
          <line num="225" count="6" type="stmt"/>
          <line num="226" count="6" type="stmt"/>
          <line num="227" count="6" type="stmt"/>
          <line num="229" count="1" type="stmt"/>
          <line num="230" count="1" type="stmt"/>
          <line num="231" count="1" type="stmt"/>
          <line num="233" count="1" type="stmt"/>
          <line num="234" count="1" type="stmt"/>
          <line num="235" count="1" type="stmt"/>
          <line num="238" count="8" type="cond" truecount="1" falsecount="1"/>
          <line num="239" count="8" type="cond" truecount="2" falsecount="0"/>
          <line num="240" count="3" type="stmt"/>
          <line num="242" count="8" type="cond" truecount="2" falsecount="0"/>
        </file>
      </package>
      <package name="src.graphql">
        <metrics statements="22" coveredstatements="17" conditionals="24" coveredconditionals="19" methods="2" coveredmethods="2"/>
        <file name="GraphQLLocalDate.js" path="/home/mike/dev/thr-addons/packages/date/src/graphql/GraphQLLocalDate.js">
          <metrics statements="12" coveredstatements="9" conditionals="14" coveredconditionals="11" methods="1" coveredmethods="1"/>
          <line num="9" count="3" type="cond" truecount="2" falsecount="0"/>
          <line num="10" count="2" type="cond" truecount="2" falsecount="0"/>
          <line num="11" count="1" type="cond" truecount="1" falsecount="1"/>
          <line num="12" count="0" type="stmt"/>
          <line num="15" count="1" type="stmt"/>
          <line num="20" count="3" type="stmt"/>
          <line num="24" count="5" type="cond" truecount="2" falsecount="0"/>
          <line num="25" count="1" type="cond" truecount="1" falsecount="1"/>
          <line num="26" count="0" type="stmt"/>
          <line num="30" count="4" type="cond" truecount="2" falsecount="0"/>
          <line num="31" count="2" type="cond" truecount="1" falsecount="1"/>
          <line num="32" count="0" type="stmt"/>
        </file>
        <file name="GraphQLMoment.js" path="/home/mike/dev/thr-addons/packages/date/src/graphql/GraphQLMoment.js">
          <metrics statements="10" coveredstatements="8" conditionals="10" coveredconditionals="8" methods="1" coveredmethods="1"/>
          <line num="9" count="8" type="cond" truecount="2" falsecount="0"/>
          <line num="10" count="2" type="cond" truecount="2" falsecount="0"/>
          <line num="11" count="1" type="cond" truecount="1" falsecount="1"/>
          <line num="12" count="0" type="stmt"/>
          <line num="15" count="1" type="stmt"/>
          <line num="19" count="3" type="stmt"/>
          <line num="22" count="5" type="stmt"/>
          <line num="25" count="4" type="cond" truecount="2" falsecount="0"/>
          <line num="26" count="2" type="cond" truecount="1" falsecount="1"/>
          <line num="27" count="0" type="stmt"/>
        </file>
      </package>
    </metrics>
  </project>
</coverage>
