TN:
SF:/home/mike/dev/thr-addons/packages/date/src/util.js
FN:28,transformDateToLocalDate
FN:37,transformLocalDateToDate
FN:46,transformMomentToLocalDate
FN:55,transformLocalDateToMoment
FN:68,transformEpochIntegerToLocalDate
FN:77,transformEpochIntegerToDate
FN:86,transformLocalDateToEpochInteger
FN:95,transformDateToEpochInteger
FN:106,transformMomentsToDate
FN:111,(anonymous_9)
FN:114,(anonymous_10)
FN:126,transformDatesToMoment
FN:129,(anonymous_12)
FN:132,(anonymous_13)
FN:144,transformLocalDatesToEpochInteger
FN:147,(anonymous_15)
FN:150,(anonymous_16)
FN:163,mapEpochIntegerToLocalDates
FN:171,(anonymous_18)
FN:174,(anonymous_19)
FN:187,transformObjectsToLocalDates
FN:189,(anonymous_21)
FN:193,(anonymous_22)
FN:215,formatDate
FNF:24
FNH:23
FNDA:2,transformDateToLocalDate
FNDA:3,transformLocalDateToDate
FNDA:1,transformMomentToLocalDate
FNDA:2,transformLocalDateToMoment
FNDA:9,transformEpochIntegerToLocalDate
FNDA:2,transformEpochIntegerToDate
FNDA:1,transformLocalDateToEpochInteger
FNDA:1,transformDateToEpochInteger
FNDA:6,transformMomentsToDate
FNDA:2,(anonymous_9)
FNDA:2,(anonymous_10)
FNDA:7,transformDatesToMoment
FNDA:2,(anonymous_12)
FNDA:2,(anonymous_13)
FNDA:3,transformLocalDatesToEpochInteger
FNDA:0,(anonymous_15)
FNDA:2,(anonymous_16)
FNDA:25,mapEpochIntegerToLocalDates
FNDA:10,(anonymous_18)
FNDA:14,(anonymous_19)
FNDA:7,transformObjectsToLocalDates
FNDA:2,(anonymous_21)
FNDA:4,(anonymous_22)
FNDA:8,formatDate
DA:29,2
DA:38,3
DA:47,1
DA:56,2
DA:69,9
DA:78,2
DA:87,1
DA:96,1
DA:107,6
DA:108,4
DA:110,2
DA:111,2
DA:113,1
DA:114,1
DA:115,2
DA:118,0
DA:127,7
DA:128,2
DA:129,2
DA:131,1
DA:132,1
DA:133,2
DA:136,0
DA:145,3
DA:146,1
DA:147,0
DA:149,1
DA:150,1
DA:151,2
DA:154,0
DA:164,25
DA:165,13
DA:166,8
DA:168,5
DA:170,12
DA:171,10
DA:173,6
DA:174,6
DA:175,14
DA:178,0
DA:181,1
DA:188,7
DA:189,2
DA:191,6
DA:192,1
DA:193,1
DA:194,4
DA:197,5
DA:198,4
DA:199,1
DA:201,3
DA:216,8
DA:217,8
DA:218,8
DA:219,8
DA:220,8
DA:223,8
DA:225,6
DA:226,6
DA:227,6
DA:229,1
DA:230,1
DA:231,1
DA:233,1
DA:234,1
DA:235,1
DA:238,8
DA:239,8
DA:240,3
DA:242,8
LF:70
LH:65
BRDA:107,0,0,4
BRDA:107,0,1,2
BRDA:108,1,0,4
BRDA:108,1,1,0
BRDA:110,2,0,1
BRDA:110,2,1,1
BRDA:113,3,0,1
BRDA:113,3,1,0
BRDA:127,4,0,5
BRDA:127,4,1,2
BRDA:128,5,0,1
BRDA:128,5,1,1
BRDA:131,6,0,1
BRDA:131,6,1,0
BRDA:145,7,0,2
BRDA:145,7,1,1
BRDA:146,8,0,0
BRDA:146,8,1,1
BRDA:149,9,0,1
BRDA:149,9,1,0
BRDA:163,10,0,1
BRDA:164,11,0,13
BRDA:164,11,1,12
BRDA:165,12,0,8
BRDA:165,12,1,5
BRDA:170,13,0,6
BRDA:170,13,1,6
BRDA:173,14,0,6
BRDA:173,14,1,0
BRDA:188,15,0,1
BRDA:188,15,1,6
BRDA:191,16,0,1
BRDA:191,16,1,5
BRDA:192,17,0,0
BRDA:192,17,1,1
BRDA:192,18,0,1
BRDA:192,18,1,0
BRDA:192,18,2,0
BRDA:197,19,0,1
BRDA:197,19,1,4
BRDA:197,20,0,5
BRDA:197,20,1,1
BRDA:198,21,0,1
BRDA:198,21,1,3
BRDA:215,22,0,4
BRDA:215,23,0,1
BRDA:215,24,0,5
BRDA:215,25,0,5
BRDA:217,26,0,1
BRDA:217,26,1,7
BRDA:218,27,0,1
BRDA:218,27,1,7
BRDA:219,28,0,2
BRDA:219,28,1,6
BRDA:220,29,0,0
BRDA:220,29,1,8
BRDA:223,30,0,6
BRDA:223,30,1,1
BRDA:223,30,2,1
BRDA:223,30,3,0
BRDA:223,31,0,8
BRDA:223,31,1,0
BRDA:238,32,0,0
BRDA:238,32,1,8
BRDA:239,33,0,3
BRDA:239,33,1,5
BRDA:242,34,0,8
BRDA:242,34,1,7
BRF:68
BRH:55
end_of_record
TN:
SF:/home/mike/dev/thr-addons/packages/date/src/graphql/GraphQLLocalDate.js
FN:8,toEpochDay
FNF:1
FNH:1
FNDA:3,toEpochDay
DA:9,3
DA:10,2
DA:11,1
DA:12,0
DA:15,1
DA:20,3
DA:24,5
DA:25,1
DA:26,0
DA:30,4
DA:31,2
DA:32,0
LF:12
LH:9
BRDA:9,0,0,1
BRDA:9,0,1,2
BRDA:10,1,0,1
BRDA:10,1,1,1
BRDA:11,2,0,1
BRDA:11,2,1,0
BRDA:24,3,0,4
BRDA:24,3,1,1
BRDA:25,4,0,1
BRDA:25,4,1,0
BRDA:30,5,0,2
BRDA:30,5,1,2
BRDA:31,6,0,2
BRDA:31,6,1,0
BRF:14
BRH:11
end_of_record
TN:
SF:/home/mike/dev/thr-addons/packages/date/src/graphql/GraphQLMoment.js
FN:8,toMoment
FNF:1
FNH:1
FNDA:8,toMoment
DA:9,8
DA:10,2
DA:11,1
DA:12,0
DA:15,1
DA:19,3
DA:22,5
DA:25,4
DA:26,2
DA:27,0
LF:10
LH:8
BRDA:9,0,0,6
BRDA:9,0,1,2
BRDA:10,1,0,1
BRDA:10,1,1,1
BRDA:11,2,0,1
BRDA:11,2,1,0
BRDA:25,3,0,2
BRDA:25,3,1,2
BRDA:26,4,0,2
BRDA:26,4,1,0
BRF:10
BRH:8
end_of_record
