<?xml version="1.0" encoding="UTF-8"?>
<coverage generated="1529354706114" clover="3.2.0">
  <project timestamp="1529354706114" name="All files">
    <metrics statements="49" coveredstatements="32" conditionals="17" coveredconditionals="16" methods="37" coveredmethods="20" elements="103" coveredelements="68" complexity="0" loc="49" ncloc="49" packages="1" files="1" classes="1">
      <file name="MongoLoader.js" path="/home/mike/dev/thr-addons/packages/mongoloader/src/MongoLoader.js">
        <metrics statements="49" coveredstatements="32" conditionals="17" coveredconditionals="16" methods="37" coveredmethods="20"/>
        <line num="7" count="1" type="stmt"/>
        <line num="16" count="2" type="stmt"/>
        <line num="19" count="2" type="stmt"/>
        <line num="20" count="2" type="stmt"/>
        <line num="21" count="2" type="stmt"/>
        <line num="24" count="2" type="stmt"/>
        <line num="32" count="1" type="stmt"/>
        <line num="46" count="11" type="stmt"/>
        <line num="47" count="11" type="stmt"/>
        <line num="49" count="15" type="cond" truecount="2" falsecount="0"/>
        <line num="64" count="4" type="cond" truecount="1" falsecount="0"/>
        <line num="65" count="11" type="stmt"/>
        <line num="67" count="11" type="stmt"/>
        <line num="70" count="11" type="stmt"/>
        <line num="78" count="11" type="stmt"/>
        <line num="79" count="22" type="cond" truecount="2" falsecount="0"/>
        <line num="80" count="11" type="stmt"/>
        <line num="81" count="13" type="cond" truecount="4" falsecount="0"/>
        <line num="85" count="11" type="stmt"/>
        <line num="94" count="4" type="cond" truecount="2" falsecount="0"/>
        <line num="102" count="12" type="cond" truecount="1" falsecount="0"/>
        <line num="110" count="4" type="cond" truecount="1" falsecount="0"/>
        <line num="117" count="1" type="stmt"/>
        <line num="118" count="3" type="stmt"/>
        <line num="126" count="13" type="stmt"/>
        <line num="127" count="26" type="stmt"/>
        <line num="137" count="3" type="cond" truecount="1" falsecount="1"/>
        <line num="138" count="3" type="stmt"/>
        <line num="139" count="7" type="cond" truecount="2" falsecount="0"/>
        <line num="140" count="4" type="stmt"/>
        <line num="142" count="5" type="stmt"/>
        <line num="146" count="3" type="stmt"/>
        <line num="150" count="0" type="stmt"/>
        <line num="151" count="0" type="stmt"/>
        <line num="152" count="0" type="stmt"/>
        <line num="153" count="0" type="stmt"/>
        <line num="154" count="0" type="stmt"/>
        <line num="155" count="0" type="stmt"/>
        <line num="156" count="0" type="stmt"/>
        <line num="157" count="0" type="stmt"/>
        <line num="158" count="0" type="stmt"/>
        <line num="159" count="0" type="stmt"/>
        <line num="160" count="0" type="stmt"/>
        <line num="161" count="0" type="stmt"/>
        <line num="162" count="0" type="stmt"/>
        <line num="163" count="0" type="stmt"/>
        <line num="164" count="0" type="stmt"/>
        <line num="165" count="0" type="stmt"/>
        <line num="166" count="0" type="stmt"/>
      </file>
    </metrics>
  </project>
</coverage>
