TN:
SF:src/index.ts
FN:5,getRedisKey
FN:9,toString
FN:14,parse
FN:50,(anonymous_3)
FN:82,(anonymous_4)
FN:97,(anonymous_5)
FN:106,(anonymous_6)
FN:115,(anonymous_7)
FN:124,(anonymous_8)
FN:125,(anonymous_9)
FN:133,(anonymous_10)
FN:143,(anonymous_11)
FN:152,(anonymous_12)
FN:156,(anonymous_13)
FN:160,(anonymous_14)
FNF:15
FNH:8
FNDA:28,getRedisKey
FNDA:12,toString
FNDA:12,parse
FNDA:7,(anonymous_3)
FNDA:12,(anonymous_4)
FNDA:12,(anonymous_5)
FNDA:3,(anonymous_6)
FNDA:1,(anonymous_7)
FNDA:0,(anonymous_8)
FNDA:0,(anonymous_9)
FNDA:0,(anonymous_10)
FNDA:0,(anonymous_11)
FNDA:0,(anonymous_12)
FNDA:0,(anonymous_13)
FNDA:0,(anonymous_14)
DA:6,28
DA:10,12
DA:11,11
DA:15,12
DA:16,10
DA:51,7
DA:66,7
DA:67,3
DA:69,4
DA:72,7
DA:83,12
DA:84,4
DA:86,8
DA:89,12
DA:98,12
DA:107,3
DA:116,1
DA:125,0
DA:134,0
DA:144,0
DA:153,0
DA:157,0
DA:161,0
LF:23
LH:17
BRDA:6,0,0,2
BRDA:6,0,1,26
BRDA:10,1,0,1
BRDA:10,1,1,11
BRDA:15,2,0,2
BRDA:15,2,1,10
BRDA:66,3,0,3
BRDA:66,3,1,4
BRDA:72,4,0,7
BRDA:72,4,1,6
BRDA:83,5,0,4
BRDA:83,5,1,8
BRDA:83,6,0,12
BRDA:83,6,1,9
BRDA:84,7,0,4
BRDA:84,7,1,3
BRF:16
BRH:16
end_of_record
