<?xml version="1.0" encoding="UTF-8"?>
<coverage generated="1529099619399" clover="3.2.0">
  <project timestamp="1529099619399" name="All files">
    <metrics statements="71" coveredstatements="52" conditionals="102" coveredconditionals="35" methods="14" coveredmethods="6" elements="187" coveredelements="93" complexity="0" loc="71" ncloc="71" packages="2" files="7" classes="7">
      <package name="src">
        <metrics statements="70" coveredstatements="51" conditionals="102" coveredconditionals="35" methods="14" coveredmethods="6"/>
        <file name="DateTimePicker.js" path="/home/mike/dev/thr-addons/packages/date-ui/src/DateTimePicker.js">
          <metrics statements="5" coveredstatements="4" conditionals="2" coveredconditionals="1" methods="1" coveredmethods="1"/>
          <line num="19" count="1" type="cond" truecount="1" falsecount="1"/>
          <line num="20" count="0" type="stmt"/>
          <line num="22" count="1" type="stmt"/>
          <line num="23" count="1" type="stmt"/>
          <line num="24" count="1" type="stmt"/>
        </file>
        <file name="EpochDatePicker.js" path="/home/mike/dev/thr-addons/packages/date-ui/src/EpochDatePicker.js">
          <metrics statements="23" coveredstatements="19" conditionals="44" coveredconditionals="16" methods="4" coveredmethods="1"/>
          <line num="40" count="0" type="cond" truecount="0" falsecount="4"/>
          <line num="44" count="0" type="cond" truecount="0" falsecount="4"/>
          <line num="48" count="0" type="cond" truecount="0" falsecount="4"/>
          <line num="64" count="1" type="stmt"/>
          <line num="67" count="1" type="cond" truecount="1" falsecount="1"/>
          <line num="68" count="0" type="stmt"/>
          <line num="71" count="1" type="cond" truecount="1" falsecount="1"/>
          <line num="72" count="1" type="cond" truecount="1" falsecount="1"/>
          <line num="73" count="1" type="cond" truecount="1" falsecount="1"/>
          <line num="74" count="1" type="cond" truecount="1" falsecount="1"/>
          <line num="75" count="1" type="cond" truecount="1" falsecount="1"/>
          <line num="76" count="1" type="cond" truecount="1" falsecount="1"/>
          <line num="78" count="1" type="stmt"/>
          <line num="79" count="1" type="cond" truecount="1" falsecount="1"/>
          <line num="80" count="1" type="cond" truecount="1" falsecount="1"/>
          <line num="81" count="1" type="cond" truecount="1" falsecount="1"/>
          <line num="82" count="1" type="cond" truecount="1" falsecount="1"/>
          <line num="83" count="1" type="cond" truecount="1" falsecount="1"/>
          <line num="84" count="1" type="cond" truecount="1" falsecount="1"/>
          <line num="85" count="1" type="cond" truecount="1" falsecount="1"/>
          <line num="86" count="1" type="cond" truecount="1" falsecount="1"/>
          <line num="87" count="1" type="cond" truecount="1" falsecount="1"/>
          <line num="89" count="1" type="stmt"/>
        </file>
        <file name="LocalDatePicker.js" path="/home/mike/dev/thr-addons/packages/date-ui/src/LocalDatePicker.js">
          <metrics statements="23" coveredstatements="19" conditionals="44" coveredconditionals="16" methods="4" coveredmethods="1"/>
          <line num="40" count="0" type="cond" truecount="0" falsecount="4"/>
          <line num="44" count="0" type="cond" truecount="0" falsecount="4"/>
          <line num="48" count="0" type="cond" truecount="0" falsecount="4"/>
          <line num="64" count="1" type="stmt"/>
          <line num="67" count="1" type="cond" truecount="1" falsecount="1"/>
          <line num="68" count="0" type="stmt"/>
          <line num="71" count="1" type="cond" truecount="1" falsecount="1"/>
          <line num="72" count="1" type="cond" truecount="1" falsecount="1"/>
          <line num="73" count="1" type="cond" truecount="1" falsecount="1"/>
          <line num="74" count="1" type="cond" truecount="1" falsecount="1"/>
          <line num="75" count="1" type="cond" truecount="1" falsecount="1"/>
          <line num="76" count="1" type="cond" truecount="1" falsecount="1"/>
          <line num="78" count="1" type="stmt"/>
          <line num="79" count="1" type="cond" truecount="1" falsecount="1"/>
          <line num="80" count="1" type="cond" truecount="1" falsecount="1"/>
          <line num="81" count="1" type="cond" truecount="1" falsecount="1"/>
          <line num="82" count="1" type="cond" truecount="1" falsecount="1"/>
          <line num="83" count="1" type="cond" truecount="1" falsecount="1"/>
          <line num="84" count="1" type="cond" truecount="1" falsecount="1"/>
          <line num="85" count="1" type="cond" truecount="1" falsecount="1"/>
          <line num="86" count="1" type="cond" truecount="1" falsecount="1"/>
          <line num="87" count="1" type="cond" truecount="1" falsecount="1"/>
          <line num="89" count="1" type="stmt"/>
        </file>
        <file name="LocalMonthSelect.js" path="/home/mike/dev/thr-addons/packages/date-ui/src/LocalMonthSelect.js">
          <metrics statements="9" coveredstatements="4" conditionals="6" coveredconditionals="1" methods="2" coveredmethods="1"/>
          <line num="8" count="1" type="stmt"/>
          <line num="10" count="1" type="stmt"/>
          <line num="51" count="0" type="stmt"/>
          <line num="52" count="0" type="cond" truecount="0" falsecount="2"/>
          <line num="53" count="0" type="cond" truecount="0" falsecount="2"/>
          <line num="55" count="0" type="stmt"/>
          <line num="57" count="0" type="stmt"/>
          <line num="63" count="1" type="stmt"/>
          <line num="65" count="1" type="stmt"/>
        </file>
        <file name="MonthSelect.js" path="/home/mike/dev/thr-addons/packages/date-ui/src/MonthSelect.js">
          <metrics statements="9" coveredstatements="4" conditionals="6" coveredconditionals="1" methods="2" coveredmethods="1"/>
          <line num="8" count="1" type="stmt"/>
          <line num="10" count="1" type="stmt"/>
          <line num="51" count="0" type="stmt"/>
          <line num="52" count="0" type="cond" truecount="0" falsecount="2"/>
          <line num="53" count="0" type="cond" truecount="0" falsecount="2"/>
          <line num="55" count="0" type="stmt"/>
          <line num="60" count="0" type="stmt"/>
          <line num="66" count="1" type="stmt"/>
          <line num="68" count="1" type="stmt"/>
        </file>
        <file name="util.js" path="/home/mike/dev/thr-addons/packages/date-ui/src/util.js">
          <metrics statements="1" coveredstatements="1" conditionals="0" coveredconditionals="0" methods="1" coveredmethods="1"/>
          <line num="7" count="1" type="stmt"/>
        </file>
      </package>
      <package name="tests">
        <metrics statements="1" coveredstatements="1" conditionals="0" coveredconditionals="0" methods="0" coveredmethods="0"/>
        <file name="setupTests.js" path="/home/mike/dev/thr-addons/packages/date-ui/tests/setupTests.js">
          <metrics statements="1" coveredstatements="1" conditionals="0" coveredconditionals="0" methods="0" coveredmethods="0"/>
          <line num="4" count="6" type="stmt"/>
        </file>
      </package>
    </metrics>
  </project>
</coverage>
