TN:
SF:/home/mike/dev/thr-addons/packages/date-ui/src/DateTimePicker.js
FN:17,DateTimePicker
FNF:1
FNH:1
FNDA:1,DateTimePicker
DA:19,1
DA:20,0
DA:22,1
DA:23,1
DA:24,1
LF:5
LH:4
BRDA:19,0,0,0
BRDA:19,0,1,1
BRF:2
BRH:1
end_of_record
TN:
SF:/home/mike/dev/thr-addons/packages/date-ui/src/EpochDatePicker.js
FN:39,(anonymous_0)
FN:43,(anonymous_1)
FN:47,(anonymous_2)
FN:51,(anonymous_3)
FNF:4
FNH:1
FNDA:0,(anonymous_0)
FNDA:0,(anonymous_1)
FNDA:0,(anonymous_2)
FNDA:1,(anonymous_3)
DA:40,0
DA:44,0
DA:48,0
DA:64,1
DA:67,1
DA:68,0
DA:71,1
DA:72,1
DA:73,1
DA:74,1
DA:75,1
DA:76,1
DA:78,1
DA:79,1
DA:80,1
DA:81,1
DA:82,1
DA:83,1
DA:84,1
DA:85,1
DA:86,1
DA:87,1
DA:89,1
LF:23
LH:19
BRDA:40,0,0,0
BRDA:40,0,1,0
BRDA:40,1,0,0
BRDA:40,1,1,0
BRDA:44,2,0,0
BRDA:44,2,1,0
BRDA:44,3,0,0
BRDA:44,3,1,0
BRDA:48,4,0,0
BRDA:48,4,1,0
BRDA:48,5,0,0
BRDA:48,5,1,0
BRDA:67,6,0,0
BRDA:67,6,1,1
BRDA:71,7,0,0
BRDA:71,7,1,1
BRDA:72,8,0,0
BRDA:72,8,1,1
BRDA:73,9,0,0
BRDA:73,9,1,1
BRDA:74,10,0,0
BRDA:74,10,1,1
BRDA:75,11,0,0
BRDA:75,11,1,1
BRDA:76,12,0,0
BRDA:76,12,1,1
BRDA:79,13,0,0
BRDA:79,13,1,1
BRDA:80,14,0,0
BRDA:80,14,1,1
BRDA:81,15,0,0
BRDA:81,15,1,1
BRDA:82,16,0,0
BRDA:82,16,1,1
BRDA:83,17,0,0
BRDA:83,17,1,1
BRDA:84,18,0,0
BRDA:84,18,1,1
BRDA:85,19,0,0
BRDA:85,19,1,1
BRDA:86,20,0,0
BRDA:86,20,1,1
BRDA:87,21,0,0
BRDA:87,21,1,1
BRF:44
BRH:16
end_of_record
TN:
SF:/home/mike/dev/thr-addons/packages/date-ui/src/LocalDatePicker.js
FN:39,(anonymous_0)
FN:43,(anonymous_1)
FN:47,(anonymous_2)
FN:51,(anonymous_3)
FNF:4
FNH:1
FNDA:0,(anonymous_0)
FNDA:0,(anonymous_1)
FNDA:0,(anonymous_2)
FNDA:1,(anonymous_3)
DA:40,0
DA:44,0
DA:48,0
DA:64,1
DA:67,1
DA:68,0
DA:71,1
DA:72,1
DA:73,1
DA:74,1
DA:75,1
DA:76,1
DA:78,1
DA:79,1
DA:80,1
DA:81,1
DA:82,1
DA:83,1
DA:84,1
DA:85,1
DA:86,1
DA:87,1
DA:89,1
LF:23
LH:19
BRDA:40,0,0,0
BRDA:40,0,1,0
BRDA:40,1,0,0
BRDA:40,1,1,0
BRDA:44,2,0,0
BRDA:44,2,1,0
BRDA:44,3,0,0
BRDA:44,3,1,0
BRDA:48,4,0,0
BRDA:48,4,1,0
BRDA:48,5,0,0
BRDA:48,5,1,0
BRDA:67,6,0,0
BRDA:67,6,1,1
BRDA:71,7,0,0
BRDA:71,7,1,1
BRDA:72,8,0,0
BRDA:72,8,1,1
BRDA:73,9,0,0
BRDA:73,9,1,1
BRDA:74,10,0,0
BRDA:74,10,1,1
BRDA:75,11,0,0
BRDA:75,11,1,1
BRDA:76,12,0,0
BRDA:76,12,1,1
BRDA:79,13,0,0
BRDA:79,13,1,1
BRDA:80,14,0,0
BRDA:80,14,1,1
BRDA:81,15,0,0
BRDA:81,15,1,1
BRDA:82,16,0,0
BRDA:82,16,1,1
BRDA:83,17,0,0
BRDA:83,17,1,1
BRDA:84,18,0,0
BRDA:84,18,1,1
BRDA:85,19,0,0
BRDA:85,19,1,1
BRDA:86,20,0,0
BRDA:86,20,1,1
BRDA:87,21,0,0
BRDA:87,21,1,1
BRF:44
BRH:16
end_of_record
TN:
SF:/home/mike/dev/thr-addons/packages/date-ui/src/LocalMonthSelect.js
FN:50,(anonymous_0)
FN:62,(anonymous_1)
FNF:2
FNH:1
FNDA:0,(anonymous_0)
FNDA:1,(anonymous_1)
DA:8,1
DA:10,1
DA:51,0
DA:52,0
DA:53,0
DA:55,0
DA:57,0
DA:63,1
DA:65,1
LF:9
LH:4
BRDA:52,0,0,0
BRDA:52,0,1,0
BRDA:53,1,0,0
BRDA:53,1,1,0
BRDA:66,2,0,0
BRDA:66,2,1,1
BRF:6
BRH:1
end_of_record
TN:
SF:/home/mike/dev/thr-addons/packages/date-ui/src/MonthSelect.js
FN:50,(anonymous_0)
FN:65,(anonymous_1)
FNF:2
FNH:1
FNDA:0,(anonymous_0)
FNDA:1,(anonymous_1)
DA:8,1
DA:10,1
DA:51,0
DA:52,0
DA:53,0
DA:55,0
DA:60,0
DA:66,1
DA:68,1
LF:9
LH:4
BRDA:52,0,0,0
BRDA:52,0,1,0
BRDA:53,1,0,0
BRDA:53,1,1,0
BRDA:69,2,0,0
BRDA:69,2,1,1
BRF:6
BRH:1
end_of_record
TN:
SF:/home/mike/dev/thr-addons/packages/date-ui/src/util.js
FN:6,dateInit
FNF:1
FNH:1
FNDA:1,dateInit
DA:7,1
LF:1
LH:1
BRF:0
BRH:0
end_of_record
TN:
SF:/home/mike/dev/thr-addons/packages/date-ui/tests/setupTests.js
FNF:0
FNH:0
DA:4,6
LF:1
LH:1
BRF:0
BRH:0
end_of_record
