<?xml version="1.0" encoding="UTF-8"?>
<coverage generated="1558325762800" clover="3.2.0">
  <project timestamp="1558325762800" name="All files">
    <metrics statements="138" coveredstatements="58" conditionals="118" coveredconditionals="25" methods="51" coveredmethods="22" elements="307" coveredelements="105" complexity="0" loc="138" ncloc="138" packages="11" files="22" classes="22"/>
    <package name="date.LocalMonthSelect">
      <metrics statements="9" coveredstatements="4" conditionals="6" coveredconditionals="1" methods="2" coveredmethods="1"/>
      <file name="LocalMonthSelect.tsx" path="/home/darkadept/dev/thr-addons/packages/controls/src/date/LocalMonthSelect/LocalMonthSelect.tsx">
        <metrics statements="9" coveredstatements="4" conditionals="6" coveredconditionals="1" methods="2" coveredmethods="1"/>
        <line num="6" count="1" type="stmt"/>
        <line num="8" count="1" type="stmt"/>
        <line num="47" count="0" type="stmt"/>
        <line num="48" count="0" type="cond" truecount="0" falsecount="2"/>
        <line num="49" count="0" type="cond" truecount="0" falsecount="2"/>
        <line num="50" count="0" type="stmt"/>
        <line num="52" count="0" type="stmt"/>
        <line num="58" count="1" type="stmt"/>
        <line num="60" count="1" type="stmt"/>
      </file>
      <file name="index.ts" path="/home/darkadept/dev/thr-addons/packages/controls/src/date/LocalMonthSelect/index.ts">
        <metrics statements="0" coveredstatements="0" conditionals="0" coveredconditionals="0" methods="0" coveredmethods="0"/>
      </file>
    </package>
    <package name="form.TForm">
      <metrics statements="29" coveredstatements="20" conditionals="29" coveredconditionals="10" methods="11" coveredmethods="8"/>
      <file name="TForm.js" path="/home/darkadept/dev/thr-addons/packages/controls/src/form/TForm/TForm.js">
        <metrics statements="29" coveredstatements="20" conditionals="29" coveredconditionals="10" methods="11" coveredmethods="8"/>
        <line num="32" count="2" type="cond" truecount="1" falsecount="1"/>
        <line num="36" count="2" type="stmt"/>
        <line num="37" count="2" type="stmt"/>
        <line num="39" count="2" type="stmt"/>
        <line num="41" count="2" type="stmt"/>
        <line num="45" count="2" type="stmt"/>
        <line num="46" count="2" type="stmt"/>
        <line num="51" count="2" type="stmt"/>
        <line num="52" count="0" type="cond" truecount="0" falsecount="4"/>
        <line num="55" count="2" type="cond" truecount="1" falsecount="1"/>
        <line num="56" count="2" type="cond" truecount="2" falsecount="0"/>
        <line num="59" count="1" type="cond" truecount="1" falsecount="1"/>
        <line num="60" count="1" type="cond" truecount="1" falsecount="1"/>
        <line num="61" count="0" type="cond" truecount="0" falsecount="4"/>
        <line num="62" count="0" type="stmt"/>
        <line num="63" count="0" type="stmt"/>
        <line num="65" count="1" type="stmt"/>
        <line num="69" count="1" type="stmt"/>
        <line num="74" count="1" type="cond" truecount="1" falsecount="1"/>
        <line num="80" count="2" type="stmt"/>
        <line num="85" count="2" type="stmt"/>
        <line num="88" count="2" type="cond" truecount="1" falsecount="1"/>
        <line num="91" count="0" type="cond" truecount="0" falsecount="2"/>
        <line num="92" count="0" type="cond" truecount="0" falsecount="2"/>
        <line num="93" count="0" type="stmt"/>
        <line num="94" count="0" type="stmt"/>
        <line num="97" count="0" type="stmt"/>
        <line num="109" count="2" type="cond" truecount="1" falsecount="0"/>
        <line num="110" count="2" type="stmt"/>
      </file>
      <file name="index.js" path="/home/darkadept/dev/thr-addons/packages/controls/src/form/TForm/index.js">
        <metrics statements="0" coveredstatements="0" conditionals="0" coveredconditionals="0" methods="0" coveredmethods="0"/>
      </file>
    </package>
    <package name="inputs.MaskedInput">
      <metrics statements="23" coveredstatements="6" conditionals="27" coveredconditionals="2" methods="10" coveredmethods="3"/>
      <file name="MaskedInput.js" path="/home/darkadept/dev/thr-addons/packages/controls/src/inputs/MaskedInput/MaskedInput.js">
        <metrics statements="23" coveredstatements="6" conditionals="27" coveredconditionals="2" methods="10" coveredmethods="3"/>
        <line num="71" count="0" type="cond" truecount="0" falsecount="2"/>
        <line num="72" count="0" type="cond" truecount="0" falsecount="3"/>
        <line num="74" count="0" type="stmt"/>
        <line num="75" count="0" type="cond" truecount="0" falsecount="4"/>
        <line num="76" count="0" type="stmt"/>
        <line num="80" count="0" type="stmt"/>
        <line num="103" count="1" type="cond" truecount="2" falsecount="2"/>
        <line num="104" count="1" type="stmt"/>
        <line num="110" count="1" type="stmt"/>
        <line num="114" count="0" type="cond" truecount="0" falsecount="4"/>
        <line num="115" count="0" type="cond" truecount="0" falsecount="2"/>
        <line num="117" count="0" type="cond" truecount="0" falsecount="2"/>
        <line num="118" count="0" type="stmt"/>
        <line num="124" count="0" type="stmt"/>
        <line num="129" count="0" type="cond" truecount="0" falsecount="2"/>
        <line num="130" count="0" type="stmt"/>
        <line num="135" count="0" type="cond" truecount="0" falsecount="2"/>
        <line num="136" count="0" type="stmt"/>
        <line num="141" count="0" type="cond" truecount="0" falsecount="2"/>
        <line num="142" count="0" type="stmt"/>
        <line num="147" count="1" type="stmt"/>
        <line num="148" count="1" type="stmt"/>
        <line num="150" count="1" type="stmt"/>
      </file>
      <file name="index.js" path="/home/darkadept/dev/thr-addons/packages/controls/src/inputs/MaskedInput/index.js">
        <metrics statements="0" coveredstatements="0" conditionals="0" coveredconditionals="0" methods="0" coveredmethods="0"/>
      </file>
    </package>
    <package name="inputs.MonthDayDropdown">
      <metrics statements="6" coveredstatements="4" conditionals="4" coveredconditionals="4" methods="5" coveredmethods="3"/>
      <file name="MonthDayDropdown.tsx" path="/home/darkadept/dev/thr-addons/packages/controls/src/inputs/MonthDayDropdown/MonthDayDropdown.tsx">
        <metrics statements="6" coveredstatements="4" conditionals="4" coveredconditionals="4" methods="5" coveredmethods="3"/>
        <line num="12" count="2" type="stmt"/>
        <line num="13" count="2" type="stmt"/>
        <line num="18" count="24" type="stmt"/>
        <line num="20" count="0" type="stmt"/>
        <line num="30" count="31" type="stmt"/>
        <line num="32" count="0" type="stmt"/>
      </file>
      <file name="index.js" path="/home/darkadept/dev/thr-addons/packages/controls/src/inputs/MonthDayDropdown/index.js">
        <metrics statements="0" coveredstatements="0" conditionals="0" coveredconditionals="0" methods="0" coveredmethods="0"/>
      </file>
    </package>
    <package name="inputs.RadioGroup">
      <metrics statements="6" coveredstatements="4" conditionals="6" coveredconditionals="2" methods="3" coveredmethods="2"/>
      <file name="RadioGroup.js" path="/home/darkadept/dev/thr-addons/packages/controls/src/inputs/RadioGroup/RadioGroup.js">
        <metrics statements="6" coveredstatements="4" conditionals="6" coveredconditionals="2" methods="3" coveredmethods="2"/>
        <line num="32" count="0" type="cond" truecount="0" falsecount="2"/>
        <line num="37" count="1" type="stmt"/>
        <line num="39" count="1" type="stmt"/>
        <line num="42" count="2" type="cond" truecount="2" falsecount="2"/>
        <line num="43" count="2" type="stmt"/>
        <line num="48" count="0" type="stmt"/>
      </file>
      <file name="index.js" path="/home/darkadept/dev/thr-addons/packages/controls/src/inputs/RadioGroup/index.js">
        <metrics statements="0" coveredstatements="0" conditionals="0" coveredconditionals="0" methods="0" coveredmethods="0"/>
      </file>
    </package>
    <package name="menu.ResponsiveMenu">
      <metrics statements="6" coveredstatements="6" conditionals="0" coveredconditionals="0" methods="1" coveredmethods="1"/>
      <file name="ResponsiveMenu.js" path="/home/darkadept/dev/thr-addons/packages/controls/src/menu/ResponsiveMenu/ResponsiveMenu.js">
        <metrics statements="6" coveredstatements="6" conditionals="0" coveredconditionals="0" methods="1" coveredmethods="1"/>
        <line num="21" count="1" type="stmt"/>
        <line num="22" count="1" type="stmt"/>
        <line num="23" count="1" type="stmt"/>
        <line num="43" count="1" type="stmt"/>
        <line num="47" count="1" type="stmt"/>
        <line num="48" count="1" type="stmt"/>
      </file>
      <file name="index.js" path="/home/darkadept/dev/thr-addons/packages/controls/src/menu/ResponsiveMenu/index.js">
        <metrics statements="0" coveredstatements="0" conditionals="0" coveredconditionals="0" methods="0" coveredmethods="0"/>
      </file>
    </package>
    <package name="menu.ResponsiveMenuContext">
      <metrics statements="2" coveredstatements="2" conditionals="0" coveredconditionals="0" methods="0" coveredmethods="0"/>
      <file name="ResponsiveMenuContext.js" path="/home/darkadept/dev/thr-addons/packages/controls/src/menu/ResponsiveMenuContext/ResponsiveMenuContext.js">
        <metrics statements="2" coveredstatements="2" conditionals="0" coveredconditionals="0" methods="0" coveredmethods="0"/>
        <line num="3" count="1" type="stmt"/>
        <line num="4" count="1" type="stmt"/>
      </file>
      <file name="index.js" path="/home/darkadept/dev/thr-addons/packages/controls/src/menu/ResponsiveMenuContext/index.js">
        <metrics statements="0" coveredstatements="0" conditionals="0" coveredconditionals="0" methods="0" coveredmethods="0"/>
      </file>
    </package>
    <package name="menu.ResponsiveMenuDropdown">
      <metrics statements="2" coveredstatements="0" conditionals="2" coveredconditionals="0" methods="2" coveredmethods="0"/>
      <file name="ResponsiveMenuDropdown.js" path="/home/darkadept/dev/thr-addons/packages/controls/src/menu/ResponsiveMenuDropdown/ResponsiveMenuDropdown.js">
        <metrics statements="2" coveredstatements="0" conditionals="2" coveredconditionals="0" methods="2" coveredmethods="0"/>
        <line num="14" count="0" type="stmt"/>
        <line num="17" count="0" type="cond" truecount="0" falsecount="2"/>
      </file>
      <file name="index.js" path="/home/darkadept/dev/thr-addons/packages/controls/src/menu/ResponsiveMenuDropdown/index.js">
        <metrics statements="0" coveredstatements="0" conditionals="0" coveredconditionals="0" methods="0" coveredmethods="0"/>
      </file>
    </package>
    <package name="menu.ResponsiveMenuItem">
      <metrics statements="3" coveredstatements="0" conditionals="3" coveredconditionals="0" methods="2" coveredmethods="0"/>
      <file name="ResponsiveMenuItem.js" path="/home/darkadept/dev/thr-addons/packages/controls/src/menu/ResponsiveMenuItem/ResponsiveMenuItem.js">
        <metrics statements="3" coveredstatements="0" conditionals="3" coveredconditionals="0" methods="2" coveredmethods="0"/>
        <line num="15" count="0" type="stmt"/>
        <line num="18" count="0" type="cond" truecount="0" falsecount="3"/>
        <line num="19" count="0" type="stmt"/>
      </file>
      <file name="index.js" path="/home/darkadept/dev/thr-addons/packages/controls/src/menu/ResponsiveMenuItem/index.js">
        <metrics statements="0" coveredstatements="0" conditionals="0" coveredconditionals="0" methods="0" coveredmethods="0"/>
      </file>
    </package>
    <package name="money.MoneyInput">
      <metrics statements="38" coveredstatements="8" conditionals="29" coveredconditionals="5" methods="11" coveredmethods="3"/>
      <file name="MoneyInput.js" path="/home/darkadept/dev/thr-addons/packages/controls/src/money/MoneyInput/MoneyInput.js">
        <metrics statements="33" coveredstatements="8" conditionals="29" coveredconditionals="5" methods="8" coveredmethods="3"/>
        <line num="8" count="1" type="stmt"/>
        <line num="40" count="1" type="stmt"/>
        <line num="41" count="1" type="cond" truecount="2" falsecount="3"/>
        <line num="42" count="0" type="stmt"/>
        <line num="47" count="1" type="stmt"/>
        <line num="48" count="1" type="cond" truecount="1" falsecount="1"/>
        <line num="49" count="0" type="stmt"/>
        <line num="53" count="0" type="cond" truecount="0" falsecount="2"/>
        <line num="54" count="0" type="stmt"/>
        <line num="55" count="0" type="cond" truecount="0" falsecount="2"/>
        <line num="56" count="0" type="stmt"/>
        <line num="58" count="0" type="stmt"/>
        <line num="62" count="0" type="cond" truecount="0" falsecount="2"/>
        <line num="64" count="0" type="stmt"/>
        <line num="73" count="0" type="stmt"/>
        <line num="74" count="0" type="stmt"/>
        <line num="75" count="0" type="cond" truecount="0" falsecount="2"/>
        <line num="76" count="0" type="stmt"/>
        <line num="77" count="0" type="stmt"/>
        <line num="79" count="0" type="cond" truecount="0" falsecount="2"/>
        <line num="84" count="0" type="stmt"/>
        <line num="88" count="0" type="stmt"/>
        <line num="89" count="0" type="cond" truecount="0" falsecount="2"/>
        <line num="90" count="0" type="stmt"/>
        <line num="91" count="0" type="cond" truecount="0" falsecount="4"/>
        <line num="92" count="0" type="stmt"/>
        <line num="97" count="0" type="stmt"/>
        <line num="99" count="0" type="stmt"/>
        <line num="101" count="0" type="stmt"/>
        <line num="114" count="1" type="stmt"/>
        <line num="115" count="1" type="stmt"/>
        <line num="117" count="1" type="stmt"/>
        <line num="119" count="0" type="cond" truecount="1" falsecount="1"/>
      </file>
      <file name="index.js" path="/home/darkadept/dev/thr-addons/packages/controls/src/money/MoneyInput/index.js">
        <metrics statements="0" coveredstatements="0" conditionals="0" coveredconditionals="0" methods="0" coveredmethods="0"/>
      </file>
      <file name="moneyInputMask.js" path="/home/darkadept/dev/thr-addons/packages/controls/src/money/MoneyInput/moneyInputMask.js">
        <metrics statements="5" coveredstatements="0" conditionals="0" coveredconditionals="0" methods="3" coveredmethods="0"/>
        <line num="7" count="0" type="stmt"/>
        <line num="11" count="0" type="stmt"/>
        <line num="14" count="0" type="stmt"/>
        <line num="27" count="0" type="stmt"/>
        <line num="29" count="0" type="stmt"/>
      </file>
    </package>
    <package name="money.MoneyInputMask">
      <metrics statements="14" coveredstatements="4" conditionals="12" coveredconditionals="1" methods="4" coveredmethods="1"/>
      <file name="index.js" path="/home/darkadept/dev/thr-addons/packages/controls/src/money/MoneyInputMask/index.js">
        <metrics statements="14" coveredstatements="4" conditionals="12" coveredconditionals="1" methods="4" coveredmethods="1"/>
        <line num="11" count="1" type="stmt"/>
        <line num="35" count="0" type="stmt"/>
        <line num="36" count="0" type="stmt"/>
        <line num="37" count="0" type="stmt"/>
        <line num="38" count="0" type="cond" truecount="0" falsecount="2"/>
        <line num="39" count="0" type="cond" truecount="0" falsecount="2"/>
        <line num="41" count="0" type="stmt"/>
        <line num="46" count="0" type="stmt"/>
        <line num="47" count="0" type="stmt"/>
        <line num="60" count="1" type="stmt"/>
        <line num="61" count="1" type="cond" truecount="1" falsecount="1"/>
        <line num="63" count="1" type="stmt"/>
        <line num="75" count="0" type="stmt"/>
        <line num="76" count="0" type="stmt"/>
      </file>
    </package>
  </project>
</coverage>
