{"/home/mike/dev/thr-addons/packages/controls/src/date/LocalMonthSelect/LocalMonthSelect.tsx": {"path":"/home/mike/dev/thr-addons/packages/controls/src/date/LocalMonthSelect/LocalMonthSelect.tsx","statementMap":{"0":{"start":{"line":6,"column":10},"end":{"line":6,"column":53}},"1":{"start":{"line":8,"column":21},"end":{"line":21,"column":1}},"2":{"start":{"line":42,"column":23},"end":{"line":44,"column":2}},"3":{"start":{"line":46,"column":16},"end":{"line":55,"column":2}},"4":{"start":{"line":47,"column":2},"end":{"line":47,"column":41}},"5":{"start":{"line":48,"column":2},"end":{"line":54,"column":3}},"6":{"start":{"line":49,"column":3},"end":{"line":53,"column":4}},"7":{"start":{"line":50,"column":4},"end":{"line":50,"column":85}},"8":{"start":{"line":52,"column":4},"end":{"line":52,"column":30}},"9":{"start":{"line":58,"column":18},"end":{"line":58,"column":28}},"10":{"start":{"line":60,"column":2},"end":{"line":62,"column":4}}},"fnMap":{"0":{"name":"(anonymous_0)","decl":{"start":{"line":46,"column":16},"end":{"line":46,"column":17}},"loc":{"start":{"line":46,"column":43},"end":{"line":55,"column":2}},"line":46},"1":{"name":"(anonymous_1)","decl":{"start":{"line":57,"column":1},"end":{"line":57,"column":2}},"loc":{"start":{"line":57,"column":10},"end":{"line":63,"column":2}},"line":57}},"branchMap":{"0":{"loc":{"start":{"line":48,"column":2},"end":{"line":54,"column":3}},"type":"if","locations":[{"start":{"line":48,"column":2},"end":{"line":54,"column":3}},{"start":{"line":48,"column":2},"end":{"line":54,"column":3}}],"line":48},"1":{"loc":{"start":{"line":49,"column":3},"end":{"line":53,"column":4}},"type":"if","locations":[{"start":{"line":49,"column":3},"end":{"line":53,"column":4}},{"start":{"line":49,"column":3},"end":{"line":53,"column":4}}],"line":49},"2":{"loc":{"start":{"line":61,"column":68},"end":{"line":61,"column":99}},"type":"cond-expr","locations":[{"start":{"line":61,"column":76},"end":{"line":61,"column":94}},{"start":{"line":61,"column":97},"end":{"line":61,"column":99}}],"line":61}},"s":{"0":1,"1":1,"2":1,"3":1,"4":0,"5":0,"6":0,"7":0,"8":0,"9":1,"10":1},"f":{"0":0,"1":1},"b":{"0":[0,0],"1":[0,0],"2":[0,1]},"_coverageSchema":"43e27e138ebf9cfc5966b082cf9a028302ed4184","hash":"77f9d2f40be53de913f26f3ad9fec4a8222f9667"}
,"/home/mike/dev/thr-addons/packages/controls/src/date/LocalMonthSelect/index.ts": {"path":"/home/mike/dev/thr-addons/packages/controls/src/date/LocalMonthSelect/index.ts","statementMap":{},"fnMap":{},"branchMap":{},"s":{},"f":{},"b":{},"_coverageSchema":"43e27e138ebf9cfc5966b082cf9a028302ed4184","hash":"cf1bd220c0315aee136633f1aacee30aa027d7bd"}
,"/home/mike/dev/thr-addons/packages/controls/src/date/MonthDayDropdown/MonthDayDropdown.tsx": {"path":"/home/mike/dev/thr-addons/packages/controls/src/date/MonthDayDropdown/MonthDayDropdown.tsx","statementMap":{"0":{"start":{"line":12,"column":31},"end":{"line":12,"column":45}},"1":{"start":{"line":13,"column":44},"end":{"line":13,"column":49}},"2":{"start":{"line":14,"column":18},"end":{"line":14,"column":44}},"3":{"start":{"line":15,"column":16},"end":{"line":15,"column":40}},"4":{"start":{"line":17,"column":1},"end":{"line":56,"column":3}},"5":{"start":{"line":22,"column":6},"end":{"line":37,"column":22}},"6":{"start":{"line":25,"column":8},"end":{"line":25,"column":57}},"7":{"start":{"line":26,"column":21},"end":{"line":26,"column":63}},"8":{"start":{"line":30,"column":8},"end":{"line":33,"column":9}},"9":{"start":{"line":31,"column":9},"end":{"line":31,"column":51}},"10":{"start":{"line":32,"column":9},"end":{"line":32,"column":30}},"11":{"start":{"line":45,"column":7},"end":{"line":50,"column":23}},"12":{"start":{"line":47,"column":27},"end":{"line":47,"column":74}}},"fnMap":{"0":{"name":"MonthDayDropdown","decl":{"start":{"line":11,"column":24},"end":{"line":11,"column":40}},"loc":{"start":{"line":11,"column":48},"end":{"line":57,"column":1}},"line":11},"1":{"name":"(anonymous_1)","decl":{"start":{"line":21,"column":28},"end":{"line":21,"column":29}},"loc":{"start":{"line":22,"column":6},"end":{"line":37,"column":22}},"line":22},"2":{"name":"(anonymous_2)","decl":{"start":{"line":24,"column":16},"end":{"line":24,"column":17}},"loc":{"start":{"line":24,"column":22},"end":{"line":34,"column":8}},"line":24},"3":{"name":"(anonymous_3)","decl":{"start":{"line":44,"column":83},"end":{"line":44,"column":84}},"loc":{"start":{"line":45,"column":7},"end":{"line":50,"column":23}},"line":45},"4":{"name":"(anonymous_4)","decl":{"start":{"line":47,"column":17},"end":{"line":47,"column":18}},"loc":{"start":{"line":47,"column":27},"end":{"line":47,"column":74}},"line":47}},"branchMap":{"0":{"loc":{"start":{"line":14,"column":18},"end":{"line":14,"column":44}},"type":"binary-expr","locations":[{"start":{"line":14,"column":18},"end":{"line":14,"column":26}},{"start":{"line":14,"column":30},"end":{"line":14,"column":44}}],"line":14},"1":{"loc":{"start":{"line":15,"column":16},"end":{"line":15,"column":40}},"type":"binary-expr","locations":[{"start":{"line":15,"column":16},"end":{"line":15,"column":24}},{"start":{"line":15,"column":28},"end":{"line":15,"column":40}}],"line":15},"2":{"loc":{"start":{"line":19,"column":29},"end":{"line":19,"column":84}},"type":"cond-expr","locations":[{"start":{"line":19,"column":40},"end":{"line":19,"column":74}},{"start":{"line":19,"column":77},"end":{"line":19,"column":84}}],"line":19},"3":{"loc":{"start":{"line":30,"column":8},"end":{"line":33,"column":9}},"type":"if","locations":[{"start":{"line":30,"column":8},"end":{"line":33,"column":9}},{"start":{"line":30,"column":8},"end":{"line":33,"column":9}}],"line":30},"4":{"loc":{"start":{"line":30,"column":12},"end":{"line":30,"column":39}},"type":"binary-expr","locations":[{"start":{"line":30,"column":12},"end":{"line":30,"column":18}},{"start":{"line":30,"column":22},"end":{"line":30,"column":39}}],"line":30},"5":{"loc":{"start":{"line":42,"column":30},"end":{"line":42,"column":68}},"type":"cond-expr","locations":[{"start":{"line":42,"column":39},"end":{"line":42,"column":60}},{"start":{"line":42,"column":63},"end":{"line":42,"column":68}}],"line":42},"6":{"loc":{"start":{"line":44,"column":7},"end":{"line":51,"column":15}},"type":"cond-expr","locations":[{"start":{"line":44,"column":18},"end":{"line":51,"column":8}},{"start":{"line":51,"column":11},"end":{"line":51,"column":15}}],"line":44}},"s":{"0":2,"1":2,"2":2,"3":2,"4":2,"5":24,"6":0,"7":0,"8":0,"9":0,"10":0,"11":31,"12":0},"f":{"0":2,"1":24,"2":0,"3":31,"4":0},"b":{"0":[2,2],"1":[2,2],"2":[1,1],"3":[0,0],"4":[0,0],"5":[1,1],"6":[1,1]},"_coverageSchema":"43e27e138ebf9cfc5966b082cf9a028302ed4184","hash":"a8409f6a6f27079811ab997599599015fb4bada7"}
,"/home/mike/dev/thr-addons/packages/controls/src/date/MonthDayDropdown/index.js": {"path":"/home/mike/dev/thr-addons/packages/controls/src/date/MonthDayDropdown/index.js","statementMap":{},"fnMap":{},"branchMap":{},"s":{},"f":{},"b":{},"_coverageSchema":"43e27e138ebf9cfc5966b082cf9a028302ed4184","hash":"adc40a79d714dfb89e3a651165e6504ddd81202e"}
,"/home/mike/dev/thr-addons/packages/controls/src/date/MonthYearDropdown/MonthYearDropdown.tsx": {"path":"/home/mike/dev/thr-addons/packages/controls/src/date/MonthYearDropdown/MonthYearDropdown.tsx","statementMap":{"0":{"start":{"line":21,"column":18},"end":{"line":21,"column":42}},"1":{"start":{"line":22,"column":97},"end":{"line":22,"column":102}},"2":{"start":{"line":23,"column":18},"end":{"line":23,"column":44}},"3":{"start":{"line":24,"column":17},"end":{"line":24,"column":42}},"4":{"start":{"line":26,"column":20},"end":{"line":33,"column":2}},"5":{"start":{"line":27,"column":62},"end":{"line":27,"column":64}},"6":{"start":{"line":28,"column":2},"end":{"line":31,"column":3}},"7":{"start":{"line":28,"column":15},"end":{"line":28,"column":32}},"8":{"start":{"line":29,"column":14},"end":{"line":29,"column":60}},"9":{"start":{"line":30,"column":3},"end":{"line":30,"column":46}},"10":{"start":{"line":32,"column":2},"end":{"line":32,"column":15}},"11":{"start":{"line":35,"column":13},"end":{"line":35,"column":20}},"12":{"start":{"line":36,"column":12},"end":{"line":36,"column":18}},"13":{"start":{"line":37,"column":1},"end":{"line":37,"column":88}},"14":{"start":{"line":37,"column":14},"end":{"line":37,"column":88}},"15":{"start":{"line":38,"column":1},"end":{"line":38,"column":121}},"16":{"start":{"line":38,"column":15},"end":{"line":38,"column":121}},"17":{"start":{"line":40,"column":1},"end":{"line":62,"column":3}},"18":{"start":{"line":45,"column":6},"end":{"line":49,"column":22}},"19":{"start":{"line":47,"column":22},"end":{"line":47,"column":68}},"20":{"start":{"line":59,"column":24},"end":{"line":59,"column":91}}},"fnMap":{"0":{"name":"MonthYearDropdown","decl":{"start":{"line":20,"column":24},"end":{"line":20,"column":41}},"loc":{"start":{"line":20,"column":56},"end":{"line":63,"column":1}},"line":20},"1":{"name":"(anonymous_1)","decl":{"start":{"line":26,"column":20},"end":{"line":26,"column":21}},"loc":{"start":{"line":26,"column":26},"end":{"line":33,"column":2}},"line":26},"2":{"name":"(anonymous_2)","decl":{"start":{"line":44,"column":28},"end":{"line":44,"column":29}},"loc":{"start":{"line":45,"column":6},"end":{"line":49,"column":22}},"line":45},"3":{"name":"(anonymous_3)","decl":{"start":{"line":47,"column":16},"end":{"line":47,"column":17}},"loc":{"start":{"line":47,"column":22},"end":{"line":47,"column":68}},"line":47},"4":{"name":"(anonymous_4)","decl":{"start":{"line":59,"column":14},"end":{"line":59,"column":15}},"loc":{"start":{"line":59,"column":24},"end":{"line":59,"column":91}},"line":59}},"branchMap":{"0":{"loc":{"start":{"line":22,"column":42},"end":{"line":22,"column":56}},"type":"default-arg","locations":[{"start":{"line":22,"column":52},"end":{"line":22,"column":56}}],"line":22},"1":{"loc":{"start":{"line":22,"column":58},"end":{"line":22,"column":76}},"type":"default-arg","locations":[{"start":{"line":22,"column":68},"end":{"line":22,"column":76}}],"line":22},"2":{"loc":{"start":{"line":22,"column":78},"end":{"line":22,"column":93}},"type":"default-arg","locations":[{"start":{"line":22,"column":88},"end":{"line":22,"column":93}}],"line":22},"3":{"loc":{"start":{"line":23,"column":18},"end":{"line":23,"column":44}},"type":"binary-expr","locations":[{"start":{"line":23,"column":18},"end":{"line":23,"column":26}},{"start":{"line":23,"column":30},"end":{"line":23,"column":44}}],"line":23},"4":{"loc":{"start":{"line":24,"column":17},"end":{"line":24,"column":42}},"type":"binary-expr","locations":[{"start":{"line":24,"column":17},"end":{"line":24,"column":25}},{"start":{"line":24,"column":29},"end":{"line":24,"column":42}}],"line":24},"5":{"loc":{"start":{"line":29,"column":14},"end":{"line":29,"column":60}},"type":"cond-expr","locations":[{"start":{"line":29,"column":24},"end":{"line":29,"column":45}},{"start":{"line":29,"column":48},"end":{"line":29,"column":60}}],"line":29},"6":{"loc":{"start":{"line":37,"column":1},"end":{"line":37,"column":88}},"type":"if","locations":[{"start":{"line":37,"column":1},"end":{"line":37,"column":88}},{"start":{"line":37,"column":1},"end":{"line":37,"column":88}}],"line":37},"7":{"loc":{"start":{"line":37,"column":21},"end":{"line":37,"column":87}},"type":"cond-expr","locations":[{"start":{"line":37,"column":31},"end":{"line":37,"column":62}},{"start":{"line":37,"column":65},"end":{"line":37,"column":87}}],"line":37},"8":{"loc":{"start":{"line":38,"column":1},"end":{"line":38,"column":121}},"type":"if","locations":[{"start":{"line":38,"column":1},"end":{"line":38,"column":121}},{"start":{"line":38,"column":1},"end":{"line":38,"column":121}}],"line":38},"9":{"loc":{"start":{"line":38,"column":23},"end":{"line":38,"column":120}},"type":"cond-expr","locations":[{"start":{"line":38,"column":33},"end":{"line":38,"column":73}},{"start":{"line":38,"column":76},"end":{"line":38,"column":120}}],"line":38},"10":{"loc":{"start":{"line":38,"column":97},"end":{"line":38,"column":119}},"type":"binary-expr","locations":[{"start":{"line":38,"column":97},"end":{"line":38,"column":103}},{"start":{"line":38,"column":107},"end":{"line":38,"column":119}}],"line":38},"11":{"loc":{"start":{"line":48,"column":8},"end":{"line":48,"column":64}},"type":"cond-expr","locations":[{"start":{"line":48,"column":18},"end":{"line":48,"column":57}},{"start":{"line":48,"column":60},"end":{"line":48,"column":64}}],"line":48}},"s":{"0":3,"1":3,"2":3,"3":3,"4":3,"5":3,"6":3,"7":3,"8":150,"9":150,"10":3,"11":3,"12":3,"13":3,"14":2,"15":3,"16":2,"17":3,"18":36,"19":0,"20":0},"f":{"0":3,"1":3,"2":36,"3":0,"4":0},"b":{"0":[3],"1":[3],"2":[3],"3":[3,3],"4":[3,3],"5":[0,150],"6":[2,1],"7":[0,2],"8":[2,1],"9":[0,2],"10":[2,2],"11":[0,36]},"_coverageSchema":"43e27e138ebf9cfc5966b082cf9a028302ed4184","hash":"fffb776ddc2632a312a28b2b17fb69802782c7a2"}
,"/home/mike/dev/thr-addons/packages/controls/src/date/MonthYearDropdown/index.js": {"path":"/home/mike/dev/thr-addons/packages/controls/src/date/MonthYearDropdown/index.js","statementMap":{},"fnMap":{},"branchMap":{},"s":{},"f":{},"b":{},"_coverageSchema":"43e27e138ebf9cfc5966b082cf9a028302ed4184","hash":"7a83faaf6f2ccf6426b43d741e9728a503f965ae"}
,"/home/mike/dev/thr-addons/packages/controls/src/date/TimeDropdown/TimeDropdown.tsx": {"path":"/home/mike/dev/thr-addons/packages/controls/src/date/TimeDropdown/TimeDropdown.tsx","statementMap":{"0":{"start":{"line":18,"column":71},"end":{"line":18,"column":76}},"1":{"start":{"line":19,"column":15},"end":{"line":19,"column":43}},"2":{"start":{"line":20,"column":17},"end":{"line":20,"column":45}},"3":{"start":{"line":21,"column":17},"end":{"line":21,"column":42}},"4":{"start":{"line":23,"column":19},"end":{"line":23,"column":77}},"5":{"start":{"line":24,"column":17},"end":{"line":24,"column":40}},"6":{"start":{"line":26,"column":1},"end":{"line":87,"column":3}},"7":{"start":{"line":40,"column":6},"end":{"line":42,"column":22}},"8":{"start":{"line":40,"column":47},"end":{"line":40,"column":90}},"9":{"start":{"line":59,"column":21},"end":{"line":59,"column":71}},"10":{"start":{"line":60,"column":6},"end":{"line":64,"column":8}},"11":{"start":{"line":61,"column":48},"end":{"line":61,"column":87}},"12":{"start":{"line":78,"column":44},"end":{"line":78,"column":81}},"13":{"start":{"line":81,"column":44},"end":{"line":81,"column":81}}},"fnMap":{"0":{"name":"TimeDropdown","decl":{"start":{"line":17,"column":24},"end":{"line":17,"column":36}},"loc":{"start":{"line":17,"column":51},"end":{"line":88,"column":1}},"line":17},"1":{"name":"(anonymous_1)","decl":{"start":{"line":39,"column":16},"end":{"line":39,"column":17}},"loc":{"start":{"line":40,"column":6},"end":{"line":42,"column":22}},"line":40},"2":{"name":"(anonymous_2)","decl":{"start":{"line":40,"column":41},"end":{"line":40,"column":42}},"loc":{"start":{"line":40,"column":47},"end":{"line":40,"column":90}},"line":40},"3":{"name":"(anonymous_3)","decl":{"start":{"line":58,"column":28},"end":{"line":58,"column":29}},"loc":{"start":{"line":58,"column":36},"end":{"line":65,"column":6}},"line":58},"4":{"name":"(anonymous_4)","decl":{"start":{"line":61,"column":42},"end":{"line":61,"column":43}},"loc":{"start":{"line":61,"column":48},"end":{"line":61,"column":87}},"line":61},"5":{"name":"(anonymous_5)","decl":{"start":{"line":78,"column":38},"end":{"line":78,"column":39}},"loc":{"start":{"line":78,"column":44},"end":{"line":78,"column":81}},"line":78},"6":{"name":"(anonymous_6)","decl":{"start":{"line":81,"column":38},"end":{"line":81,"column":39}},"loc":{"start":{"line":81,"column":44},"end":{"line":81,"column":81}},"line":81}},"branchMap":{"0":{"loc":{"start":{"line":21,"column":17},"end":{"line":21,"column":42}},"type":"binary-expr","locations":[{"start":{"line":21,"column":17},"end":{"line":21,"column":25}},{"start":{"line":21,"column":29},"end":{"line":21,"column":42}}],"line":21},"1":{"loc":{"start":{"line":23,"column":19},"end":{"line":23,"column":77}},"type":"binary-expr","locations":[{"start":{"line":23,"column":19},"end":{"line":23,"column":27}},{"start":{"line":23,"column":31},"end":{"line":23,"column":53}},{"start":{"line":23,"column":58},"end":{"line":23,"column":76}}],"line":23},"2":{"loc":{"start":{"line":24,"column":17},"end":{"line":24,"column":40}},"type":"binary-expr","locations":[{"start":{"line":24,"column":17},"end":{"line":24,"column":25}},{"start":{"line":24,"column":29},"end":{"line":24,"column":40}}],"line":24},"3":{"loc":{"start":{"line":32,"column":10},"end":{"line":32,"column":51}},"type":"cond-expr","locations":[{"start":{"line":32,"column":20},"end":{"line":32,"column":42}},{"start":{"line":32,"column":45},"end":{"line":32,"column":51}}],"line":32},"4":{"loc":{"start":{"line":50,"column":10},"end":{"line":50,"column":119}},"type":"cond-expr","locations":[{"start":{"line":50,"column":22},"end":{"line":50,"column":108}},{"start":{"line":50,"column":111},"end":{"line":50,"column":119}}],"line":50},"5":{"loc":{"start":{"line":50,"column":22},"end":{"line":50,"column":108}},"type":"cond-expr","locations":[{"start":{"line":50,"column":45},"end":{"line":50,"column":81}},{"start":{"line":50,"column":84},"end":{"line":50,"column":108}}],"line":50},"6":{"loc":{"start":{"line":58,"column":6},"end":{"line":65,"column":14}},"type":"cond-expr","locations":[{"start":{"line":58,"column":16},"end":{"line":65,"column":7}},{"start":{"line":65,"column":10},"end":{"line":65,"column":14}}],"line":58},"7":{"loc":{"start":{"line":59,"column":21},"end":{"line":59,"column":71}},"type":"cond-expr","locations":[{"start":{"line":59,"column":35},"end":{"line":59,"column":64}},{"start":{"line":59,"column":67},"end":{"line":59,"column":71}}],"line":59},"8":{"loc":{"start":{"line":70,"column":10},"end":{"line":70,"column":41}},"type":"cond-expr","locations":[{"start":{"line":70,"column":20},"end":{"line":70,"column":31}},{"start":{"line":70,"column":34},"end":{"line":70,"column":41}}],"line":70}},"s":{"0":2,"1":2,"2":2,"3":2,"4":2,"5":2,"6":2,"7":24,"8":0,"9":60,"10":60,"11":0,"12":0,"13":0},"f":{"0":2,"1":24,"2":0,"3":60,"4":0,"5":0,"6":0},"b":{"0":[2,2],"1":[2,2,2],"2":[2,2],"3":[1,1],"4":[1,1],"5":[1,0],"6":[1,1],"7":[10,50],"8":[1,1]},"_coverageSchema":"43e27e138ebf9cfc5966b082cf9a028302ed4184","hash":"5aa324d9d7413c6237b3ba321c0edffaf92fdc6f"}
,"/home/mike/dev/thr-addons/packages/controls/src/date/TimeDropdown/index.js": {"path":"/home/mike/dev/thr-addons/packages/controls/src/date/TimeDropdown/index.js","statementMap":{},"fnMap":{},"branchMap":{},"s":{},"f":{},"b":{},"_coverageSchema":"43e27e138ebf9cfc5966b082cf9a028302ed4184","hash":"19ccc0dc5c97f8efb32d2c51f083a579cd0f5a74"}
,"/home/mike/dev/thr-addons/packages/controls/src/date/YearSelect/YearSelect.tsx": {"path":"/home/mike/dev/thr-addons/packages/controls/src/date/YearSelect/YearSelect.tsx","statementMap":{"0":{"start":{"line":5,"column":10},"end":{"line":5,"column":37}},"1":{"start":{"line":15,"column":18},"end":{"line":15,"column":42}},"2":{"start":{"line":16,"column":73},"end":{"line":16,"column":78}},"3":{"start":{"line":18,"column":20},"end":{"line":24,"column":2}},"4":{"start":{"line":19,"column":62},"end":{"line":19,"column":64}},"5":{"start":{"line":20,"column":2},"end":{"line":22,"column":3}},"6":{"start":{"line":20,"column":15},"end":{"line":20,"column":32}},"7":{"start":{"line":21,"column":3},"end":{"line":21,"column":43}},"8":{"start":{"line":23,"column":2},"end":{"line":23,"column":15}},"9":{"start":{"line":26,"column":1},"end":{"line":56,"column":3}},"10":{"start":{"line":33,"column":19},"end":{"line":33,"column":47}},"11":{"start":{"line":44,"column":26},"end":{"line":44,"column":55}},"12":{"start":{"line":51,"column":19},"end":{"line":51,"column":47}}},"fnMap":{"0":{"name":"YearSelect","decl":{"start":{"line":14,"column":24},"end":{"line":14,"column":34}},"loc":{"start":{"line":14,"column":62},"end":{"line":57,"column":1}},"line":14},"1":{"name":"(anonymous_1)","decl":{"start":{"line":18,"column":20},"end":{"line":18,"column":21}},"loc":{"start":{"line":18,"column":26},"end":{"line":24,"column":2}},"line":18},"2":{"name":"(anonymous_2)","decl":{"start":{"line":33,"column":13},"end":{"line":33,"column":14}},"loc":{"start":{"line":33,"column":19},"end":{"line":33,"column":47}},"line":33},"3":{"name":"(anonymous_3)","decl":{"start":{"line":44,"column":14},"end":{"line":44,"column":15}},"loc":{"start":{"line":44,"column":26},"end":{"line":44,"column":55}},"line":44},"4":{"name":"(anonymous_4)","decl":{"start":{"line":51,"column":13},"end":{"line":51,"column":14}},"loc":{"start":{"line":51,"column":19},"end":{"line":51,"column":47}},"line":51}},"branchMap":{"0":{"loc":{"start":{"line":16,"column":8},"end":{"line":16,"column":23}},"type":"default-arg","locations":[{"start":{"line":16,"column":15},"end":{"line":16,"column":23}}],"line":16},"1":{"loc":{"start":{"line":16,"column":35},"end":{"line":16,"column":49}},"type":"default-arg","locations":[{"start":{"line":16,"column":45},"end":{"line":16,"column":49}}],"line":16},"2":{"loc":{"start":{"line":16,"column":51},"end":{"line":16,"column":69}},"type":"default-arg","locations":[{"start":{"line":16,"column":61},"end":{"line":16,"column":69}}],"line":16}},"s":{"0":1,"1":1,"2":1,"3":1,"4":1,"5":1,"6":1,"7":50,"8":1,"9":1,"10":0,"11":0,"12":0},"f":{"0":1,"1":1,"2":0,"3":0,"4":0},"b":{"0":[0],"1":[1],"2":[1]},"_coverageSchema":"43e27e138ebf9cfc5966b082cf9a028302ed4184","hash":"0f440c08dd73a439bea9d552fa4c8e5bfe6b071b"}
,"/home/mike/dev/thr-addons/packages/controls/src/date/YearSelect/index.ts": {"path":"/home/mike/dev/thr-addons/packages/controls/src/date/YearSelect/index.ts","statementMap":{},"fnMap":{},"branchMap":{},"s":{},"f":{},"b":{},"_coverageSchema":"43e27e138ebf9cfc5966b082cf9a028302ed4184","hash":"a271b24861bbd245e0774c83edd87d28f0f8b1cb"}
,"/home/mike/dev/thr-addons/packages/controls/src/form/TForm/TForm.js": {"path":"/home/mike/dev/thr-addons/packages/controls/src/form/TForm/TForm.js","statementMap":{"0":{"start":{"line":21,"column":121},"end":{"line":21,"column":125}},"1":{"start":{"line":22,"column":60},"end":{"line":22,"column":70}},"2":{"start":{"line":24,"column":1},"end":{"line":26,"column":15}},"3":{"start":{"line":25,"column":2},"end":{"line":25,"column":38}},"4":{"start":{"line":25,"column":18},"end":{"line":25,"column":38}},"5":{"start":{"line":28,"column":1},"end":{"line":30,"column":18}},"6":{"start":{"line":29,"column":2},"end":{"line":29,"column":43}},"7":{"start":{"line":29,"column":19},"end":{"line":29,"column":43}},"8":{"start":{"line":34,"column":12},"end":{"line":34,"column":22}},"9":{"start":{"line":35,"column":12},"end":{"line":35,"column":21}},"10":{"start":{"line":36,"column":2},"end":{"line":36,"column":20}},"11":{"start":{"line":36,"column":10},"end":{"line":36,"column":20}},"12":{"start":{"line":37,"column":2},"end":{"line":37,"column":109}},"13":{"start":{"line":37,"column":29},"end":{"line":37,"column":109}},"14":{"start":{"line":38,"column":2},"end":{"line":38,"column":74}},"15":{"start":{"line":38,"column":34},"end":{"line":38,"column":65}},"16":{"start":{"line":41,"column":1},"end":{"line":106,"column":4}},"17":{"start":{"line":43,"column":24},"end":{"line":43,"column":26}},"18":{"start":{"line":44,"column":20},"end":{"line":44,"column":22}},"19":{"start":{"line":49,"column":3},"end":{"line":51,"column":6}},"20":{"start":{"line":50,"column":4},"end":{"line":50,"column":43}},"21":{"start":{"line":53,"column":3},"end":{"line":65,"column":4}},"22":{"start":{"line":54,"column":4},"end":{"line":54,"column":29}},"23":{"start":{"line":54,"column":17},"end":{"line":54,"column":29}},"24":{"start":{"line":57,"column":4},"end":{"line":64,"column":5}},"25":{"start":{"line":58,"column":5},"end":{"line":62,"column":6}},"26":{"start":{"line":58,"column":41},"end":{"line":58,"column":75}},"27":{"start":{"line":59,"column":10},"end":{"line":62,"column":6}},"28":{"start":{"line":60,"column":6},"end":{"line":60,"column":76}},"29":{"start":{"line":61,"column":6},"end":{"line":61,"column":47}},"30":{"start":{"line":63,"column":5},"end":{"line":63,"column":73}},"31":{"start":{"line":67,"column":3},"end":{"line":77,"column":5}},"32":{"start":{"line":74,"column":45},"end":{"line":74,"column":109}},"33":{"start":{"line":80,"column":3},"end":{"line":80,"column":19}},"34":{"start":{"line":85,"column":3},"end":{"line":85,"column":29}},"35":{"start":{"line":88,"column":3},"end":{"line":88,"column":97}},"36":{"start":{"line":91,"column":3},"end":{"line":91,"column":59}},"37":{"start":{"line":91,"column":29},"end":{"line":91,"column":59}},"38":{"start":{"line":92,"column":3},"end":{"line":96,"column":4}},"39":{"start":{"line":93,"column":4},"end":{"line":95,"column":6}},"40":{"start":{"line":94,"column":5},"end":{"line":94,"column":34}},"41":{"start":{"line":97,"column":3},"end":{"line":97,"column":113}},"42":{"start":{"line":120,"column":54},"end":{"line":120,"column":59}},"43":{"start":{"line":121,"column":1},"end":{"line":127,"column":3}},"44":{"start":{"line":124,"column":26},"end":{"line":124,"column":75}}},"fnMap":{"0":{"name":"RenderForm","decl":{"start":{"line":20,"column":9},"end":{"line":20,"column":19}},"loc":{"start":{"line":20,"column":26},"end":{"line":107,"column":1}},"line":20},"1":{"name":"(anonymous_1)","decl":{"start":{"line":24,"column":11},"end":{"line":24,"column":12}},"loc":{"start":{"line":24,"column":17},"end":{"line":26,"column":2}},"line":24},"2":{"name":"(anonymous_2)","decl":{"start":{"line":28,"column":11},"end":{"line":28,"column":12}},"loc":{"start":{"line":28,"column":17},"end":{"line":30,"column":2}},"line":28},"3":{"name":"getWarnings","decl":{"start":{"line":33,"column":10},"end":{"line":33,"column":21}},"loc":{"start":{"line":33,"column":72},"end":{"line":39,"column":2}},"line":33},"4":{"name":"(anonymous_4)","decl":{"start":{"line":38,"column":29},"end":{"line":38,"column":30}},"loc":{"start":{"line":38,"column":34},"end":{"line":38,"column":65}},"line":38},"5":{"name":"(anonymous_5)","decl":{"start":{"line":42,"column":2},"end":{"line":42,"column":3}},"loc":{"start":{"line":42,"column":19},"end":{"line":78,"column":3}},"line":42},"6":{"name":"(anonymous_6)","decl":{"start":{"line":49,"column":33},"end":{"line":49,"column":34}},"loc":{"start":{"line":49,"column":40},"end":{"line":51,"column":4}},"line":49},"7":{"name":"(anonymous_7)","decl":{"start":{"line":74,"column":25},"end":{"line":74,"column":26}},"loc":{"start":{"line":74,"column":45},"end":{"line":74,"column":109}},"line":74},"8":{"name":"(anonymous_8)","decl":{"start":{"line":79,"column":2},"end":{"line":79,"column":3}},"loc":{"start":{"line":79,"column":14},"end":{"line":81,"column":3}},"line":79},"9":{"name":"(anonymous_9)","decl":{"start":{"line":82,"column":2},"end":{"line":82,"column":3}},"loc":{"start":{"line":82,"column":16},"end":{"line":86,"column":3}},"line":82},"10":{"name":"(anonymous_10)","decl":{"start":{"line":87,"column":2},"end":{"line":87,"column":3}},"loc":{"start":{"line":87,"column":24},"end":{"line":89,"column":3}},"line":87},"11":{"name":"(anonymous_11)","decl":{"start":{"line":90,"column":2},"end":{"line":90,"column":3}},"loc":{"start":{"line":90,"column":25},"end":{"line":98,"column":3}},"line":90},"12":{"name":"(anonymous_12)","decl":{"start":{"line":93,"column":11},"end":{"line":93,"column":12}},"loc":{"start":{"line":93,"column":18},"end":{"line":95,"column":5}},"line":93},"13":{"name":"TForm","decl":{"start":{"line":119,"column":24},"end":{"line":119,"column":29}},"loc":{"start":{"line":119,"column":37},"end":{"line":128,"column":1}},"line":119},"14":{"name":"(anonymous_14)","decl":{"start":{"line":124,"column":11},"end":{"line":124,"column":12}},"loc":{"start":{"line":124,"column":26},"end":{"line":124,"column":75}},"line":124}},"branchMap":{"0":{"loc":{"start":{"line":25,"column":2},"end":{"line":25,"column":38}},"type":"if","locations":[{"start":{"line":25,"column":2},"end":{"line":25,"column":38}},{"start":{"line":25,"column":2},"end":{"line":25,"column":38}}],"line":25},"1":{"loc":{"start":{"line":29,"column":2},"end":{"line":29,"column":43}},"type":"if","locations":[{"start":{"line":29,"column":2},"end":{"line":29,"column":43}},{"start":{"line":29,"column":2},"end":{"line":29,"column":43}}],"line":29},"2":{"loc":{"start":{"line":33,"column":27},"end":{"line":33,"column":41}},"type":"default-arg","locations":[{"start":{"line":33,"column":34},"end":{"line":33,"column":41}}],"line":33},"3":{"loc":{"start":{"line":33,"column":43},"end":{"line":33,"column":59}},"type":"default-arg","locations":[{"start":{"line":33,"column":51},"end":{"line":33,"column":59}}],"line":33},"4":{"loc":{"start":{"line":33,"column":61},"end":{"line":33,"column":70}},"type":"default-arg","locations":[{"start":{"line":33,"column":69},"end":{"line":33,"column":70}}],"line":33},"5":{"loc":{"start":{"line":36,"column":2},"end":{"line":36,"column":20}},"type":"if","locations":[{"start":{"line":36,"column":2},"end":{"line":36,"column":20}},{"start":{"line":36,"column":2},"end":{"line":36,"column":20}}],"line":36},"6":{"loc":{"start":{"line":37,"column":2},"end":{"line":37,"column":109}},"type":"if","locations":[{"start":{"line":37,"column":2},"end":{"line":37,"column":109}},{"start":{"line":37,"column":2},"end":{"line":37,"column":109}}],"line":37},"7":{"loc":{"start":{"line":37,"column":36},"end":{"line":37,"column":108}},"type":"cond-expr","locations":[{"start":{"line":37,"column":89},"end":{"line":37,"column":103}},{"start":{"line":37,"column":106},"end":{"line":37,"column":108}}],"line":37},"8":{"loc":{"start":{"line":37,"column":37},"end":{"line":37,"column":85}},"type":"binary-expr","locations":[{"start":{"line":37,"column":38},"end":{"line":37,"column":60}},{"start":{"line":37,"column":64},"end":{"line":37,"column":65}},{"start":{"line":37,"column":70},"end":{"line":37,"column":85}}],"line":37},"9":{"loc":{"start":{"line":53,"column":3},"end":{"line":65,"column":4}},"type":"if","locations":[{"start":{"line":53,"column":3},"end":{"line":65,"column":4}},{"start":{"line":53,"column":3},"end":{"line":65,"column":4}}],"line":53},"10":{"loc":{"start":{"line":54,"column":4},"end":{"line":54,"column":29}},"type":"if","locations":[{"start":{"line":54,"column":4},"end":{"line":54,"column":29}},{"start":{"line":54,"column":4},"end":{"line":54,"column":29}}],"line":54},"11":{"loc":{"start":{"line":57,"column":4},"end":{"line":64,"column":5}},"type":"if","locations":[{"start":{"line":57,"column":4},"end":{"line":64,"column":5}},{"start":{"line":57,"column":4},"end":{"line":64,"column":5}}],"line":57},"12":{"loc":{"start":{"line":58,"column":5},"end":{"line":62,"column":6}},"type":"if","locations":[{"start":{"line":58,"column":5},"end":{"line":62,"column":6}},{"start":{"line":58,"column":5},"end":{"line":62,"column":6}}],"line":58},"13":{"loc":{"start":{"line":59,"column":10},"end":{"line":62,"column":6}},"type":"if","locations":[{"start":{"line":59,"column":10},"end":{"line":62,"column":6}},{"start":{"line":59,"column":10},"end":{"line":62,"column":6}}],"line":59},"14":{"loc":{"start":{"line":59,"column":14},"end":{"line":59,"column":68}},"type":"binary-expr","locations":[{"start":{"line":59,"column":14},"end":{"line":59,"column":43}},{"start":{"line":59,"column":47},"end":{"line":59,"column":68}}],"line":59},"15":{"loc":{"start":{"line":69,"column":22},"end":{"line":69,"column":98}},"type":"cond-expr","locations":[{"start":{"line":69,"column":47},"end":{"line":69,"column":78}},{"start":{"line":69,"column":81},"end":{"line":69,"column":98}}],"line":69},"16":{"loc":{"start":{"line":72,"column":8},"end":{"line":74,"column":19}},"type":"cond-expr","locations":[{"start":{"line":73,"column":9},"end":{"line":73,"column":21}},{"start":{"line":74,"column":9},"end":{"line":74,"column":19}}],"line":72},"17":{"loc":{"start":{"line":88,"column":10},"end":{"line":88,"column":96}},"type":"binary-expr","locations":[{"start":{"line":88,"column":10},"end":{"line":88,"column":61}},{"start":{"line":88,"column":65},"end":{"line":88,"column":96}}],"line":88},"18":{"loc":{"start":{"line":88,"column":13},"end":{"line":88,"column":60}},"type":"binary-expr","locations":[{"start":{"line":88,"column":13},"end":{"line":88,"column":41}},{"start":{"line":88,"column":45},"end":{"line":88,"column":60}}],"line":88},"19":{"loc":{"start":{"line":91,"column":3},"end":{"line":91,"column":59}},"type":"if","locations":[{"start":{"line":91,"column":3},"end":{"line":91,"column":59}},{"start":{"line":91,"column":3},"end":{"line":91,"column":59}}],"line":91},"20":{"loc":{"start":{"line":92,"column":3},"end":{"line":96,"column":4}},"type":"if","locations":[{"start":{"line":92,"column":3},"end":{"line":96,"column":4}},{"start":{"line":92,"column":3},"end":{"line":96,"column":4}}],"line":92},"21":{"loc":{"start":{"line":120,"column":16},"end":{"line":120,"column":41}},"type":"default-arg","locations":[{"start":{"line":120,"column":37},"end":{"line":120,"column":41}}],"line":120}},"s":{"0":3,"1":3,"2":3,"3":3,"4":0,"5":3,"6":3,"7":0,"8":0,"9":0,"10":0,"11":0,"12":0,"13":0,"14":0,"15":0,"16":3,"17":2,"18":2,"19":2,"20":0,"21":2,"22":2,"23":1,"24":1,"25":1,"26":1,"27":0,"28":0,"29":0,"30":1,"31":1,"32":1,"33":2,"34":2,"35":4,"36":0,"37":0,"38":0,"39":0,"40":0,"41":0,"42":3,"43":3,"44":3},"f":{"0":3,"1":3,"2":3,"3":0,"4":0,"5":2,"6":0,"7":1,"8":2,"9":2,"10":4,"11":0,"12":0,"13":3,"14":3},"b":{"0":[0,3],"1":[0,3],"2":[0],"3":[0],"4":[0],"5":[0,0],"6":[0,0],"7":[0,0],"8":[0,0,0],"9":[2,0],"10":[1,1],"11":[1,0],"12":[1,0],"13":[0,0],"14":[0,0],"15":[0,1],"16":[0,1],"17":[4,0],"18":[4,4],"19":[0,0],"20":[0,0],"21":[3]},"_coverageSchema":"43e27e138ebf9cfc5966b082cf9a028302ed4184","hash":"3721956a8daaee0e944542ababf9428377778c4c"}
,"/home/mike/dev/thr-addons/packages/controls/src/form/TForm/index.js": {"path":"/home/mike/dev/thr-addons/packages/controls/src/form/TForm/index.js","statementMap":{},"fnMap":{},"branchMap":{},"s":{},"f":{},"b":{},"_coverageSchema":"43e27e138ebf9cfc5966b082cf9a028302ed4184","hash":"30dcd7cb7fde07844e95a7515810b9c6dc516f41"}
,"/home/mike/dev/thr-addons/packages/controls/src/inputs/AddDynamicFormInput/AddDynamicFormInput.tsx": {"path":"/home/mike/dev/thr-addons/packages/controls/src/inputs/AddDynamicFormInput/AddDynamicFormInput.tsx","statementMap":{"0":{"start":{"line":8,"column":10},"end":{"line":8,"column":39}},"1":{"start":{"line":27,"column":25},"end":{"line":32,"column":2}},"2":{"start":{"line":28,"column":2},"end":{"line":31,"column":15}},"3":{"start":{"line":29,"column":74},"end":{"line":29,"column":95}},"4":{"start":{"line":34,"column":28},"end":{"line":38,"column":2}},"5":{"start":{"line":35,"column":2},"end":{"line":37,"column":15}},"6":{"start":{"line":36,"column":38},"end":{"line":36,"column":64}},"7":{"start":{"line":40,"column":21},"end":{"line":59,"column":2}},"8":{"start":{"line":41,"column":41},"end":{"line":41,"column":46}},"9":{"start":{"line":42,"column":71},"end":{"line":42,"column":82}},"10":{"start":{"line":43,"column":12},"end":{"line":43,"column":66}},"11":{"start":{"line":44,"column":12},"end":{"line":56,"column":3}},"12":{"start":{"line":53,"column":29},"end":{"line":53,"column":77}},"13":{"start":{"line":58,"column":2},"end":{"line":58,"column":34}},"14":{"start":{"line":61,"column":20},"end":{"line":79,"column":2}},"15":{"start":{"line":62,"column":44},"end":{"line":62,"column":49}},"16":{"start":{"line":63,"column":2},"end":{"line":63,"column":104}},"17":{"start":{"line":63,"column":17},"end":{"line":63,"column":104}},"18":{"start":{"line":65,"column":2},"end":{"line":78,"column":4}},"19":{"start":{"line":73,"column":6},"end":{"line":73,"column":129}},"20":{"start":{"line":73,"column":36},"end":{"line":73,"column":129}},"21":{"start":{"line":74,"column":6},"end":{"line":74,"column":108}},"22":{"start":{"line":81,"column":1},"end":{"line":90,"column":3}},"23":{"start":{"line":85,"column":4},"end":{"line":87,"column":87}},"24":{"start":{"line":87,"column":45},"end":{"line":87,"column":86}}},"fnMap":{"0":{"name":"AddDynamicFormInput","decl":{"start":{"line":26,"column":24},"end":{"line":26,"column":43}},"loc":{"start":{"line":26,"column":58},"end":{"line":91,"column":1}},"line":26},"1":{"name":"(anonymous_1)","decl":{"start":{"line":27,"column":25},"end":{"line":27,"column":26}},"loc":{"start":{"line":28,"column":2},"end":{"line":31,"column":15}},"line":28},"2":{"name":"(anonymous_2)","decl":{"start":{"line":29,"column":68},"end":{"line":29,"column":69}},"loc":{"start":{"line":29,"column":74},"end":{"line":29,"column":95}},"line":29},"3":{"name":"(anonymous_3)","decl":{"start":{"line":34,"column":28},"end":{"line":34,"column":29}},"loc":{"start":{"line":35,"column":2},"end":{"line":37,"column":15}},"line":35},"4":{"name":"(anonymous_4)","decl":{"start":{"line":36,"column":32},"end":{"line":36,"column":33}},"loc":{"start":{"line":36,"column":38},"end":{"line":36,"column":64}},"line":36},"5":{"name":"(anonymous_5)","decl":{"start":{"line":40,"column":21},"end":{"line":40,"column":22}},"loc":{"start":{"line":40,"column":80},"end":{"line":59,"column":2}},"line":40},"6":{"name":"(anonymous_6)","decl":{"start":{"line":53,"column":13},"end":{"line":53,"column":14}},"loc":{"start":{"line":53,"column":29},"end":{"line":53,"column":77}},"line":53},"7":{"name":"(anonymous_7)","decl":{"start":{"line":61,"column":20},"end":{"line":61,"column":21}},"loc":{"start":{"line":61,"column":67},"end":{"line":79,"column":2}},"line":61},"8":{"name":"(anonymous_8)","decl":{"start":{"line":72,"column":29},"end":{"line":72,"column":30}},"loc":{"start":{"line":72,"column":54},"end":{"line":75,"column":6}},"line":72},"9":{"name":"(anonymous_9)","decl":{"start":{"line":84,"column":11},"end":{"line":84,"column":12}},"loc":{"start":{"line":85,"column":4},"end":{"line":87,"column":87}},"line":85},"10":{"name":"(anonymous_10)","decl":{"start":{"line":87,"column":24},"end":{"line":87,"column":25}},"loc":{"start":{"line":87,"column":45},"end":{"line":87,"column":86}},"line":87}},"branchMap":{"0":{"loc":{"start":{"line":40,"column":63},"end":{"line":40,"column":75}},"type":"default-arg","locations":[{"start":{"line":40,"column":71},"end":{"line":40,"column":75}}],"line":40},"1":{"loc":{"start":{"line":43,"column":46},"end":{"line":43,"column":64}},"type":"binary-expr","locations":[{"start":{"line":43,"column":46},"end":{"line":43,"column":55}},{"start":{"line":43,"column":59},"end":{"line":43,"column":64}}],"line":43},"2":{"loc":{"start":{"line":44,"column":12},"end":{"line":56,"column":3}},"type":"cond-expr","locations":[{"start":{"line":44,"column":25},"end":{"line":49,"column":3}},{"start":{"line":49,"column":6},"end":{"line":56,"column":3}}],"line":44},"3":{"loc":{"start":{"line":47,"column":25},"end":{"line":47,"column":48}},"type":"binary-expr","locations":[{"start":{"line":47,"column":25},"end":{"line":47,"column":36}},{"start":{"line":47,"column":40},"end":{"line":47,"column":48}}],"line":47},"4":{"loc":{"start":{"line":53,"column":52},"end":{"line":53,"column":76}},"type":"cond-expr","locations":[{"start":{"line":53,"column":59},"end":{"line":53,"column":69}},{"start":{"line":53,"column":72},"end":{"line":53,"column":76}}],"line":53},"5":{"loc":{"start":{"line":54,"column":10},"end":{"line":54,"column":44}},"type":"binary-expr","locations":[{"start":{"line":54,"column":10},"end":{"line":54,"column":38}},{"start":{"line":54,"column":42},"end":{"line":54,"column":44}}],"line":54},"6":{"loc":{"start":{"line":54,"column":19},"end":{"line":54,"column":37}},"type":"binary-expr","locations":[{"start":{"line":54,"column":19},"end":{"line":54,"column":28}},{"start":{"line":54,"column":32},"end":{"line":54,"column":37}}],"line":54},"7":{"loc":{"start":{"line":61,"column":35},"end":{"line":61,"column":48}},"type":"default-arg","locations":[{"start":{"line":61,"column":46},"end":{"line":61,"column":48}}],"line":61},"8":{"loc":{"start":{"line":61,"column":50},"end":{"line":61,"column":62}},"type":"default-arg","locations":[{"start":{"line":61,"column":61},"end":{"line":61,"column":62}}],"line":61},"9":{"loc":{"start":{"line":62,"column":19},"end":{"line":62,"column":34}},"type":"default-arg","locations":[{"start":{"line":62,"column":27},"end":{"line":62,"column":34}}],"line":62},"10":{"loc":{"start":{"line":63,"column":2},"end":{"line":63,"column":104}},"type":"if","locations":[{"start":{"line":63,"column":2},"end":{"line":63,"column":104}},{"start":{"line":63,"column":2},"end":{"line":63,"column":104}}],"line":63},"11":{"loc":{"start":{"line":69,"column":7},"end":{"line":69,"column":103}},"type":"cond-expr","locations":[{"start":{"line":69,"column":22},"end":{"line":69,"column":58}},{"start":{"line":69,"column":61},"end":{"line":69,"column":103}}],"line":69},"12":{"loc":{"start":{"line":73,"column":6},"end":{"line":73,"column":129}},"type":"if","locations":[{"start":{"line":73,"column":6},"end":{"line":73,"column":129}},{"start":{"line":73,"column":6},"end":{"line":73,"column":129}}],"line":73},"13":{"loc":{"start":{"line":85,"column":4},"end":{"line":87,"column":87}},"type":"cond-expr","locations":[{"start":{"line":86,"column":7},"end":{"line":86,"column":31}},{"start":{"line":87,"column":7},"end":{"line":87,"column":87}}],"line":85}},"s":{"0":1,"1":1,"2":1,"3":0,"4":1,"5":0,"6":0,"7":1,"8":2,"9":2,"10":2,"11":2,"12":0,"13":2,"14":1,"15":1,"16":1,"17":0,"18":1,"19":2,"20":0,"21":2,"22":1,"23":1,"24":0},"f":{"0":1,"1":1,"2":0,"3":0,"4":0,"5":2,"6":0,"7":1,"8":2,"9":1,"10":0},"b":{"0":[2],"1":[2,0],"2":[0,2],"3":[0,0],"4":[0,0],"5":[2,2],"6":[2,0],"7":[1],"8":[1],"9":[0],"10":[0,1],"11":[1,0],"12":[0,2],"13":[1,0]},"_coverageSchema":"43e27e138ebf9cfc5966b082cf9a028302ed4184","hash":"bbcd669547d6f46797fa944c1b39871879eafc67"}
,"/home/mike/dev/thr-addons/packages/controls/src/inputs/AddDynamicFormInput/index.ts": {"path":"/home/mike/dev/thr-addons/packages/controls/src/inputs/AddDynamicFormInput/index.ts","statementMap":{},"fnMap":{},"branchMap":{},"s":{},"f":{},"b":{},"_coverageSchema":"43e27e138ebf9cfc5966b082cf9a028302ed4184","hash":"72bda6709b4ace2092465e911ebbef3f169f931d"}
,"/home/mike/dev/thr-addons/packages/controls/src/inputs/MaskedInput/MaskedInput.js": {"path":"/home/mike/dev/thr-addons/packages/controls/src/inputs/MaskedInput/MaskedInput.js","statementMap":{"0":{"start":{"line":71,"column":1},"end":{"line":71,"column":35}},"1":{"start":{"line":71,"column":23},"end":{"line":71,"column":35}},"2":{"start":{"line":72,"column":1},"end":{"line":81,"column":2}},"3":{"start":{"line":74,"column":3},"end":{"line":77,"column":5}},"4":{"start":{"line":75,"column":4},"end":{"line":75,"column":37}},"5":{"start":{"line":75,"column":28},"end":{"line":75,"column":37}},"6":{"start":{"line":76,"column":4},"end":{"line":76,"column":29}},"7":{"start":{"line":80,"column":3},"end":{"line":80,"column":21}},"8":{"start":{"line":80,"column":17},"end":{"line":80,"column":20}},"9":{"start":{"line":94,"column":22},"end":{"line":94,"column":35}},"10":{"start":{"line":96,"column":23},"end":{"line":100,"column":2}},"11":{"start":{"line":103,"column":2},"end":{"line":103,"column":76}},"12":{"start":{"line":103,"column":39},"end":{"line":103,"column":76}},"13":{"start":{"line":104,"column":13},"end":{"line":109,"column":4}},"14":{"start":{"line":110,"column":2},"end":{"line":110,"column":23}},"15":{"start":{"line":114,"column":2},"end":{"line":116,"column":3}},"16":{"start":{"line":115,"column":3},"end":{"line":115,"column":46}},"17":{"start":{"line":117,"column":2},"end":{"line":125,"column":3}},"18":{"start":{"line":118,"column":14},"end":{"line":123,"column":5}},"19":{"start":{"line":124,"column":3},"end":{"line":124,"column":24}},"20":{"start":{"line":128,"column":18},"end":{"line":132,"column":2}},"21":{"start":{"line":129,"column":2},"end":{"line":131,"column":3}},"22":{"start":{"line":130,"column":3},"end":{"line":130,"column":77}},"23":{"start":{"line":134,"column":17},"end":{"line":138,"column":2}},"24":{"start":{"line":135,"column":2},"end":{"line":137,"column":3}},"25":{"start":{"line":136,"column":3},"end":{"line":136,"column":64}},"26":{"start":{"line":140,"column":20},"end":{"line":144,"column":2}},"27":{"start":{"line":141,"column":2},"end":{"line":143,"column":3}},"28":{"start":{"line":142,"column":3},"end":{"line":142,"column":77}},"29":{"start":{"line":147,"column":57},"end":{"line":147,"column":67}},"30":{"start":{"line":148,"column":2},"end":{"line":152,"column":4}},"31":{"start":{"line":150,"column":22},"end":{"line":150,"column":37}}},"fnMap":{"0":{"name":"getConvertFunction","decl":{"start":{"line":70,"column":9},"end":{"line":70,"column":27}},"loc":{"start":{"line":70,"column":34},"end":{"line":82,"column":1}},"line":70},"1":{"name":"(anonymous_1)","decl":{"start":{"line":74,"column":10},"end":{"line":74,"column":11}},"loc":{"start":{"line":74,"column":17},"end":{"line":77,"column":4}},"line":74},"2":{"name":"(anonymous_2)","decl":{"start":{"line":80,"column":10},"end":{"line":80,"column":11}},"loc":{"start":{"line":80,"column":17},"end":{"line":80,"column":20}},"line":80},"3":{"name":"(anonymous_3)","decl":{"start":{"line":102,"column":1},"end":{"line":102,"column":2}},"loc":{"start":{"line":102,"column":21},"end":{"line":111,"column":2}},"line":102},"4":{"name":"(anonymous_4)","decl":{"start":{"line":113,"column":1},"end":{"line":113,"column":2}},"loc":{"start":{"line":113,"column":31},"end":{"line":126,"column":2}},"line":113},"5":{"name":"(anonymous_5)","decl":{"start":{"line":128,"column":18},"end":{"line":128,"column":19}},"loc":{"start":{"line":128,"column":24},"end":{"line":132,"column":2}},"line":128},"6":{"name":"(anonymous_6)","decl":{"start":{"line":134,"column":17},"end":{"line":134,"column":18}},"loc":{"start":{"line":134,"column":23},"end":{"line":138,"column":2}},"line":134},"7":{"name":"(anonymous_7)","decl":{"start":{"line":140,"column":20},"end":{"line":140,"column":21}},"loc":{"start":{"line":140,"column":26},"end":{"line":144,"column":2}},"line":140},"8":{"name":"(anonymous_8)","decl":{"start":{"line":146,"column":1},"end":{"line":146,"column":2}},"loc":{"start":{"line":146,"column":10},"end":{"line":153,"column":2}},"line":146},"9":{"name":"(anonymous_9)","decl":{"start":{"line":150,"column":16},"end":{"line":150,"column":17}},"loc":{"start":{"line":150,"column":22},"end":{"line":150,"column":37}},"line":150}},"branchMap":{"0":{"loc":{"start":{"line":71,"column":1},"end":{"line":71,"column":35}},"type":"if","locations":[{"start":{"line":71,"column":1},"end":{"line":71,"column":35}},{"start":{"line":71,"column":1},"end":{"line":71,"column":35}}],"line":71},"1":{"loc":{"start":{"line":72,"column":1},"end":{"line":81,"column":2}},"type":"switch","locations":[{"start":{"line":73,"column":2},"end":{"line":77,"column":5}},{"start":{"line":78,"column":2},"end":{"line":78,"column":16}},{"start":{"line":79,"column":2},"end":{"line":80,"column":21}}],"line":72},"2":{"loc":{"start":{"line":75,"column":4},"end":{"line":75,"column":37}},"type":"if","locations":[{"start":{"line":75,"column":4},"end":{"line":75,"column":37}},{"start":{"line":75,"column":4},"end":{"line":75,"column":37}}],"line":75},"3":{"loc":{"start":{"line":75,"column":8},"end":{"line":75,"column":26}},"type":"binary-expr","locations":[{"start":{"line":75,"column":8},"end":{"line":75,"column":12}},{"start":{"line":75,"column":16},"end":{"line":75,"column":26}}],"line":75},"4":{"loc":{"start":{"line":103,"column":2},"end":{"line":103,"column":76}},"type":"if","locations":[{"start":{"line":103,"column":2},"end":{"line":103,"column":76}},{"start":{"line":103,"column":2},"end":{"line":103,"column":76}}],"line":103},"5":{"loc":{"start":{"line":103,"column":6},"end":{"line":103,"column":37}},"type":"binary-expr","locations":[{"start":{"line":103,"column":6},"end":{"line":103,"column":22}},{"start":{"line":103,"column":26},"end":{"line":103,"column":37}}],"line":103},"6":{"loc":{"start":{"line":114,"column":2},"end":{"line":116,"column":3}},"type":"if","locations":[{"start":{"line":114,"column":2},"end":{"line":116,"column":3}},{"start":{"line":114,"column":2},"end":{"line":116,"column":3}}],"line":114},"7":{"loc":{"start":{"line":114,"column":6},"end":{"line":114,"column":57}},"type":"binary-expr","locations":[{"start":{"line":114,"column":6},"end":{"line":114,"column":42}},{"start":{"line":114,"column":46},"end":{"line":114,"column":57}}],"line":114},"8":{"loc":{"start":{"line":115,"column":23},"end":{"line":115,"column":45}},"type":"binary-expr","locations":[{"start":{"line":115,"column":23},"end":{"line":115,"column":39}},{"start":{"line":115,"column":43},"end":{"line":115,"column":45}}],"line":115},"9":{"loc":{"start":{"line":117,"column":2},"end":{"line":125,"column":3}},"type":"if","locations":[{"start":{"line":117,"column":2},"end":{"line":125,"column":3}},{"start":{"line":117,"column":2},"end":{"line":125,"column":3}}],"line":117},"10":{"loc":{"start":{"line":129,"column":2},"end":{"line":131,"column":3}},"type":"if","locations":[{"start":{"line":129,"column":2},"end":{"line":131,"column":3}},{"start":{"line":129,"column":2},"end":{"line":131,"column":3}}],"line":129},"11":{"loc":{"start":{"line":135,"column":2},"end":{"line":137,"column":3}},"type":"if","locations":[{"start":{"line":135,"column":2},"end":{"line":137,"column":3}},{"start":{"line":135,"column":2},"end":{"line":137,"column":3}}],"line":135},"12":{"loc":{"start":{"line":141,"column":2},"end":{"line":143,"column":3}},"type":"if","locations":[{"start":{"line":141,"column":2},"end":{"line":143,"column":3}},{"start":{"line":141,"column":2},"end":{"line":143,"column":3}}],"line":141}},"s":{"0":0,"1":0,"2":0,"3":0,"4":0,"5":0,"6":0,"7":0,"8":0,"9":1,"10":1,"11":1,"12":0,"13":1,"14":1,"15":0,"16":0,"17":0,"18":0,"19":0,"20":1,"21":0,"22":0,"23":1,"24":0,"25":0,"26":1,"27":0,"28":0,"29":1,"30":1,"31":1},"f":{"0":0,"1":0,"2":0,"3":1,"4":0,"5":0,"6":0,"7":0,"8":1,"9":1},"b":{"0":[0,0],"1":[0,0,0],"2":[0,0],"3":[0,0],"4":[0,1],"5":[1,0],"6":[0,0],"7":[0,0],"8":[0,0],"9":[0,0],"10":[0,0],"11":[0,0],"12":[0,0]},"_coverageSchema":"43e27e138ebf9cfc5966b082cf9a028302ed4184","hash":"8299f9fa98e37b1fce9b27a71cbd05f02d90c2b6"}
,"/home/mike/dev/thr-addons/packages/controls/src/inputs/MaskedInput/index.js": {"path":"/home/mike/dev/thr-addons/packages/controls/src/inputs/MaskedInput/index.js","statementMap":{},"fnMap":{},"branchMap":{},"s":{},"f":{},"b":{},"_coverageSchema":"43e27e138ebf9cfc5966b082cf9a028302ed4184","hash":"e01e409a6047fd81b1954d2ac2fac1aa40882029"}
,"/home/mike/dev/thr-addons/packages/controls/src/inputs/RadioGroup/RadioGroup.js": {"path":"/home/mike/dev/thr-addons/packages/controls/src/inputs/RadioGroup/RadioGroup.js","statementMap":{"0":{"start":{"line":22,"column":22},"end":{"line":22,"column":34}},"1":{"start":{"line":24,"column":23},"end":{"line":29,"column":2}},"2":{"start":{"line":31,"column":16},"end":{"line":33,"column":2}},"3":{"start":{"line":32,"column":2},"end":{"line":32,"column":54}},"4":{"start":{"line":32,"column":27},"end":{"line":32,"column":54}},"5":{"start":{"line":37,"column":55},"end":{"line":37,"column":65}},"6":{"start":{"line":39,"column":2},"end":{"line":51,"column":4}},"7":{"start":{"line":42,"column":5},"end":{"line":47,"column":6}},"8":{"start":{"line":43,"column":6},"end":{"line":46,"column":9}},"9":{"start":{"line":48,"column":5},"end":{"line":48,"column":18}}},"fnMap":{"0":{"name":"(anonymous_0)","decl":{"start":{"line":31,"column":16},"end":{"line":31,"column":17}},"loc":{"start":{"line":31,"column":32},"end":{"line":33,"column":2}},"line":31},"1":{"name":"(anonymous_1)","decl":{"start":{"line":36,"column":1},"end":{"line":36,"column":2}},"loc":{"start":{"line":36,"column":10},"end":{"line":52,"column":2}},"line":36},"2":{"name":"(anonymous_2)","decl":{"start":{"line":41,"column":28},"end":{"line":41,"column":29}},"loc":{"start":{"line":41,"column":37},"end":{"line":49,"column":5}},"line":41}},"branchMap":{"0":{"loc":{"start":{"line":32,"column":2},"end":{"line":32,"column":54}},"type":"if","locations":[{"start":{"line":32,"column":2},"end":{"line":32,"column":54}},{"start":{"line":32,"column":2},"end":{"line":32,"column":54}}],"line":32},"1":{"loc":{"start":{"line":42,"column":5},"end":{"line":47,"column":6}},"type":"if","locations":[{"start":{"line":42,"column":5},"end":{"line":47,"column":6}},{"start":{"line":42,"column":5},"end":{"line":47,"column":6}}],"line":42},"2":{"loc":{"start":{"line":42,"column":9},"end":{"line":42,"column":86}},"type":"binary-expr","locations":[{"start":{"line":42,"column":9},"end":{"line":42,"column":33}},{"start":{"line":42,"column":37},"end":{"line":42,"column":57}},{"start":{"line":42,"column":61},"end":{"line":42,"column":86}}],"line":42}},"s":{"0":1,"1":1,"2":1,"3":0,"4":0,"5":1,"6":1,"7":2,"8":2,"9":0},"f":{"0":0,"1":1,"2":2},"b":{"0":[0,0],"1":[2,0],"2":[2,0,0]},"_coverageSchema":"43e27e138ebf9cfc5966b082cf9a028302ed4184","hash":"bf29f52a30eb8083c5ddef3a34230f5d53277a92"}
,"/home/mike/dev/thr-addons/packages/controls/src/inputs/RadioGroup/index.js": {"path":"/home/mike/dev/thr-addons/packages/controls/src/inputs/RadioGroup/index.js","statementMap":{},"fnMap":{},"branchMap":{},"s":{},"f":{},"b":{},"_coverageSchema":"43e27e138ebf9cfc5966b082cf9a028302ed4184","hash":"af0c19f809e83ccdb8d64e940b6e551db1bf5daf"}
,"/home/mike/dev/thr-addons/packages/controls/src/menu/ResponsiveMenu/ResponsiveMenu.js": {"path":"/home/mike/dev/thr-addons/packages/controls/src/menu/ResponsiveMenu/ResponsiveMenu.js","statementMap":{"0":{"start":{"line":21,"column":18},"end":{"line":21,"column":53}},"1":{"start":{"line":22,"column":18},"end":{"line":22,"column":49}},"2":{"start":{"line":23,"column":1},"end":{"line":40,"column":3}},"3":{"start":{"line":43,"column":0},"end":{"line":45,"column":2}},"4":{"start":{"line":47,"column":0},"end":{"line":47,"column":41}},"5":{"start":{"line":48,"column":0},"end":{"line":48,"column":49}}},"fnMap":{"0":{"name":"ResponsiveMenu","decl":{"start":{"line":20,"column":24},"end":{"line":20,"column":38}},"loc":{"start":{"line":20,"column":73},"end":{"line":41,"column":1}},"line":20}},"branchMap":{},"s":{"0":1,"1":1,"2":1,"3":1,"4":1,"5":1},"f":{"0":1},"b":{},"_coverageSchema":"43e27e138ebf9cfc5966b082cf9a028302ed4184","hash":"0ce3190b7edd881866beca28c44956ed53035c70"}
,"/home/mike/dev/thr-addons/packages/controls/src/menu/ResponsiveMenu/index.js": {"path":"/home/mike/dev/thr-addons/packages/controls/src/menu/ResponsiveMenu/index.js","statementMap":{},"fnMap":{},"branchMap":{},"s":{},"f":{},"b":{},"_coverageSchema":"43e27e138ebf9cfc5966b082cf9a028302ed4184","hash":"83abedf58f21786992dc17bb28a4a2826dfef516"}
,"/home/mike/dev/thr-addons/packages/controls/src/menu/ResponsiveMenuContext/ResponsiveMenuContext.js": {"path":"/home/mike/dev/thr-addons/packages/controls/src/menu/ResponsiveMenuContext/ResponsiveMenuContext.js","statementMap":{"0":{"start":{"line":3,"column":37},"end":{"line":3,"column":75}},"1":{"start":{"line":4,"column":45},"end":{"line":4,"column":87}}},"fnMap":{},"branchMap":{},"s":{"0":1,"1":1},"f":{},"b":{},"_coverageSchema":"43e27e138ebf9cfc5966b082cf9a028302ed4184","hash":"f99ab2b25f465ab1bb663c86e3040c03d271a2c8"}
,"/home/mike/dev/thr-addons/packages/controls/src/menu/ResponsiveMenuContext/index.js": {"path":"/home/mike/dev/thr-addons/packages/controls/src/menu/ResponsiveMenuContext/index.js","statementMap":{},"fnMap":{},"branchMap":{},"s":{},"f":{},"b":{},"_coverageSchema":"43e27e138ebf9cfc5966b082cf9a028302ed4184","hash":"edc6bd9ddba79a7188809f701c0be12fb3e58f11"}
,"/home/mike/dev/thr-addons/packages/controls/src/menu/ResponsiveMenuDropdown/ResponsiveMenuDropdown.js": {"path":"/home/mike/dev/thr-addons/packages/controls/src/menu/ResponsiveMenuDropdown/ResponsiveMenuDropdown.js","statementMap":{"0":{"start":{"line":14,"column":1},"end":{"line":26,"column":3}},"1":{"start":{"line":17,"column":4},"end":{"line":23,"column":15}}},"fnMap":{"0":{"name":"ResponsiveMenuDropdown","decl":{"start":{"line":13,"column":24},"end":{"line":13,"column":46}},"loc":{"start":{"line":13,"column":71},"end":{"line":27,"column":1}},"line":13},"1":{"name":"(anonymous_1)","decl":{"start":{"line":16,"column":4},"end":{"line":16,"column":5}},"loc":{"start":{"line":17,"column":4},"end":{"line":23,"column":15}},"line":17}},"branchMap":{"0":{"loc":{"start":{"line":17,"column":37},"end":{"line":17,"column":65}},"type":"cond-expr","locations":[{"start":{"line":17,"column":48},"end":{"line":17,"column":52}},{"start":{"line":17,"column":55},"end":{"line":17,"column":65}}],"line":17}},"s":{"0":0,"1":0},"f":{"0":0,"1":0},"b":{"0":[0,0]},"_coverageSchema":"43e27e138ebf9cfc5966b082cf9a028302ed4184","hash":"4e7ecca64d639a3494e69764d05c046bbc8a101b"}
,"/home/mike/dev/thr-addons/packages/controls/src/menu/ResponsiveMenuDropdown/index.js": {"path":"/home/mike/dev/thr-addons/packages/controls/src/menu/ResponsiveMenuDropdown/index.js","statementMap":{},"fnMap":{},"branchMap":{},"s":{},"f":{},"b":{},"_coverageSchema":"43e27e138ebf9cfc5966b082cf9a028302ed4184","hash":"f29d82d6cdf5ffac13009247b465771f7aa720fa"}
,"/home/mike/dev/thr-addons/packages/controls/src/menu/ResponsiveMenuItem/ResponsiveMenuItem.js": {"path":"/home/mike/dev/thr-addons/packages/controls/src/menu/ResponsiveMenuItem/ResponsiveMenuItem.js","statementMap":{"0":{"start":{"line":15,"column":1},"end":{"line":27,"column":3}},"1":{"start":{"line":18,"column":26},"end":{"line":18,"column":58}},"2":{"start":{"line":19,"column":4},"end":{"line":24,"column":6}}},"fnMap":{"0":{"name":"ResponsiveMenuItem","decl":{"start":{"line":14,"column":24},"end":{"line":14,"column":42}},"loc":{"start":{"line":14,"column":81},"end":{"line":28,"column":1}},"line":14},"1":{"name":"(anonymous_1)","decl":{"start":{"line":17,"column":4},"end":{"line":17,"column":5}},"loc":{"start":{"line":17,"column":29},"end":{"line":25,"column":4}},"line":17}},"branchMap":{"0":{"loc":{"start":{"line":18,"column":26},"end":{"line":18,"column":58}},"type":"binary-expr","locations":[{"start":{"line":18,"column":26},"end":{"line":18,"column":28}},{"start":{"line":18,"column":32},"end":{"line":18,"column":45}},{"start":{"line":18,"column":49},"end":{"line":18,"column":58}}],"line":18}},"s":{"0":0,"1":0,"2":0},"f":{"0":0,"1":0},"b":{"0":[0,0,0]},"_coverageSchema":"43e27e138ebf9cfc5966b082cf9a028302ed4184","hash":"1c87992fce7c2d788318f0e08afc1a40ef16a0e7"}
,"/home/mike/dev/thr-addons/packages/controls/src/menu/ResponsiveMenuItem/index.js": {"path":"/home/mike/dev/thr-addons/packages/controls/src/menu/ResponsiveMenuItem/index.js","statementMap":{},"fnMap":{},"branchMap":{},"s":{},"f":{},"b":{},"_coverageSchema":"43e27e138ebf9cfc5966b082cf9a028302ed4184","hash":"ce213ac0cdcbf1a583cf9b1bdcabf5fcb2d8557c"}
,"/home/mike/dev/thr-addons/packages/controls/src/money/MoneyInput/MoneyInput.js": {"path":"/home/mike/dev/thr-addons/packages/controls/src/money/MoneyInput/MoneyInput.js","statementMap":{"0":{"start":{"line":8,"column":10},"end":{"line":8,"column":35}},"1":{"start":{"line":34,"column":23},"end":{"line":37,"column":2}},"2":{"start":{"line":40,"column":2},"end":{"line":40,"column":15}},"3":{"start":{"line":41,"column":2},"end":{"line":43,"column":3}},"4":{"start":{"line":42,"column":3},"end":{"line":42,"column":92}},"5":{"start":{"line":47,"column":2},"end":{"line":47,"column":46}},"6":{"start":{"line":48,"column":2},"end":{"line":69,"column":3}},"7":{"start":{"line":49,"column":29},"end":{"line":49,"column":39}},"8":{"start":{"line":53,"column":3},"end":{"line":59,"column":4}},"9":{"start":{"line":54,"column":4},"end":{"line":54,"column":28}},"10":{"start":{"line":55,"column":10},"end":{"line":59,"column":4}},"11":{"start":{"line":56,"column":4},"end":{"line":56,"column":34}},"12":{"start":{"line":58,"column":4},"end":{"line":58,"column":25}},"13":{"start":{"line":62,"column":3},"end":{"line":62,"column":120}},"14":{"start":{"line":64,"column":3},"end":{"line":68,"column":6}},"15":{"start":{"line":73,"column":16},"end":{"line":73,"column":43}},"16":{"start":{"line":74,"column":13},"end":{"line":74,"column":41}},"17":{"start":{"line":75,"column":2},"end":{"line":80,"column":3}},"18":{"start":{"line":76,"column":21},"end":{"line":76,"column":36}},"19":{"start":{"line":77,"column":3},"end":{"line":77,"column":60}},"20":{"start":{"line":79,"column":3},"end":{"line":79,"column":98}},"21":{"start":{"line":84,"column":2},"end":{"line":84,"column":21}},"22":{"start":{"line":87,"column":16},"end":{"line":94,"column":2}},"23":{"start":{"line":88,"column":2},"end":{"line":88,"column":30}},"24":{"start":{"line":89,"column":2},"end":{"line":93,"column":3}},"25":{"start":{"line":90,"column":35},"end":{"line":90,"column":45}},"26":{"start":{"line":91,"column":17},"end":{"line":91,"column":86}},"27":{"start":{"line":92,"column":3},"end":{"line":92,"column":30}},"28":{"start":{"line":96,"column":23},"end":{"line":110,"column":2}},"29":{"start":{"line":97,"column":48},"end":{"line":97,"column":58}},"30":{"start":{"line":99,"column":2},"end":{"line":99,"column":17}},"31":{"start":{"line":101,"column":2},"end":{"line":109,"column":4}},"32":{"start":{"line":114,"column":82},"end":{"line":114,"column":92}},"33":{"start":{"line":115,"column":2},"end":{"line":115,"column":24}},"34":{"start":{"line":117,"column":2},"end":{"line":122,"column":4}},"35":{"start":{"line":119,"column":34},"end":{"line":119,"column":49}}},"fnMap":{"0":{"name":"(anonymous_0)","decl":{"start":{"line":39,"column":1},"end":{"line":39,"column":2}},"loc":{"start":{"line":39,"column":20},"end":{"line":44,"column":2}},"line":39},"1":{"name":"(anonymous_1)","decl":{"start":{"line":46,"column":1},"end":{"line":46,"column":2}},"loc":{"start":{"line":46,"column":21},"end":{"line":70,"column":2}},"line":46},"2":{"name":"(anonymous_2)","decl":{"start":{"line":72,"column":1},"end":{"line":72,"column":2}},"loc":{"start":{"line":72,"column":31},"end":{"line":81,"column":2}},"line":72},"3":{"name":"(anonymous_3)","decl":{"start":{"line":83,"column":1},"end":{"line":83,"column":2}},"loc":{"start":{"line":83,"column":24},"end":{"line":85,"column":2}},"line":83},"4":{"name":"(anonymous_4)","decl":{"start":{"line":87,"column":16},"end":{"line":87,"column":17}},"loc":{"start":{"line":87,"column":25},"end":{"line":94,"column":2}},"line":87},"5":{"name":"(anonymous_5)","decl":{"start":{"line":96,"column":23},"end":{"line":96,"column":24}},"loc":{"start":{"line":96,"column":29},"end":{"line":110,"column":2}},"line":96},"6":{"name":"(anonymous_6)","decl":{"start":{"line":113,"column":1},"end":{"line":113,"column":2}},"loc":{"start":{"line":113,"column":10},"end":{"line":123,"column":2}},"line":113},"7":{"name":"(anonymous_7)","decl":{"start":{"line":119,"column":28},"end":{"line":119,"column":29}},"loc":{"start":{"line":119,"column":34},"end":{"line":119,"column":49}},"line":119}},"branchMap":{"0":{"loc":{"start":{"line":41,"column":2},"end":{"line":43,"column":3}},"type":"if","locations":[{"start":{"line":41,"column":2},"end":{"line":43,"column":3}},{"start":{"line":41,"column":2},"end":{"line":43,"column":3}}],"line":41},"1":{"loc":{"start":{"line":41,"column":6},"end":{"line":41,"column":78}},"type":"binary-expr","locations":[{"start":{"line":41,"column":6},"end":{"line":41,"column":17}},{"start":{"line":41,"column":21},"end":{"line":41,"column":35}},{"start":{"line":41,"column":39},"end":{"line":41,"column":78}}],"line":41},"2":{"loc":{"start":{"line":48,"column":2},"end":{"line":69,"column":3}},"type":"if","locations":[{"start":{"line":48,"column":2},"end":{"line":69,"column":3}},{"start":{"line":48,"column":2},"end":{"line":69,"column":3}}],"line":48},"3":{"loc":{"start":{"line":53,"column":3},"end":{"line":59,"column":4}},"type":"if","locations":[{"start":{"line":53,"column":3},"end":{"line":59,"column":4}},{"start":{"line":53,"column":3},"end":{"line":59,"column":4}}],"line":53},"4":{"loc":{"start":{"line":55,"column":10},"end":{"line":59,"column":4}},"type":"if","locations":[{"start":{"line":55,"column":10},"end":{"line":59,"column":4}},{"start":{"line":55,"column":10},"end":{"line":59,"column":4}}],"line":55},"5":{"loc":{"start":{"line":62,"column":23},"end":{"line":62,"column":119}},"type":"cond-expr","locations":[{"start":{"line":62,"column":48},"end":{"line":62,"column":88}},{"start":{"line":62,"column":91},"end":{"line":62,"column":119}}],"line":62},"6":{"loc":{"start":{"line":75,"column":2},"end":{"line":80,"column":3}},"type":"if","locations":[{"start":{"line":75,"column":2},"end":{"line":80,"column":3}},{"start":{"line":75,"column":2},"end":{"line":80,"column":3}}],"line":75},"7":{"loc":{"start":{"line":79,"column":23},"end":{"line":79,"column":97}},"type":"cond-expr","locations":[{"start":{"line":79,"column":48},"end":{"line":79,"column":77}},{"start":{"line":79,"column":80},"end":{"line":79,"column":97}}],"line":79},"8":{"loc":{"start":{"line":89,"column":2},"end":{"line":93,"column":3}},"type":"if","locations":[{"start":{"line":89,"column":2},"end":{"line":93,"column":3}},{"start":{"line":89,"column":2},"end":{"line":93,"column":3}}],"line":89},"9":{"loc":{"start":{"line":91,"column":27},"end":{"line":91,"column":66}},"type":"cond-expr","locations":[{"start":{"line":91,"column":41},"end":{"line":91,"column":58}},{"start":{"line":91,"column":61},"end":{"line":91,"column":66}}],"line":91},"10":{"loc":{"start":{"line":91,"column":68},"end":{"line":91,"column":85}},"type":"binary-expr","locations":[{"start":{"line":91,"column":68},"end":{"line":91,"column":76}},{"start":{"line":91,"column":80},"end":{"line":91,"column":85}}],"line":91},"11":{"loc":{"start":{"line":104,"column":11},"end":{"line":104,"column":33}},"type":"cond-expr","locations":[{"start":{"line":104,"column":20},"end":{"line":104,"column":26}},{"start":{"line":104,"column":29},"end":{"line":104,"column":33}}],"line":104},"12":{"loc":{"start":{"line":119,"column":78},"end":{"line":119,"column":104}},"type":"cond-expr","locations":[{"start":{"line":119,"column":87},"end":{"line":119,"column":97}},{"start":{"line":119,"column":100},"end":{"line":119,"column":104}}],"line":119},"13":{"loc":{"start":{"line":120,"column":5},"end":{"line":120,"column":55}},"type":"cond-expr","locations":[{"start":{"line":120,"column":22},"end":{"line":120,"column":48}},{"start":{"line":120,"column":51},"end":{"line":120,"column":55}}],"line":120}},"s":{"0":1,"1":1,"2":1,"3":1,"4":0,"5":1,"6":1,"7":0,"8":0,"9":0,"10":0,"11":0,"12":0,"13":0,"14":0,"15":0,"16":0,"17":0,"18":0,"19":0,"20":0,"21":0,"22":1,"23":0,"24":0,"25":0,"26":0,"27":0,"28":1,"29":0,"30":0,"31":0,"32":1,"33":1,"34":1,"35":0},"f":{"0":1,"1":1,"2":0,"3":0,"4":0,"5":0,"6":1,"7":0},"b":{"0":[0,1],"1":[1,0,0],"2":[0,1],"3":[0,0],"4":[0,0],"5":[0,0],"6":[0,0],"7":[0,0],"8":[0,0],"9":[0,0],"10":[0,0],"11":[0,0],"12":[0,1],"13":[0,1]},"_coverageSchema":"43e27e138ebf9cfc5966b082cf9a028302ed4184","hash":"3dd478f13eacf3db03b94d38ee0b71a7c313b37a"}
,"/home/mike/dev/thr-addons/packages/controls/src/money/MoneyInput/index.js": {"path":"/home/mike/dev/thr-addons/packages/controls/src/money/MoneyInput/index.js","statementMap":{},"fnMap":{},"branchMap":{},"s":{},"f":{},"b":{},"_coverageSchema":"43e27e138ebf9cfc5966b082cf9a028302ed4184","hash":"f4989003b854f55ba5a2c422964cab82740df63a"}
,"/home/mike/dev/thr-addons/packages/controls/src/money/MoneyInput/moneyInputMask.js": {"path":"/home/mike/dev/thr-addons/packages/controls/src/money/MoneyInput/moneyInputMask.js","statementMap":{"0":{"start":{"line":7,"column":2},"end":{"line":7,"column":28}},"1":{"start":{"line":11,"column":2},"end":{"line":11,"column":14}},"2":{"start":{"line":14,"column":12},"end":{"line":26,"column":3}},"3":{"start":{"line":27,"column":1},"end":{"line":27,"column":18}},"4":{"start":{"line":29,"column":1},"end":{"line":29,"column":11}}},"fnMap":{"0":{"name":"moneyInputMask","decl":{"start":{"line":5,"column":24},"end":{"line":5,"column":38}},"loc":{"start":{"line":5,"column":81},"end":{"line":30,"column":1}},"line":5},"1":{"name":"onComplete","decl":{"start":{"line":6,"column":10},"end":{"line":6,"column":20}},"loc":{"start":{"line":6,"column":25},"end":{"line":8,"column":2}},"line":6},"2":{"name":"onCleared","decl":{"start":{"line":10,"column":10},"end":{"line":10,"column":19}},"loc":{"start":{"line":10,"column":22},"end":{"line":12,"column":2}},"line":10}},"branchMap":{},"s":{"0":0,"1":0,"2":0,"3":0,"4":0},"f":{"0":0,"1":0,"2":0},"b":{},"_coverageSchema":"43e27e138ebf9cfc5966b082cf9a028302ed4184","hash":"ad61de743ae18c64fba8879f598f123c0fdfdfbe"}
,"/home/mike/dev/thr-addons/packages/controls/src/money/MoneyInputMask/index.js": {"path":"/home/mike/dev/thr-addons/packages/controls/src/money/MoneyInputMask/index.js","statementMap":{"0":{"start":{"line":11,"column":10},"end":{"line":11,"column":39}},"1":{"start":{"line":24,"column":20},"end":{"line":32,"column":2}},"2":{"start":{"line":34,"column":16},"end":{"line":43,"column":2}},"3":{"start":{"line":35,"column":31},"end":{"line":35,"column":43}},"4":{"start":{"line":36,"column":15},"end":{"line":36,"column":56}},"5":{"start":{"line":37,"column":2},"end":{"line":42,"column":3}},"6":{"start":{"line":38,"column":17},"end":{"line":38,"column":65}},"7":{"start":{"line":39,"column":3},"end":{"line":39,"column":55}},"8":{"start":{"line":39,"column":28},"end":{"line":39,"column":55}},"9":{"start":{"line":41,"column":3},"end":{"line":41,"column":8}},"10":{"start":{"line":45,"column":23},"end":{"line":57,"column":2}},"11":{"start":{"line":46,"column":48},"end":{"line":46,"column":58}},"12":{"start":{"line":47,"column":2},"end":{"line":56,"column":4}},"13":{"start":{"line":60,"column":18},"end":{"line":60,"column":28}},"14":{"start":{"line":61,"column":16},"end":{"line":61,"column":46}},"15":{"start":{"line":63,"column":2},"end":{"line":84,"column":4}},"16":{"start":{"line":75,"column":5},"end":{"line":75,"column":14}},"17":{"start":{"line":76,"column":5},"end":{"line":81,"column":7}}},"fnMap":{"0":{"name":"(anonymous_0)","decl":{"start":{"line":34,"column":16},"end":{"line":34,"column":17}},"loc":{"start":{"line":34,"column":25},"end":{"line":43,"column":2}},"line":34},"1":{"name":"(anonymous_1)","decl":{"start":{"line":45,"column":23},"end":{"line":45,"column":24}},"loc":{"start":{"line":45,"column":29},"end":{"line":57,"column":2}},"line":45},"2":{"name":"(anonymous_2)","decl":{"start":{"line":59,"column":1},"end":{"line":59,"column":2}},"loc":{"start":{"line":59,"column":10},"end":{"line":85,"column":2}},"line":59},"3":{"name":"(anonymous_3)","decl":{"start":{"line":74,"column":12},"end":{"line":74,"column":13}},"loc":{"start":{"line":74,"column":28},"end":{"line":82,"column":5}},"line":74}},"branchMap":{"0":{"loc":{"start":{"line":38,"column":35},"end":{"line":38,"column":57}},"type":"cond-expr","locations":[{"start":{"line":38,"column":49},"end":{"line":38,"column":50}},{"start":{"line":38,"column":53},"end":{"line":38,"column":57}}],"line":38},"1":{"loc":{"start":{"line":39,"column":3},"end":{"line":39,"column":55}},"type":"if","locations":[{"start":{"line":39,"column":3},"end":{"line":39,"column":55}},{"start":{"line":39,"column":3},"end":{"line":39,"column":55}}],"line":39},"2":{"loc":{"start":{"line":50,"column":11},"end":{"line":50,"column":33}},"type":"cond-expr","locations":[{"start":{"line":50,"column":20},"end":{"line":50,"column":26}},{"start":{"line":50,"column":29},"end":{"line":50,"column":33}}],"line":50},"3":{"loc":{"start":{"line":61,"column":16},"end":{"line":61,"column":46}},"type":"cond-expr","locations":[{"start":{"line":61,"column":24},"end":{"line":61,"column":41}},{"start":{"line":61,"column":44},"end":{"line":61,"column":46}}],"line":61},"4":{"loc":{"start":{"line":78,"column":75},"end":{"line":78,"column":107}},"type":"cond-expr","locations":[{"start":{"line":78,"column":90},"end":{"line":78,"column":100}},{"start":{"line":78,"column":103},"end":{"line":78,"column":107}}],"line":78},"5":{"loc":{"start":{"line":79,"column":8},"end":{"line":79,"column":64}},"type":"cond-expr","locations":[{"start":{"line":79,"column":31},"end":{"line":79,"column":57}},{"start":{"line":79,"column":60},"end":{"line":79,"column":64}}],"line":79}},"s":{"0":1,"1":1,"2":1,"3":0,"4":0,"5":0,"6":0,"7":0,"8":0,"9":0,"10":1,"11":0,"12":0,"13":1,"14":1,"15":1,"16":0,"17":0},"f":{"0":0,"1":0,"2":1,"3":0},"b":{"0":[0,0],"1":[0,0],"2":[0,0],"3":[0,1],"4":[0,0],"5":[0,0]},"_coverageSchema":"43e27e138ebf9cfc5966b082cf9a028302ed4184","hash":"f4918f6b36b751ca6b17a3464a4dac26de03be3a"}
}
