{"/home/darkadept/dev/thr-addons/packages/controls/src/date/util.js": {"path":"/home/darkadept/dev/thr-addons/packages/controls/src/date/util.js","statementMap":{"0":{"start":{"line":7,"column":1},"end":{"line":7,"column":19}}},"fnMap":{"0":{"name":"dateInit","decl":{"start":{"line":6,"column":16},"end":{"line":6,"column":24}},"loc":{"start":{"line":6,"column":27},"end":{"line":8,"column":1}},"line":6}},"branchMap":{},"s":{"0":1},"f":{"0":1},"b":{},"_coverageSchema":"43e27e138ebf9cfc5966b082cf9a028302ed4184","hash":"d8658a87e9ba646ea8255dbf64fcb86c60b3ca7f"}
,"/home/darkadept/dev/thr-addons/packages/controls/src/date/DateTimePicker/DateTimePicker.js": {"path":"/home/darkadept/dev/thr-addons/packages/controls/src/date/DateTimePicker/DateTimePicker.js","statementMap":{"0":{"start":{"line":20,"column":1},"end":{"line":22,"column":2}},"1":{"start":{"line":21,"column":2},"end":{"line":21,"column":43}},"2":{"start":{"line":23,"column":16},"end":{"line":23,"column":26}},"3":{"start":{"line":24,"column":1},"end":{"line":24,"column":20}},"4":{"start":{"line":25,"column":1},"end":{"line":25,"column":57}}},"fnMap":{"0":{"name":"DateTimePicker","decl":{"start":{"line":18,"column":24},"end":{"line":18,"column":38}},"loc":{"start":{"line":18,"column":53},"end":{"line":26,"column":1}},"line":18}},"branchMap":{"0":{"loc":{"start":{"line":20,"column":1},"end":{"line":22,"column":2}},"type":"if","locations":[{"start":{"line":20,"column":1},"end":{"line":22,"column":2}},{"start":{"line":20,"column":1},"end":{"line":22,"column":2}}],"line":20}},"s":{"0":1,"1":0,"2":1,"3":1,"4":1},"f":{"0":1},"b":{"0":[0,1]},"_coverageSchema":"43e27e138ebf9cfc5966b082cf9a028302ed4184","hash":"c5f59eb593e91d7838fff1e728ea0519f8808ad6"}
,"/home/darkadept/dev/thr-addons/packages/controls/src/date/DateTimePicker/index.js": {"path":"/home/darkadept/dev/thr-addons/packages/controls/src/date/DateTimePicker/index.js","statementMap":{},"fnMap":{},"branchMap":{},"s":{},"f":{},"b":{},"_coverageSchema":"43e27e138ebf9cfc5966b082cf9a028302ed4184","hash":"1931022ac8ba35ffe40ef575b0af13720388ec37"}
,"/home/darkadept/dev/thr-addons/packages/controls/src/date/EpochDatePicker/EpochDatePicker.js": {"path":"/home/darkadept/dev/thr-addons/packages/controls/src/date/EpochDatePicker/EpochDatePicker.js","statementMap":{"0":{"start":{"line":38,"column":2},"end":{"line":38,"column":96}},"1":{"start":{"line":38,"column":27},"end":{"line":38,"column":96}},"2":{"start":{"line":42,"column":2},"end":{"line":42,"column":96}},"3":{"start":{"line":42,"column":27},"end":{"line":42,"column":96}},"4":{"start":{"line":46,"column":2},"end":{"line":46,"column":118}},"5":{"start":{"line":46,"column":38},"end":{"line":46,"column":118}},"6":{"start":{"line":63,"column":6},"end":{"line":63,"column":16}},"7":{"start":{"line":66,"column":2},"end":{"line":68,"column":3}},"8":{"start":{"line":67,"column":3},"end":{"line":67,"column":44}},"9":{"start":{"line":70,"column":19},"end":{"line":70,"column":68}},"10":{"start":{"line":71,"column":26},"end":{"line":71,"column":82}},"11":{"start":{"line":72,"column":17},"end":{"line":72,"column":62}},"12":{"start":{"line":73,"column":17},"end":{"line":73,"column":62}},"13":{"start":{"line":74,"column":25},"end":{"line":74,"column":86}},"14":{"start":{"line":75,"column":32},"end":{"line":75,"column":100}},"15":{"start":{"line":77,"column":19},"end":{"line":77,"column":21}},"16":{"start":{"line":78,"column":2},"end":{"line":78,"column":42}},"17":{"start":{"line":78,"column":16},"end":{"line":78,"column":42}},"18":{"start":{"line":79,"column":2},"end":{"line":79,"column":63}},"19":{"start":{"line":79,"column":23},"end":{"line":79,"column":63}},"20":{"start":{"line":80,"column":2},"end":{"line":80,"column":36}},"21":{"start":{"line":80,"column":14},"end":{"line":80,"column":36}},"22":{"start":{"line":81,"column":2},"end":{"line":81,"column":36}},"23":{"start":{"line":81,"column":14},"end":{"line":81,"column":36}},"24":{"start":{"line":82,"column":2},"end":{"line":82,"column":60}},"25":{"start":{"line":82,"column":22},"end":{"line":82,"column":60}},"26":{"start":{"line":83,"column":2},"end":{"line":83,"column":81}},"27":{"start":{"line":83,"column":29},"end":{"line":83,"column":81}},"28":{"start":{"line":84,"column":2},"end":{"line":84,"column":87}},"29":{"start":{"line":84,"column":27},"end":{"line":84,"column":87}},"30":{"start":{"line":85,"column":2},"end":{"line":85,"column":54}},"31":{"start":{"line":85,"column":16},"end":{"line":85,"column":54}},"32":{"start":{"line":86,"column":2},"end":{"line":86,"column":54}},"33":{"start":{"line":86,"column":16},"end":{"line":86,"column":54}},"34":{"start":{"line":88,"column":2},"end":{"line":95,"column":4}}},"fnMap":{"0":{"name":"(anonymous_0)","decl":{"start":{"line":37,"column":16},"end":{"line":37,"column":17}},"loc":{"start":{"line":37,"column":32},"end":{"line":39,"column":2}},"line":37},"1":{"name":"(anonymous_1)","decl":{"start":{"line":41,"column":16},"end":{"line":41,"column":17}},"loc":{"start":{"line":41,"column":32},"end":{"line":43,"column":2}},"line":41},"2":{"name":"(anonymous_2)","decl":{"start":{"line":45,"column":27},"end":{"line":45,"column":28}},"loc":{"start":{"line":45,"column":43},"end":{"line":47,"column":2}},"line":45},"3":{"name":"(anonymous_3)","decl":{"start":{"line":50,"column":1},"end":{"line":50,"column":2}},"loc":{"start":{"line":50,"column":10},"end":{"line":96,"column":2}},"line":50}},"branchMap":{"0":{"loc":{"start":{"line":38,"column":2},"end":{"line":38,"column":96}},"type":"if","locations":[{"start":{"line":38,"column":2},"end":{"line":38,"column":96}},{"start":{"line":38,"column":2},"end":{"line":38,"column":96}}],"line":38},"1":{"loc":{"start":{"line":38,"column":47},"end":{"line":38,"column":94}},"type":"cond-expr","locations":[{"start":{"line":38,"column":54},"end":{"line":38,"column":87}},{"start":{"line":38,"column":90},"end":{"line":38,"column":94}}],"line":38},"2":{"loc":{"start":{"line":42,"column":2},"end":{"line":42,"column":96}},"type":"if","locations":[{"start":{"line":42,"column":2},"end":{"line":42,"column":96}},{"start":{"line":42,"column":2},"end":{"line":42,"column":96}}],"line":42},"3":{"loc":{"start":{"line":42,"column":47},"end":{"line":42,"column":94}},"type":"cond-expr","locations":[{"start":{"line":42,"column":54},"end":{"line":42,"column":87}},{"start":{"line":42,"column":90},"end":{"line":42,"column":94}}],"line":42},"4":{"loc":{"start":{"line":46,"column":2},"end":{"line":46,"column":118}},"type":"if","locations":[{"start":{"line":46,"column":2},"end":{"line":46,"column":118}},{"start":{"line":46,"column":2},"end":{"line":46,"column":118}}],"line":46},"5":{"loc":{"start":{"line":46,"column":69},"end":{"line":46,"column":116}},"type":"cond-expr","locations":[{"start":{"line":46,"column":76},"end":{"line":46,"column":109}},{"start":{"line":46,"column":112},"end":{"line":46,"column":116}}],"line":46},"6":{"loc":{"start":{"line":66,"column":2},"end":{"line":68,"column":3}},"type":"if","locations":[{"start":{"line":66,"column":2},"end":{"line":68,"column":3}},{"start":{"line":66,"column":2},"end":{"line":68,"column":3}}],"line":66},"7":{"loc":{"start":{"line":70,"column":19},"end":{"line":70,"column":68}},"type":"cond-expr","locations":[{"start":{"line":70,"column":27},"end":{"line":70,"column":61}},{"start":{"line":70,"column":64},"end":{"line":70,"column":68}}],"line":70},"8":{"loc":{"start":{"line":71,"column":26},"end":{"line":71,"column":82}},"type":"cond-expr","locations":[{"start":{"line":71,"column":41},"end":{"line":71,"column":75}},{"start":{"line":71,"column":78},"end":{"line":71,"column":82}}],"line":71},"9":{"loc":{"start":{"line":72,"column":17},"end":{"line":72,"column":62}},"type":"cond-expr","locations":[{"start":{"line":72,"column":23},"end":{"line":72,"column":55}},{"start":{"line":72,"column":58},"end":{"line":72,"column":62}}],"line":72},"10":{"loc":{"start":{"line":73,"column":17},"end":{"line":73,"column":62}},"type":"cond-expr","locations":[{"start":{"line":73,"column":23},"end":{"line":73,"column":55}},{"start":{"line":73,"column":58},"end":{"line":73,"column":62}}],"line":73},"11":{"loc":{"start":{"line":74,"column":25},"end":{"line":74,"column":86}},"type":"cond-expr","locations":[{"start":{"line":74,"column":39},"end":{"line":74,"column":79}},{"start":{"line":74,"column":82},"end":{"line":74,"column":86}}],"line":74},"12":{"loc":{"start":{"line":75,"column":32},"end":{"line":75,"column":100}},"type":"cond-expr","locations":[{"start":{"line":75,"column":46},"end":{"line":75,"column":93}},{"start":{"line":75,"column":96},"end":{"line":75,"column":100}}],"line":75},"13":{"loc":{"start":{"line":78,"column":2},"end":{"line":78,"column":42}},"type":"if","locations":[{"start":{"line":78,"column":2},"end":{"line":78,"column":42}},{"start":{"line":78,"column":2},"end":{"line":78,"column":42}}],"line":78},"14":{"loc":{"start":{"line":79,"column":2},"end":{"line":79,"column":63}},"type":"if","locations":[{"start":{"line":79,"column":2},"end":{"line":79,"column":63}},{"start":{"line":79,"column":2},"end":{"line":79,"column":63}}],"line":79},"15":{"loc":{"start":{"line":80,"column":2},"end":{"line":80,"column":36}},"type":"if","locations":[{"start":{"line":80,"column":2},"end":{"line":80,"column":36}},{"start":{"line":80,"column":2},"end":{"line":80,"column":36}}],"line":80},"16":{"loc":{"start":{"line":81,"column":2},"end":{"line":81,"column":36}},"type":"if","locations":[{"start":{"line":81,"column":2},"end":{"line":81,"column":36}},{"start":{"line":81,"column":2},"end":{"line":81,"column":36}}],"line":81},"17":{"loc":{"start":{"line":82,"column":2},"end":{"line":82,"column":60}},"type":"if","locations":[{"start":{"line":82,"column":2},"end":{"line":82,"column":60}},{"start":{"line":82,"column":2},"end":{"line":82,"column":60}}],"line":82},"18":{"loc":{"start":{"line":83,"column":2},"end":{"line":83,"column":81}},"type":"if","locations":[{"start":{"line":83,"column":2},"end":{"line":83,"column":81}},{"start":{"line":83,"column":2},"end":{"line":83,"column":81}}],"line":83},"19":{"loc":{"start":{"line":84,"column":2},"end":{"line":84,"column":87}},"type":"if","locations":[{"start":{"line":84,"column":2},"end":{"line":84,"column":87}},{"start":{"line":84,"column":2},"end":{"line":84,"column":87}}],"line":84},"20":{"loc":{"start":{"line":85,"column":2},"end":{"line":85,"column":54}},"type":"if","locations":[{"start":{"line":85,"column":2},"end":{"line":85,"column":54}},{"start":{"line":85,"column":2},"end":{"line":85,"column":54}}],"line":85},"21":{"loc":{"start":{"line":86,"column":2},"end":{"line":86,"column":54}},"type":"if","locations":[{"start":{"line":86,"column":2},"end":{"line":86,"column":54}},{"start":{"line":86,"column":2},"end":{"line":86,"column":54}}],"line":86}},"s":{"0":0,"1":0,"2":0,"3":0,"4":0,"5":0,"6":1,"7":1,"8":0,"9":1,"10":1,"11":1,"12":1,"13":1,"14":1,"15":1,"16":1,"17":0,"18":1,"19":0,"20":1,"21":0,"22":1,"23":0,"24":1,"25":0,"26":1,"27":0,"28":1,"29":0,"30":1,"31":0,"32":1,"33":0,"34":1},"f":{"0":0,"1":0,"2":0,"3":1},"b":{"0":[0,0],"1":[0,0],"2":[0,0],"3":[0,0],"4":[0,0],"5":[0,0],"6":[0,1],"7":[0,1],"8":[0,1],"9":[0,1],"10":[0,1],"11":[0,1],"12":[0,1],"13":[0,1],"14":[0,1],"15":[0,1],"16":[0,1],"17":[0,1],"18":[0,1],"19":[0,1],"20":[0,1],"21":[0,1]},"_coverageSchema":"43e27e138ebf9cfc5966b082cf9a028302ed4184","hash":"394e234f90169fd65f2f576af2502488d2f70f4f"}
,"/home/darkadept/dev/thr-addons/packages/controls/src/date/EpochDatePicker/index.js": {"path":"/home/darkadept/dev/thr-addons/packages/controls/src/date/EpochDatePicker/index.js","statementMap":{},"fnMap":{},"branchMap":{},"s":{},"f":{},"b":{},"_coverageSchema":"43e27e138ebf9cfc5966b082cf9a028302ed4184","hash":"0ad6582cd38c04bdbc371c7be18a7b9df35b4b8c"}
,"/home/darkadept/dev/thr-addons/packages/controls/src/date/LocalDatePicker/LocalDatePicker.js": {"path":"/home/darkadept/dev/thr-addons/packages/controls/src/date/LocalDatePicker/LocalDatePicker.js","statementMap":{"0":{"start":{"line":38,"column":2},"end":{"line":38,"column":93}},"1":{"start":{"line":38,"column":27},"end":{"line":38,"column":93}},"2":{"start":{"line":42,"column":2},"end":{"line":42,"column":93}},"3":{"start":{"line":42,"column":27},"end":{"line":42,"column":93}},"4":{"start":{"line":46,"column":2},"end":{"line":46,"column":115}},"5":{"start":{"line":46,"column":38},"end":{"line":46,"column":115}},"6":{"start":{"line":63,"column":6},"end":{"line":63,"column":16}},"7":{"start":{"line":66,"column":2},"end":{"line":68,"column":3}},"8":{"start":{"line":67,"column":3},"end":{"line":67,"column":44}},"9":{"start":{"line":70,"column":19},"end":{"line":70,"column":65}},"10":{"start":{"line":71,"column":26},"end":{"line":71,"column":79}},"11":{"start":{"line":72,"column":17},"end":{"line":72,"column":59}},"12":{"start":{"line":73,"column":17},"end":{"line":73,"column":59}},"13":{"start":{"line":74,"column":25},"end":{"line":74,"column":83}},"14":{"start":{"line":75,"column":32},"end":{"line":75,"column":97}},"15":{"start":{"line":77,"column":19},"end":{"line":77,"column":21}},"16":{"start":{"line":78,"column":2},"end":{"line":78,"column":42}},"17":{"start":{"line":78,"column":16},"end":{"line":78,"column":42}},"18":{"start":{"line":79,"column":2},"end":{"line":79,"column":63}},"19":{"start":{"line":79,"column":23},"end":{"line":79,"column":63}},"20":{"start":{"line":80,"column":2},"end":{"line":80,"column":36}},"21":{"start":{"line":80,"column":14},"end":{"line":80,"column":36}},"22":{"start":{"line":81,"column":2},"end":{"line":81,"column":36}},"23":{"start":{"line":81,"column":14},"end":{"line":81,"column":36}},"24":{"start":{"line":82,"column":2},"end":{"line":82,"column":60}},"25":{"start":{"line":82,"column":22},"end":{"line":82,"column":60}},"26":{"start":{"line":83,"column":2},"end":{"line":83,"column":81}},"27":{"start":{"line":83,"column":29},"end":{"line":83,"column":81}},"28":{"start":{"line":84,"column":2},"end":{"line":84,"column":87}},"29":{"start":{"line":84,"column":27},"end":{"line":84,"column":87}},"30":{"start":{"line":85,"column":2},"end":{"line":85,"column":54}},"31":{"start":{"line":85,"column":16},"end":{"line":85,"column":54}},"32":{"start":{"line":86,"column":2},"end":{"line":86,"column":54}},"33":{"start":{"line":86,"column":16},"end":{"line":86,"column":54}},"34":{"start":{"line":88,"column":2},"end":{"line":95,"column":4}}},"fnMap":{"0":{"name":"(anonymous_0)","decl":{"start":{"line":37,"column":16},"end":{"line":37,"column":17}},"loc":{"start":{"line":37,"column":32},"end":{"line":39,"column":2}},"line":37},"1":{"name":"(anonymous_1)","decl":{"start":{"line":41,"column":16},"end":{"line":41,"column":17}},"loc":{"start":{"line":41,"column":32},"end":{"line":43,"column":2}},"line":41},"2":{"name":"(anonymous_2)","decl":{"start":{"line":45,"column":27},"end":{"line":45,"column":28}},"loc":{"start":{"line":45,"column":43},"end":{"line":47,"column":2}},"line":45},"3":{"name":"(anonymous_3)","decl":{"start":{"line":50,"column":1},"end":{"line":50,"column":2}},"loc":{"start":{"line":50,"column":10},"end":{"line":96,"column":2}},"line":50}},"branchMap":{"0":{"loc":{"start":{"line":38,"column":2},"end":{"line":38,"column":93}},"type":"if","locations":[{"start":{"line":38,"column":2},"end":{"line":38,"column":93}},{"start":{"line":38,"column":2},"end":{"line":38,"column":93}}],"line":38},"1":{"loc":{"start":{"line":38,"column":47},"end":{"line":38,"column":91}},"type":"cond-expr","locations":[{"start":{"line":38,"column":54},"end":{"line":38,"column":84}},{"start":{"line":38,"column":87},"end":{"line":38,"column":91}}],"line":38},"2":{"loc":{"start":{"line":42,"column":2},"end":{"line":42,"column":93}},"type":"if","locations":[{"start":{"line":42,"column":2},"end":{"line":42,"column":93}},{"start":{"line":42,"column":2},"end":{"line":42,"column":93}}],"line":42},"3":{"loc":{"start":{"line":42,"column":47},"end":{"line":42,"column":91}},"type":"cond-expr","locations":[{"start":{"line":42,"column":54},"end":{"line":42,"column":84}},{"start":{"line":42,"column":87},"end":{"line":42,"column":91}}],"line":42},"4":{"loc":{"start":{"line":46,"column":2},"end":{"line":46,"column":115}},"type":"if","locations":[{"start":{"line":46,"column":2},"end":{"line":46,"column":115}},{"start":{"line":46,"column":2},"end":{"line":46,"column":115}}],"line":46},"5":{"loc":{"start":{"line":46,"column":69},"end":{"line":46,"column":113}},"type":"cond-expr","locations":[{"start":{"line":46,"column":76},"end":{"line":46,"column":106}},{"start":{"line":46,"column":109},"end":{"line":46,"column":113}}],"line":46},"6":{"loc":{"start":{"line":66,"column":2},"end":{"line":68,"column":3}},"type":"if","locations":[{"start":{"line":66,"column":2},"end":{"line":68,"column":3}},{"start":{"line":66,"column":2},"end":{"line":68,"column":3}}],"line":66},"7":{"loc":{"start":{"line":70,"column":19},"end":{"line":70,"column":65}},"type":"cond-expr","locations":[{"start":{"line":70,"column":27},"end":{"line":70,"column":58}},{"start":{"line":70,"column":61},"end":{"line":70,"column":65}}],"line":70},"8":{"loc":{"start":{"line":71,"column":26},"end":{"line":71,"column":79}},"type":"cond-expr","locations":[{"start":{"line":71,"column":41},"end":{"line":71,"column":72}},{"start":{"line":71,"column":75},"end":{"line":71,"column":79}}],"line":71},"9":{"loc":{"start":{"line":72,"column":17},"end":{"line":72,"column":59}},"type":"cond-expr","locations":[{"start":{"line":72,"column":23},"end":{"line":72,"column":52}},{"start":{"line":72,"column":55},"end":{"line":72,"column":59}}],"line":72},"10":{"loc":{"start":{"line":73,"column":17},"end":{"line":73,"column":59}},"type":"cond-expr","locations":[{"start":{"line":73,"column":23},"end":{"line":73,"column":52}},{"start":{"line":73,"column":55},"end":{"line":73,"column":59}}],"line":73},"11":{"loc":{"start":{"line":74,"column":25},"end":{"line":74,"column":83}},"type":"cond-expr","locations":[{"start":{"line":74,"column":39},"end":{"line":74,"column":76}},{"start":{"line":74,"column":79},"end":{"line":74,"column":83}}],"line":74},"12":{"loc":{"start":{"line":75,"column":32},"end":{"line":75,"column":97}},"type":"cond-expr","locations":[{"start":{"line":75,"column":46},"end":{"line":75,"column":90}},{"start":{"line":75,"column":93},"end":{"line":75,"column":97}}],"line":75},"13":{"loc":{"start":{"line":78,"column":2},"end":{"line":78,"column":42}},"type":"if","locations":[{"start":{"line":78,"column":2},"end":{"line":78,"column":42}},{"start":{"line":78,"column":2},"end":{"line":78,"column":42}}],"line":78},"14":{"loc":{"start":{"line":79,"column":2},"end":{"line":79,"column":63}},"type":"if","locations":[{"start":{"line":79,"column":2},"end":{"line":79,"column":63}},{"start":{"line":79,"column":2},"end":{"line":79,"column":63}}],"line":79},"15":{"loc":{"start":{"line":80,"column":2},"end":{"line":80,"column":36}},"type":"if","locations":[{"start":{"line":80,"column":2},"end":{"line":80,"column":36}},{"start":{"line":80,"column":2},"end":{"line":80,"column":36}}],"line":80},"16":{"loc":{"start":{"line":81,"column":2},"end":{"line":81,"column":36}},"type":"if","locations":[{"start":{"line":81,"column":2},"end":{"line":81,"column":36}},{"start":{"line":81,"column":2},"end":{"line":81,"column":36}}],"line":81},"17":{"loc":{"start":{"line":82,"column":2},"end":{"line":82,"column":60}},"type":"if","locations":[{"start":{"line":82,"column":2},"end":{"line":82,"column":60}},{"start":{"line":82,"column":2},"end":{"line":82,"column":60}}],"line":82},"18":{"loc":{"start":{"line":83,"column":2},"end":{"line":83,"column":81}},"type":"if","locations":[{"start":{"line":83,"column":2},"end":{"line":83,"column":81}},{"start":{"line":83,"column":2},"end":{"line":83,"column":81}}],"line":83},"19":{"loc":{"start":{"line":84,"column":2},"end":{"line":84,"column":87}},"type":"if","locations":[{"start":{"line":84,"column":2},"end":{"line":84,"column":87}},{"start":{"line":84,"column":2},"end":{"line":84,"column":87}}],"line":84},"20":{"loc":{"start":{"line":85,"column":2},"end":{"line":85,"column":54}},"type":"if","locations":[{"start":{"line":85,"column":2},"end":{"line":85,"column":54}},{"start":{"line":85,"column":2},"end":{"line":85,"column":54}}],"line":85},"21":{"loc":{"start":{"line":86,"column":2},"end":{"line":86,"column":54}},"type":"if","locations":[{"start":{"line":86,"column":2},"end":{"line":86,"column":54}},{"start":{"line":86,"column":2},"end":{"line":86,"column":54}}],"line":86}},"s":{"0":0,"1":0,"2":0,"3":0,"4":0,"5":0,"6":1,"7":1,"8":0,"9":1,"10":1,"11":1,"12":1,"13":1,"14":1,"15":1,"16":1,"17":0,"18":1,"19":0,"20":1,"21":0,"22":1,"23":0,"24":1,"25":0,"26":1,"27":0,"28":1,"29":0,"30":1,"31":0,"32":1,"33":0,"34":1},"f":{"0":0,"1":0,"2":0,"3":1},"b":{"0":[0,0],"1":[0,0],"2":[0,0],"3":[0,0],"4":[0,0],"5":[0,0],"6":[0,1],"7":[0,1],"8":[0,1],"9":[0,1],"10":[0,1],"11":[0,1],"12":[0,1],"13":[0,1],"14":[0,1],"15":[0,1],"16":[0,1],"17":[0,1],"18":[0,1],"19":[0,1],"20":[0,1],"21":[0,1]},"_coverageSchema":"43e27e138ebf9cfc5966b082cf9a028302ed4184","hash":"2f8c2e10cc8d52b4d34926eecf38e914d4a072f6"}
,"/home/darkadept/dev/thr-addons/packages/controls/src/date/LocalDatePicker/index.js": {"path":"/home/darkadept/dev/thr-addons/packages/controls/src/date/LocalDatePicker/index.js","statementMap":{},"fnMap":{},"branchMap":{},"s":{},"f":{},"b":{},"_coverageSchema":"43e27e138ebf9cfc5966b082cf9a028302ed4184","hash":"ce7aaacd137aeadc8f1fc5bdacdd5761da6ee74c"}
,"/home/darkadept/dev/thr-addons/packages/controls/src/date/LocalMonthSelect/LocalMonthSelect.js": {"path":"/home/darkadept/dev/thr-addons/packages/controls/src/date/LocalMonthSelect/LocalMonthSelect.js","statementMap":{"0":{"start":{"line":8,"column":10},"end":{"line":8,"column":53}},"1":{"start":{"line":10,"column":21},"end":{"line":23,"column":1}},"2":{"start":{"line":49,"column":2},"end":{"line":49,"column":41}},"3":{"start":{"line":50,"column":2},"end":{"line":57,"column":3}},"4":{"start":{"line":51,"column":3},"end":{"line":56,"column":4}},"5":{"start":{"line":53,"column":4},"end":{"line":53,"column":85}},"6":{"start":{"line":55,"column":4},"end":{"line":55,"column":30}},"7":{"start":{"line":62,"column":18},"end":{"line":62,"column":28}},"8":{"start":{"line":64,"column":2},"end":{"line":66,"column":4}}},"fnMap":{"0":{"name":"(anonymous_0)","decl":{"start":{"line":48,"column":16},"end":{"line":48,"column":17}},"loc":{"start":{"line":48,"column":62},"end":{"line":58,"column":2}},"line":48},"1":{"name":"(anonymous_1)","decl":{"start":{"line":61,"column":1},"end":{"line":61,"column":2}},"loc":{"start":{"line":61,"column":10},"end":{"line":67,"column":2}},"line":61}},"branchMap":{"0":{"loc":{"start":{"line":50,"column":2},"end":{"line":57,"column":3}},"type":"if","locations":[{"start":{"line":50,"column":2},"end":{"line":57,"column":3}},{"start":{"line":50,"column":2},"end":{"line":57,"column":3}}],"line":50},"1":{"loc":{"start":{"line":51,"column":3},"end":{"line":56,"column":4}},"type":"if","locations":[{"start":{"line":51,"column":3},"end":{"line":56,"column":4}},{"start":{"line":51,"column":3},"end":{"line":56,"column":4}}],"line":51},"2":{"loc":{"start":{"line":65,"column":68},"end":{"line":65,"column":99}},"type":"cond-expr","locations":[{"start":{"line":65,"column":76},"end":{"line":65,"column":94}},{"start":{"line":65,"column":97},"end":{"line":65,"column":99}}],"line":65}},"s":{"0":1,"1":1,"2":0,"3":0,"4":0,"5":0,"6":0,"7":1,"8":1},"f":{"0":0,"1":1},"b":{"0":[0,0],"1":[0,0],"2":[0,1]},"_coverageSchema":"43e27e138ebf9cfc5966b082cf9a028302ed4184","hash":"4990caf47096939485a8e914a63cbea9bfb42756"}
,"/home/darkadept/dev/thr-addons/packages/controls/src/date/LocalMonthSelect/index.js": {"path":"/home/darkadept/dev/thr-addons/packages/controls/src/date/LocalMonthSelect/index.js","statementMap":{},"fnMap":{},"branchMap":{},"s":{},"f":{},"b":{},"_coverageSchema":"43e27e138ebf9cfc5966b082cf9a028302ed4184","hash":"c5d9539c549c6fa2270dfaf0573e9b91e91d0578"}
,"/home/darkadept/dev/thr-addons/packages/controls/src/date/MonthSelect/MonthSelect.js": {"path":"/home/darkadept/dev/thr-addons/packages/controls/src/date/MonthSelect/MonthSelect.js","statementMap":{"0":{"start":{"line":8,"column":10},"end":{"line":8,"column":39}},"1":{"start":{"line":10,"column":21},"end":{"line":23,"column":1}},"2":{"start":{"line":49,"column":2},"end":{"line":49,"column":41}},"3":{"start":{"line":50,"column":2},"end":{"line":60,"column":3}},"4":{"start":{"line":51,"column":3},"end":{"line":59,"column":4}},"5":{"start":{"line":53,"column":4},"end":{"line":56,"column":17}},"6":{"start":{"line":58,"column":4},"end":{"line":58,"column":30}},"7":{"start":{"line":65,"column":18},"end":{"line":65,"column":28}},"8":{"start":{"line":67,"column":2},"end":{"line":69,"column":4}}},"fnMap":{"0":{"name":"(anonymous_0)","decl":{"start":{"line":48,"column":16},"end":{"line":48,"column":17}},"loc":{"start":{"line":48,"column":62},"end":{"line":61,"column":2}},"line":48},"1":{"name":"(anonymous_1)","decl":{"start":{"line":64,"column":1},"end":{"line":64,"column":2}},"loc":{"start":{"line":64,"column":10},"end":{"line":70,"column":2}},"line":64}},"branchMap":{"0":{"loc":{"start":{"line":50,"column":2},"end":{"line":60,"column":3}},"type":"if","locations":[{"start":{"line":50,"column":2},"end":{"line":60,"column":3}},{"start":{"line":50,"column":2},"end":{"line":60,"column":3}}],"line":50},"1":{"loc":{"start":{"line":51,"column":3},"end":{"line":59,"column":4}},"type":"if","locations":[{"start":{"line":51,"column":3},"end":{"line":59,"column":4}},{"start":{"line":51,"column":3},"end":{"line":59,"column":4}}],"line":51},"2":{"loc":{"start":{"line":68,"column":68},"end":{"line":68,"column":97}},"type":"cond-expr","locations":[{"start":{"line":68,"column":76},"end":{"line":68,"column":92}},{"start":{"line":68,"column":95},"end":{"line":68,"column":97}}],"line":68}},"s":{"0":1,"1":1,"2":0,"3":0,"4":0,"5":0,"6":0,"7":1,"8":1},"f":{"0":0,"1":1},"b":{"0":[0,0],"1":[0,0],"2":[0,1]},"_coverageSchema":"43e27e138ebf9cfc5966b082cf9a028302ed4184","hash":"20916546420fd606a3b8beb4b16d8461097edef1"}
,"/home/darkadept/dev/thr-addons/packages/controls/src/date/MonthSelect/index.js": {"path":"/home/darkadept/dev/thr-addons/packages/controls/src/date/MonthSelect/index.js","statementMap":{},"fnMap":{},"branchMap":{},"s":{},"f":{},"b":{},"_coverageSchema":"43e27e138ebf9cfc5966b082cf9a028302ed4184","hash":"cde06000d1ea80005ad3a4085be9962922460b6f"}
,"/home/darkadept/dev/thr-addons/packages/controls/src/form/FieldMap/FieldMap.js": {"path":"/home/darkadept/dev/thr-addons/packages/controls/src/form/FieldMap/FieldMap.js","statementMap":{"0":{"start":{"line":21,"column":15},"end":{"line":24,"column":2}},"1":{"start":{"line":23,"column":25},"end":{"line":23,"column":48}},"2":{"start":{"line":25,"column":1},"end":{"line":25,"column":24}},"3":{"start":{"line":27,"column":1},"end":{"line":27,"column":39}},"4":{"start":{"line":30,"column":0},"end":{"line":30,"column":34}}},"fnMap":{"0":{"name":"FieldMap","decl":{"start":{"line":20,"column":24},"end":{"line":20,"column":32}},"loc":{"start":{"line":20,"column":81},"end":{"line":28,"column":1}},"line":20},"1":{"name":"(anonymous_1)","decl":{"start":{"line":23,"column":12},"end":{"line":23,"column":13}},"loc":{"start":{"line":23,"column":25},"end":{"line":23,"column":48}},"line":23}},"branchMap":{},"s":{"0":2,"1":1,"2":2,"3":2,"4":1},"f":{"0":2,"1":1},"b":{},"_coverageSchema":"43e27e138ebf9cfc5966b082cf9a028302ed4184","hash":"2845265eabd79190ad8558379ae28c4898552ac9"}
,"/home/darkadept/dev/thr-addons/packages/controls/src/form/FieldMap/index.js": {"path":"/home/darkadept/dev/thr-addons/packages/controls/src/form/FieldMap/index.js","statementMap":{},"fnMap":{},"branchMap":{},"s":{},"f":{},"b":{},"_coverageSchema":"43e27e138ebf9cfc5966b082cf9a028302ed4184","hash":"814f5432c0505edf324fdaf63099f86ac6784203"}
,"/home/darkadept/dev/thr-addons/packages/controls/src/form/TForm/TForm.js": {"path":"/home/darkadept/dev/thr-addons/packages/controls/src/form/TForm/TForm.js","statementMap":{"0":{"start":{"line":35,"column":2},"end":{"line":35,"column":71}},"1":{"start":{"line":35,"column":30},"end":{"line":35,"column":71}},"2":{"start":{"line":40,"column":88},"end":{"line":40,"column":92}},"3":{"start":{"line":41,"column":38},"end":{"line":41,"column":48}},"4":{"start":{"line":43,"column":2},"end":{"line":43,"column":32}},"5":{"start":{"line":45,"column":2},"end":{"line":94,"column":5}},"6":{"start":{"line":47,"column":4},"end":{"line":47,"column":29}},"7":{"start":{"line":47,"column":17},"end":{"line":47,"column":29}},"8":{"start":{"line":48,"column":28},"end":{"line":48,"column":34}},"9":{"start":{"line":49,"column":4},"end":{"line":56,"column":6}},"10":{"start":{"line":53,"column":7},"end":{"line":53,"column":45}},"11":{"start":{"line":59,"column":4},"end":{"line":59,"column":39}},"12":{"start":{"line":59,"column":27},"end":{"line":59,"column":39}},"13":{"start":{"line":60,"column":4},"end":{"line":69,"column":6}},"14":{"start":{"line":65,"column":8},"end":{"line":65,"column":50}},"15":{"start":{"line":72,"column":4},"end":{"line":72,"column":20}},"16":{"start":{"line":75,"column":4},"end":{"line":75,"column":75}},"17":{"start":{"line":78,"column":4},"end":{"line":78,"column":57}},"18":{"start":{"line":81,"column":4},"end":{"line":81,"column":60}},"19":{"start":{"line":81,"column":30},"end":{"line":81,"column":60}},"20":{"start":{"line":82,"column":4},"end":{"line":86,"column":5}},"21":{"start":{"line":83,"column":5},"end":{"line":85,"column":7}},"22":{"start":{"line":84,"column":6},"end":{"line":84,"column":35}},"23":{"start":{"line":87,"column":4},"end":{"line":87,"column":114}},"24":{"start":{"line":98,"column":39},"end":{"line":98,"column":49}},"25":{"start":{"line":99,"column":2},"end":{"line":101,"column":4}}},"fnMap":{"0":{"name":"(anonymous_0)","decl":{"start":{"line":34,"column":1},"end":{"line":34,"column":2}},"loc":{"start":{"line":34,"column":21},"end":{"line":36,"column":2}},"line":34},"1":{"name":"(anonymous_1)","decl":{"start":{"line":39,"column":14},"end":{"line":39,"column":15}},"loc":{"start":{"line":39,"column":22},"end":{"line":95,"column":2}},"line":39},"2":{"name":"(anonymous_2)","decl":{"start":{"line":46,"column":3},"end":{"line":46,"column":4}},"loc":{"start":{"line":46,"column":18},"end":{"line":57,"column":4}},"line":46},"3":{"name":"(anonymous_3)","decl":{"start":{"line":52,"column":25},"end":{"line":52,"column":26}},"loc":{"start":{"line":53,"column":7},"end":{"line":53,"column":45}},"line":53},"4":{"name":"(anonymous_4)","decl":{"start":{"line":58,"column":3},"end":{"line":58,"column":4}},"loc":{"start":{"line":58,"column":20},"end":{"line":70,"column":4}},"line":58},"5":{"name":"(anonymous_5)","decl":{"start":{"line":64,"column":34},"end":{"line":64,"column":35}},"loc":{"start":{"line":65,"column":8},"end":{"line":65,"column":50}},"line":65},"6":{"name":"(anonymous_6)","decl":{"start":{"line":71,"column":3},"end":{"line":71,"column":4}},"loc":{"start":{"line":71,"column":15},"end":{"line":73,"column":4}},"line":71},"7":{"name":"(anonymous_7)","decl":{"start":{"line":74,"column":3},"end":{"line":74,"column":4}},"loc":{"start":{"line":74,"column":17},"end":{"line":76,"column":4}},"line":74},"8":{"name":"(anonymous_8)","decl":{"start":{"line":77,"column":3},"end":{"line":77,"column":4}},"loc":{"start":{"line":77,"column":25},"end":{"line":79,"column":4}},"line":77},"9":{"name":"(anonymous_9)","decl":{"start":{"line":80,"column":3},"end":{"line":80,"column":4}},"loc":{"start":{"line":80,"column":26},"end":{"line":88,"column":4}},"line":80},"10":{"name":"(anonymous_10)","decl":{"start":{"line":83,"column":12},"end":{"line":83,"column":13}},"loc":{"start":{"line":83,"column":19},"end":{"line":85,"column":6}},"line":83},"11":{"name":"(anonymous_11)","decl":{"start":{"line":97,"column":1},"end":{"line":97,"column":2}},"loc":{"start":{"line":97,"column":10},"end":{"line":102,"column":2}},"line":97}},"branchMap":{"0":{"loc":{"start":{"line":35,"column":2},"end":{"line":35,"column":71}},"type":"if","locations":[{"start":{"line":35,"column":2},"end":{"line":35,"column":71}},{"start":{"line":35,"column":2},"end":{"line":35,"column":71}}],"line":35},"1":{"loc":{"start":{"line":47,"column":4},"end":{"line":47,"column":29}},"type":"if","locations":[{"start":{"line":47,"column":4},"end":{"line":47,"column":29}},{"start":{"line":47,"column":4},"end":{"line":47,"column":29}}],"line":47},"2":{"loc":{"start":{"line":59,"column":4},"end":{"line":59,"column":39}},"type":"if","locations":[{"start":{"line":59,"column":4},"end":{"line":59,"column":39}},{"start":{"line":59,"column":4},"end":{"line":59,"column":39}}],"line":59},"3":{"loc":{"start":{"line":75,"column":11},"end":{"line":75,"column":74}},"type":"binary-expr","locations":[{"start":{"line":75,"column":11},"end":{"line":75,"column":52}},{"start":{"line":75,"column":56},"end":{"line":75,"column":74}}],"line":75},"4":{"loc":{"start":{"line":78,"column":14},"end":{"line":78,"column":55}},"type":"binary-expr","locations":[{"start":{"line":78,"column":14},"end":{"line":78,"column":32}},{"start":{"line":78,"column":36},"end":{"line":78,"column":55}}],"line":78},"5":{"loc":{"start":{"line":81,"column":4},"end":{"line":81,"column":60}},"type":"if","locations":[{"start":{"line":81,"column":4},"end":{"line":81,"column":60}},{"start":{"line":81,"column":4},"end":{"line":81,"column":60}}],"line":81},"6":{"loc":{"start":{"line":82,"column":4},"end":{"line":86,"column":5}},"type":"if","locations":[{"start":{"line":82,"column":4},"end":{"line":86,"column":5}},{"start":{"line":82,"column":4},"end":{"line":86,"column":5}}],"line":82}},"s":{"0":2,"1":0,"2":2,"3":2,"4":2,"5":2,"6":2,"7":1,"8":1,"9":1,"10":1,"11":2,"12":2,"13":0,"14":0,"15":2,"16":2,"17":2,"18":0,"19":0,"20":0,"21":0,"22":0,"23":0,"24":2,"25":2},"f":{"0":2,"1":2,"2":2,"3":1,"4":2,"5":0,"6":2,"7":2,"8":2,"9":0,"10":0,"11":2},"b":{"0":[0,2],"1":[1,1],"2":[2,0],"3":[2,0],"4":[2,0],"5":[0,0],"6":[0,0]},"_coverageSchema":"43e27e138ebf9cfc5966b082cf9a028302ed4184","hash":"98bf5b3930fa1efac96ddebedf5fe2a0110a4c06"}
,"/home/darkadept/dev/thr-addons/packages/controls/src/form/TForm/index.js": {"path":"/home/darkadept/dev/thr-addons/packages/controls/src/form/TForm/index.js","statementMap":{},"fnMap":{},"branchMap":{},"s":{},"f":{},"b":{},"_coverageSchema":"43e27e138ebf9cfc5966b082cf9a028302ed4184","hash":"37dd73089dcd002b0e39f5636c68c1dfd52e3d6e"}
,"/home/darkadept/dev/thr-addons/packages/controls/src/inputs/MaskedInput/MaskedInput.js": {"path":"/home/darkadept/dev/thr-addons/packages/controls/src/inputs/MaskedInput/MaskedInput.js","statementMap":{"0":{"start":{"line":89,"column":2},"end":{"line":89,"column":76}},"1":{"start":{"line":89,"column":39},"end":{"line":89,"column":76}},"2":{"start":{"line":90,"column":13},"end":{"line":95,"column":4}},"3":{"start":{"line":96,"column":2},"end":{"line":96,"column":23}},"4":{"start":{"line":100,"column":2},"end":{"line":102,"column":3}},"5":{"start":{"line":101,"column":3},"end":{"line":101,"column":46}},"6":{"start":{"line":103,"column":2},"end":{"line":111,"column":3}},"7":{"start":{"line":104,"column":14},"end":{"line":109,"column":5}},"8":{"start":{"line":110,"column":3},"end":{"line":110,"column":24}},"9":{"start":{"line":115,"column":2},"end":{"line":115,"column":64}},"10":{"start":{"line":115,"column":27},"end":{"line":115,"column":64}},"11":{"start":{"line":119,"column":2},"end":{"line":119,"column":51}},"12":{"start":{"line":119,"column":27},"end":{"line":119,"column":51}},"13":{"start":{"line":123,"column":2},"end":{"line":123,"column":64}},"14":{"start":{"line":123,"column":27},"end":{"line":123,"column":64}},"15":{"start":{"line":130,"column":51},"end":{"line":130,"column":61}},"16":{"start":{"line":131,"column":2},"end":{"line":135,"column":4}},"17":{"start":{"line":133,"column":22},"end":{"line":133,"column":37}}},"fnMap":{"0":{"name":"(anonymous_0)","decl":{"start":{"line":88,"column":1},"end":{"line":88,"column":2}},"loc":{"start":{"line":88,"column":21},"end":{"line":97,"column":2}},"line":88},"1":{"name":"(anonymous_1)","decl":{"start":{"line":99,"column":1},"end":{"line":99,"column":2}},"loc":{"start":{"line":99,"column":39},"end":{"line":112,"column":2}},"line":99},"2":{"name":"(anonymous_2)","decl":{"start":{"line":114,"column":18},"end":{"line":114,"column":19}},"loc":{"start":{"line":114,"column":34},"end":{"line":116,"column":2}},"line":114},"3":{"name":"(anonymous_3)","decl":{"start":{"line":118,"column":17},"end":{"line":118,"column":18}},"loc":{"start":{"line":118,"column":23},"end":{"line":120,"column":2}},"line":118},"4":{"name":"(anonymous_4)","decl":{"start":{"line":122,"column":20},"end":{"line":122,"column":21}},"loc":{"start":{"line":122,"column":36},"end":{"line":124,"column":2}},"line":122},"5":{"name":"(anonymous_5)","decl":{"start":{"line":129,"column":1},"end":{"line":129,"column":2}},"loc":{"start":{"line":129,"column":10},"end":{"line":136,"column":2}},"line":129},"6":{"name":"(anonymous_6)","decl":{"start":{"line":133,"column":16},"end":{"line":133,"column":17}},"loc":{"start":{"line":133,"column":22},"end":{"line":133,"column":37}},"line":133}},"branchMap":{"0":{"loc":{"start":{"line":89,"column":2},"end":{"line":89,"column":76}},"type":"if","locations":[{"start":{"line":89,"column":2},"end":{"line":89,"column":76}},{"start":{"line":89,"column":2},"end":{"line":89,"column":76}}],"line":89},"1":{"loc":{"start":{"line":89,"column":6},"end":{"line":89,"column":37}},"type":"binary-expr","locations":[{"start":{"line":89,"column":6},"end":{"line":89,"column":22}},{"start":{"line":89,"column":26},"end":{"line":89,"column":37}}],"line":89},"2":{"loc":{"start":{"line":100,"column":2},"end":{"line":102,"column":3}},"type":"if","locations":[{"start":{"line":100,"column":2},"end":{"line":102,"column":3}},{"start":{"line":100,"column":2},"end":{"line":102,"column":3}}],"line":100},"3":{"loc":{"start":{"line":100,"column":6},"end":{"line":100,"column":57}},"type":"binary-expr","locations":[{"start":{"line":100,"column":6},"end":{"line":100,"column":42}},{"start":{"line":100,"column":46},"end":{"line":100,"column":57}}],"line":100},"4":{"loc":{"start":{"line":101,"column":23},"end":{"line":101,"column":45}},"type":"binary-expr","locations":[{"start":{"line":101,"column":23},"end":{"line":101,"column":39}},{"start":{"line":101,"column":43},"end":{"line":101,"column":45}}],"line":101},"5":{"loc":{"start":{"line":103,"column":2},"end":{"line":111,"column":3}},"type":"if","locations":[{"start":{"line":103,"column":2},"end":{"line":111,"column":3}},{"start":{"line":103,"column":2},"end":{"line":111,"column":3}}],"line":103},"6":{"loc":{"start":{"line":115,"column":2},"end":{"line":115,"column":64}},"type":"if","locations":[{"start":{"line":115,"column":2},"end":{"line":115,"column":64}},{"start":{"line":115,"column":2},"end":{"line":115,"column":64}}],"line":115},"7":{"loc":{"start":{"line":119,"column":2},"end":{"line":119,"column":51}},"type":"if","locations":[{"start":{"line":119,"column":2},"end":{"line":119,"column":51}},{"start":{"line":119,"column":2},"end":{"line":119,"column":51}}],"line":119},"8":{"loc":{"start":{"line":123,"column":2},"end":{"line":123,"column":64}},"type":"if","locations":[{"start":{"line":123,"column":2},"end":{"line":123,"column":64}},{"start":{"line":123,"column":2},"end":{"line":123,"column":64}}],"line":123}},"s":{"0":1,"1":0,"2":1,"3":1,"4":0,"5":0,"6":0,"7":0,"8":0,"9":0,"10":0,"11":0,"12":0,"13":0,"14":0,"15":1,"16":1,"17":1},"f":{"0":1,"1":0,"2":0,"3":0,"4":0,"5":1,"6":1},"b":{"0":[0,1],"1":[1,0],"2":[0,0],"3":[0,0],"4":[0,0],"5":[0,0],"6":[0,0],"7":[0,0],"8":[0,0]},"_coverageSchema":"43e27e138ebf9cfc5966b082cf9a028302ed4184","hash":"173f723ab197a57e22a73c0a409d0768c7ab6dec"}
,"/home/darkadept/dev/thr-addons/packages/controls/src/inputs/MaskedInput/index.js": {"path":"/home/darkadept/dev/thr-addons/packages/controls/src/inputs/MaskedInput/index.js","statementMap":{},"fnMap":{},"branchMap":{},"s":{},"f":{},"b":{},"_coverageSchema":"43e27e138ebf9cfc5966b082cf9a028302ed4184","hash":"140b11505bbf461bbbb99add49b036c90c3e3d9e"}
,"/home/darkadept/dev/thr-addons/packages/controls/src/inputs/RadioGroup/RadioGroup.js": {"path":"/home/darkadept/dev/thr-addons/packages/controls/src/inputs/RadioGroup/RadioGroup.js","statementMap":{"0":{"start":{"line":35,"column":2},"end":{"line":35,"column":54}},"1":{"start":{"line":35,"column":27},"end":{"line":35,"column":54}},"2":{"start":{"line":40,"column":55},"end":{"line":40,"column":65}},"3":{"start":{"line":42,"column":2},"end":{"line":54,"column":4}},"4":{"start":{"line":45,"column":5},"end":{"line":50,"column":6}},"5":{"start":{"line":46,"column":6},"end":{"line":49,"column":9}},"6":{"start":{"line":51,"column":5},"end":{"line":51,"column":18}}},"fnMap":{"0":{"name":"(anonymous_0)","decl":{"start":{"line":34,"column":16},"end":{"line":34,"column":17}},"loc":{"start":{"line":34,"column":53},"end":{"line":36,"column":2}},"line":34},"1":{"name":"(anonymous_1)","decl":{"start":{"line":39,"column":1},"end":{"line":39,"column":2}},"loc":{"start":{"line":39,"column":10},"end":{"line":55,"column":2}},"line":39},"2":{"name":"(anonymous_2)","decl":{"start":{"line":44,"column":28},"end":{"line":44,"column":29}},"loc":{"start":{"line":44,"column":37},"end":{"line":52,"column":5}},"line":44}},"branchMap":{"0":{"loc":{"start":{"line":35,"column":2},"end":{"line":35,"column":54}},"type":"if","locations":[{"start":{"line":35,"column":2},"end":{"line":35,"column":54}},{"start":{"line":35,"column":2},"end":{"line":35,"column":54}}],"line":35},"1":{"loc":{"start":{"line":45,"column":5},"end":{"line":50,"column":6}},"type":"if","locations":[{"start":{"line":45,"column":5},"end":{"line":50,"column":6}},{"start":{"line":45,"column":5},"end":{"line":50,"column":6}}],"line":45},"2":{"loc":{"start":{"line":45,"column":9},"end":{"line":45,"column":71}},"type":"binary-expr","locations":[{"start":{"line":45,"column":9},"end":{"line":45,"column":40}},{"start":{"line":45,"column":44},"end":{"line":45,"column":71}}],"line":45}},"s":{"0":0,"1":0,"2":1,"3":1,"4":2,"5":2,"6":0},"f":{"0":0,"1":1,"2":2},"b":{"0":[0,0],"1":[2,0],"2":[2,0]},"_coverageSchema":"43e27e138ebf9cfc5966b082cf9a028302ed4184","hash":"57e2680a864ae7d6c166e0070d144a9e5ba146f3"}
,"/home/darkadept/dev/thr-addons/packages/controls/src/inputs/RadioGroup/index.js": {"path":"/home/darkadept/dev/thr-addons/packages/controls/src/inputs/RadioGroup/index.js","statementMap":{},"fnMap":{},"branchMap":{},"s":{},"f":{},"b":{},"_coverageSchema":"43e27e138ebf9cfc5966b082cf9a028302ed4184","hash":"f4fe5c1ba033ee7fad50d3044df118e5227f2930"}
,"/home/darkadept/dev/thr-addons/packages/controls/src/menu/ResponsiveMenu/ResponsiveMenu.js": {"path":"/home/darkadept/dev/thr-addons/packages/controls/src/menu/ResponsiveMenu/ResponsiveMenu.js","statementMap":{"0":{"start":{"line":24,"column":18},"end":{"line":24,"column":53}},"1":{"start":{"line":25,"column":18},"end":{"line":25,"column":49}},"2":{"start":{"line":26,"column":1},"end":{"line":43,"column":3}},"3":{"start":{"line":46,"column":0},"end":{"line":48,"column":2}},"4":{"start":{"line":50,"column":0},"end":{"line":50,"column":41}},"5":{"start":{"line":51,"column":0},"end":{"line":51,"column":49}}},"fnMap":{"0":{"name":"ResponsiveMenu","decl":{"start":{"line":23,"column":24},"end":{"line":23,"column":38}},"loc":{"start":{"line":23,"column":80},"end":{"line":44,"column":1}},"line":23}},"branchMap":{},"s":{"0":1,"1":1,"2":1,"3":1,"4":1,"5":1},"f":{"0":1},"b":{},"_coverageSchema":"43e27e138ebf9cfc5966b082cf9a028302ed4184","hash":"68ae90b90b231155b19081db223e89fd7d537216"}
,"/home/darkadept/dev/thr-addons/packages/controls/src/menu/ResponsiveMenu/index.js": {"path":"/home/darkadept/dev/thr-addons/packages/controls/src/menu/ResponsiveMenu/index.js","statementMap":{},"fnMap":{},"branchMap":{},"s":{},"f":{},"b":{},"_coverageSchema":"43e27e138ebf9cfc5966b082cf9a028302ed4184","hash":"b4659b6d87d487dc9d7a5c9b0a1423f3e4985dda"}
,"/home/darkadept/dev/thr-addons/packages/controls/src/menu/ResponsiveMenuContext/ResponsiveMenuContext.js": {"path":"/home/darkadept/dev/thr-addons/packages/controls/src/menu/ResponsiveMenuContext/ResponsiveMenuContext.js","statementMap":{"0":{"start":{"line":3,"column":37},"end":{"line":3,"column":75}},"1":{"start":{"line":4,"column":45},"end":{"line":4,"column":87}}},"fnMap":{},"branchMap":{},"s":{"0":1,"1":1},"f":{},"b":{},"_coverageSchema":"43e27e138ebf9cfc5966b082cf9a028302ed4184","hash":"e85cdea9c0c007bed53ea683180be877126e7558"}
,"/home/darkadept/dev/thr-addons/packages/controls/src/menu/ResponsiveMenuContext/index.js": {"path":"/home/darkadept/dev/thr-addons/packages/controls/src/menu/ResponsiveMenuContext/index.js","statementMap":{},"fnMap":{},"branchMap":{},"s":{},"f":{},"b":{},"_coverageSchema":"43e27e138ebf9cfc5966b082cf9a028302ed4184","hash":"7dcc5ad91acfb5c4ec81db66b488d39e51d0e164"}
,"/home/darkadept/dev/thr-addons/packages/controls/src/menu/ResponsiveMenuDropdown/ResponsiveMenuDropdown.js": {"path":"/home/darkadept/dev/thr-addons/packages/controls/src/menu/ResponsiveMenuDropdown/ResponsiveMenuDropdown.js","statementMap":{"0":{"start":{"line":17,"column":1},"end":{"line":29,"column":3}},"1":{"start":{"line":20,"column":4},"end":{"line":26,"column":15}}},"fnMap":{"0":{"name":"ResponsiveMenuDropdown","decl":{"start":{"line":16,"column":24},"end":{"line":16,"column":46}},"loc":{"start":{"line":16,"column":78},"end":{"line":30,"column":1}},"line":16},"1":{"name":"(anonymous_1)","decl":{"start":{"line":19,"column":4},"end":{"line":19,"column":5}},"loc":{"start":{"line":20,"column":4},"end":{"line":26,"column":15}},"line":20}},"branchMap":{"0":{"loc":{"start":{"line":20,"column":37},"end":{"line":20,"column":65}},"type":"cond-expr","locations":[{"start":{"line":20,"column":48},"end":{"line":20,"column":52}},{"start":{"line":20,"column":55},"end":{"line":20,"column":65}}],"line":20}},"s":{"0":0,"1":0},"f":{"0":0,"1":0},"b":{"0":[0,0]},"_coverageSchema":"43e27e138ebf9cfc5966b082cf9a028302ed4184","hash":"9b4df7413c793400776843fd450a487378fc2d1e"}
,"/home/darkadept/dev/thr-addons/packages/controls/src/menu/ResponsiveMenuDropdown/index.js": {"path":"/home/darkadept/dev/thr-addons/packages/controls/src/menu/ResponsiveMenuDropdown/index.js","statementMap":{},"fnMap":{},"branchMap":{},"s":{},"f":{},"b":{},"_coverageSchema":"43e27e138ebf9cfc5966b082cf9a028302ed4184","hash":"955ae554502a1db8b3d88a6afd7990f32838e143"}
,"/home/darkadept/dev/thr-addons/packages/controls/src/menu/ResponsiveMenuItem/ResponsiveMenuItem.js": {"path":"/home/darkadept/dev/thr-addons/packages/controls/src/menu/ResponsiveMenuItem/ResponsiveMenuItem.js","statementMap":{"0":{"start":{"line":17,"column":1},"end":{"line":29,"column":3}},"1":{"start":{"line":20,"column":26},"end":{"line":20,"column":58}},"2":{"start":{"line":21,"column":4},"end":{"line":26,"column":6}}},"fnMap":{"0":{"name":"ResponsiveMenuItem","decl":{"start":{"line":16,"column":24},"end":{"line":16,"column":42}},"loc":{"start":{"line":16,"column":88},"end":{"line":30,"column":1}},"line":16},"1":{"name":"(anonymous_1)","decl":{"start":{"line":19,"column":4},"end":{"line":19,"column":5}},"loc":{"start":{"line":19,"column":29},"end":{"line":27,"column":4}},"line":19}},"branchMap":{"0":{"loc":{"start":{"line":20,"column":26},"end":{"line":20,"column":58}},"type":"binary-expr","locations":[{"start":{"line":20,"column":26},"end":{"line":20,"column":28}},{"start":{"line":20,"column":32},"end":{"line":20,"column":45}},{"start":{"line":20,"column":49},"end":{"line":20,"column":58}}],"line":20}},"s":{"0":0,"1":0,"2":0},"f":{"0":0,"1":0},"b":{"0":[0,0,0]},"_coverageSchema":"43e27e138ebf9cfc5966b082cf9a028302ed4184","hash":"30213487d5e77d8189fe6ad7d503bb1c0d188976"}
,"/home/darkadept/dev/thr-addons/packages/controls/src/menu/ResponsiveMenuItem/index.js": {"path":"/home/darkadept/dev/thr-addons/packages/controls/src/menu/ResponsiveMenuItem/index.js","statementMap":{},"fnMap":{},"branchMap":{},"s":{},"f":{},"b":{},"_coverageSchema":"43e27e138ebf9cfc5966b082cf9a028302ed4184","hash":"70f1e409186f6ec2197832854c935cae9f644ada"}
,"/home/darkadept/dev/thr-addons/packages/controls/src/money/MoneyInput/MoneyInput.js": {"path":"/home/darkadept/dev/thr-addons/packages/controls/src/money/MoneyInput/MoneyInput.js","statementMap":{"0":{"start":{"line":11,"column":10},"end":{"line":11,"column":35}},"1":{"start":{"line":41,"column":2},"end":{"line":41,"column":15}},"2":{"start":{"line":42,"column":2},"end":{"line":44,"column":3}},"3":{"start":{"line":43,"column":3},"end":{"line":43,"column":92}},"4":{"start":{"line":48,"column":2},"end":{"line":48,"column":46}},"5":{"start":{"line":49,"column":2},"end":{"line":70,"column":3}},"6":{"start":{"line":50,"column":29},"end":{"line":50,"column":39}},"7":{"start":{"line":54,"column":3},"end":{"line":60,"column":4}},"8":{"start":{"line":55,"column":4},"end":{"line":55,"column":28}},"9":{"start":{"line":56,"column":10},"end":{"line":60,"column":4}},"10":{"start":{"line":57,"column":4},"end":{"line":57,"column":34}},"11":{"start":{"line":59,"column":4},"end":{"line":59,"column":25}},"12":{"start":{"line":63,"column":3},"end":{"line":63,"column":52}},"13":{"start":{"line":65,"column":3},"end":{"line":69,"column":6}},"14":{"start":{"line":74,"column":16},"end":{"line":74,"column":43}},"15":{"start":{"line":75,"column":13},"end":{"line":75,"column":41}},"16":{"start":{"line":76,"column":2},"end":{"line":80,"column":3}},"17":{"start":{"line":77,"column":21},"end":{"line":77,"column":36}},"18":{"start":{"line":78,"column":3},"end":{"line":78,"column":60}},"19":{"start":{"line":79,"column":3},"end":{"line":79,"column":41}},"20":{"start":{"line":84,"column":2},"end":{"line":84,"column":21}},"21":{"start":{"line":88,"column":2},"end":{"line":88,"column":30}},"22":{"start":{"line":89,"column":2},"end":{"line":93,"column":3}},"23":{"start":{"line":90,"column":22},"end":{"line":90,"column":32}},"24":{"start":{"line":91,"column":17},"end":{"line":91,"column":52}},"25":{"start":{"line":92,"column":3},"end":{"line":92,"column":30}},"26":{"start":{"line":97,"column":48},"end":{"line":97,"column":58}},"27":{"start":{"line":99,"column":2},"end":{"line":99,"column":17}},"28":{"start":{"line":101,"column":2},"end":{"line":109,"column":4}},"29":{"start":{"line":114,"column":82},"end":{"line":114,"column":92}},"30":{"start":{"line":115,"column":2},"end":{"line":115,"column":24}},"31":{"start":{"line":117,"column":2},"end":{"line":122,"column":4}},"32":{"start":{"line":119,"column":34},"end":{"line":119,"column":49}}},"fnMap":{"0":{"name":"(anonymous_0)","decl":{"start":{"line":40,"column":1},"end":{"line":40,"column":2}},"loc":{"start":{"line":40,"column":20},"end":{"line":45,"column":2}},"line":40},"1":{"name":"(anonymous_1)","decl":{"start":{"line":47,"column":1},"end":{"line":47,"column":2}},"loc":{"start":{"line":47,"column":21},"end":{"line":71,"column":2}},"line":47},"2":{"name":"(anonymous_2)","decl":{"start":{"line":73,"column":1},"end":{"line":73,"column":2}},"loc":{"start":{"line":73,"column":31},"end":{"line":81,"column":2}},"line":73},"3":{"name":"(anonymous_3)","decl":{"start":{"line":83,"column":1},"end":{"line":83,"column":2}},"loc":{"start":{"line":83,"column":24},"end":{"line":85,"column":2}},"line":83},"4":{"name":"(anonymous_4)","decl":{"start":{"line":87,"column":16},"end":{"line":87,"column":17}},"loc":{"start":{"line":87,"column":25},"end":{"line":94,"column":2}},"line":87},"5":{"name":"(anonymous_5)","decl":{"start":{"line":96,"column":23},"end":{"line":96,"column":24}},"loc":{"start":{"line":96,"column":29},"end":{"line":110,"column":2}},"line":96},"6":{"name":"(anonymous_6)","decl":{"start":{"line":113,"column":1},"end":{"line":113,"column":2}},"loc":{"start":{"line":113,"column":10},"end":{"line":123,"column":2}},"line":113},"7":{"name":"(anonymous_7)","decl":{"start":{"line":119,"column":28},"end":{"line":119,"column":29}},"loc":{"start":{"line":119,"column":34},"end":{"line":119,"column":49}},"line":119}},"branchMap":{"0":{"loc":{"start":{"line":42,"column":2},"end":{"line":44,"column":3}},"type":"if","locations":[{"start":{"line":42,"column":2},"end":{"line":44,"column":3}},{"start":{"line":42,"column":2},"end":{"line":44,"column":3}}],"line":42},"1":{"loc":{"start":{"line":42,"column":6},"end":{"line":42,"column":78}},"type":"binary-expr","locations":[{"start":{"line":42,"column":6},"end":{"line":42,"column":17}},{"start":{"line":42,"column":21},"end":{"line":42,"column":35}},{"start":{"line":42,"column":39},"end":{"line":42,"column":78}}],"line":42},"2":{"loc":{"start":{"line":49,"column":2},"end":{"line":70,"column":3}},"type":"if","locations":[{"start":{"line":49,"column":2},"end":{"line":70,"column":3}},{"start":{"line":49,"column":2},"end":{"line":70,"column":3}}],"line":49},"3":{"loc":{"start":{"line":54,"column":3},"end":{"line":60,"column":4}},"type":"if","locations":[{"start":{"line":54,"column":3},"end":{"line":60,"column":4}},{"start":{"line":54,"column":3},"end":{"line":60,"column":4}}],"line":54},"4":{"loc":{"start":{"line":56,"column":10},"end":{"line":60,"column":4}},"type":"if","locations":[{"start":{"line":56,"column":10},"end":{"line":60,"column":4}},{"start":{"line":56,"column":10},"end":{"line":60,"column":4}}],"line":56},"5":{"loc":{"start":{"line":76,"column":2},"end":{"line":80,"column":3}},"type":"if","locations":[{"start":{"line":76,"column":2},"end":{"line":80,"column":3}},{"start":{"line":76,"column":2},"end":{"line":80,"column":3}}],"line":76},"6":{"loc":{"start":{"line":89,"column":2},"end":{"line":93,"column":3}},"type":"if","locations":[{"start":{"line":89,"column":2},"end":{"line":93,"column":3}},{"start":{"line":89,"column":2},"end":{"line":93,"column":3}}],"line":89},"7":{"loc":{"start":{"line":91,"column":34},"end":{"line":91,"column":51}},"type":"binary-expr","locations":[{"start":{"line":91,"column":34},"end":{"line":91,"column":42}},{"start":{"line":91,"column":46},"end":{"line":91,"column":51}}],"line":91},"8":{"loc":{"start":{"line":104,"column":11},"end":{"line":104,"column":33}},"type":"cond-expr","locations":[{"start":{"line":104,"column":20},"end":{"line":104,"column":26}},{"start":{"line":104,"column":29},"end":{"line":104,"column":33}}],"line":104},"9":{"loc":{"start":{"line":119,"column":78},"end":{"line":119,"column":104}},"type":"cond-expr","locations":[{"start":{"line":119,"column":87},"end":{"line":119,"column":97}},{"start":{"line":119,"column":100},"end":{"line":119,"column":104}}],"line":119},"10":{"loc":{"start":{"line":120,"column":5},"end":{"line":120,"column":55}},"type":"cond-expr","locations":[{"start":{"line":120,"column":22},"end":{"line":120,"column":48}},{"start":{"line":120,"column":51},"end":{"line":120,"column":55}}],"line":120}},"s":{"0":1,"1":1,"2":1,"3":0,"4":1,"5":1,"6":0,"7":0,"8":0,"9":0,"10":0,"11":0,"12":0,"13":0,"14":0,"15":0,"16":0,"17":0,"18":0,"19":0,"20":0,"21":0,"22":0,"23":0,"24":0,"25":0,"26":0,"27":0,"28":0,"29":1,"30":1,"31":1,"32":0},"f":{"0":1,"1":1,"2":0,"3":0,"4":0,"5":0,"6":1,"7":0},"b":{"0":[0,1],"1":[1,0,0],"2":[0,1],"3":[0,0],"4":[0,0],"5":[0,0],"6":[0,0],"7":[0,0],"8":[0,0],"9":[0,1],"10":[0,1]},"_coverageSchema":"43e27e138ebf9cfc5966b082cf9a028302ed4184","hash":"4f20df58bc2f728b455b622f977bedb23b45c553"}
,"/home/darkadept/dev/thr-addons/packages/controls/src/money/MoneyInput/index.js": {"path":"/home/darkadept/dev/thr-addons/packages/controls/src/money/MoneyInput/index.js","statementMap":{},"fnMap":{},"branchMap":{},"s":{},"f":{},"b":{},"_coverageSchema":"43e27e138ebf9cfc5966b082cf9a028302ed4184","hash":"5128fdd242ac9d2b6756143b2b77a185ddc9b965"}
,"/home/darkadept/dev/thr-addons/packages/controls/src/money/MoneyInput/moneyInputMask.js": {"path":"/home/darkadept/dev/thr-addons/packages/controls/src/money/MoneyInput/moneyInputMask.js","statementMap":{"0":{"start":{"line":7,"column":2},"end":{"line":7,"column":28}},"1":{"start":{"line":11,"column":2},"end":{"line":11,"column":14}},"2":{"start":{"line":14,"column":12},"end":{"line":26,"column":3}},"3":{"start":{"line":27,"column":1},"end":{"line":27,"column":18}},"4":{"start":{"line":29,"column":1},"end":{"line":29,"column":11}}},"fnMap":{"0":{"name":"moneyInputMask","decl":{"start":{"line":5,"column":24},"end":{"line":5,"column":38}},"loc":{"start":{"line":5,"column":81},"end":{"line":30,"column":1}},"line":5},"1":{"name":"onComplete","decl":{"start":{"line":6,"column":10},"end":{"line":6,"column":20}},"loc":{"start":{"line":6,"column":25},"end":{"line":8,"column":2}},"line":6},"2":{"name":"onCleared","decl":{"start":{"line":10,"column":10},"end":{"line":10,"column":19}},"loc":{"start":{"line":10,"column":22},"end":{"line":12,"column":2}},"line":10}},"branchMap":{},"s":{"0":0,"1":0,"2":0,"3":0,"4":0},"f":{"0":0,"1":0,"2":0},"b":{},"_coverageSchema":"43e27e138ebf9cfc5966b082cf9a028302ed4184","hash":"ff521eb47d2b6acabd6a91ba54e0935e25e792bd"}
,"/home/darkadept/dev/thr-addons/packages/controls/src/money/MoneyInputMask/index.js": {"path":"/home/darkadept/dev/thr-addons/packages/controls/src/money/MoneyInputMask/index.js","statementMap":{"0":{"start":{"line":11,"column":10},"end":{"line":11,"column":39}},"1":{"start":{"line":35,"column":31},"end":{"line":35,"column":43}},"2":{"start":{"line":36,"column":15},"end":{"line":36,"column":56}},"3":{"start":{"line":37,"column":2},"end":{"line":42,"column":3}},"4":{"start":{"line":38,"column":17},"end":{"line":38,"column":65}},"5":{"start":{"line":39,"column":3},"end":{"line":39,"column":55}},"6":{"start":{"line":39,"column":28},"end":{"line":39,"column":55}},"7":{"start":{"line":41,"column":3},"end":{"line":41,"column":8}},"8":{"start":{"line":46,"column":48},"end":{"line":46,"column":58}},"9":{"start":{"line":47,"column":2},"end":{"line":56,"column":4}},"10":{"start":{"line":60,"column":18},"end":{"line":60,"column":28}},"11":{"start":{"line":61,"column":16},"end":{"line":61,"column":46}},"12":{"start":{"line":63,"column":2},"end":{"line":84,"column":4}},"13":{"start":{"line":75,"column":5},"end":{"line":75,"column":14}},"14":{"start":{"line":76,"column":5},"end":{"line":81,"column":7}}},"fnMap":{"0":{"name":"(anonymous_0)","decl":{"start":{"line":34,"column":16},"end":{"line":34,"column":17}},"loc":{"start":{"line":34,"column":25},"end":{"line":43,"column":2}},"line":34},"1":{"name":"(anonymous_1)","decl":{"start":{"line":45,"column":23},"end":{"line":45,"column":24}},"loc":{"start":{"line":45,"column":29},"end":{"line":57,"column":2}},"line":45},"2":{"name":"(anonymous_2)","decl":{"start":{"line":59,"column":1},"end":{"line":59,"column":2}},"loc":{"start":{"line":59,"column":10},"end":{"line":85,"column":2}},"line":59},"3":{"name":"(anonymous_3)","decl":{"start":{"line":74,"column":12},"end":{"line":74,"column":13}},"loc":{"start":{"line":74,"column":28},"end":{"line":82,"column":5}},"line":74}},"branchMap":{"0":{"loc":{"start":{"line":38,"column":35},"end":{"line":38,"column":57}},"type":"cond-expr","locations":[{"start":{"line":38,"column":49},"end":{"line":38,"column":50}},{"start":{"line":38,"column":53},"end":{"line":38,"column":57}}],"line":38},"1":{"loc":{"start":{"line":39,"column":3},"end":{"line":39,"column":55}},"type":"if","locations":[{"start":{"line":39,"column":3},"end":{"line":39,"column":55}},{"start":{"line":39,"column":3},"end":{"line":39,"column":55}}],"line":39},"2":{"loc":{"start":{"line":50,"column":11},"end":{"line":50,"column":33}},"type":"cond-expr","locations":[{"start":{"line":50,"column":20},"end":{"line":50,"column":26}},{"start":{"line":50,"column":29},"end":{"line":50,"column":33}}],"line":50},"3":{"loc":{"start":{"line":61,"column":16},"end":{"line":61,"column":46}},"type":"cond-expr","locations":[{"start":{"line":61,"column":24},"end":{"line":61,"column":41}},{"start":{"line":61,"column":44},"end":{"line":61,"column":46}}],"line":61},"4":{"loc":{"start":{"line":78,"column":75},"end":{"line":78,"column":107}},"type":"cond-expr","locations":[{"start":{"line":78,"column":90},"end":{"line":78,"column":100}},{"start":{"line":78,"column":103},"end":{"line":78,"column":107}}],"line":78},"5":{"loc":{"start":{"line":79,"column":8},"end":{"line":79,"column":64}},"type":"cond-expr","locations":[{"start":{"line":79,"column":31},"end":{"line":79,"column":57}},{"start":{"line":79,"column":60},"end":{"line":79,"column":64}}],"line":79}},"s":{"0":1,"1":0,"2":0,"3":0,"4":0,"5":0,"6":0,"7":0,"8":0,"9":0,"10":1,"11":1,"12":1,"13":0,"14":0},"f":{"0":0,"1":0,"2":1,"3":0},"b":{"0":[0,0],"1":[0,0],"2":[0,0],"3":[0,1],"4":[0,0],"5":[0,0]},"_coverageSchema":"43e27e138ebf9cfc5966b082cf9a028302ed4184","hash":"435012a2830a03585a7dfe256369c0c867734b8c"}
}
