TN:
SF:/home/mike/dev/thr-addons/packages/controls/src/date/LocalMonthSelect/LocalMonthSelect.tsx
FN:46,(anonymous_0)
FN:57,(anonymous_1)
FNF:2
FNH:1
FNDA:0,(anonymous_0)
FNDA:1,(anonymous_1)
DA:6,1
DA:8,1
DA:42,1
DA:46,1
DA:47,0
DA:48,0
DA:49,0
DA:50,0
DA:52,0
DA:58,1
DA:60,1
LF:11
LH:6
BRDA:48,0,0,0
BRDA:48,0,1,0
BRDA:49,1,0,0
BRDA:49,1,1,0
BRDA:61,2,0,0
BRDA:61,2,1,1
BRF:6
BRH:1
end_of_record
TN:
SF:/home/mike/dev/thr-addons/packages/controls/src/date/LocalMonthSelect/index.ts
FNF:0
FNH:0
LF:0
LH:0
BRF:0
BRH:0
end_of_record
TN:
SF:/home/mike/dev/thr-addons/packages/controls/src/date/MonthDayDropdown/MonthDayDropdown.tsx
FN:11,MonthDayDropdown
FN:21,(anonymous_1)
FN:24,(anonymous_2)
FN:44,(anonymous_3)
FN:47,(anonymous_4)
FNF:5
FNH:3
FNDA:2,MonthDayDropdown
FNDA:24,(anonymous_1)
FNDA:0,(anonymous_2)
FNDA:31,(anonymous_3)
FNDA:0,(anonymous_4)
DA:12,2
DA:13,2
DA:14,2
DA:15,2
DA:17,2
DA:22,24
DA:25,0
DA:26,0
DA:30,0
DA:31,0
DA:32,0
DA:45,31
DA:47,0
LF:13
LH:7
BRDA:14,0,0,2
BRDA:14,0,1,2
BRDA:15,1,0,2
BRDA:15,1,1,2
BRDA:19,2,0,1
BRDA:19,2,1,1
BRDA:30,3,0,0
BRDA:30,3,1,0
BRDA:30,4,0,0
BRDA:30,4,1,0
BRDA:42,5,0,1
BRDA:42,5,1,1
BRDA:44,6,0,1
BRDA:44,6,1,1
BRF:14
BRH:10
end_of_record
TN:
SF:/home/mike/dev/thr-addons/packages/controls/src/date/MonthDayDropdown/index.js
FNF:0
FNH:0
LF:0
LH:0
BRF:0
BRH:0
end_of_record
TN:
SF:/home/mike/dev/thr-addons/packages/controls/src/date/TimeDropdown/TimeDropdown.tsx
FN:17,TimeDropdown
FN:39,(anonymous_1)
FN:40,(anonymous_2)
FN:58,(anonymous_3)
FN:61,(anonymous_4)
FN:78,(anonymous_5)
FN:81,(anonymous_6)
FNF:7
FNH:3
FNDA:2,TimeDropdown
FNDA:24,(anonymous_1)
FNDA:0,(anonymous_2)
FNDA:60,(anonymous_3)
FNDA:0,(anonymous_4)
FNDA:0,(anonymous_5)
FNDA:0,(anonymous_6)
DA:18,2
DA:19,2
DA:20,2
DA:21,2
DA:23,2
DA:24,2
DA:26,2
DA:40,24
DA:59,60
DA:60,60
DA:61,0
DA:78,0
DA:81,0
LF:13
LH:10
BRDA:21,0,0,2
BRDA:21,0,1,2
BRDA:23,1,0,2
BRDA:23,1,1,2
BRDA:23,1,2,2
BRDA:24,2,0,2
BRDA:24,2,1,2
BRDA:32,3,0,1
BRDA:32,3,1,1
BRDA:50,4,0,1
BRDA:50,4,1,1
BRDA:50,5,0,1
BRDA:50,5,1,0
BRDA:58,6,0,1
BRDA:58,6,1,1
BRDA:59,7,0,10
BRDA:59,7,1,50
BRDA:70,8,0,1
BRDA:70,8,1,1
BRF:19
BRH:18
end_of_record
TN:
SF:/home/mike/dev/thr-addons/packages/controls/src/date/TimeDropdown/index.js
FNF:0
FNH:0
LF:0
LH:0
BRF:0
BRH:0
end_of_record
TN:
SF:/home/mike/dev/thr-addons/packages/controls/src/date/YearSelect/YearSelect.tsx
FN:14,YearSelect
FN:18,(anonymous_1)
FN:33,(anonymous_2)
FN:44,(anonymous_3)
FN:51,(anonymous_4)
FNF:5
FNH:2
FNDA:1,YearSelect
FNDA:1,(anonymous_1)
FNDA:0,(anonymous_2)
FNDA:0,(anonymous_3)
FNDA:0,(anonymous_4)
DA:5,1
DA:15,1
DA:16,1
DA:18,1
DA:19,1
DA:20,1
DA:21,50
DA:23,1
DA:26,1
DA:33,0
DA:44,0
DA:51,0
LF:12
LH:9
BRDA:16,0,0,0
BRDA:16,1,0,1
BRDA:16,2,0,1
BRF:3
BRH:2
end_of_record
TN:
SF:/home/mike/dev/thr-addons/packages/controls/src/date/YearSelect/index.ts
FNF:0
FNH:0
LF:0
LH:0
BRF:0
BRH:0
end_of_record
TN:
SF:/home/mike/dev/thr-addons/packages/controls/src/form/TForm/TForm.js
FN:20,RenderForm
FN:24,(anonymous_1)
FN:28,(anonymous_2)
FN:33,getWarnings
FN:38,(anonymous_4)
FN:42,(anonymous_5)
FN:49,(anonymous_6)
FN:74,(anonymous_7)
FN:79,(anonymous_8)
FN:82,(anonymous_9)
FN:87,(anonymous_10)
FN:90,(anonymous_11)
FN:93,(anonymous_12)
FN:119,TForm
FN:124,(anonymous_14)
FNF:15
FNH:10
FNDA:3,RenderForm
FNDA:3,(anonymous_1)
FNDA:3,(anonymous_2)
FNDA:0,getWarnings
FNDA:0,(anonymous_4)
FNDA:2,(anonymous_5)
FNDA:0,(anonymous_6)
FNDA:1,(anonymous_7)
FNDA:2,(anonymous_8)
FNDA:2,(anonymous_9)
FNDA:4,(anonymous_10)
FNDA:0,(anonymous_11)
FNDA:0,(anonymous_12)
FNDA:3,TForm
FNDA:3,(anonymous_14)
DA:21,3
DA:22,3
DA:24,3
DA:25,3
DA:28,3
DA:29,3
DA:34,0
DA:35,0
DA:36,0
DA:37,0
DA:38,0
DA:41,3
DA:43,2
DA:44,2
DA:49,2
DA:50,0
DA:53,2
DA:54,2
DA:57,1
DA:58,1
DA:59,0
DA:60,0
DA:61,0
DA:63,1
DA:67,1
DA:74,1
DA:80,2
DA:85,2
DA:88,4
DA:91,0
DA:92,0
DA:93,0
DA:94,0
DA:97,0
DA:120,3
DA:121,3
DA:124,3
LF:37
LH:23
BRDA:25,0,0,0
BRDA:25,0,1,3
BRDA:29,1,0,0
BRDA:29,1,1,3
BRDA:33,2,0,0
BRDA:33,3,0,0
BRDA:33,4,0,0
BRDA:36,5,0,0
BRDA:36,5,1,0
BRDA:37,6,0,0
BRDA:37,6,1,0
BRDA:37,7,0,0
BRDA:37,7,1,0
BRDA:37,8,0,0
BRDA:37,8,1,0
BRDA:37,8,2,0
BRDA:53,9,0,2
BRDA:53,9,1,0
BRDA:54,10,0,1
BRDA:54,10,1,1
BRDA:57,11,0,1
BRDA:57,11,1,0
BRDA:58,12,0,1
BRDA:58,12,1,0
BRDA:59,13,0,0
BRDA:59,13,1,0
BRDA:59,14,0,0
BRDA:59,14,1,0
BRDA:69,15,0,0
BRDA:69,15,1,1
BRDA:72,16,0,0
BRDA:72,16,1,1
BRDA:88,17,0,4
BRDA:88,17,1,0
BRDA:88,18,0,4
BRDA:88,18,1,4
BRDA:91,19,0,0
BRDA:91,19,1,0
BRDA:92,20,0,0
BRDA:92,20,1,0
BRDA:120,21,0,3
BRF:41
BRH:13
end_of_record
TN:
SF:/home/mike/dev/thr-addons/packages/controls/src/form/TForm/index.js
FNF:0
FNH:0
LF:0
LH:0
BRF:0
BRH:0
end_of_record
TN:
SF:/home/mike/dev/thr-addons/packages/controls/src/inputs/AddDynamicFormInput/AddDynamicFormInput.tsx
FN:26,AddDynamicFormInput
FN:27,(anonymous_1)
FN:29,(anonymous_2)
FN:34,(anonymous_3)
FN:36,(anonymous_4)
FN:40,(anonymous_5)
FN:53,(anonymous_6)
FN:61,(anonymous_7)
FN:72,(anonymous_8)
FN:84,(anonymous_9)
FN:87,(anonymous_10)
FNF:11
FNH:6
FNDA:1,AddDynamicFormInput
FNDA:1,(anonymous_1)
FNDA:0,(anonymous_2)
FNDA:0,(anonymous_3)
FNDA:0,(anonymous_4)
FNDA:2,(anonymous_5)
FNDA:0,(anonymous_6)
FNDA:1,(anonymous_7)
FNDA:2,(anonymous_8)
FNDA:1,(anonymous_9)
FNDA:0,(anonymous_10)
DA:8,1
DA:27,1
DA:28,1
DA:29,0
DA:34,1
DA:35,0
DA:36,0
DA:40,1
DA:41,2
DA:42,2
DA:43,2
DA:44,2
DA:53,0
DA:58,2
DA:61,1
DA:62,1
DA:63,1
DA:65,1
DA:73,2
DA:74,2
DA:81,1
DA:85,1
DA:87,0
LF:23
LH:18
BRDA:40,0,0,2
BRDA:43,1,0,2
BRDA:43,1,1,0
BRDA:44,2,0,0
BRDA:44,2,1,2
BRDA:47,3,0,0
BRDA:47,3,1,0
BRDA:53,4,0,0
BRDA:53,4,1,0
BRDA:54,5,0,2
BRDA:54,5,1,2
BRDA:54,6,0,2
BRDA:54,6,1,0
BRDA:61,7,0,1
BRDA:61,8,0,1
BRDA:62,9,0,0
BRDA:63,10,0,0
BRDA:63,10,1,1
BRDA:69,11,0,1
BRDA:69,11,1,0
BRDA:73,12,0,0
BRDA:73,12,1,2
BRDA:85,13,0,1
BRDA:85,13,1,0
BRF:24
BRH:12
end_of_record
TN:
SF:/home/mike/dev/thr-addons/packages/controls/src/inputs/AddDynamicFormInput/index.ts
FNF:0
FNH:0
LF:0
LH:0
BRF:0
BRH:0
end_of_record
TN:
SF:/home/mike/dev/thr-addons/packages/controls/src/inputs/MaskedInput/MaskedInput.js
FN:70,getConvertFunction
FN:74,(anonymous_1)
FN:80,(anonymous_2)
FN:102,(anonymous_3)
FN:113,(anonymous_4)
FN:128,(anonymous_5)
FN:134,(anonymous_6)
FN:140,(anonymous_7)
FN:146,(anonymous_8)
FN:150,(anonymous_9)
FNF:10
FNH:3
FNDA:0,getConvertFunction
FNDA:0,(anonymous_1)
FNDA:0,(anonymous_2)
FNDA:1,(anonymous_3)
FNDA:0,(anonymous_4)
FNDA:0,(anonymous_5)
FNDA:0,(anonymous_6)
FNDA:0,(anonymous_7)
FNDA:1,(anonymous_8)
FNDA:1,(anonymous_9)
DA:71,0
DA:72,0
DA:74,0
DA:75,0
DA:76,0
DA:80,0
DA:94,1
DA:96,1
DA:103,1
DA:104,1
DA:110,1
DA:114,0
DA:115,0
DA:117,0
DA:118,0
DA:124,0
DA:128,1
DA:129,0
DA:130,0
DA:134,1
DA:135,0
DA:136,0
DA:140,1
DA:141,0
DA:142,0
DA:147,1
DA:148,1
DA:150,1
LF:28
LH:11
BRDA:71,0,0,0
BRDA:71,0,1,0
BRDA:72,1,0,0
BRDA:72,1,1,0
BRDA:72,1,2,0
BRDA:75,2,0,0
BRDA:75,2,1,0
BRDA:75,3,0,0
BRDA:75,3,1,0
BRDA:103,4,0,0
BRDA:103,4,1,1
BRDA:103,5,0,1
BRDA:103,5,1,0
BRDA:114,6,0,0
BRDA:114,6,1,0
BRDA:114,7,0,0
BRDA:114,7,1,0
BRDA:115,8,0,0
BRDA:115,8,1,0
BRDA:117,9,0,0
BRDA:117,9,1,0
BRDA:129,10,0,0
BRDA:129,10,1,0
BRDA:135,11,0,0
BRDA:135,11,1,0
BRDA:141,12,0,0
BRDA:141,12,1,0
BRF:27
BRH:2
end_of_record
TN:
SF:/home/mike/dev/thr-addons/packages/controls/src/inputs/MaskedInput/index.js
FNF:0
FNH:0
LF:0
LH:0
BRF:0
BRH:0
end_of_record
TN:
SF:/home/mike/dev/thr-addons/packages/controls/src/inputs/RadioGroup/RadioGroup.js
FN:31,(anonymous_0)
FN:36,(anonymous_1)
FN:41,(anonymous_2)
FNF:3
FNH:2
FNDA:0,(anonymous_0)
FNDA:1,(anonymous_1)
FNDA:2,(anonymous_2)
DA:22,1
DA:24,1
DA:31,1
DA:32,0
DA:37,1
DA:39,1
DA:42,2
DA:43,2
DA:48,0
LF:9
LH:7
BRDA:32,0,0,0
BRDA:32,0,1,0
BRDA:42,1,0,2
BRDA:42,1,1,0
BRDA:42,2,0,2
BRDA:42,2,1,0
BRDA:42,2,2,0
BRF:7
BRH:2
end_of_record
TN:
SF:/home/mike/dev/thr-addons/packages/controls/src/inputs/RadioGroup/index.js
FNF:0
FNH:0
LF:0
LH:0
BRF:0
BRH:0
end_of_record
TN:
SF:/home/mike/dev/thr-addons/packages/controls/src/menu/ResponsiveMenu/ResponsiveMenu.js
FN:20,ResponsiveMenu
FNF:1
FNH:1
FNDA:1,ResponsiveMenu
DA:21,1
DA:22,1
DA:23,1
DA:43,1
DA:47,1
DA:48,1
LF:6
LH:6
BRF:0
BRH:0
end_of_record
TN:
SF:/home/mike/dev/thr-addons/packages/controls/src/menu/ResponsiveMenu/index.js
FNF:0
FNH:0
LF:0
LH:0
BRF:0
BRH:0
end_of_record
TN:
SF:/home/mike/dev/thr-addons/packages/controls/src/menu/ResponsiveMenuContext/ResponsiveMenuContext.js
FNF:0
FNH:0
DA:3,1
DA:4,1
LF:2
LH:2
BRF:0
BRH:0
end_of_record
TN:
SF:/home/mike/dev/thr-addons/packages/controls/src/menu/ResponsiveMenuContext/index.js
FNF:0
FNH:0
LF:0
LH:0
BRF:0
BRH:0
end_of_record
TN:
SF:/home/mike/dev/thr-addons/packages/controls/src/menu/ResponsiveMenuDropdown/ResponsiveMenuDropdown.js
FN:13,ResponsiveMenuDropdown
FN:16,(anonymous_1)
FNF:2
FNH:0
FNDA:0,ResponsiveMenuDropdown
FNDA:0,(anonymous_1)
DA:14,0
DA:17,0
LF:2
LH:0
BRDA:17,0,0,0
BRDA:17,0,1,0
BRF:2
BRH:0
end_of_record
TN:
SF:/home/mike/dev/thr-addons/packages/controls/src/menu/ResponsiveMenuDropdown/index.js
FNF:0
FNH:0
LF:0
LH:0
BRF:0
BRH:0
end_of_record
TN:
SF:/home/mike/dev/thr-addons/packages/controls/src/menu/ResponsiveMenuItem/ResponsiveMenuItem.js
FN:14,ResponsiveMenuItem
FN:17,(anonymous_1)
FNF:2
FNH:0
FNDA:0,ResponsiveMenuItem
FNDA:0,(anonymous_1)
DA:15,0
DA:18,0
DA:19,0
LF:3
LH:0
BRDA:18,0,0,0
BRDA:18,0,1,0
BRDA:18,0,2,0
BRF:3
BRH:0
end_of_record
TN:
SF:/home/mike/dev/thr-addons/packages/controls/src/menu/ResponsiveMenuItem/index.js
FNF:0
FNH:0
LF:0
LH:0
BRF:0
BRH:0
end_of_record
TN:
SF:/home/mike/dev/thr-addons/packages/controls/src/money/MoneyInput/MoneyInput.js
FN:39,(anonymous_0)
FN:46,(anonymous_1)
FN:72,(anonymous_2)
FN:83,(anonymous_3)
FN:87,(anonymous_4)
FN:96,(anonymous_5)
FN:113,(anonymous_6)
FN:119,(anonymous_7)
FNF:8
FNH:3
FNDA:1,(anonymous_0)
FNDA:1,(anonymous_1)
FNDA:0,(anonymous_2)
FNDA:0,(anonymous_3)
FNDA:0,(anonymous_4)
FNDA:0,(anonymous_5)
FNDA:1,(anonymous_6)
FNDA:0,(anonymous_7)
DA:8,1
DA:34,1
DA:40,1
DA:41,1
DA:42,0
DA:47,1
DA:48,1
DA:49,0
DA:53,0
DA:54,0
DA:55,0
DA:56,0
DA:58,0
DA:62,0
DA:64,0
DA:73,0
DA:74,0
DA:75,0
DA:76,0
DA:77,0
DA:79,0
DA:84,0
DA:87,1
DA:88,0
DA:89,0
DA:90,0
DA:91,0
DA:92,0
DA:96,1
DA:97,0
DA:99,0
DA:101,0
DA:114,1
DA:115,1
DA:117,1
DA:119,0
LF:36
LH:11
BRDA:41,0,0,0
BRDA:41,0,1,1
BRDA:41,1,0,1
BRDA:41,1,1,0
BRDA:41,1,2,0
BRDA:48,2,0,0
BRDA:48,2,1,1
BRDA:53,3,0,0
BRDA:53,3,1,0
BRDA:55,4,0,0
BRDA:55,4,1,0
BRDA:62,5,0,0
BRDA:62,5,1,0
BRDA:75,6,0,0
BRDA:75,6,1,0
BRDA:79,7,0,0
BRDA:79,7,1,0
BRDA:89,8,0,0
BRDA:89,8,1,0
BRDA:91,9,0,0
BRDA:91,9,1,0
BRDA:91,10,0,0
BRDA:91,10,1,0
BRDA:104,11,0,0
BRDA:104,11,1,0
BRDA:119,12,0,0
BRDA:119,12,1,1
BRDA:120,13,0,0
BRDA:120,13,1,1
BRF:29
BRH:5
end_of_record
TN:
SF:/home/mike/dev/thr-addons/packages/controls/src/money/MoneyInput/index.js
FNF:0
FNH:0
LF:0
LH:0
BRF:0
BRH:0
end_of_record
TN:
SF:/home/mike/dev/thr-addons/packages/controls/src/money/MoneyInput/moneyInputMask.js
FN:5,moneyInputMask
FN:6,onComplete
FN:10,onCleared
FNF:3
FNH:0
FNDA:0,moneyInputMask
FNDA:0,onComplete
FNDA:0,onCleared
DA:7,0
DA:11,0
DA:14,0
DA:27,0
DA:29,0
LF:5
LH:0
BRF:0
BRH:0
end_of_record
TN:
SF:/home/mike/dev/thr-addons/packages/controls/src/money/MoneyInputMask/index.js
FN:34,(anonymous_0)
FN:45,(anonymous_1)
FN:59,(anonymous_2)
FN:74,(anonymous_3)
FNF:4
FNH:1
FNDA:0,(anonymous_0)
FNDA:0,(anonymous_1)
FNDA:1,(anonymous_2)
FNDA:0,(anonymous_3)
DA:11,1
DA:24,1
DA:34,1
DA:35,0
DA:36,0
DA:37,0
DA:38,0
DA:39,0
DA:41,0
DA:45,1
DA:46,0
DA:47,0
DA:60,1
DA:61,1
DA:63,1
DA:75,0
DA:76,0
LF:17
LH:7
BRDA:38,0,0,0
BRDA:38,0,1,0
BRDA:39,1,0,0
BRDA:39,1,1,0
BRDA:50,2,0,0
BRDA:50,2,1,0
BRDA:61,3,0,0
BRDA:61,3,1,1
BRDA:78,4,0,0
BRDA:78,4,1,0
BRDA:79,5,0,0
BRDA:79,5,1,0
BRF:12
BRH:1
end_of_record
