<?xml version="1.0" encoding="UTF-8"?>
<coverage generated="1529613850739" clover="3.2.0">
  <project timestamp="1529613850740" name="All files">
    <metrics statements="54" coveredstatements="40" conditionals="37" coveredconditionals="13" methods="21" coveredmethods="13" elements="112" coveredelements="66" complexity="0" loc="54" ncloc="54" packages="2" files="9" classes="9">
      <package name="src">
        <metrics statements="53" coveredstatements="39" conditionals="37" coveredconditionals="13" methods="21" coveredmethods="13"/>
        <file name="FieldMap.js" path="/home/mike/dev/thr-addons/packages/controls/src/FieldMap.js">
          <metrics statements="5" coveredstatements="5" conditionals="0" coveredconditionals="0" methods="2" coveredmethods="2"/>
          <line num="21" count="2" type="stmt"/>
          <line num="23" count="1" type="stmt"/>
          <line num="25" count="2" type="stmt"/>
          <line num="27" count="2" type="stmt"/>
          <line num="30" count="1" type="stmt"/>
        </file>
        <file name="MaskedInput.js" path="/home/mike/dev/thr-addons/packages/controls/src/MaskedInput.js">
          <metrics statements="14" coveredstatements="6" conditionals="18" coveredconditionals="2" methods="7" coveredmethods="3"/>
          <line num="89" count="1" type="cond" truecount="2" falsecount="2"/>
          <line num="90" count="1" type="stmt"/>
          <line num="96" count="1" type="stmt"/>
          <line num="100" count="0" type="cond" truecount="0" falsecount="4"/>
          <line num="101" count="0" type="cond" truecount="0" falsecount="2"/>
          <line num="103" count="0" type="cond" truecount="0" falsecount="2"/>
          <line num="104" count="0" type="stmt"/>
          <line num="110" count="0" type="stmt"/>
          <line num="118" count="0" type="cond" truecount="0" falsecount="2"/>
          <line num="122" count="0" type="cond" truecount="0" falsecount="2"/>
          <line num="126" count="0" type="cond" truecount="0" falsecount="2"/>
          <line num="130" count="1" type="stmt"/>
          <line num="131" count="1" type="stmt"/>
          <line num="133" count="1" type="stmt"/>
        </file>
        <file name="RadioGroup.js" path="/home/mike/dev/thr-addons/packages/controls/src/RadioGroup.js">
          <metrics statements="6" coveredstatements="5" conditionals="6" coveredconditionals="3" methods="3" coveredmethods="3"/>
          <line num="37" count="1" type="cond" truecount="1" falsecount="1"/>
          <line num="41" count="2" type="stmt"/>
          <line num="43" count="2" type="stmt"/>
          <line num="46" count="4" type="cond" truecount="2" falsecount="2"/>
          <line num="47" count="4" type="stmt"/>
          <line num="52" count="0" type="stmt"/>
        </file>
        <file name="ResponsiveMenu.js" path="/home/mike/dev/thr-addons/packages/controls/src/ResponsiveMenu.js">
          <metrics statements="6" coveredstatements="6" conditionals="0" coveredconditionals="0" methods="1" coveredmethods="1"/>
          <line num="24" count="1" type="stmt"/>
          <line num="25" count="1" type="stmt"/>
          <line num="26" count="1" type="stmt"/>
          <line num="46" count="1" type="stmt"/>
          <line num="50" count="1" type="stmt"/>
          <line num="51" count="1" type="stmt"/>
        </file>
        <file name="ResponsiveMenuContext.js" path="/home/mike/dev/thr-addons/packages/controls/src/ResponsiveMenuContext.js">
          <metrics statements="2" coveredstatements="2" conditionals="0" coveredconditionals="0" methods="0" coveredmethods="0"/>
          <line num="3" count="1" type="stmt"/>
          <line num="4" count="1" type="stmt"/>
        </file>
        <file name="ResponsiveMenuDropdown.js" path="/home/mike/dev/thr-addons/packages/controls/src/ResponsiveMenuDropdown.js">
          <metrics statements="2" coveredstatements="0" conditionals="2" coveredconditionals="0" methods="2" coveredmethods="0"/>
          <line num="17" count="0" type="stmt"/>
          <line num="20" count="0" type="cond" truecount="0" falsecount="2"/>
        </file>
        <file name="ResponsiveMenuItem.js" path="/home/mike/dev/thr-addons/packages/controls/src/ResponsiveMenuItem.js">
          <metrics statements="3" coveredstatements="0" conditionals="3" coveredconditionals="0" methods="2" coveredmethods="0"/>
          <line num="17" count="0" type="stmt"/>
          <line num="20" count="0" type="cond" truecount="0" falsecount="3"/>
          <line num="21" count="0" type="stmt"/>
        </file>
        <file name="TForm.js" path="/home/mike/dev/thr-addons/packages/controls/src/TForm.js">
          <metrics statements="15" coveredstatements="15" conditionals="8" coveredconditionals="8" methods="4" coveredmethods="4"/>
          <line num="33" count="4" type="stmt"/>
          <line num="34" count="4" type="stmt"/>
          <line num="36" count="4" type="stmt"/>
          <line num="38" count="4" type="cond" truecount="2" falsecount="0"/>
          <line num="39" count="1" type="stmt"/>
          <line num="40" count="1" type="stmt"/>
          <line num="44" count="1" type="stmt"/>
          <line num="50" count="4" type="cond" truecount="2" falsecount="0"/>
          <line num="51" count="1" type="stmt"/>
          <line num="56" count="1" type="stmt"/>
          <line num="63" count="4" type="stmt"/>
          <line num="66" count="4" type="cond" truecount="2" falsecount="0"/>
          <line num="69" count="4" type="cond" truecount="2" falsecount="0"/>
          <line num="76" count="3" type="stmt"/>
          <line num="77" count="3" type="stmt"/>
        </file>
      </package>
      <package name="tests">
        <metrics statements="1" coveredstatements="1" conditionals="0" coveredconditionals="0" methods="0" coveredmethods="0"/>
        <file name="setupTests.js" path="/home/mike/dev/thr-addons/packages/controls/tests/setupTests.js">
          <metrics statements="1" coveredstatements="1" conditionals="0" coveredconditionals="0" methods="0" coveredmethods="0"/>
          <line num="4" count="5" type="stmt"/>
        </file>
      </package>
    </metrics>
  </project>
</coverage>
