{"/home/mike/dev/thr-addons/packages/controls/src/FieldMap.js": {"path":"/home/mike/dev/thr-addons/packages/controls/src/FieldMap.js","statementMap":{"0":{"start":{"line":21,"column":15},"end":{"line":24,"column":2}},"1":{"start":{"line":23,"column":25},"end":{"line":23,"column":48}},"2":{"start":{"line":25,"column":1},"end":{"line":25,"column":24}},"3":{"start":{"line":27,"column":1},"end":{"line":27,"column":39}},"4":{"start":{"line":30,"column":0},"end":{"line":30,"column":34}}},"fnMap":{"0":{"name":"FieldMap","decl":{"start":{"line":20,"column":24},"end":{"line":20,"column":32}},"loc":{"start":{"line":20,"column":81},"end":{"line":28,"column":1}},"line":20},"1":{"name":"(anonymous_1)","decl":{"start":{"line":23,"column":12},"end":{"line":23,"column":13}},"loc":{"start":{"line":23,"column":25},"end":{"line":23,"column":48}},"line":23}},"branchMap":{},"s":{"0":2,"1":1,"2":2,"3":2,"4":1},"f":{"0":2,"1":1},"b":{},"_coverageSchema":"332fd63041d2c1bcb487cc26dd0d5f7d97098a6c","hash":"2e378eed8376be840a0652714e3279693efd168c"}
,"/home/mike/dev/thr-addons/packages/controls/src/MaskedInput.js": {"path":"/home/mike/dev/thr-addons/packages/controls/src/MaskedInput.js","statementMap":{"0":{"start":{"line":89,"column":2},"end":{"line":89,"column":76}},"1":{"start":{"line":89,"column":39},"end":{"line":89,"column":76}},"2":{"start":{"line":90,"column":13},"end":{"line":95,"column":4}},"3":{"start":{"line":96,"column":2},"end":{"line":96,"column":23}},"4":{"start":{"line":100,"column":2},"end":{"line":102,"column":3}},"5":{"start":{"line":101,"column":3},"end":{"line":101,"column":46}},"6":{"start":{"line":103,"column":2},"end":{"line":111,"column":3}},"7":{"start":{"line":104,"column":14},"end":{"line":109,"column":5}},"8":{"start":{"line":110,"column":3},"end":{"line":110,"column":24}},"9":{"start":{"line":118,"column":2},"end":{"line":118,"column":64}},"10":{"start":{"line":118,"column":27},"end":{"line":118,"column":64}},"11":{"start":{"line":122,"column":2},"end":{"line":122,"column":51}},"12":{"start":{"line":122,"column":27},"end":{"line":122,"column":51}},"13":{"start":{"line":126,"column":2},"end":{"line":126,"column":64}},"14":{"start":{"line":126,"column":27},"end":{"line":126,"column":64}},"15":{"start":{"line":130,"column":51},"end":{"line":130,"column":61}},"16":{"start":{"line":131,"column":2},"end":{"line":135,"column":4}},"17":{"start":{"line":133,"column":22},"end":{"line":133,"column":37}}},"fnMap":{"0":{"name":"(anonymous_0)","decl":{"start":{"line":88,"column":1},"end":{"line":88,"column":2}},"loc":{"start":{"line":88,"column":21},"end":{"line":97,"column":2}},"line":88},"1":{"name":"(anonymous_1)","decl":{"start":{"line":99,"column":1},"end":{"line":99,"column":2}},"loc":{"start":{"line":99,"column":39},"end":{"line":112,"column":2}},"line":99},"2":{"name":"(anonymous_2)","decl":{"start":{"line":117,"column":18},"end":{"line":117,"column":19}},"loc":{"start":{"line":117,"column":34},"end":{"line":119,"column":2}},"line":117},"3":{"name":"(anonymous_3)","decl":{"start":{"line":121,"column":17},"end":{"line":121,"column":18}},"loc":{"start":{"line":121,"column":23},"end":{"line":123,"column":2}},"line":121},"4":{"name":"(anonymous_4)","decl":{"start":{"line":125,"column":20},"end":{"line":125,"column":21}},"loc":{"start":{"line":125,"column":36},"end":{"line":127,"column":2}},"line":125},"5":{"name":"(anonymous_5)","decl":{"start":{"line":129,"column":1},"end":{"line":129,"column":2}},"loc":{"start":{"line":129,"column":10},"end":{"line":136,"column":2}},"line":129},"6":{"name":"(anonymous_6)","decl":{"start":{"line":133,"column":16},"end":{"line":133,"column":17}},"loc":{"start":{"line":133,"column":22},"end":{"line":133,"column":37}},"line":133}},"branchMap":{"0":{"loc":{"start":{"line":89,"column":2},"end":{"line":89,"column":76}},"type":"if","locations":[{"start":{"line":89,"column":2},"end":{"line":89,"column":76}},{"start":{"line":89,"column":2},"end":{"line":89,"column":76}}],"line":89},"1":{"loc":{"start":{"line":89,"column":6},"end":{"line":89,"column":37}},"type":"binary-expr","locations":[{"start":{"line":89,"column":6},"end":{"line":89,"column":22}},{"start":{"line":89,"column":26},"end":{"line":89,"column":37}}],"line":89},"2":{"loc":{"start":{"line":100,"column":2},"end":{"line":102,"column":3}},"type":"if","locations":[{"start":{"line":100,"column":2},"end":{"line":102,"column":3}},{"start":{"line":100,"column":2},"end":{"line":102,"column":3}}],"line":100},"3":{"loc":{"start":{"line":100,"column":6},"end":{"line":100,"column":57}},"type":"binary-expr","locations":[{"start":{"line":100,"column":6},"end":{"line":100,"column":42}},{"start":{"line":100,"column":46},"end":{"line":100,"column":57}}],"line":100},"4":{"loc":{"start":{"line":101,"column":23},"end":{"line":101,"column":45}},"type":"binary-expr","locations":[{"start":{"line":101,"column":23},"end":{"line":101,"column":39}},{"start":{"line":101,"column":43},"end":{"line":101,"column":45}}],"line":101},"5":{"loc":{"start":{"line":103,"column":2},"end":{"line":111,"column":3}},"type":"if","locations":[{"start":{"line":103,"column":2},"end":{"line":111,"column":3}},{"start":{"line":103,"column":2},"end":{"line":111,"column":3}}],"line":103},"6":{"loc":{"start":{"line":118,"column":2},"end":{"line":118,"column":64}},"type":"if","locations":[{"start":{"line":118,"column":2},"end":{"line":118,"column":64}},{"start":{"line":118,"column":2},"end":{"line":118,"column":64}}],"line":118},"7":{"loc":{"start":{"line":122,"column":2},"end":{"line":122,"column":51}},"type":"if","locations":[{"start":{"line":122,"column":2},"end":{"line":122,"column":51}},{"start":{"line":122,"column":2},"end":{"line":122,"column":51}}],"line":122},"8":{"loc":{"start":{"line":126,"column":2},"end":{"line":126,"column":64}},"type":"if","locations":[{"start":{"line":126,"column":2},"end":{"line":126,"column":64}},{"start":{"line":126,"column":2},"end":{"line":126,"column":64}}],"line":126}},"s":{"0":1,"1":0,"2":1,"3":1,"4":0,"5":0,"6":0,"7":0,"8":0,"9":0,"10":0,"11":0,"12":0,"13":0,"14":0,"15":1,"16":1,"17":1},"f":{"0":1,"1":0,"2":0,"3":0,"4":0,"5":1,"6":1},"b":{"0":[0,1],"1":[1,0],"2":[0,0],"3":[0,0],"4":[0,0],"5":[0,0],"6":[0,0],"7":[0,0],"8":[0,0]},"_coverageSchema":"332fd63041d2c1bcb487cc26dd0d5f7d97098a6c","hash":"19569e8c00bcb4f99ffaafe3f2ac8ee71c7521d3"}
,"/home/mike/dev/thr-addons/packages/controls/src/RadioGroup.js": {"path":"/home/mike/dev/thr-addons/packages/controls/src/RadioGroup.js","statementMap":{"0":{"start":{"line":37,"column":2},"end":{"line":37,"column":54}},"1":{"start":{"line":37,"column":27},"end":{"line":37,"column":54}},"2":{"start":{"line":41,"column":55},"end":{"line":41,"column":65}},"3":{"start":{"line":43,"column":2},"end":{"line":55,"column":4}},"4":{"start":{"line":46,"column":5},"end":{"line":51,"column":6}},"5":{"start":{"line":47,"column":6},"end":{"line":50,"column":9}},"6":{"start":{"line":52,"column":5},"end":{"line":52,"column":18}}},"fnMap":{"0":{"name":"(anonymous_0)","decl":{"start":{"line":36,"column":16},"end":{"line":36,"column":17}},"loc":{"start":{"line":36,"column":53},"end":{"line":38,"column":2}},"line":36},"1":{"name":"(anonymous_1)","decl":{"start":{"line":40,"column":1},"end":{"line":40,"column":2}},"loc":{"start":{"line":40,"column":10},"end":{"line":56,"column":2}},"line":40},"2":{"name":"(anonymous_2)","decl":{"start":{"line":45,"column":28},"end":{"line":45,"column":29}},"loc":{"start":{"line":45,"column":37},"end":{"line":53,"column":5}},"line":45}},"branchMap":{"0":{"loc":{"start":{"line":37,"column":2},"end":{"line":37,"column":54}},"type":"if","locations":[{"start":{"line":37,"column":2},"end":{"line":37,"column":54}},{"start":{"line":37,"column":2},"end":{"line":37,"column":54}}],"line":37},"1":{"loc":{"start":{"line":46,"column":5},"end":{"line":51,"column":6}},"type":"if","locations":[{"start":{"line":46,"column":5},"end":{"line":51,"column":6}},{"start":{"line":46,"column":5},"end":{"line":51,"column":6}}],"line":46},"2":{"loc":{"start":{"line":46,"column":9},"end":{"line":46,"column":71}},"type":"binary-expr","locations":[{"start":{"line":46,"column":9},"end":{"line":46,"column":40}},{"start":{"line":46,"column":44},"end":{"line":46,"column":71}}],"line":46}},"s":{"0":1,"1":1,"2":2,"3":2,"4":4,"5":4,"6":0},"f":{"0":1,"1":2,"2":4},"b":{"0":[1,0],"1":[4,0],"2":[4,0]},"_coverageSchema":"332fd63041d2c1bcb487cc26dd0d5f7d97098a6c","hash":"6d462dd06888def779bd172053eab427b55c78ce"}
,"/home/mike/dev/thr-addons/packages/controls/src/ResponsiveMenu.js": {"path":"/home/mike/dev/thr-addons/packages/controls/src/ResponsiveMenu.js","statementMap":{"0":{"start":{"line":24,"column":18},"end":{"line":24,"column":53}},"1":{"start":{"line":25,"column":18},"end":{"line":25,"column":49}},"2":{"start":{"line":26,"column":1},"end":{"line":43,"column":3}},"3":{"start":{"line":46,"column":0},"end":{"line":48,"column":2}},"4":{"start":{"line":50,"column":0},"end":{"line":50,"column":41}},"5":{"start":{"line":51,"column":0},"end":{"line":51,"column":49}}},"fnMap":{"0":{"name":"ResponsiveMenu","decl":{"start":{"line":23,"column":24},"end":{"line":23,"column":38}},"loc":{"start":{"line":23,"column":80},"end":{"line":44,"column":1}},"line":23}},"branchMap":{},"s":{"0":1,"1":1,"2":1,"3":1,"4":1,"5":1},"f":{"0":1},"b":{},"_coverageSchema":"332fd63041d2c1bcb487cc26dd0d5f7d97098a6c","hash":"22f3b603e77a4b107222bd8efeda6581445facfb"}
,"/home/mike/dev/thr-addons/packages/controls/src/ResponsiveMenuContext.js": {"path":"/home/mike/dev/thr-addons/packages/controls/src/ResponsiveMenuContext.js","statementMap":{"0":{"start":{"line":3,"column":37},"end":{"line":3,"column":75}},"1":{"start":{"line":4,"column":45},"end":{"line":4,"column":87}}},"fnMap":{},"branchMap":{},"s":{"0":1,"1":1},"f":{},"b":{},"_coverageSchema":"332fd63041d2c1bcb487cc26dd0d5f7d97098a6c","hash":"141772a34cb471710589d8e69888b73ebcb9b027"}
,"/home/mike/dev/thr-addons/packages/controls/src/ResponsiveMenuDropdown.js": {"path":"/home/mike/dev/thr-addons/packages/controls/src/ResponsiveMenuDropdown.js","statementMap":{"0":{"start":{"line":17,"column":1},"end":{"line":29,"column":3}},"1":{"start":{"line":20,"column":4},"end":{"line":26,"column":15}}},"fnMap":{"0":{"name":"ResponsiveMenuDropdown","decl":{"start":{"line":16,"column":24},"end":{"line":16,"column":46}},"loc":{"start":{"line":16,"column":78},"end":{"line":30,"column":1}},"line":16},"1":{"name":"(anonymous_1)","decl":{"start":{"line":19,"column":4},"end":{"line":19,"column":5}},"loc":{"start":{"line":20,"column":4},"end":{"line":26,"column":15}},"line":20}},"branchMap":{"0":{"loc":{"start":{"line":20,"column":37},"end":{"line":20,"column":65}},"type":"cond-expr","locations":[{"start":{"line":20,"column":48},"end":{"line":20,"column":52}},{"start":{"line":20,"column":55},"end":{"line":20,"column":65}}],"line":20}},"s":{"0":0,"1":0},"f":{"0":0,"1":0},"b":{"0":[0,0]},"_coverageSchema":"332fd63041d2c1bcb487cc26dd0d5f7d97098a6c","hash":"7c8f79a5c8ccf8508f4c487699477d7f536c9073"}
,"/home/mike/dev/thr-addons/packages/controls/src/ResponsiveMenuItem.js": {"path":"/home/mike/dev/thr-addons/packages/controls/src/ResponsiveMenuItem.js","statementMap":{"0":{"start":{"line":17,"column":1},"end":{"line":29,"column":3}},"1":{"start":{"line":20,"column":26},"end":{"line":20,"column":58}},"2":{"start":{"line":21,"column":4},"end":{"line":26,"column":6}}},"fnMap":{"0":{"name":"ResponsiveMenuItem","decl":{"start":{"line":16,"column":24},"end":{"line":16,"column":42}},"loc":{"start":{"line":16,"column":88},"end":{"line":30,"column":1}},"line":16},"1":{"name":"(anonymous_1)","decl":{"start":{"line":19,"column":4},"end":{"line":19,"column":5}},"loc":{"start":{"line":19,"column":29},"end":{"line":27,"column":4}},"line":19}},"branchMap":{"0":{"loc":{"start":{"line":20,"column":26},"end":{"line":20,"column":58}},"type":"binary-expr","locations":[{"start":{"line":20,"column":26},"end":{"line":20,"column":28}},{"start":{"line":20,"column":32},"end":{"line":20,"column":45}},{"start":{"line":20,"column":49},"end":{"line":20,"column":58}}],"line":20}},"s":{"0":0,"1":0,"2":0},"f":{"0":0,"1":0},"b":{"0":[0,0,0]},"_coverageSchema":"332fd63041d2c1bcb487cc26dd0d5f7d97098a6c","hash":"60e04fe7e852ae7f45af9f7171d7cdd9adcdb43a"}
,"/home/mike/dev/thr-addons/packages/controls/src/TForm.js": {"path":"/home/mike/dev/thr-addons/packages/controls/src/TForm.js","statementMap":{"0":{"start":{"line":33,"column":38},"end":{"line":33,"column":42}},"1":{"start":{"line":34,"column":38},"end":{"line":34,"column":48}},"2":{"start":{"line":36,"column":2},"end":{"line":72,"column":5}},"3":{"start":{"line":38,"column":4},"end":{"line":38,"column":29}},"4":{"start":{"line":38,"column":17},"end":{"line":38,"column":29}},"5":{"start":{"line":39,"column":28},"end":{"line":39,"column":34}},"6":{"start":{"line":40,"column":4},"end":{"line":47,"column":6}},"7":{"start":{"line":44,"column":7},"end":{"line":44,"column":45}},"8":{"start":{"line":50,"column":4},"end":{"line":50,"column":39}},"9":{"start":{"line":50,"column":27},"end":{"line":50,"column":39}},"10":{"start":{"line":51,"column":4},"end":{"line":60,"column":6}},"11":{"start":{"line":56,"column":8},"end":{"line":56,"column":50}},"12":{"start":{"line":63,"column":4},"end":{"line":63,"column":20}},"13":{"start":{"line":66,"column":4},"end":{"line":66,"column":75}},"14":{"start":{"line":69,"column":4},"end":{"line":69,"column":57}},"15":{"start":{"line":76,"column":39},"end":{"line":76,"column":49}},"16":{"start":{"line":77,"column":2},"end":{"line":79,"column":4}}},"fnMap":{"0":{"name":"(anonymous_0)","decl":{"start":{"line":32,"column":14},"end":{"line":32,"column":15}},"loc":{"start":{"line":32,"column":22},"end":{"line":73,"column":2}},"line":32},"1":{"name":"(anonymous_1)","decl":{"start":{"line":43,"column":25},"end":{"line":43,"column":26}},"loc":{"start":{"line":44,"column":7},"end":{"line":44,"column":45}},"line":44},"2":{"name":"(anonymous_2)","decl":{"start":{"line":55,"column":34},"end":{"line":55,"column":35}},"loc":{"start":{"line":56,"column":8},"end":{"line":56,"column":50}},"line":56},"3":{"name":"(anonymous_3)","decl":{"start":{"line":75,"column":1},"end":{"line":75,"column":2}},"loc":{"start":{"line":75,"column":10},"end":{"line":80,"column":2}},"line":75}},"branchMap":{"0":{"loc":{"start":{"line":38,"column":4},"end":{"line":38,"column":29}},"type":"if","locations":[{"start":{"line":38,"column":4},"end":{"line":38,"column":29}},{"start":{"line":38,"column":4},"end":{"line":38,"column":29}}],"line":38},"1":{"loc":{"start":{"line":50,"column":4},"end":{"line":50,"column":39}},"type":"if","locations":[{"start":{"line":50,"column":4},"end":{"line":50,"column":39}},{"start":{"line":50,"column":4},"end":{"line":50,"column":39}}],"line":50},"2":{"loc":{"start":{"line":66,"column":11},"end":{"line":66,"column":74}},"type":"binary-expr","locations":[{"start":{"line":66,"column":11},"end":{"line":66,"column":52}},{"start":{"line":66,"column":56},"end":{"line":66,"column":74}}],"line":66},"3":{"loc":{"start":{"line":69,"column":14},"end":{"line":69,"column":55}},"type":"binary-expr","locations":[{"start":{"line":69,"column":14},"end":{"line":69,"column":32}},{"start":{"line":69,"column":36},"end":{"line":69,"column":55}}],"line":69}},"s":{"0":4,"1":4,"2":4,"3":4,"4":3,"5":1,"6":1,"7":1,"8":4,"9":3,"10":1,"11":1,"12":4,"13":4,"14":4,"15":3,"16":3},"f":{"0":4,"1":1,"2":1,"3":3},"b":{"0":[3,1],"1":[3,1],"2":[4,1],"3":[4,1]},"_coverageSchema":"332fd63041d2c1bcb487cc26dd0d5f7d97098a6c","hash":"8921a3d5ae03066663c2ccbb96a0681d5eee51d5"}
,"/home/mike/dev/thr-addons/packages/controls/tests/setupTests.js": {"path":"/home/mike/dev/thr-addons/packages/controls/tests/setupTests.js","statementMap":{"0":{"start":{"line":4,"column":0},"end":{"line":4,"column":43}}},"fnMap":{},"branchMap":{},"s":{"0":5},"f":{},"b":{},"_coverageSchema":"332fd63041d2c1bcb487cc26dd0d5f7d97098a6c","hash":"42c2189b28e9b506f873bd8ce6d0f1eccb3c1206"}
}
