TN:
SF:/home/mike/dev/thr-addons/packages/controls/src/date/util.js
FN:6,dateInit
FNF:1
FNH:1
FNDA:1,dateInit
DA:7,1
LF:1
LH:1
BRF:0
BRH:0
end_of_record
TN:
SF:/home/mike/dev/thr-addons/packages/controls/src/date/DateTimePicker/DateTimePicker.js
FN:17,DateTimePicker
FNF:1
FNH:1
FNDA:1,DateTimePicker
DA:19,1
DA:20,0
DA:22,1
DA:23,1
DA:24,1
LF:5
LH:4
BRDA:19,0,0,0
BRDA:19,0,1,1
BRF:2
BRH:1
end_of_record
TN:
SF:/home/mike/dev/thr-addons/packages/controls/src/date/DateTimePicker/index.js
FNF:0
FNH:0
LF:0
LH:0
BRF:0
BRH:0
end_of_record
TN:
SF:/home/mike/dev/thr-addons/packages/controls/src/date/EpochDatePicker/EpochDatePicker.js
FN:39,(anonymous_0)
FN:43,(anonymous_1)
FN:47,(anonymous_2)
FN:51,(anonymous_3)
FNF:4
FNH:1
FNDA:0,(anonymous_0)
FNDA:0,(anonymous_1)
FNDA:0,(anonymous_2)
FNDA:1,(anonymous_3)
DA:40,0
DA:44,0
DA:48,0
DA:64,1
DA:67,1
DA:68,0
DA:71,1
DA:72,1
DA:73,1
DA:74,1
DA:75,1
DA:76,1
DA:78,1
DA:79,1
DA:80,1
DA:81,1
DA:82,1
DA:83,1
DA:84,1
DA:85,1
DA:86,1
DA:87,1
DA:89,1
LF:23
LH:19
BRDA:40,0,0,0
BRDA:40,0,1,0
BRDA:40,1,0,0
BRDA:40,1,1,0
BRDA:44,2,0,0
BRDA:44,2,1,0
BRDA:44,3,0,0
BRDA:44,3,1,0
BRDA:48,4,0,0
BRDA:48,4,1,0
BRDA:48,5,0,0
BRDA:48,5,1,0
BRDA:67,6,0,0
BRDA:67,6,1,1
BRDA:71,7,0,0
BRDA:71,7,1,1
BRDA:72,8,0,0
BRDA:72,8,1,1
BRDA:73,9,0,0
BRDA:73,9,1,1
BRDA:74,10,0,0
BRDA:74,10,1,1
BRDA:75,11,0,0
BRDA:75,11,1,1
BRDA:76,12,0,0
BRDA:76,12,1,1
BRDA:79,13,0,0
BRDA:79,13,1,1
BRDA:80,14,0,0
BRDA:80,14,1,1
BRDA:81,15,0,0
BRDA:81,15,1,1
BRDA:82,16,0,0
BRDA:82,16,1,1
BRDA:83,17,0,0
BRDA:83,17,1,1
BRDA:84,18,0,0
BRDA:84,18,1,1
BRDA:85,19,0,0
BRDA:85,19,1,1
BRDA:86,20,0,0
BRDA:86,20,1,1
BRDA:87,21,0,0
BRDA:87,21,1,1
BRF:44
BRH:16
end_of_record
TN:
SF:/home/mike/dev/thr-addons/packages/controls/src/date/EpochDatePicker/index.js
FNF:0
FNH:0
LF:0
LH:0
BRF:0
BRH:0
end_of_record
TN:
SF:/home/mike/dev/thr-addons/packages/controls/src/date/LocalDatePicker/LocalDatePicker.js
FN:39,(anonymous_0)
FN:43,(anonymous_1)
FN:47,(anonymous_2)
FN:51,(anonymous_3)
FNF:4
FNH:1
FNDA:0,(anonymous_0)
FNDA:0,(anonymous_1)
FNDA:0,(anonymous_2)
FNDA:1,(anonymous_3)
DA:40,0
DA:44,0
DA:48,0
DA:64,1
DA:67,1
DA:68,0
DA:71,1
DA:72,1
DA:73,1
DA:74,1
DA:75,1
DA:76,1
DA:78,1
DA:79,1
DA:80,1
DA:81,1
DA:82,1
DA:83,1
DA:84,1
DA:85,1
DA:86,1
DA:87,1
DA:89,1
LF:23
LH:19
BRDA:40,0,0,0
BRDA:40,0,1,0
BRDA:40,1,0,0
BRDA:40,1,1,0
BRDA:44,2,0,0
BRDA:44,2,1,0
BRDA:44,3,0,0
BRDA:44,3,1,0
BRDA:48,4,0,0
BRDA:48,4,1,0
BRDA:48,5,0,0
BRDA:48,5,1,0
BRDA:67,6,0,0
BRDA:67,6,1,1
BRDA:71,7,0,0
BRDA:71,7,1,1
BRDA:72,8,0,0
BRDA:72,8,1,1
BRDA:73,9,0,0
BRDA:73,9,1,1
BRDA:74,10,0,0
BRDA:74,10,1,1
BRDA:75,11,0,0
BRDA:75,11,1,1
BRDA:76,12,0,0
BRDA:76,12,1,1
BRDA:79,13,0,0
BRDA:79,13,1,1
BRDA:80,14,0,0
BRDA:80,14,1,1
BRDA:81,15,0,0
BRDA:81,15,1,1
BRDA:82,16,0,0
BRDA:82,16,1,1
BRDA:83,17,0,0
BRDA:83,17,1,1
BRDA:84,18,0,0
BRDA:84,18,1,1
BRDA:85,19,0,0
BRDA:85,19,1,1
BRDA:86,20,0,0
BRDA:86,20,1,1
BRDA:87,21,0,0
BRDA:87,21,1,1
BRF:44
BRH:16
end_of_record
TN:
SF:/home/mike/dev/thr-addons/packages/controls/src/date/LocalDatePicker/index.js
FNF:0
FNH:0
LF:0
LH:0
BRF:0
BRH:0
end_of_record
TN:
SF:/home/mike/dev/thr-addons/packages/controls/src/date/LocalMonthSelect/LocalMonthSelect.js
FN:50,(anonymous_0)
FN:62,(anonymous_1)
FNF:2
FNH:1
FNDA:0,(anonymous_0)
FNDA:1,(anonymous_1)
DA:8,1
DA:10,1
DA:51,0
DA:52,0
DA:53,0
DA:55,0
DA:57,0
DA:63,1
DA:65,1
LF:9
LH:4
BRDA:52,0,0,0
BRDA:52,0,1,0
BRDA:53,1,0,0
BRDA:53,1,1,0
BRDA:66,2,0,0
BRDA:66,2,1,1
BRF:6
BRH:1
end_of_record
TN:
SF:/home/mike/dev/thr-addons/packages/controls/src/date/LocalMonthSelect/index.js
FNF:0
FNH:0
LF:0
LH:0
BRF:0
BRH:0
end_of_record
TN:
SF:/home/mike/dev/thr-addons/packages/controls/src/date/MonthSelect/MonthSelect.js
FN:50,(anonymous_0)
FN:65,(anonymous_1)
FNF:2
FNH:1
FNDA:0,(anonymous_0)
FNDA:1,(anonymous_1)
DA:8,1
DA:10,1
DA:51,0
DA:52,0
DA:53,0
DA:55,0
DA:60,0
DA:66,1
DA:68,1
LF:9
LH:4
BRDA:52,0,0,0
BRDA:52,0,1,0
BRDA:53,1,0,0
BRDA:53,1,1,0
BRDA:69,2,0,0
BRDA:69,2,1,1
BRF:6
BRH:1
end_of_record
TN:
SF:/home/mike/dev/thr-addons/packages/controls/src/date/MonthSelect/index.js
FNF:0
FNH:0
LF:0
LH:0
BRF:0
BRH:0
end_of_record
TN:
SF:/home/mike/dev/thr-addons/packages/controls/src/form/FieldMap/FieldMap.js
FN:20,FieldMap
FN:23,(anonymous_1)
FNF:2
FNH:2
FNDA:2,FieldMap
FNDA:1,(anonymous_1)
DA:21,2
DA:23,1
DA:25,2
DA:27,2
DA:30,1
LF:5
LH:5
BRF:0
BRH:0
end_of_record
TN:
SF:/home/mike/dev/thr-addons/packages/controls/src/form/FieldMap/index.js
FNF:0
FNH:0
LF:0
LH:0
BRF:0
BRH:0
end_of_record
TN:
SF:/home/mike/dev/thr-addons/packages/controls/src/form/TForm/TForm.js
FN:34,(anonymous_0)
FN:40,(anonymous_1)
FN:53,(anonymous_2)
FN:65,(anonymous_3)
FN:84,(anonymous_4)
FN:98,(anonymous_5)
FNF:6
FNH:5
FNDA:3,(anonymous_0)
FNDA:4,(anonymous_1)
FNDA:1,(anonymous_2)
FNDA:1,(anonymous_3)
FNDA:0,(anonymous_4)
FNDA:3,(anonymous_5)
DA:35,3
DA:41,4
DA:42,4
DA:44,4
DA:46,4
DA:48,4
DA:49,1
DA:50,1
DA:54,1
DA:60,4
DA:61,1
DA:66,1
DA:73,4
DA:76,4
DA:79,4
DA:82,0
DA:83,0
DA:84,0
DA:85,0
DA:88,0
DA:99,3
DA:100,3
LF:22
LH:17
BRDA:35,0,0,0
BRDA:35,0,1,3
BRDA:48,1,0,3
BRDA:48,1,1,1
BRDA:60,2,0,3
BRDA:60,2,1,1
BRDA:76,3,0,4
BRDA:76,3,1,1
BRDA:79,4,0,4
BRDA:79,4,1,1
BRDA:82,5,0,0
BRDA:82,5,1,0
BRDA:83,6,0,0
BRDA:83,6,1,0
BRF:14
BRH:9
end_of_record
TN:
SF:/home/mike/dev/thr-addons/packages/controls/src/form/TForm/index.js
FNF:0
FNH:0
LF:0
LH:0
BRF:0
BRH:0
end_of_record
TN:
SF:/home/mike/dev/thr-addons/packages/controls/src/inputs/MaskedInput/MaskedInput.js
FN:88,(anonymous_0)
FN:99,(anonymous_1)
FN:117,(anonymous_2)
FN:121,(anonymous_3)
FN:125,(anonymous_4)
FN:129,(anonymous_5)
FN:133,(anonymous_6)
FNF:7
FNH:3
FNDA:1,(anonymous_0)
FNDA:0,(anonymous_1)
FNDA:0,(anonymous_2)
FNDA:0,(anonymous_3)
FNDA:0,(anonymous_4)
FNDA:1,(anonymous_5)
FNDA:1,(anonymous_6)
DA:89,1
DA:90,1
DA:96,1
DA:100,0
DA:101,0
DA:103,0
DA:104,0
DA:110,0
DA:118,0
DA:122,0
DA:126,0
DA:130,1
DA:131,1
DA:133,1
LF:14
LH:6
BRDA:89,0,0,0
BRDA:89,0,1,1
BRDA:89,1,0,1
BRDA:89,1,1,0
BRDA:100,2,0,0
BRDA:100,2,1,0
BRDA:100,3,0,0
BRDA:100,3,1,0
BRDA:101,4,0,0
BRDA:101,4,1,0
BRDA:103,5,0,0
BRDA:103,5,1,0
BRDA:118,6,0,0
BRDA:118,6,1,0
BRDA:122,7,0,0
BRDA:122,7,1,0
BRDA:126,8,0,0
BRDA:126,8,1,0
BRF:18
BRH:2
end_of_record
TN:
SF:/home/mike/dev/thr-addons/packages/controls/src/inputs/MaskedInput/index.js
FNF:0
FNH:0
LF:0
LH:0
BRF:0
BRH:0
end_of_record
TN:
SF:/home/mike/dev/thr-addons/packages/controls/src/inputs/RadioGroup/RadioGroup.js
FN:36,(anonymous_0)
FN:40,(anonymous_1)
FN:45,(anonymous_2)
FNF:3
FNH:3
FNDA:1,(anonymous_0)
FNDA:2,(anonymous_1)
FNDA:4,(anonymous_2)
DA:37,1
DA:41,2
DA:43,2
DA:46,4
DA:47,4
DA:52,0
LF:6
LH:5
BRDA:37,0,0,1
BRDA:37,0,1,0
BRDA:46,1,0,4
BRDA:46,1,1,0
BRDA:46,2,0,4
BRDA:46,2,1,0
BRF:6
BRH:3
end_of_record
TN:
SF:/home/mike/dev/thr-addons/packages/controls/src/inputs/RadioGroup/index.js
FNF:0
FNH:0
LF:0
LH:0
BRF:0
BRH:0
end_of_record
TN:
SF:/home/mike/dev/thr-addons/packages/controls/src/menu/ResponsiveMenu/ResponsiveMenu.js
FN:23,ResponsiveMenu
FNF:1
FNH:1
FNDA:1,ResponsiveMenu
DA:24,1
DA:25,1
DA:26,1
DA:46,1
DA:50,1
DA:51,1
LF:6
LH:6
BRF:0
BRH:0
end_of_record
TN:
SF:/home/mike/dev/thr-addons/packages/controls/src/menu/ResponsiveMenu/index.js
FNF:0
FNH:0
LF:0
LH:0
BRF:0
BRH:0
end_of_record
TN:
SF:/home/mike/dev/thr-addons/packages/controls/src/menu/ResponsiveMenuContext/ResponsiveMenuContext.js
FNF:0
FNH:0
DA:3,1
DA:4,1
LF:2
LH:2
BRF:0
BRH:0
end_of_record
TN:
SF:/home/mike/dev/thr-addons/packages/controls/src/menu/ResponsiveMenuContext/index.js
FNF:0
FNH:0
LF:0
LH:0
BRF:0
BRH:0
end_of_record
TN:
SF:/home/mike/dev/thr-addons/packages/controls/src/menu/ResponsiveMenuDropdown/ResponsiveMenuDropdown.js
FN:16,ResponsiveMenuDropdown
FN:19,(anonymous_1)
FNF:2
FNH:0
FNDA:0,ResponsiveMenuDropdown
FNDA:0,(anonymous_1)
DA:17,0
DA:20,0
LF:2
LH:0
BRDA:20,0,0,0
BRDA:20,0,1,0
BRF:2
BRH:0
end_of_record
TN:
SF:/home/mike/dev/thr-addons/packages/controls/src/menu/ResponsiveMenuDropdown/index.js
FNF:0
FNH:0
LF:0
LH:0
BRF:0
BRH:0
end_of_record
TN:
SF:/home/mike/dev/thr-addons/packages/controls/src/menu/ResponsiveMenuItem/ResponsiveMenuItem.js
FN:16,ResponsiveMenuItem
FN:19,(anonymous_1)
FNF:2
FNH:0
FNDA:0,ResponsiveMenuItem
FNDA:0,(anonymous_1)
DA:17,0
DA:20,0
DA:21,0
LF:3
LH:0
BRDA:20,0,0,0
BRDA:20,0,1,0
BRDA:20,0,2,0
BRF:3
BRH:0
end_of_record
TN:
SF:/home/mike/dev/thr-addons/packages/controls/src/menu/ResponsiveMenuItem/index.js
FNF:0
FNH:0
LF:0
LH:0
BRF:0
BRH:0
end_of_record
TN:
SF:/home/mike/dev/thr-addons/packages/controls/src/money/MoneyInput/MoneyInput.js
FN:40,(anonymous_0)
FN:47,(anonymous_1)
FN:73,(anonymous_2)
FN:83,(anonymous_3)
FN:89,(anonymous_4)
FN:98,(anonymous_5)
FN:114,(anonymous_6)
FN:120,(anonymous_7)
FNF:8
FNH:3
FNDA:1,(anonymous_0)
FNDA:1,(anonymous_1)
FNDA:0,(anonymous_2)
FNDA:0,(anonymous_3)
FNDA:0,(anonymous_4)
FNDA:0,(anonymous_5)
FNDA:1,(anonymous_6)
FNDA:0,(anonymous_7)
DA:11,1
DA:41,1
DA:42,1
DA:43,0
DA:48,1
DA:49,1
DA:50,0
DA:54,0
DA:55,0
DA:56,0
DA:57,0
DA:59,0
DA:63,0
DA:65,0
DA:74,0
DA:75,0
DA:76,0
DA:77,0
DA:78,0
DA:79,0
DA:84,0
DA:90,0
DA:91,0
DA:92,0
DA:93,0
DA:94,0
DA:99,0
DA:101,0
DA:103,0
DA:115,1
DA:116,1
DA:118,1
DA:120,0
LF:33
LH:8
BRDA:42,0,0,0
BRDA:42,0,1,1
BRDA:42,1,0,1
BRDA:42,1,1,0
BRDA:42,1,2,0
BRDA:49,2,0,0
BRDA:49,2,1,1
BRDA:54,3,0,0
BRDA:54,3,1,0
BRDA:56,4,0,0
BRDA:56,4,1,0
BRDA:76,5,0,0
BRDA:76,5,1,0
BRDA:91,6,0,0
BRDA:91,6,1,0
BRDA:93,7,0,0
BRDA:93,7,1,0
BRDA:106,8,0,0
BRDA:106,8,1,0
BRDA:120,9,0,0
BRDA:120,9,1,1
BRDA:121,10,0,0
BRDA:121,10,1,1
BRF:23
BRH:5
end_of_record
TN:
SF:/home/mike/dev/thr-addons/packages/controls/src/money/MoneyInput/index.js
FNF:0
FNH:0
LF:0
LH:0
BRF:0
BRH:0
end_of_record
TN:
SF:/home/mike/dev/thr-addons/packages/controls/src/money/MoneyInput/moneyInputMask.js
FN:5,moneyInputMask
FN:6,onComplete
FN:10,onCleared
FNF:3
FNH:0
FNDA:0,moneyInputMask
FNDA:0,onComplete
FNDA:0,onCleared
DA:7,0
DA:11,0
DA:14,0
DA:27,0
DA:29,0
LF:5
LH:0
BRF:0
BRH:0
end_of_record
TN:
SF:/home/mike/dev/thr-addons/packages/controls/src/money/MoneyInputMask/index.js
FN:35,(anonymous_0)
FN:46,(anonymous_1)
FN:60,(anonymous_2)
FN:75,(anonymous_3)
FNF:4
FNH:1
FNDA:0,(anonymous_0)
FNDA:0,(anonymous_1)
FNDA:1,(anonymous_2)
FNDA:0,(anonymous_3)
DA:12,1
DA:36,0
DA:37,0
DA:38,0
DA:39,0
DA:40,0
DA:42,0
DA:47,0
DA:48,0
DA:61,1
DA:62,1
DA:64,1
DA:76,0
DA:77,0
LF:14
LH:4
BRDA:39,0,0,0
BRDA:39,0,1,0
BRDA:40,1,0,0
BRDA:40,1,1,0
BRDA:51,2,0,0
BRDA:51,2,1,0
BRDA:62,3,0,0
BRDA:62,3,1,1
BRDA:79,4,0,0
BRDA:79,4,1,0
BRDA:80,5,0,0
BRDA:80,5,1,0
BRF:12
BRH:1
end_of_record
TN:
SF:/home/mike/dev/thr-addons/packages/controls/tests/setupTests.js
FNF:0
FNH:0
DA:4,13
LF:1
LH:1
BRF:0
BRH:0
end_of_record
