TN:
SF:/home/mike/dev/thr-addons/packages/controls/src/FieldMap.js
FN:20,FieldMap
FN:23,(anonymous_1)
FNF:2
FNH:2
FNDA:2,FieldMap
FNDA:1,(anonymous_1)
DA:21,2
DA:23,1
DA:25,2
DA:27,2
DA:30,1
LF:5
LH:5
BRF:0
BRH:0
end_of_record
TN:
SF:/home/mike/dev/thr-addons/packages/controls/src/MaskedInput.js
FN:88,(anonymous_0)
FN:99,(anonymous_1)
FN:117,(anonymous_2)
FN:121,(anonymous_3)
FN:125,(anonymous_4)
FN:129,(anonymous_5)
FN:133,(anonymous_6)
FNF:7
FNH:3
FNDA:1,(anonymous_0)
FNDA:0,(anonymous_1)
FNDA:0,(anonymous_2)
FNDA:0,(anonymous_3)
FNDA:0,(anonymous_4)
FNDA:1,(anonymous_5)
FNDA:1,(anonymous_6)
DA:89,1
DA:90,1
DA:96,1
DA:100,0
DA:101,0
DA:103,0
DA:104,0
DA:110,0
DA:118,0
DA:122,0
DA:126,0
DA:130,1
DA:131,1
DA:133,1
LF:14
LH:6
BRDA:89,0,0,0
BRDA:89,0,1,1
BRDA:89,1,0,1
BRDA:89,1,1,0
BRDA:100,2,0,0
BRDA:100,2,1,0
BRDA:100,3,0,0
BRDA:100,3,1,0
BRDA:101,4,0,0
BRDA:101,4,1,0
BRDA:103,5,0,0
BRDA:103,5,1,0
BRDA:118,6,0,0
BRDA:118,6,1,0
BRDA:122,7,0,0
BRDA:122,7,1,0
BRDA:126,8,0,0
BRDA:126,8,1,0
BRF:18
BRH:2
end_of_record
TN:
SF:/home/mike/dev/thr-addons/packages/controls/src/RadioGroup.js
FN:36,(anonymous_0)
FN:40,(anonymous_1)
FN:45,(anonymous_2)
FNF:3
FNH:3
FNDA:1,(anonymous_0)
FNDA:2,(anonymous_1)
FNDA:4,(anonymous_2)
DA:37,1
DA:41,2
DA:43,2
DA:46,4
DA:47,4
DA:52,0
LF:6
LH:5
BRDA:37,0,0,1
BRDA:37,0,1,0
BRDA:46,1,0,4
BRDA:46,1,1,0
BRDA:46,2,0,4
BRDA:46,2,1,0
BRF:6
BRH:3
end_of_record
TN:
SF:/home/mike/dev/thr-addons/packages/controls/src/ResponsiveMenu.js
FN:21,ResponsiveMenu
FN:33,(anonymous_1)
FNF:2
FNH:2
FNDA:1,ResponsiveMenu
FNDA:2,(anonymous_1)
DA:22,1
DA:23,1
DA:24,1
DA:33,2
DA:42,1
DA:46,1
DA:47,1
LF:7
LH:7
BRF:0
BRH:0
end_of_record
TN:
SF:/home/mike/dev/thr-addons/packages/controls/src/ResponsiveMenuDropdown.js
FN:14,ResponsiveMenuDropdown
FN:18,(anonymous_1)
FNF:2
FNH:0
FNDA:0,ResponsiveMenuDropdown
FNDA:0,(anonymous_1)
DA:15,0
DA:18,0
DA:26,1
LF:3
LH:1
BRDA:16,0,0,0
BRDA:16,0,1,0
BRF:2
BRH:0
end_of_record
TN:
SF:/home/mike/dev/thr-addons/packages/controls/src/ResponsiveMenuItem.js
FN:12,ResponsiveMenuItem
FNF:1
FNH:0
FNDA:0,ResponsiveMenuItem
DA:13,0
DA:14,0
LF:2
LH:0
BRDA:13,0,0,0
BRDA:13,0,1,0
BRF:2
BRH:0
end_of_record
TN:
SF:/home/mike/dev/thr-addons/packages/controls/src/TForm.js
FN:32,(anonymous_0)
FN:43,(anonymous_1)
FN:55,(anonymous_2)
FN:75,(anonymous_3)
FNF:4
FNH:4
FNDA:4,(anonymous_0)
FNDA:1,(anonymous_1)
FNDA:1,(anonymous_2)
FNDA:3,(anonymous_3)
DA:33,4
DA:34,4
DA:36,4
DA:38,4
DA:39,1
DA:40,1
DA:44,1
DA:50,4
DA:51,1
DA:56,1
DA:63,4
DA:66,4
DA:69,4
DA:76,3
DA:77,3
LF:15
LH:15
BRDA:38,0,0,3
BRDA:38,0,1,1
BRDA:50,1,0,3
BRDA:50,1,1,1
BRDA:66,2,0,4
BRDA:66,2,1,1
BRDA:69,3,0,4
BRDA:69,3,1,1
BRF:8
BRH:8
end_of_record
TN:
SF:/home/mike/dev/thr-addons/packages/controls/tests/setupTests.js
FNF:0
FNH:0
DA:4,5
LF:1
LH:1
BRF:0
BRH:0
end_of_record
