<?xml version="1.0" encoding="UTF-8"?>
<coverage generated="1529354708215" clover="3.2.0">
  <project timestamp="1529354708216" name="All files">
    <metrics statements="16" coveredstatements="15" conditionals="10" coveredconditionals="7" methods="4" coveredmethods="3" elements="30" coveredelements="25" complexity="0" loc="16" ncloc="16" packages="2" files="7" classes="7">
      <package name="src">
        <metrics statements="15" coveredstatements="14" conditionals="10" coveredconditionals="7" methods="4" coveredmethods="3"/>
        <file name="date.js" path="/home/mike/dev/thr-addons/packages/tproptypes/src/date.js">
          <metrics statements="1" coveredstatements="1" conditionals="0" coveredconditionals="0" methods="0" coveredmethods="0"/>
          <line num="9" count="4" type="stmt"/>
        </file>
        <file name="index.js" path="/home/mike/dev/thr-addons/packages/tproptypes/src/index.js">
          <metrics statements="0" coveredstatements="0" conditionals="0" coveredconditionals="0" methods="0" coveredmethods="0"/>
        </file>
        <file name="money.js" path="/home/mike/dev/thr-addons/packages/tproptypes/src/money.js">
          <metrics statements="1" coveredstatements="1" conditionals="0" coveredconditionals="0" methods="0" coveredmethods="0"/>
          <line num="9" count="4" type="stmt"/>
        </file>
        <file name="react.js" path="/home/mike/dev/thr-addons/packages/tproptypes/src/react.js">
          <metrics statements="1" coveredstatements="1" conditionals="0" coveredconditionals="0" methods="0" coveredmethods="0"/>
          <line num="8" count="4" type="stmt"/>
        </file>
        <file name="router.js" path="/home/mike/dev/thr-addons/packages/tproptypes/src/router.js">
          <metrics statements="2" coveredstatements="2" conditionals="0" coveredconditionals="0" methods="0" coveredmethods="0"/>
          <line num="8" count="4" type="stmt"/>
          <line num="19" count="4" type="stmt"/>
        </file>
        <file name="sform.js" path="/home/mike/dev/thr-addons/packages/tproptypes/src/sform.js">
          <metrics statements="10" coveredstatements="9" conditionals="10" coveredconditionals="7" methods="4" coveredmethods="3"/>
          <line num="11" count="0" type="stmt"/>
          <line num="21" count="4" type="stmt"/>
          <line num="22" count="1" type="stmt"/>
          <line num="23" count="1" type="stmt"/>
          <line num="24" count="1" type="cond" truecount="1" falsecount="1"/>
          <line num="25" count="1" type="cond" truecount="2" falsecount="0"/>
          <line num="26" count="1" type="cond" truecount="1" falsecount="1"/>
          <line num="27" count="1" type="cond" truecount="2" falsecount="0"/>
          <line num="30" count="1" type="cond" truecount="1" falsecount="1"/>
          <line num="31" count="1" type="stmt"/>
        </file>
      </package>
      <package name="tests">
        <metrics statements="1" coveredstatements="1" conditionals="0" coveredconditionals="0" methods="0" coveredmethods="0"/>
        <file name="setupTests.js" path="/home/mike/dev/thr-addons/packages/tproptypes/tests/setupTests.js">
          <metrics statements="1" coveredstatements="1" conditionals="0" coveredconditionals="0" methods="0" coveredmethods="0"/>
          <line num="4" count="4" type="stmt"/>
        </file>
      </package>
    </metrics>
  </project>
</coverage>
