{"/home/mike/dev/thr-addons/packages/tproptypes/src/date.js": {"path":"/home/mike/dev/thr-addons/packages/tproptypes/src/date.js","statementMap":{"0":{"start":{"line":9,"column":25},"end":{"line":9,"column":56}}},"fnMap":{},"branchMap":{},"s":{"0":4},"f":{},"b":{},"_coverageSchema":"332fd63041d2c1bcb487cc26dd0d5f7d97098a6c","hash":"4bd54f806c31964d5150eb7b7b71e56013845e59"}
,"/home/mike/dev/thr-addons/packages/tproptypes/src/index.js": {"path":"/home/mike/dev/thr-addons/packages/tproptypes/src/index.js","statementMap":{},"fnMap":{},"branchMap":{},"s":{},"f":{},"b":{},"_coverageSchema":"332fd63041d2c1bcb487cc26dd0d5f7d97098a6c","hash":"da9f939520b62de2770750e9eca6016f6d608808"}
,"/home/mike/dev/thr-addons/packages/tproptypes/src/money.js": {"path":"/home/mike/dev/thr-addons/packages/tproptypes/src/money.js","statementMap":{"0":{"start":{"line":9,"column":21},"end":{"line":9,"column":48}}},"fnMap":{},"branchMap":{},"s":{"0":4},"f":{},"b":{},"_coverageSchema":"332fd63041d2c1bcb487cc26dd0d5f7d97098a6c","hash":"8bbd247e6fb8dc2f5b28b189240c14b98759900e"}
,"/home/mike/dev/thr-addons/packages/tproptypes/src/react.js": {"path":"/home/mike/dev/thr-addons/packages/tproptypes/src/react.js","statementMap":{"0":{"start":{"line":8,"column":29},"end":{"line":11,"column":2}}},"fnMap":{},"branchMap":{},"s":{"0":4},"f":{},"b":{},"_coverageSchema":"332fd63041d2c1bcb487cc26dd0d5f7d97098a6c","hash":"62771983586ab24e0c04949508a0fb37279a4c9d"}
,"/home/mike/dev/thr-addons/packages/tproptypes/src/router.js": {"path":"/home/mike/dev/thr-addons/packages/tproptypes/src/router.js","statementMap":{"0":{"start":{"line":8,"column":24},"end":{"line":14,"column":2}},"1":{"start":{"line":19,"column":23},"end":{"line":31,"column":2}}},"fnMap":{},"branchMap":{},"s":{"0":4,"1":4},"f":{},"b":{},"_coverageSchema":"332fd63041d2c1bcb487cc26dd0d5f7d97098a6c","hash":"fd835a60b146ea5023e8020dd72b6cba89e20e90"}
,"/home/mike/dev/thr-addons/packages/tproptypes/src/sform.js": {"path":"/home/mike/dev/thr-addons/packages/tproptypes/src/sform.js","statementMap":{"0":{"start":{"line":11,"column":1},"end":{"line":11,"column":139}},"1":{"start":{"line":21,"column":30},"end":{"line":32,"column":1}},"2":{"start":{"line":22,"column":14},"end":{"line":22,"column":29}},"3":{"start":{"line":23,"column":12},"end":{"line":23,"column":26}},"4":{"start":{"line":24,"column":1},"end":{"line":29,"column":2}},"5":{"start":{"line":25,"column":2},"end":{"line":28,"column":5}},"6":{"start":{"line":26,"column":3},"end":{"line":26,"column":41}},"7":{"start":{"line":26,"column":28},"end":{"line":26,"column":41}},"8":{"start":{"line":27,"column":3},"end":{"line":27,"column":89}},"9":{"start":{"line":27,"column":37},"end":{"line":27,"column":86}},"10":{"start":{"line":30,"column":1},"end":{"line":30,"column":122}},"11":{"start":{"line":30,"column":12},"end":{"line":30,"column":122}},"12":{"start":{"line":31,"column":1},"end":{"line":31,"column":13}}},"fnMap":{"0":{"name":"invalidProp","decl":{"start":{"line":10,"column":9},"end":{"line":10,"column":20}},"loc":{"start":{"line":10,"column":56},"end":{"line":12,"column":1}},"line":10},"1":{"name":"(anonymous_1)","decl":{"start":{"line":21,"column":30},"end":{"line":21,"column":31}},"loc":{"start":{"line":21,"column":90},"end":{"line":32,"column":1}},"line":21},"2":{"name":"(anonymous_2)","decl":{"start":{"line":25,"column":34},"end":{"line":25,"column":35}},"loc":{"start":{"line":25,"column":41},"end":{"line":28,"column":3}},"line":25},"3":{"name":"(anonymous_3)","decl":{"start":{"line":27,"column":27},"end":{"line":27,"column":28}},"loc":{"start":{"line":27,"column":37},"end":{"line":27,"column":86}},"line":27}},"branchMap":{"0":{"loc":{"start":{"line":24,"column":1},"end":{"line":29,"column":2}},"type":"if","locations":[{"start":{"line":24,"column":1},"end":{"line":29,"column":2}},{"start":{"line":24,"column":1},"end":{"line":29,"column":2}}],"line":24},"1":{"loc":{"start":{"line":25,"column":9},"end":{"line":28,"column":4}},"type":"binary-expr","locations":[{"start":{"line":25,"column":9},"end":{"line":25,"column":13}},{"start":{"line":25,"column":17},"end":{"line":28,"column":4}}],"line":25},"2":{"loc":{"start":{"line":26,"column":3},"end":{"line":26,"column":41}},"type":"if","locations":[{"start":{"line":26,"column":3},"end":{"line":26,"column":41}},{"start":{"line":26,"column":3},"end":{"line":26,"column":41}}],"line":26},"3":{"loc":{"start":{"line":27,"column":37},"end":{"line":27,"column":86}},"type":"binary-expr","locations":[{"start":{"line":27,"column":37},"end":{"line":27,"column":60}},{"start":{"line":27,"column":64},"end":{"line":27,"column":86}}],"line":27},"4":{"loc":{"start":{"line":30,"column":1},"end":{"line":30,"column":122}},"type":"if","locations":[{"start":{"line":30,"column":1},"end":{"line":30,"column":122}},{"start":{"line":30,"column":1},"end":{"line":30,"column":122}}],"line":30}},"s":{"0":0,"1":4,"2":1,"3":1,"4":1,"5":1,"6":1,"7":0,"8":1,"9":1,"10":1,"11":0,"12":1},"f":{"0":0,"1":1,"2":1,"3":1},"b":{"0":[1,0],"1":[1,1],"2":[0,1],"3":[1,1],"4":[0,1]},"_coverageSchema":"332fd63041d2c1bcb487cc26dd0d5f7d97098a6c","hash":"36ffb52131c783ceb8250709189b735eaebee431"}
,"/home/mike/dev/thr-addons/packages/tproptypes/tests/setupTests.js": {"path":"/home/mike/dev/thr-addons/packages/tproptypes/tests/setupTests.js","statementMap":{"0":{"start":{"line":4,"column":0},"end":{"line":4,"column":43}}},"fnMap":{},"branchMap":{},"s":{"0":4},"f":{},"b":{},"_coverageSchema":"332fd63041d2c1bcb487cc26dd0d5f7d97098a6c","hash":"5d6211ea6a0a6953f12b4bb3c2556e1f29047127"}
}
