<?xml version="1.0" encoding="UTF-8"?>
<coverage generated="1566576849062" clover="3.2.0">
  <project timestamp="1566576849062" name="All files">
    <metrics statements="40" coveredstatements="37" conditionals="27" coveredconditionals="23" methods="22" coveredmethods="19" elements="89" coveredelements="79" complexity="0" loc="40" ncloc="40" packages="1" files="5" classes="5"/>
    <file name="date.js" path="/home/mike/dev/thr-addons/packages/tschemas/src/date.js">
      <metrics statements="17" coveredstatements="16" conditionals="15" coveredconditionals="13" methods="9" coveredmethods="8"/>
      <line num="11" count="2" type="stmt"/>
      <line num="13" count="2" type="stmt"/>
      <line num="14" count="2" type="cond" truecount="2" falsecount="0"/>
      <line num="16" count="1" type="stmt"/>
      <line num="17" count="1" type="cond" truecount="1" falsecount="1"/>
      <line num="22" count="4" type="cond" truecount="2" falsecount="0"/>
      <line num="25" count="4" type="stmt"/>
      <line num="30" count="4" type="stmt"/>
      <line num="37" count="4" type="stmt"/>
      <line num="39" count="4" type="stmt"/>
      <line num="40" count="3" type="cond" truecount="2" falsecount="0"/>
      <line num="42" count="2" type="cond" truecount="2" falsecount="0"/>
      <line num="43" count="1" type="cond" truecount="4" falsecount="1"/>
      <line num="44" count="1" type="stmt"/>
      <line num="46" count="0" type="stmt"/>
      <line num="51" count="7" type="stmt"/>
      <line num="54" count="4" type="stmt"/>
    </file>
    <file name="index.js" path="/home/mike/dev/thr-addons/packages/tschemas/src/index.js">
      <metrics statements="0" coveredstatements="0" conditionals="0" coveredconditionals="0" methods="0" coveredmethods="0"/>
    </file>
    <file name="money.js" path="/home/mike/dev/thr-addons/packages/tschemas/src/money.js">
      <metrics statements="8" coveredstatements="8" conditionals="8" coveredconditionals="8" methods="4" coveredmethods="4"/>
      <line num="10" count="5" type="stmt"/>
      <line num="12" count="5" type="stmt"/>
      <line num="13" count="5" type="cond" truecount="2" falsecount="0"/>
      <line num="15" count="4" type="cond" truecount="2" falsecount="0"/>
      <line num="16" count="3" type="cond" truecount="4" falsecount="0"/>
      <line num="17" count="2" type="stmt"/>
      <line num="22" count="10" type="stmt"/>
      <line num="26" count="5" type="stmt"/>
    </file>
    <file name="schemaValidate.js" path="/home/mike/dev/thr-addons/packages/tschemas/src/schemaValidate.js">
      <metrics statements="6" coveredstatements="6" conditionals="2" coveredconditionals="2" methods="1" coveredmethods="1"/>
      <line num="4" count="4" type="stmt"/>
      <line num="18" count="2" type="stmt"/>
      <line num="19" count="2" type="cond" truecount="2" falsecount="0"/>
      <line num="20" count="1" type="stmt"/>
      <line num="22" count="1" type="stmt"/>
      <line num="23" count="1" type="stmt"/>
    </file>
    <file name="user.js" path="/home/mike/dev/thr-addons/packages/tschemas/src/user.js">
      <metrics statements="9" coveredstatements="7" conditionals="2" coveredconditionals="0" methods="8" coveredmethods="6"/>
      <line num="8" count="4" type="stmt"/>
      <line num="17" count="4" type="stmt"/>
      <line num="25" count="4" type="stmt"/>
      <line num="26" count="0" type="cond" truecount="0" falsecount="2"/>
      <line num="27" count="0" type="stmt"/>
      <line num="33" count="4" type="stmt"/>
      <line num="45" count="5" type="stmt"/>
      <line num="53" count="4" type="stmt"/>
      <line num="54" count="1" type="stmt"/>
    </file>
  </project>
</coverage>
