TN:
SF:/home/mike/dev/thr-addons/packages/tschemas/src/date.js
FN:10,(anonymous_0)
FN:13,(anonymous_1)
FN:21,(anonymous_2)
FN:25,(anonymous_3)
FN:30,(anonymous_4)
FN:36,(anonymous_5)
FN:39,(anonymous_6)
FN:50,(anonymous_7)
FN:54,(anonymous_8)
FNF:9
FNH:8
FNDA:2,(anonymous_0)
FNDA:2,(anonymous_1)
FNDA:4,(anonymous_2)
FNDA:2,(anonymous_3)
FNDA:0,(anonymous_4)
FNDA:4,(anonymous_5)
FNDA:3,(anonymous_6)
FNDA:7,(anonymous_7)
FNDA:4,(anonymous_8)
DA:11,2
DA:13,2
DA:14,2
DA:16,1
DA:17,1
DA:22,4
DA:25,4
DA:30,4
DA:37,4
DA:39,4
DA:40,3
DA:42,2
DA:43,1
DA:44,1
DA:46,0
DA:51,7
DA:54,4
LF:17
LH:16
BRDA:14,0,0,1
BRDA:14,0,1,1
BRDA:17,1,0,0
BRDA:17,1,1,1
BRDA:22,2,0,4
BRDA:22,2,1,3
BRDA:40,3,0,1
BRDA:40,3,1,2
BRDA:42,4,0,1
BRDA:42,4,1,1
BRDA:43,5,0,1
BRDA:43,5,1,0
BRDA:43,6,0,1
BRDA:43,6,1,1
BRDA:43,6,2,1
BRF:15
BRH:13
end_of_record
TN:
SF:/home/mike/dev/thr-addons/packages/tschemas/src/index.js
FNF:0
FNH:0
LF:0
LH:0
BRF:0
BRH:0
end_of_record
TN:
SF:/home/mike/dev/thr-addons/packages/tschemas/src/money.js
FN:9,(anonymous_0)
FN:12,(anonymous_1)
FN:21,(anonymous_2)
FN:26,(anonymous_3)
FNF:4
FNH:4
FNDA:5,(anonymous_0)
FNDA:5,(anonymous_1)
FNDA:10,(anonymous_2)
FNDA:5,(anonymous_3)
DA:10,5
DA:12,5
DA:13,5
DA:15,4
DA:16,3
DA:17,2
DA:22,10
DA:26,5
LF:8
LH:8
BRDA:13,0,0,1
BRDA:13,0,1,4
BRDA:15,1,0,1
BRDA:15,1,1,3
BRDA:16,2,0,1
BRDA:16,2,1,2
BRDA:16,3,0,3
BRDA:16,3,1,2
BRF:8
BRH:8
end_of_record
TN:
SF:/home/mike/dev/thr-addons/packages/tschemas/src/schemaValidate.js
FN:17,schemaValidate
FNF:1
FNH:1
FNDA:2,schemaValidate
DA:4,4
DA:18,2
DA:19,2
DA:20,1
DA:22,1
DA:23,1
LF:6
LH:6
BRDA:19,0,0,2
BRDA:19,0,1,2
BRF:2
BRH:2
end_of_record
TN:
SF:/home/mike/dev/thr-addons/packages/tschemas/src/user.js
FN:8,(anonymous_0)
FN:17,(anonymous_1)
FN:25,(anonymous_2)
FN:25,(anonymous_3)
FN:33,(anonymous_4)
FN:45,(anonymous_5)
FN:53,(anonymous_6)
FN:54,(anonymous_7)
FNF:8
FNH:6
FNDA:3,(anonymous_0)
FNDA:2,(anonymous_1)
FNDA:0,(anonymous_2)
FNDA:0,(anonymous_3)
FNDA:2,(anonymous_4)
FNDA:5,(anonymous_5)
FNDA:1,(anonymous_6)
FNDA:1,(anonymous_7)
DA:8,4
DA:17,4
DA:25,4
DA:26,0
DA:27,0
DA:33,4
DA:45,5
DA:53,4
DA:54,1
LF:9
LH:7
BRDA:26,0,0,0
BRDA:26,0,1,0
BRF:2
BRH:0
end_of_record
