{"/home/darkadept/dev/thr-addons/packages/mongoloader/src/MongoLoader.js": {"path":"/home/darkadept/dev/thr-addons/packages/mongoloader/src/MongoLoader.js","statementMap":{"0":{"start":{"line":7,"column":10},"end":{"line":7,"column":46}},"1":{"start":{"line":16,"column":2},"end":{"line":16,"column":17}},"2":{"start":{"line":19,"column":2},"end":{"line":19,"column":40}},"3":{"start":{"line":20,"column":2},"end":{"line":20,"column":51}},"4":{"start":{"line":21,"column":2},"end":{"line":21,"column":25}},"5":{"start":{"line":24,"column":2},"end":{"line":24,"column":36}},"6":{"start":{"line":32,"column":2},"end":{"line":32,"column":26}},"7":{"start":{"line":46,"column":18},"end":{"line":46,"column":27}},"8":{"start":{"line":47,"column":2},"end":{"line":47,"column":56}},"9":{"start":{"line":47,"column":22},"end":{"line":47,"column":54}},"10":{"start":{"line":49,"column":2},"end":{"line":49,"column":57}},"11":{"start":{"line":49,"column":25},"end":{"line":49,"column":55}},"12":{"start":{"line":64,"column":35},"end":{"line":64,"column":44}},"13":{"start":{"line":64,"column":49},"end":{"line":86,"column":2}},"14":{"start":{"line":65,"column":2},"end":{"line":65,"column":54}},"15":{"start":{"line":67,"column":16},"end":{"line":67,"column":75}},"16":{"start":{"line":70,"column":15},"end":{"line":75,"column":4}},"17":{"start":{"line":78,"column":2},"end":{"line":83,"column":5}},"18":{"start":{"line":79,"column":3},"end":{"line":79,"column":34}},"19":{"start":{"line":79,"column":27},"end":{"line":79,"column":34}},"20":{"start":{"line":80,"column":3},"end":{"line":82,"column":6}},"21":{"start":{"line":81,"column":4},"end":{"line":81,"column":98}},"22":{"start":{"line":81,"column":40},"end":{"line":81,"column":98}},"23":{"start":{"line":85,"column":2},"end":{"line":85,"column":14}},"24":{"start":{"line":94,"column":2},"end":{"line":94,"column":111}},"25":{"start":{"line":102,"column":37},"end":{"line":102,"column":76}},"26":{"start":{"line":110,"column":42},"end":{"line":110,"column":86}},"27":{"start":{"line":117,"column":2},"end":{"line":119,"column":5}},"28":{"start":{"line":118,"column":3},"end":{"line":118,"column":56}},"29":{"start":{"line":126,"column":2},"end":{"line":128,"column":5}},"30":{"start":{"line":127,"column":3},"end":{"line":127,"column":44}},"31":{"start":{"line":137,"column":2},"end":{"line":145,"column":3}},"32":{"start":{"line":138,"column":3},"end":{"line":144,"column":6}},"33":{"start":{"line":139,"column":4},"end":{"line":143,"column":5}},"34":{"start":{"line":140,"column":5},"end":{"line":140,"column":97}},"35":{"start":{"line":140,"column":27},"end":{"line":140,"column":95}},"36":{"start":{"line":142,"column":5},"end":{"line":142,"column":68}},"37":{"start":{"line":146,"column":2},"end":{"line":146,"column":13}},"38":{"start":{"line":150,"column":29},"end":{"line":150,"column":67}},"39":{"start":{"line":151,"column":41},"end":{"line":151,"column":91}},"40":{"start":{"line":152,"column":42},"end":{"line":152,"column":93}},"41":{"start":{"line":153,"column":35},"end":{"line":153,"column":79}},"42":{"start":{"line":154,"column":34},"end":{"line":154,"column":77}},"43":{"start":{"line":155,"column":37},"end":{"line":155,"column":83}},"44":{"start":{"line":156,"column":19},"end":{"line":156,"column":49}},"45":{"start":{"line":157,"column":28},"end":{"line":157,"column":65}},"46":{"start":{"line":158,"column":31},"end":{"line":158,"column":71}},"47":{"start":{"line":159,"column":40},"end":{"line":159,"column":89}},"48":{"start":{"line":160,"column":54},"end":{"line":160,"column":117}},"49":{"start":{"line":161,"column":48},"end":{"line":161,"column":105}},"50":{"start":{"line":162,"column":33},"end":{"line":162,"column":75}},"51":{"start":{"line":163,"column":31},"end":{"line":163,"column":71}},"52":{"start":{"line":164,"column":39},"end":{"line":164,"column":87}},"53":{"start":{"line":165,"column":42},"end":{"line":165,"column":93}},"54":{"start":{"line":166,"column":41},"end":{"line":166,"column":88}}},"fnMap":{"0":{"name":"(anonymous_0)","decl":{"start":{"line":14,"column":1},"end":{"line":14,"column":2}},"loc":{"start":{"line":14,"column":47},"end":{"line":25,"column":2}},"line":14},"1":{"name":"(anonymous_1)","decl":{"start":{"line":31,"column":1},"end":{"line":31,"column":2}},"loc":{"start":{"line":31,"column":14},"end":{"line":33,"column":2}},"line":31},"2":{"name":"(anonymous_2)","decl":{"start":{"line":43,"column":1},"end":{"line":43,"column":2}},"loc":{"start":{"line":43,"column":47},"end":{"line":54,"column":2}},"line":43},"3":{"name":"(anonymous_3)","decl":{"start":{"line":47,"column":15},"end":{"line":47,"column":16}},"loc":{"start":{"line":47,"column":22},"end":{"line":47,"column":54}},"line":47},"4":{"name":"(anonymous_4)","decl":{"start":{"line":49,"column":18},"end":{"line":49,"column":19}},"loc":{"start":{"line":49,"column":25},"end":{"line":49,"column":55}},"line":49},"5":{"name":"(anonymous_5)","decl":{"start":{"line":64,"column":11},"end":{"line":64,"column":12}},"loc":{"start":{"line":64,"column":49},"end":{"line":86,"column":2}},"line":64},"6":{"name":"(anonymous_6)","decl":{"start":{"line":64,"column":29},"end":{"line":64,"column":30}},"loc":{"start":{"line":64,"column":35},"end":{"line":64,"column":44}},"line":64},"7":{"name":"(anonymous_7)","decl":{"start":{"line":64,"column":49},"end":{"line":64,"column":50}},"loc":{"start":{"line":64,"column":63},"end":{"line":86,"column":2}},"line":64},"8":{"name":"(anonymous_8)","decl":{"start":{"line":78,"column":41},"end":{"line":78,"column":42}},"loc":{"start":{"line":78,"column":55},"end":{"line":83,"column":3}},"line":78},"9":{"name":"(anonymous_9)","decl":{"start":{"line":80,"column":16},"end":{"line":80,"column":17}},"loc":{"start":{"line":80,"column":23},"end":{"line":82,"column":4}},"line":80},"10":{"name":"(anonymous_10)","decl":{"start":{"line":93,"column":16},"end":{"line":93,"column":17}},"loc":{"start":{"line":93,"column":34},"end":{"line":95,"column":2}},"line":93},"11":{"name":"(anonymous_11)","decl":{"start":{"line":102,"column":8},"end":{"line":102,"column":9}},"loc":{"start":{"line":102,"column":37},"end":{"line":102,"column":76}},"line":102},"12":{"name":"(anonymous_12)","decl":{"start":{"line":110,"column":12},"end":{"line":110,"column":13}},"loc":{"start":{"line":110,"column":42},"end":{"line":110,"column":86}},"line":110},"13":{"name":"(anonymous_13)","decl":{"start":{"line":116,"column":9},"end":{"line":116,"column":10}},"loc":{"start":{"line":116,"column":16},"end":{"line":120,"column":2}},"line":116},"14":{"name":"(anonymous_14)","decl":{"start":{"line":117,"column":41},"end":{"line":117,"column":42}},"loc":{"start":{"line":117,"column":55},"end":{"line":119,"column":3}},"line":117},"15":{"name":"(anonymous_15)","decl":{"start":{"line":125,"column":12},"end":{"line":125,"column":13}},"loc":{"start":{"line":125,"column":18},"end":{"line":129,"column":2}},"line":125},"16":{"name":"(anonymous_16)","decl":{"start":{"line":126,"column":41},"end":{"line":126,"column":42}},"loc":{"start":{"line":126,"column":55},"end":{"line":128,"column":3}},"line":126},"17":{"name":"(anonymous_17)","decl":{"start":{"line":136,"column":9},"end":{"line":136,"column":10}},"loc":{"start":{"line":136,"column":16},"end":{"line":147,"column":2}},"line":136},"18":{"name":"(anonymous_18)","decl":{"start":{"line":138,"column":42},"end":{"line":138,"column":43}},"loc":{"start":{"line":138,"column":56},"end":{"line":144,"column":4}},"line":138},"19":{"name":"(anonymous_19)","decl":{"start":{"line":140,"column":17},"end":{"line":140,"column":18}},"loc":{"start":{"line":140,"column":27},"end":{"line":140,"column":95}},"line":140},"20":{"name":"(anonymous_20)","decl":{"start":{"line":150,"column":9},"end":{"line":150,"column":10}},"loc":{"start":{"line":150,"column":29},"end":{"line":150,"column":67}},"line":150},"21":{"name":"(anonymous_21)","decl":{"start":{"line":151,"column":15},"end":{"line":151,"column":16}},"loc":{"start":{"line":151,"column":41},"end":{"line":151,"column":91}},"line":151},"22":{"name":"(anonymous_22)","decl":{"start":{"line":152,"column":17},"end":{"line":152,"column":18}},"loc":{"start":{"line":152,"column":42},"end":{"line":152,"column":93}},"line":152},"23":{"name":"(anonymous_23)","decl":{"start":{"line":153,"column":14},"end":{"line":153,"column":15}},"loc":{"start":{"line":153,"column":35},"end":{"line":153,"column":79}},"line":153},"24":{"name":"(anonymous_24)","decl":{"start":{"line":154,"column":13},"end":{"line":154,"column":14}},"loc":{"start":{"line":154,"column":34},"end":{"line":154,"column":77}},"line":154},"25":{"name":"(anonymous_25)","decl":{"start":{"line":155,"column":12},"end":{"line":155,"column":13}},"loc":{"start":{"line":155,"column":37},"end":{"line":155,"column":83}},"line":155},"26":{"name":"(anonymous_26)","decl":{"start":{"line":156,"column":8},"end":{"line":156,"column":9}},"loc":{"start":{"line":156,"column":19},"end":{"line":156,"column":49}},"line":156},"27":{"name":"(anonymous_27)","decl":{"start":{"line":157,"column":8},"end":{"line":157,"column":9}},"loc":{"start":{"line":157,"column":28},"end":{"line":157,"column":65}},"line":157},"28":{"name":"(anonymous_28)","decl":{"start":{"line":158,"column":11},"end":{"line":158,"column":12}},"loc":{"start":{"line":158,"column":31},"end":{"line":158,"column":71}},"line":158},"29":{"name":"(anonymous_29)","decl":{"start":{"line":159,"column":20},"end":{"line":159,"column":21}},"loc":{"start":{"line":159,"column":40},"end":{"line":159,"column":89}},"line":159},"30":{"name":"(anonymous_30)","decl":{"start":{"line":160,"column":21},"end":{"line":160,"column":22}},"loc":{"start":{"line":160,"column":54},"end":{"line":160,"column":117}},"line":160},"31":{"name":"(anonymous_31)","decl":{"start":{"line":161,"column":20},"end":{"line":161,"column":21}},"loc":{"start":{"line":161,"column":48},"end":{"line":161,"column":105}},"line":161},"32":{"name":"(anonymous_32)","decl":{"start":{"line":162,"column":14},"end":{"line":162,"column":15}},"loc":{"start":{"line":162,"column":33},"end":{"line":162,"column":75}},"line":162},"33":{"name":"(anonymous_33)","decl":{"start":{"line":163,"column":13},"end":{"line":163,"column":14}},"loc":{"start":{"line":163,"column":31},"end":{"line":163,"column":71}},"line":163},"34":{"name":"(anonymous_34)","decl":{"start":{"line":164,"column":14},"end":{"line":164,"column":15}},"loc":{"start":{"line":164,"column":39},"end":{"line":164,"column":87}},"line":164},"35":{"name":"(anonymous_35)","decl":{"start":{"line":165,"column":14},"end":{"line":165,"column":15}},"loc":{"start":{"line":165,"column":42},"end":{"line":165,"column":93}},"line":165},"36":{"name":"(anonymous_36)","decl":{"start":{"line":166,"column":13},"end":{"line":166,"column":14}},"loc":{"start":{"line":166,"column":41},"end":{"line":166,"column":88}},"line":166}},"branchMap":{"0":{"loc":{"start":{"line":49,"column":25},"end":{"line":49,"column":55}},"type":"binary-expr","locations":[{"start":{"line":49,"column":25},"end":{"line":49,"column":41}},{"start":{"line":49,"column":45},"end":{"line":49,"column":55}}],"line":49},"1":{"loc":{"start":{"line":64,"column":17},"end":{"line":64,"column":44}},"type":"default-arg","locations":[{"start":{"line":64,"column":29},"end":{"line":64,"column":44}}],"line":64},"2":{"loc":{"start":{"line":79,"column":3},"end":{"line":79,"column":34}},"type":"if","locations":[{"start":{"line":79,"column":3},"end":{"line":79,"column":34}},{"start":{"line":79,"column":3},"end":{"line":79,"column":34}}],"line":79},"3":{"loc":{"start":{"line":81,"column":4},"end":{"line":81,"column":98}},"type":"if","locations":[{"start":{"line":81,"column":4},"end":{"line":81,"column":98}},{"start":{"line":81,"column":4},"end":{"line":81,"column":98}}],"line":81},"4":{"loc":{"start":{"line":81,"column":8},"end":{"line":81,"column":38}},"type":"binary-expr","locations":[{"start":{"line":81,"column":8},"end":{"line":81,"column":11}},{"start":{"line":81,"column":15},"end":{"line":81,"column":38}}],"line":81},"5":{"loc":{"start":{"line":94,"column":60},"end":{"line":94,"column":99}},"type":"cond-expr","locations":[{"start":{"line":94,"column":70},"end":{"line":94,"column":87}},{"start":{"line":94,"column":90},"end":{"line":94,"column":99}}],"line":94},"6":{"loc":{"start":{"line":102,"column":14},"end":{"line":102,"column":32}},"type":"default-arg","locations":[{"start":{"line":102,"column":27},"end":{"line":102,"column":32}}],"line":102},"7":{"loc":{"start":{"line":110,"column":19},"end":{"line":110,"column":37}},"type":"default-arg","locations":[{"start":{"line":110,"column":32},"end":{"line":110,"column":37}}],"line":110},"8":{"loc":{"start":{"line":137,"column":2},"end":{"line":145,"column":3}},"type":"if","locations":[{"start":{"line":137,"column":2},"end":{"line":145,"column":3}},{"start":{"line":137,"column":2},"end":{"line":145,"column":3}}],"line":137},"9":{"loc":{"start":{"line":139,"column":4},"end":{"line":143,"column":5}},"type":"if","locations":[{"start":{"line":139,"column":4},"end":{"line":143,"column":5}},{"start":{"line":139,"column":4},"end":{"line":143,"column":5}}],"line":139}},"s":{"0":1,"1":2,"2":2,"3":2,"4":2,"5":2,"6":1,"7":11,"8":11,"9":11,"10":11,"11":15,"12":2,"13":4,"14":11,"15":11,"16":11,"17":11,"18":22,"19":11,"20":11,"21":13,"22":9,"23":11,"24":4,"25":12,"26":4,"27":1,"28":3,"29":13,"30":26,"31":3,"32":3,"33":7,"34":2,"35":4,"36":5,"37":3,"38":0,"39":0,"40":0,"41":0,"42":0,"43":0,"44":0,"45":0,"46":0,"47":0,"48":0,"49":0,"50":0,"51":0,"52":0,"53":0,"54":0},"f":{"0":2,"1":1,"2":11,"3":11,"4":15,"5":4,"6":2,"7":11,"8":22,"9":13,"10":4,"11":12,"12":4,"13":1,"14":3,"15":13,"16":26,"17":3,"18":7,"19":4,"20":0,"21":0,"22":0,"23":0,"24":0,"25":0,"26":0,"27":0,"28":0,"29":0,"30":0,"31":0,"32":0,"33":0,"34":0,"35":0,"36":0},"b":{"0":[15,4],"1":[3],"2":[11,11],"3":[9,4],"4":[13,9],"5":[1,3],"6":[9],"7":[4],"8":[3,0],"9":[2,5]},"_coverageSchema":"43e27e138ebf9cfc5966b082cf9a028302ed4184","hash":"8c4ad16179725b8639e5a96beb439b6b49ba7ed2"}
,"/home/darkadept/dev/thr-addons/packages/mongoloader/tests/mongo.js": {"path":"/home/darkadept/dev/thr-addons/packages/mongoloader/tests/mongo.js","statementMap":{"0":{"start":{"line":5,"column":16},"end":{"line":5,"column":41}},"1":{"start":{"line":6,"column":14},"end":{"line":6,"column":36}},"2":{"start":{"line":7,"column":16},"end":{"line":7,"column":40}},"3":{"start":{"line":8,"column":19},"end":{"line":10,"column":3}},"4":{"start":{"line":11,"column":12},"end":{"line":11,"column":38}},"5":{"start":{"line":13,"column":1},"end":{"line":17,"column":3}},"6":{"start":{"line":21,"column":1},"end":{"line":21,"column":31}},"7":{"start":{"line":22,"column":1},"end":{"line":22,"column":21}}},"fnMap":{"0":{"name":"mongoSetup","decl":{"start":{"line":4,"column":22},"end":{"line":4,"column":32}},"loc":{"start":{"line":4,"column":35},"end":{"line":18,"column":1}},"line":4},"1":{"name":"mongoTeardown","decl":{"start":{"line":20,"column":22},"end":{"line":20,"column":35}},"loc":{"start":{"line":20,"column":43},"end":{"line":23,"column":1}},"line":20}},"branchMap":{},"s":{"0":1,"1":1,"2":1,"3":1,"4":1,"5":1,"6":1,"7":1},"f":{"0":1,"1":1},"b":{},"_coverageSchema":"43e27e138ebf9cfc5966b082cf9a028302ed4184","hash":"3f18152474b1ec6994a3d267dc5fbaf268f3fa5f"}
}
