TN:
SF:/home/mike/dev/thr-addons/packages/mongoloader/src/MongoLoader.js
FN:14,(anonymous_0)
FN:31,(anonymous_1)
FN:43,(anonymous_2)
FN:47,(anonymous_3)
FN:49,(anonymous_4)
FN:64,(anonymous_5)
FN:64,(anonymous_6)
FN:64,(anonymous_7)
FN:78,(anonymous_8)
FN:80,(anonymous_9)
FN:93,(anonymous_10)
FN:102,(anonymous_11)
FN:110,(anonymous_12)
FN:116,(anonymous_13)
FN:117,(anonymous_14)
FN:125,(anonymous_15)
FN:126,(anonymous_16)
FN:136,(anonymous_17)
FN:138,(anonymous_18)
FN:140,(anonymous_19)
FN:150,(anonymous_20)
FN:151,(anonymous_21)
FN:152,(anonymous_22)
FN:153,(anonymous_23)
FN:154,(anonymous_24)
FN:155,(anonymous_25)
FN:156,(anonymous_26)
FN:157,(anonymous_27)
FN:158,(anonymous_28)
FN:159,(anonymous_29)
FN:160,(anonymous_30)
FN:161,(anonymous_31)
FN:162,(anonymous_32)
FN:163,(anonymous_33)
FN:164,(anonymous_34)
FN:165,(anonymous_35)
FN:166,(anonymous_36)
FNF:37
FNH:18
FNDA:2,(anonymous_0)
FNDA:1,(anonymous_1)
FNDA:8,(anonymous_2)
FNDA:6,(anonymous_3)
FNDA:11,(anonymous_4)
FNDA:4,(anonymous_5)
FNDA:3,(anonymous_6)
FNDA:8,(anonymous_7)
FNDA:15,(anonymous_8)
FNDA:9,(anonymous_9)
FNDA:4,(anonymous_10)
FNDA:11,(anonymous_11)
FNDA:4,(anonymous_12)
FNDA:0,(anonymous_13)
FNDA:0,(anonymous_14)
FNDA:5,(anonymous_15)
FNDA:9,(anonymous_16)
FNDA:3,(anonymous_17)
FNDA:7,(anonymous_18)
FNDA:4,(anonymous_19)
FNDA:0,(anonymous_20)
FNDA:0,(anonymous_21)
FNDA:0,(anonymous_22)
FNDA:0,(anonymous_23)
FNDA:0,(anonymous_24)
FNDA:0,(anonymous_25)
FNDA:0,(anonymous_26)
FNDA:0,(anonymous_27)
FNDA:0,(anonymous_28)
FNDA:0,(anonymous_29)
FNDA:0,(anonymous_30)
FNDA:0,(anonymous_31)
FNDA:0,(anonymous_32)
FNDA:0,(anonymous_33)
FNDA:0,(anonymous_34)
FNDA:0,(anonymous_35)
FNDA:0,(anonymous_36)
DA:7,1
DA:16,2
DA:19,2
DA:20,2
DA:21,2
DA:24,2
DA:32,1
DA:46,8
DA:47,8
DA:49,11
DA:64,4
DA:65,8
DA:67,8
DA:70,8
DA:78,8
DA:79,15
DA:80,7
DA:81,9
DA:85,8
DA:94,4
DA:102,11
DA:110,4
DA:117,0
DA:118,0
DA:126,5
DA:127,9
DA:137,3
DA:138,3
DA:139,7
DA:140,4
DA:142,5
DA:146,3
DA:150,0
DA:151,0
DA:152,0
DA:153,0
DA:154,0
DA:155,0
DA:156,0
DA:157,0
DA:158,0
DA:159,0
DA:160,0
DA:161,0
DA:162,0
DA:163,0
DA:164,0
DA:165,0
DA:166,0
LF:49
LH:30
BRDA:49,0,0,11
BRDA:49,0,1,5
BRDA:64,1,0,3
BRDA:79,2,0,8
BRDA:79,2,1,7
BRDA:81,3,0,5
BRDA:81,3,1,4
BRDA:81,4,0,9
BRDA:81,4,1,5
BRDA:94,5,0,1
BRDA:94,5,1,3
BRDA:102,6,0,8
BRDA:110,7,0,4
BRDA:137,8,0,3
BRDA:137,8,1,0
BRDA:139,9,0,2
BRDA:139,9,1,5
BRF:17
BRH:16
end_of_record
