<?xml version="1.0" encoding="UTF-8"?>
<coverage generated="1603470651739" clover="3.2.0">
  <project timestamp="1603470651739" name="All files">
    <metrics statements="27" coveredstatements="26" conditionals="24" coveredconditionals="22" methods="11" coveredmethods="10" elements="62" coveredelements="58" complexity="0" loc="27" ncloc="27" packages="1" files="3" classes="3"/>
    <file name="FileTypeReadStream.ts" path="/home/mike/dev/thr-addons/packages/mimetype/src/FileTypeReadStream.ts">
      <metrics statements="14" coveredstatements="13" conditionals="4" coveredconditionals="2" methods="4" coveredmethods="3"/>
      <line num="14" count="1" type="stmt"/>
      <line num="15" count="1" type="stmt"/>
      <line num="16" count="1" type="stmt"/>
      <line num="20" count="1" type="cond" truecount="1" falsecount="1"/>
      <line num="21" count="1" type="stmt"/>
      <line num="22" count="1" type="stmt"/>
      <line num="24" count="1" type="stmt"/>
      <line num="25" count="1" type="stmt"/>
      <line num="27" count="1" type="cond" truecount="1" falsecount="1"/>
      <line num="28" count="1" type="stmt"/>
      <line num="30" count="1" type="stmt"/>
      <line num="31" count="1" type="stmt"/>
      <line num="35" count="0" type="stmt"/>
      <line num="39" count="1" type="stmt"/>
    </file>
    <file name="index.ts" path="/home/mike/dev/thr-addons/packages/mimetype/src/index.ts">
      <metrics statements="0" coveredstatements="0" conditionals="0" coveredconditionals="0" methods="0" coveredmethods="0"/>
    </file>
    <file name="mimeCheck.ts" path="/home/mike/dev/thr-addons/packages/mimetype/src/mimeCheck.ts">
      <metrics statements="13" coveredstatements="13" conditionals="20" coveredconditionals="20" methods="7" coveredmethods="7"/>
      <line num="9" count="2" type="stmt"/>
      <line num="18" count="8" type="cond" truecount="8" falsecount="0"/>
      <line num="26" count="7" type="stmt"/>
      <line num="28" count="1" type="stmt"/>
      <line num="38" count="3" type="cond" truecount="3" falsecount="0"/>
      <line num="41" count="2" type="stmt"/>
      <line num="43" count="1" type="stmt"/>
      <line num="53" count="9" type="cond" truecount="9" falsecount="0"/>
      <line num="62" count="8" type="stmt"/>
      <line num="64" count="1" type="stmt"/>
      <line num="73" count="3" type="stmt"/>
      <line num="77" count="3" type="stmt"/>
      <line num="81" count="3" type="stmt"/>
    </file>
  </project>
</coverage>
