TN:
SF:src/FileTypeReadStream.ts
FN:13,(anonymous_0)
FN:19,(anonymous_1)
FN:34,(anonymous_2)
FN:38,(anonymous_3)
FNF:4
FNH:3
FNDA:1,(anonymous_0)
FNDA:1,(anonymous_1)
FNDA:0,(anonymous_2)
FNDA:1,(anonymous_3)
DA:14,1
DA:15,1
DA:16,1
DA:20,1
DA:21,1
DA:22,1
DA:24,1
DA:25,1
DA:27,1
DA:28,1
DA:30,1
DA:31,1
DA:35,0
DA:39,1
LF:14
LH:13
BRDA:20,0,0,1
BRDA:20,0,1,0
BRDA:27,1,0,1
BRDA:27,1,1,0
BRF:4
BRH:2
end_of_record
TN:
SF:src/index.ts
FNF:0
FNH:0
LF:0
LH:0
BRF:0
BRH:0
end_of_record
TN:
SF:src/mimeCheck.ts
FN:8,isPdf
FN:17,isDoc
FN:37,isZip
FN:52,isImage
FN:72,isJpg
FN:76,mimetypeFromFilename
FN:80,extFromMimetype
FNF:7
FNH:7
FNDA:2,isPdf
FNDA:8,isDoc
FNDA:3,isZip
FNDA:9,isImage
FNDA:3,isJpg
FNDA:3,mimetypeFromFilename
FNDA:3,extFromMimetype
DA:9,2
DA:18,8
DA:26,7
DA:28,1
DA:38,3
DA:41,2
DA:43,1
DA:53,9
DA:62,8
DA:64,1
DA:73,3
DA:77,3
DA:81,3
LF:13
LH:13
BRDA:18,0,0,1
BRDA:18,0,1,2
BRDA:18,0,2,3
BRDA:18,0,3,4
BRDA:18,0,4,5
BRDA:18,0,5,6
BRDA:18,0,6,7
BRDA:18,0,7,1
BRDA:38,1,0,1
BRDA:38,1,1,2
BRDA:38,1,2,1
BRDA:53,2,0,1
BRDA:53,2,1,2
BRDA:53,2,2,3
BRDA:53,2,3,4
BRDA:53,2,4,5
BRDA:53,2,5,6
BRDA:53,2,6,7
BRDA:53,2,7,8
BRDA:53,2,8,1
BRF:20
BRH:20
end_of_record
