{"/home/mike/dev/thr-addons/packages/dialog/src/Dialog.js": {"path":"/home/mike/dev/thr-addons/packages/dialog/src/Dialog.js","statementMap":{"0":{"start":{"line":17,"column":1},"end":{"line":25,"column":2}},"1":{"start":{"line":18,"column":2},"end":{"line":24,"column":4}},"2":{"start":{"line":27,"column":18},"end":{"line":27,"column":50}},"3":{"start":{"line":29,"column":1},"end":{"line":31,"column":2}},"4":{"start":{"line":30,"column":2},"end":{"line":30,"column":27}},"5":{"start":{"line":33,"column":1},"end":{"line":40,"column":3}}},"fnMap":{"0":{"name":"Dialog","decl":{"start":{"line":16,"column":24},"end":{"line":16,"column":30}},"loc":{"start":{"line":16,"column":45},"end":{"line":41,"column":1}},"line":16}},"branchMap":{"0":{"loc":{"start":{"line":17,"column":1},"end":{"line":25,"column":2}},"type":"if","locations":[{"start":{"line":17,"column":1},"end":{"line":25,"column":2}},{"start":{"line":17,"column":1},"end":{"line":25,"column":2}}],"line":17},"1":{"loc":{"start":{"line":29,"column":1},"end":{"line":31,"column":2}},"type":"if","locations":[{"start":{"line":29,"column":1},"end":{"line":31,"column":2}},{"start":{"line":29,"column":1},"end":{"line":31,"column":2}}],"line":29}},"s":{"0":3,"1":1,"2":2,"3":2,"4":1,"5":2},"f":{"0":3},"b":{"0":[1,2],"1":[1,1]},"_coverageSchema":"332fd63041d2c1bcb487cc26dd0d5f7d97098a6c","hash":"6b83e11231880604f1c7f231959089943a5dede5"}
,"/home/mike/dev/thr-addons/packages/dialog/src/DialogButtons.js": {"path":"/home/mike/dev/thr-addons/packages/dialog/src/DialogButtons.js","statementMap":{"0":{"start":{"line":26,"column":22},"end":{"line":26,"column":94}},"1":{"start":{"line":27,"column":23},"end":{"line":28,"column":81}},"2":{"start":{"line":29,"column":22},"end":{"line":29,"column":108}},"3":{"start":{"line":30,"column":17},"end":{"line":30,"column":62}},"4":{"start":{"line":32,"column":25},"end":{"line":44,"column":2}},"5":{"start":{"line":46,"column":1},"end":{"line":51,"column":3}}},"fnMap":{"0":{"name":"DialogButtons","decl":{"start":{"line":25,"column":24},"end":{"line":25,"column":37}},"loc":{"start":{"line":25,"column":52},"end":{"line":52,"column":1}},"line":25}},"branchMap":{"0":{"loc":{"start":{"line":26,"column":22},"end":{"line":26,"column":94}},"type":"cond-expr","locations":[{"start":{"line":26,"column":39},"end":{"line":26,"column":87}},{"start":{"line":26,"column":90},"end":{"line":26,"column":94}}],"line":26},"1":{"loc":{"start":{"line":27,"column":23},"end":{"line":28,"column":81}},"type":"cond-expr","locations":[{"start":{"line":28,"column":2},"end":{"line":28,"column":74}},{"start":{"line":28,"column":77},"end":{"line":28,"column":81}}],"line":27},"2":{"loc":{"start":{"line":29,"column":22},"end":{"line":29,"column":108}},"type":"cond-expr","locations":[{"start":{"line":29,"column":39},"end":{"line":29,"column":101}},{"start":{"line":29,"column":104},"end":{"line":29,"column":108}}],"line":29},"3":{"loc":{"start":{"line":30,"column":17},"end":{"line":30,"column":62}},"type":"cond-expr","locations":[{"start":{"line":30,"column":45},"end":{"line":30,"column":50}},{"start":{"line":30,"column":53},"end":{"line":30,"column":62}}],"line":30},"4":{"loc":{"start":{"line":32,"column":25},"end":{"line":44,"column":2}},"type":"cond-expr","locations":[{"start":{"line":33,"column":2},"end":{"line":35,"column":12}},{"start":{"line":37,"column":2},"end":{"line":43,"column":12}}],"line":32}},"s":{"0":1,"1":1,"2":1,"3":1,"4":1,"5":1},"f":{"0":1},"b":{"0":[0,1],"1":[0,1],"2":[0,1],"3":[0,1],"4":[0,1]},"_coverageSchema":"332fd63041d2c1bcb487cc26dd0d5f7d97098a6c","hash":"7b6963d3b298ed7902489014d14e096ab2e468b0"}
,"/home/mike/dev/thr-addons/packages/dialog/src/DialogSystem.js": {"path":"/home/mike/dev/thr-addons/packages/dialog/src/DialogSystem.js","statementMap":{"0":{"start":{"line":10,"column":23},"end":{"line":15,"column":1}},"1":{"start":{"line":42,"column":2},"end":{"line":42,"column":15}},"2":{"start":{"line":43,"column":2},"end":{"line":47,"column":4}},"3":{"start":{"line":51,"column":2},"end":{"line":54,"column":4}},"4":{"start":{"line":58,"column":2},"end":{"line":66,"column":3}},"5":{"start":{"line":59,"column":18},"end":{"line":59,"column":48}},"6":{"start":{"line":61,"column":3},"end":{"line":65,"column":4}},"7":{"start":{"line":62,"column":4},"end":{"line":64,"column":7}},"8":{"start":{"line":81,"column":2},"end":{"line":86,"column":5}},"9":{"start":{"line":90,"column":2},"end":{"line":93,"column":5}},"10":{"start":{"line":97,"column":2},"end":{"line":116,"column":4}},"11":{"start":{"line":108,"column":21},"end":{"line":108,"column":42}}},"fnMap":{"0":{"name":"(anonymous_0)","decl":{"start":{"line":41,"column":1},"end":{"line":41,"column":2}},"loc":{"start":{"line":41,"column":28},"end":{"line":48,"column":2}},"line":41},"1":{"name":"(anonymous_1)","decl":{"start":{"line":50,"column":1},"end":{"line":50,"column":2}},"loc":{"start":{"line":50,"column":19},"end":{"line":55,"column":2}},"line":50},"2":{"name":"(anonymous_2)","decl":{"start":{"line":57,"column":1},"end":{"line":57,"column":2}},"loc":{"start":{"line":57,"column":22},"end":{"line":67,"column":2}},"line":57},"3":{"name":"(anonymous_3)","decl":{"start":{"line":80,"column":14},"end":{"line":80,"column":15}},"loc":{"start":{"line":80,"column":75},"end":{"line":87,"column":2}},"line":80},"4":{"name":"(anonymous_4)","decl":{"start":{"line":89,"column":15},"end":{"line":89,"column":16}},"loc":{"start":{"line":89,"column":21},"end":{"line":94,"column":2}},"line":89},"5":{"name":"(anonymous_5)","decl":{"start":{"line":96,"column":1},"end":{"line":96,"column":2}},"loc":{"start":{"line":96,"column":10},"end":{"line":117,"column":2}},"line":96},"6":{"name":"(anonymous_6)","decl":{"start":{"line":108,"column":15},"end":{"line":108,"column":16}},"loc":{"start":{"line":108,"column":21},"end":{"line":108,"column":42}},"line":108}},"branchMap":{"0":{"loc":{"start":{"line":58,"column":2},"end":{"line":66,"column":3}},"type":"if","locations":[{"start":{"line":58,"column":2},"end":{"line":66,"column":3}},{"start":{"line":58,"column":2},"end":{"line":66,"column":3}}],"line":58},"1":{"loc":{"start":{"line":61,"column":3},"end":{"line":65,"column":4}},"type":"if","locations":[{"start":{"line":61,"column":3},"end":{"line":65,"column":4}},{"start":{"line":61,"column":3},"end":{"line":65,"column":4}}],"line":61},"2":{"loc":{"start":{"line":80,"column":38},"end":{"line":80,"column":70}},"type":"default-arg","locations":[{"start":{"line":80,"column":56},"end":{"line":80,"column":70}}],"line":80},"3":{"loc":{"start":{"line":109,"column":7},"end":{"line":112,"column":15}},"type":"cond-expr","locations":[{"start":{"line":109,"column":30},"end":{"line":112,"column":8}},{"start":{"line":112,"column":11},"end":{"line":112,"column":15}}],"line":109}},"s":{"0":1,"1":2,"2":2,"3":2,"4":1,"5":1,"6":1,"7":0,"8":1,"9":0,"10":3,"11":3},"f":{"0":2,"1":2,"2":1,"3":1,"4":0,"5":3,"6":3},"b":{"0":[1,0],"1":[0,1],"2":[1],"3":[1,2]},"_coverageSchema":"332fd63041d2c1bcb487cc26dd0d5f7d97098a6c","hash":"61fc59798f4a0f3a3c1c3b1b391580caa886221e"}
,"/home/mike/dev/thr-addons/packages/dialog/tests/setupTests.js": {"path":"/home/mike/dev/thr-addons/packages/dialog/tests/setupTests.js","statementMap":{"0":{"start":{"line":4,"column":0},"end":{"line":4,"column":43}}},"fnMap":{},"branchMap":{},"s":{"0":3},"f":{},"b":{},"_coverageSchema":"332fd63041d2c1bcb487cc26dd0d5f7d97098a6c","hash":"a55851fd894504e8e171c22a55f0956bf4922d4e"}
}
