TN:
SF:/home/mike/dev/thr-addons/packages/dialog/src/Dialog.js
FN:16,Dialog
FNF:1
FNH:1
FNDA:3,Dialog
DA:17,3
DA:18,1
DA:27,2
DA:29,2
DA:30,1
DA:33,2
LF:6
LH:6
BRDA:17,0,0,1
BRDA:17,0,1,2
BRDA:29,1,0,1
BRDA:29,1,1,1
BRF:4
BRH:4
end_of_record
TN:
SF:/home/mike/dev/thr-addons/packages/dialog/src/DialogButtons.js
FN:25,DialogButtons
FNF:1
FNH:1
FNDA:1,DialogButtons
DA:26,1
DA:27,1
DA:29,1
DA:30,1
DA:32,1
DA:46,1
LF:6
LH:6
BRDA:26,0,0,0
BRDA:26,0,1,1
BRDA:27,1,0,0
BRDA:27,1,1,1
BRDA:29,2,0,0
BRDA:29,2,1,1
BRDA:30,3,0,0
BRDA:30,3,1,1
BRDA:32,4,0,0
BRDA:32,4,1,1
BRF:10
BRH:5
end_of_record
TN:
SF:/home/mike/dev/thr-addons/packages/dialog/src/DialogSystem.js
FN:41,(anonymous_0)
FN:50,(anonymous_1)
FN:57,(anonymous_2)
FN:80,(anonymous_3)
FN:89,(anonymous_4)
FN:96,(anonymous_5)
FN:108,(anonymous_6)
FNF:7
FNH:6
FNDA:2,(anonymous_0)
FNDA:2,(anonymous_1)
FNDA:1,(anonymous_2)
FNDA:1,(anonymous_3)
FNDA:0,(anonymous_4)
FNDA:3,(anonymous_5)
FNDA:3,(anonymous_6)
DA:10,1
DA:42,2
DA:43,2
DA:51,2
DA:58,1
DA:59,1
DA:61,1
DA:62,0
DA:81,1
DA:90,0
DA:97,3
DA:108,3
LF:12
LH:10
BRDA:58,0,0,1
BRDA:58,0,1,0
BRDA:61,1,0,0
BRDA:61,1,1,1
BRDA:80,2,0,1
BRDA:109,3,0,1
BRDA:109,3,1,2
BRF:7
BRH:5
end_of_record
TN:
SF:/home/mike/dev/thr-addons/packages/dialog/tests/setupTests.js
FNF:0
FNH:0
DA:4,3
LF:1
LH:1
BRF:0
BRH:0
end_of_record
