<?xml version="1.0" encoding="UTF-8"?>
<coverage generated="1603401537800" clover="3.2.0">
  <project timestamp="1603401537801" name="All files">
    <metrics statements="7" coveredstatements="7" conditionals="0" coveredconditionals="0" methods="3" coveredmethods="3" elements="10" coveredelements="10" complexity="0" loc="7" ncloc="7" packages="1" files="2" classes="2"/>
    <file name="LocalDateProperty.ts" path="/home/mike/dev/thr-addons/packages/mikroorm-types/src/LocalDateProperty.ts">
      <metrics statements="7" coveredstatements="7" conditionals="0" coveredconditionals="0" methods="3" coveredmethods="3"/>
      <line num="6" count="2" type="stmt"/>
      <line num="7" count="2" type="stmt"/>
      <line num="9" count="1" type="stmt"/>
      <line num="14" count="2" type="stmt"/>
      <line num="15" count="2" type="stmt"/>
      <line num="17" count="1" type="stmt"/>
      <line num="22" count="1" type="stmt"/>
    </file>
    <file name="index.ts" path="/home/mike/dev/thr-addons/packages/mikroorm-types/src/index.ts">
      <metrics statements="0" coveredstatements="0" conditionals="0" coveredconditionals="0" methods="0" coveredmethods="0"/>
    </file>
  </project>
</coverage>
