{"/home/mike/dev/thr-addons/packages/mikroorm-types/src/LocalDateProperty.ts": {"path":"/home/mike/dev/thr-addons/packages/mikroorm-types/src/LocalDateProperty.ts","statementMap":{"0":{"start":{"line":6,"column":2},"end":{"line":10,"column":3}},"1":{"start":{"line":7,"column":3},"end":{"line":7,"column":28}},"2":{"start":{"line":9,"column":3},"end":{"line":9,"column":69}},"3":{"start":{"line":14,"column":2},"end":{"line":18,"column":3}},"4":{"start":{"line":15,"column":3},"end":{"line":15,"column":29}},"5":{"start":{"line":17,"column":3},"end":{"line":17,"column":75}},"6":{"start":{"line":22,"column":2},"end":{"line":22,"column":18}}},"fnMap":{"0":{"name":"(anonymous_0)","decl":{"start":{"line":5,"column":1},"end":{"line":5,"column":2}},"loc":{"start":{"line":5,"column":41},"end":{"line":11,"column":2}},"line":5},"1":{"name":"(anonymous_1)","decl":{"start":{"line":13,"column":1},"end":{"line":13,"column":2}},"loc":{"start":{"line":13,"column":35},"end":{"line":19,"column":2}},"line":13},"2":{"name":"(anonymous_2)","decl":{"start":{"line":21,"column":1},"end":{"line":21,"column":2}},"loc":{"start":{"line":21,"column":17},"end":{"line":23,"column":2}},"line":21}},"branchMap":{},"s":{"0":2,"1":2,"2":1,"3":2,"4":2,"5":1,"6":1},"f":{"0":2,"1":2,"2":1},"b":{},"_coverageSchema":"1a1c01bbd47fc00a2c39e90264f33305004495a9","hash":"59ccef6ec265587fdb46220c09350bfc14ca24d1"}
,"/home/mike/dev/thr-addons/packages/mikroorm-types/src/index.ts": {"path":"/home/mike/dev/thr-addons/packages/mikroorm-types/src/index.ts","statementMap":{},"fnMap":{},"branchMap":{},"s":{},"f":{},"b":{}}
}
