TN:
SF:/home/mike/dev/thr-addons/packages/tproptypes/src/date.js
FNF:0
FNH:0
DA:9,4
LF:1
LH:1
BRF:0
BRH:0
end_of_record
TN:
SF:/home/mike/dev/thr-addons/packages/tproptypes/src/index.js
FNF:0
FNH:0
LF:0
LH:0
BRF:0
BRH:0
end_of_record
TN:
SF:/home/mike/dev/thr-addons/packages/tproptypes/src/money.js
FNF:0
FNH:0
DA:9,4
LF:1
LH:1
BRF:0
BRH:0
end_of_record
TN:
SF:/home/mike/dev/thr-addons/packages/tproptypes/src/react.js
FNF:0
FNH:0
DA:8,4
LF:1
LH:1
BRF:0
BRH:0
end_of_record
TN:
SF:/home/mike/dev/thr-addons/packages/tproptypes/src/router.js
FNF:0
FNH:0
DA:8,4
DA:19,4
LF:2
LH:2
BRF:0
BRH:0
end_of_record
TN:
SF:/home/mike/dev/thr-addons/packages/tproptypes/src/sform.js
FN:10,invalidProp
FN:21,(anonymous_1)
FN:25,(anonymous_2)
FN:27,(anonymous_3)
FNF:4
FNH:3
FNDA:0,invalidProp
FNDA:1,(anonymous_1)
FNDA:1,(anonymous_2)
FNDA:1,(anonymous_3)
DA:11,0
DA:21,4
DA:22,1
DA:23,1
DA:24,1
DA:25,1
DA:26,1
DA:27,1
DA:30,1
DA:31,1
LF:10
LH:9
BRDA:24,0,0,1
BRDA:24,0,1,0
BRDA:25,1,0,1
BRDA:25,1,1,1
BRDA:26,2,0,0
BRDA:26,2,1,1
BRDA:27,3,0,1
BRDA:27,3,1,1
BRDA:30,4,0,0
BRDA:30,4,1,1
BRF:10
BRH:7
end_of_record
TN:
SF:/home/mike/dev/thr-addons/packages/tproptypes/tests/setupTests.js
FNF:0
FNH:0
DA:4,4
LF:1
LH:1
BRF:0
BRH:0
end_of_record
