{"/home/mike/dev/thr-addons/packages/notifications/src/NotificationSystem.js": {"path":"/home/mike/dev/thr-addons/packages/notifications/src/NotificationSystem.js","statementMap":{"0":{"start":{"line":14,"column":2},"end":{"line":14,"column":43}},"1":{"start":{"line":21,"column":2},"end":{"line":26,"column":4}},"2":{"start":{"line":24,"column":40},"end":{"line":24,"column":56}}},"fnMap":{"0":{"name":"(anonymous_0)","decl":{"start":{"line":13,"column":1},"end":{"line":13,"column":2}},"loc":{"start":{"line":13,"column":21},"end":{"line":15,"column":2}},"line":13},"1":{"name":"(anonymous_1)","decl":{"start":{"line":20,"column":1},"end":{"line":20,"column":2}},"loc":{"start":{"line":20,"column":10},"end":{"line":27,"column":2}},"line":20},"2":{"name":"(anonymous_2)","decl":{"start":{"line":24,"column":34},"end":{"line":24,"column":35}},"loc":{"start":{"line":24,"column":40},"end":{"line":24,"column":56}},"line":24}},"branchMap":{},"s":{"0":2,"1":2,"2":1},"f":{"0":2,"1":2,"2":1},"b":{},"_coverageSchema":"332fd63041d2c1bcb487cc26dd0d5f7d97098a6c","hash":"85a3b7b5e3568fa0b9520de63819c7dcbd4f67f4"}
,"/home/mike/dev/thr-addons/packages/notifications/src/registerNotificationSystem.js": {"path":"/home/mike/dev/thr-addons/packages/notifications/src/registerNotificationSystem.js","statementMap":{"0":{"start":{"line":1,"column":25},"end":{"line":1,"column":29}},"1":{"start":{"line":4,"column":1},"end":{"line":4,"column":35}},"2":{"start":{"line":8,"column":1},"end":{"line":8,"column":27}}},"fnMap":{"0":{"name":"registerNotificationSystem","decl":{"start":{"line":3,"column":16},"end":{"line":3,"column":42}},"loc":{"start":{"line":3,"column":57},"end":{"line":5,"column":1}},"line":3},"1":{"name":"getNotificationSystem","decl":{"start":{"line":7,"column":16},"end":{"line":7,"column":37}},"loc":{"start":{"line":7,"column":40},"end":{"line":9,"column":1}},"line":7}},"branchMap":{},"s":{"0":1,"1":0,"2":0},"f":{"0":0,"1":0},"b":{},"_coverageSchema":"332fd63041d2c1bcb487cc26dd0d5f7d97098a6c","hash":"f38ac5233f4a26e58c56f35e5408bf430923d964"}
,"/home/mike/dev/thr-addons/packages/notifications/tests/setupTests.js": {"path":"/home/mike/dev/thr-addons/packages/notifications/tests/setupTests.js","statementMap":{"0":{"start":{"line":4,"column":0},"end":{"line":4,"column":43}}},"fnMap":{},"branchMap":{},"s":{"0":1},"f":{},"b":{},"_coverageSchema":"332fd63041d2c1bcb487cc26dd0d5f7d97098a6c","hash":"3d866b2959870cb6ab70c351c5b1dc38fc49b573"}
}
