TN:
SF:/home/mike/dev/thr-addons/packages/notifications/src/NotificationSystem.js
FN:13,(anonymous_0)
FN:20,(anonymous_1)
FN:24,(anonymous_2)
FNF:3
FNH:3
FNDA:2,(anonymous_0)
FNDA:2,(anonymous_1)
FNDA:1,(anonymous_2)
DA:14,2
DA:21,2
DA:24,1
LF:3
LH:3
BRF:0
BRH:0
end_of_record
TN:
SF:/home/mike/dev/thr-addons/packages/notifications/src/registerNotificationSystem.js
FN:3,registerNotificationSystem
FN:7,getNotificationSystem
FNF:2
FNH:0
FNDA:0,registerNotificationSystem
FNDA:0,getNotificationSystem
DA:1,1
DA:4,0
DA:8,0
LF:3
LH:1
BRF:0
BRH:0
end_of_record
TN:
SF:/home/mike/dev/thr-addons/packages/notifications/tests/setupTests.js
FNF:0
FNH:0
DA:4,1
LF:1
LH:1
BRF:0
BRH:0
end_of_record
