<?xml version="1.0" encoding="UTF-8"?>
<coverage generated="1538767400009" clover="3.2.0">
  <project timestamp="1538767400010" name="All files">
    <metrics statements="24" coveredstatements="22" conditionals="34" coveredconditionals="30" methods="7" coveredmethods="7" elements="65" coveredelements="59" complexity="0" loc="24" ncloc="24" packages="2" files="3" classes="3">
      <package name="src">
        <metrics statements="19" coveredstatements="18" conditionals="29" coveredconditionals="26" methods="7" coveredmethods="7"/>
        <file name="currencyCountry.js" path="/home/mike/dev/thr-addons/packages/money/src/currencyCountry.js">
          <metrics statements="3" coveredstatements="3" conditionals="2" coveredconditionals="1" methods="1" coveredmethods="1"/>
          <line num="3" count="1" type="stmt"/>
          <line num="130" count="1" type="cond" truecount="1" falsecount="1"/>
          <line num="131" count="1" type="stmt"/>
        </file>
        <file name="util.js" path="/home/mike/dev/thr-addons/packages/money/src/util.js">
          <metrics statements="16" coveredstatements="15" conditionals="27" coveredconditionals="25" methods="6" coveredmethods="6"/>
          <line num="18" count="27" type="cond" truecount="2" falsecount="0"/>
          <line num="19" count="19" type="cond" truecount="2" falsecount="0"/>
          <line num="20" count="16" type="cond" truecount="2" falsecount="0"/>
          <line num="21" count="5" type="cond" truecount="5" falsecount="0"/>
          <line num="22" count="4" type="cond" truecount="2" falsecount="0"/>
          <line num="23" count="2" type="stmt"/>
          <line num="33" count="4" type="stmt"/>
          <line num="43" count="2" type="cond" truecount="1" falsecount="1"/>
          <line num="44" count="2" type="cond" truecount="2" falsecount="0"/>
          <line num="53" count="8" type="cond" truecount="2" falsecount="0"/>
          <line num="54" count="2" type="stmt"/>
          <line num="56" count="6" type="cond" truecount="1" falsecount="1"/>
          <line num="57" count="6" type="cond" truecount="4" falsecount="0"/>
          <line num="58" count="2" type="stmt"/>
          <line num="59" count="4" type="stmt"/>
          <line num="62" count="0" type="stmt"/>
        </file>
      </package>
      <package name="src.graphql">
        <metrics statements="5" coveredstatements="4" conditionals="5" coveredconditionals="4" methods="0" coveredmethods="0"/>
        <file name="GraphQLMoney.js" path="/home/mike/dev/thr-addons/packages/money/src/graphql/GraphQLMoney.js">
          <metrics statements="5" coveredstatements="4" conditionals="5" coveredconditionals="4" methods="0" coveredmethods="0"/>
          <line num="6" count="1" type="stmt"/>
          <line num="11" count="5" type="stmt"/>
          <line num="15" count="7" type="stmt"/>
          <line num="19" count="6" type="cond" truecount="4" falsecount="1"/>
          <line num="20" count="0" type="stmt"/>
        </file>
      </package>
    </metrics>
  </project>
</coverage>
