<?xml version="1.0" encoding="UTF-8"?>
<coverage generated="1603470651257" clover="3.2.0">
  <project timestamp="1603470651257" name="All files">
    <metrics statements="13" coveredstatements="13" conditionals="20" coveredconditionals="19" methods="7" coveredmethods="7" elements="40" coveredelements="39" complexity="0" loc="13" ncloc="13" packages="1" files="5" classes="5"/>
    <file name="currencyCountry.ts" path="/home/mike/dev/thr-addons/packages/money/src/currencyCountry.ts">
      <metrics statements="0" coveredstatements="0" conditionals="0" coveredconditionals="0" methods="0" coveredmethods="0"/>
    </file>
    <file name="formatMoney.ts" path="/home/mike/dev/thr-addons/packages/money/src/formatMoney.ts">
      <metrics statements="2" coveredstatements="2" conditionals="6" coveredconditionals="5" methods="1" coveredmethods="1"/>
      <line num="11" count="3" type="cond" truecount="2" falsecount="0"/>
      <line num="12" count="2" type="stmt"/>
    </file>
    <file name="index.ts" path="/home/mike/dev/thr-addons/packages/money/src/index.ts">
      <metrics statements="0" coveredstatements="0" conditionals="0" coveredconditionals="0" methods="0" coveredmethods="0"/>
    </file>
    <file name="roundTo.ts" path="/home/mike/dev/thr-addons/packages/money/src/roundTo.ts">
      <metrics statements="1" coveredstatements="1" conditionals="0" coveredconditionals="0" methods="1" coveredmethods="1"/>
      <line num="8" count="4" type="stmt"/>
    </file>
    <file name="toMoney.ts" path="/home/mike/dev/thr-addons/packages/money/src/toMoney.ts">
      <metrics statements="10" coveredstatements="10" conditionals="14" coveredconditionals="14" methods="5" coveredmethods="5"/>
      <line num="5" count="2" type="stmt"/>
      <line num="9" count="5" type="stmt"/>
      <line num="18" count="9" type="stmt"/>
      <line num="22" count="3" type="cond" truecount="2" falsecount="0"/>
      <line num="26" count="9" type="cond" truecount="2" falsecount="0"/>
      <line num="27" count="8" type="cond" truecount="2" falsecount="0"/>
      <line num="28" count="5" type="cond" truecount="2" falsecount="0"/>
      <line num="29" count="3" type="cond" truecount="2" falsecount="0"/>
      <line num="30" count="2" type="cond" truecount="2" falsecount="0"/>
      <line num="31" count="1" type="stmt"/>
    </file>
  </project>
</coverage>
