{"/home/mike/dev/thr-addons/packages/money/src/currencyCountry.ts": {"path":"/home/mike/dev/thr-addons/packages/money/src/currencyCountry.ts","statementMap":{},"fnMap":{},"branchMap":{},"s":{},"f":{},"b":{},"hash":"7e1e161edcf52042e1a12aba92050d507d1ab563"}
,"/home/mike/dev/thr-addons/packages/money/src/formatMoney.ts": {"path":"/home/mike/dev/thr-addons/packages/money/src/formatMoney.ts","statementMap":{"0":{"start":{"line":11,"column":1},"end":{"line":11,"column":23}},"1":{"start":{"line":11,"column":13},"end":{"line":11,"column":23}},"2":{"start":{"line":12,"column":1},"end":{"line":18,"column":3}}},"fnMap":{"0":{"name":"formatMoney","decl":{"start":{"line":10,"column":16},"end":{"line":10,"column":27}},"loc":{"start":{"line":10,"column":92},"end":{"line":19,"column":1}},"line":10}},"branchMap":{"0":{"loc":{"start":{"line":10,"column":28},"end":{"line":10,"column":66}},"type":"default-arg","locations":[{"start":{"line":10,"column":62},"end":{"line":10,"column":66}}],"line":10},"1":{"loc":{"start":{"line":10,"column":68},"end":{"line":10,"column":82}},"type":"default-arg","locations":[{"start":{"line":10,"column":77},"end":{"line":10,"column":82}}],"line":10},"2":{"loc":{"start":{"line":11,"column":1},"end":{"line":11,"column":23}},"type":"if","locations":[{"start":{"line":11,"column":1},"end":{"line":11,"column":23}},{"start":{"line":11,"column":1},"end":{"line":11,"column":23}}],"line":11},"3":{"loc":{"start":{"line":15,"column":2},"end":{"line":15,"column":51}},"type":"cond-expr","locations":[{"start":{"line":15,"column":11},"end":{"line":15,"column":46}},{"start":{"line":15,"column":49},"end":{"line":15,"column":51}}],"line":15}},"s":{"0":3,"1":1,"2":2},"f":{"0":3},"b":{"0":[0],"1":[2],"2":[1,2],"3":[1,1]},"_coverageSchema":"43e27e138ebf9cfc5966b082cf9a028302ed4184","hash":"6cf86dcdfbdc571b5872b5efbc5219921bcac827"}
,"/home/mike/dev/thr-addons/packages/money/src/index.ts": {"path":"/home/mike/dev/thr-addons/packages/money/src/index.ts","statementMap":{},"fnMap":{},"branchMap":{},"s":{},"f":{},"b":{},"hash":"3ce9a994c6a60d59815a415e5e0afccb7e82efee"}
,"/home/mike/dev/thr-addons/packages/money/src/roundTo.ts": {"path":"/home/mike/dev/thr-addons/packages/money/src/roundTo.ts","statementMap":{"0":{"start":{"line":8,"column":1},"end":{"line":8,"column":88}}},"fnMap":{"0":{"name":"roundTo","decl":{"start":{"line":7,"column":16},"end":{"line":7,"column":23}},"loc":{"start":{"line":7,"column":65},"end":{"line":9,"column":1}},"line":7}},"branchMap":{},"s":{"0":4},"f":{"0":4},"b":{},"_coverageSchema":"43e27e138ebf9cfc5966b082cf9a028302ed4184","hash":"d95af956872f43cf164985d9c826148e3b16d466"}
,"/home/mike/dev/thr-addons/packages/money/src/toMoney.ts": {"path":"/home/mike/dev/thr-addons/packages/money/src/toMoney.ts","statementMap":{"0":{"start":{"line":5,"column":1},"end":{"line":5,"column":30}},"1":{"start":{"line":9,"column":1},"end":{"line":9,"column":30}},"2":{"start":{"line":18,"column":1},"end":{"line":18,"column":27}},"3":{"start":{"line":22,"column":1},"end":{"line":22,"column":49}},"4":{"start":{"line":29,"column":1},"end":{"line":29,"column":34}},"5":{"start":{"line":29,"column":21},"end":{"line":29,"column":34}},"6":{"start":{"line":30,"column":1},"end":{"line":30,"column":43}},"7":{"start":{"line":30,"column":13},"end":{"line":30,"column":43}},"8":{"start":{"line":31,"column":1},"end":{"line":31,"column":73}},"9":{"start":{"line":31,"column":22},"end":{"line":31,"column":73}},"10":{"start":{"line":32,"column":1},"end":{"line":32,"column":74}},"11":{"start":{"line":32,"column":27},"end":{"line":32,"column":74}},"12":{"start":{"line":33,"column":1},"end":{"line":33,"column":85}},"13":{"start":{"line":33,"column":22},"end":{"line":33,"column":85}},"14":{"start":{"line":34,"column":1},"end":{"line":34,"column":60}}},"fnMap":{"0":{"name":"isString","decl":{"start":{"line":4,"column":9},"end":{"line":4,"column":17}},"loc":{"start":{"line":4,"column":39},"end":{"line":6,"column":1}},"line":4},"1":{"name":"isNumber","decl":{"start":{"line":8,"column":9},"end":{"line":8,"column":17}},"loc":{"start":{"line":8,"column":39},"end":{"line":10,"column":1}},"line":8},"2":{"name":"isMoney","decl":{"start":{"line":17,"column":16},"end":{"line":17,"column":23}},"loc":{"start":{"line":17,"column":44},"end":{"line":19,"column":1}},"line":17},"3":{"name":"isMoneyObject","decl":{"start":{"line":21,"column":16},"end":{"line":21,"column":29}},"loc":{"start":{"line":21,"column":57},"end":{"line":23,"column":1}},"line":21},"4":{"name":"toMoney","decl":{"start":{"line":25,"column":16},"end":{"line":25,"column":23}},"loc":{"start":{"line":28,"column":9},"end":{"line":35,"column":1}},"line":28}},"branchMap":{"0":{"loc":{"start":{"line":26,"column":1},"end":{"line":26,"column":72}},"type":"default-arg","locations":[{"start":{"line":26,"column":68},"end":{"line":26,"column":72}}],"line":26},"1":{"loc":{"start":{"line":27,"column":1},"end":{"line":27,"column":42}},"type":"default-arg","locations":[{"start":{"line":27,"column":33},"end":{"line":27,"column":42}}],"line":27},"2":{"loc":{"start":{"line":29,"column":1},"end":{"line":29,"column":34}},"type":"if","locations":[{"start":{"line":29,"column":1},"end":{"line":29,"column":34}},{"start":{"line":29,"column":1},"end":{"line":29,"column":34}}],"line":29},"3":{"loc":{"start":{"line":30,"column":1},"end":{"line":30,"column":43}},"type":"if","locations":[{"start":{"line":30,"column":1},"end":{"line":30,"column":43}},{"start":{"line":30,"column":1},"end":{"line":30,"column":43}}],"line":30},"4":{"loc":{"start":{"line":31,"column":1},"end":{"line":31,"column":73}},"type":"if","locations":[{"start":{"line":31,"column":1},"end":{"line":31,"column":73}},{"start":{"line":31,"column":1},"end":{"line":31,"column":73}}],"line":31},"5":{"loc":{"start":{"line":32,"column":1},"end":{"line":32,"column":74}},"type":"if","locations":[{"start":{"line":32,"column":1},"end":{"line":32,"column":74}},{"start":{"line":32,"column":1},"end":{"line":32,"column":74}}],"line":32},"6":{"loc":{"start":{"line":33,"column":1},"end":{"line":33,"column":85}},"type":"if","locations":[{"start":{"line":33,"column":1},"end":{"line":33,"column":85}},{"start":{"line":33,"column":1},"end":{"line":33,"column":85}}],"line":33}},"s":{"0":2,"1":5,"2":9,"3":3,"4":9,"5":1,"6":8,"7":3,"8":5,"9":2,"10":3,"11":1,"12":2,"13":1,"14":1},"f":{"0":2,"1":5,"2":9,"3":3,"4":9},"b":{"0":[3],"1":[8],"2":[1,8],"3":[3,5],"4":[2,3],"5":[1,2],"6":[1,1]},"_coverageSchema":"43e27e138ebf9cfc5966b082cf9a028302ed4184","hash":"9c80c8038a070811ca59fa2f3e744fabac32684b"}
}
