TN:
SF:/home/mike/dev/thr-addons/packages/money/src/currencyCountry.ts
FNF:0
FNH:0
LF:0
LH:0
BRF:0
BRH:0
end_of_record
TN:
SF:/home/mike/dev/thr-addons/packages/money/src/formatMoney.ts
FN:10,formatMoney
FNF:1
FNH:1
FNDA:3,formatMoney
DA:11,3
DA:12,2
LF:2
LH:2
BRDA:10,0,0,0
BRDA:10,1,0,2
BRDA:11,2,0,1
BRDA:11,2,1,2
BRDA:15,3,0,1
BRDA:15,3,1,1
BRF:6
BRH:5
end_of_record
TN:
SF:/home/mike/dev/thr-addons/packages/money/src/index.ts
FNF:0
FNH:0
LF:0
LH:0
BRF:0
BRH:0
end_of_record
TN:
SF:/home/mike/dev/thr-addons/packages/money/src/roundTo.ts
FN:7,roundTo
FNF:1
FNH:1
FNDA:4,roundTo
DA:8,4
LF:1
LH:1
BRF:0
BRH:0
end_of_record
TN:
SF:/home/mike/dev/thr-addons/packages/money/src/toMoney.ts
FN:4,isString
FN:8,isNumber
FN:17,isMoney
FN:21,isMoneyObject
FN:25,toMoney
FNF:5
FNH:5
FNDA:2,isString
FNDA:5,isNumber
FNDA:9,isMoney
FNDA:3,isMoneyObject
FNDA:9,toMoney
DA:5,2
DA:9,5
DA:18,9
DA:22,3
DA:29,9
DA:30,8
DA:31,5
DA:32,3
DA:33,2
DA:34,1
LF:10
LH:10
BRDA:26,0,0,3
BRDA:27,1,0,8
BRDA:29,2,0,1
BRDA:29,2,1,8
BRDA:30,3,0,3
BRDA:30,3,1,5
BRDA:31,4,0,2
BRDA:31,4,1,3
BRDA:32,5,0,1
BRDA:32,5,1,2
BRDA:33,6,0,1
BRDA:33,6,1,1
BRF:12
BRH:12
end_of_record
