TN:
SF:/home/mike/dev/thr-addons/packages/money/src/currencyCountry.js
FN:127,getCountryCode
FNF:1
FNH:1
FNDA:1,getCountryCode
DA:1,1
DA:128,1
DA:129,1
LF:3
LH:3
BRDA:128,0,0,0
BRDA:128,0,1,1
BRF:2
BRH:1
end_of_record
TN:
SF:/home/mike/dev/thr-addons/packages/money/src/util.js
FN:17,makeMoney
FN:32,roundTo
FN:42,formatMoney
FN:52,transformObjectsToMoney
FN:54,(anonymous_4)
FN:58,(anonymous_5)
FNF:6
FNH:6
FNDA:27,makeMoney
FNDA:4,roundTo
FNDA:2,formatMoney
FNDA:8,transformObjectsToMoney
FNDA:2,(anonymous_4)
FNDA:4,(anonymous_5)
DA:18,27
DA:19,19
DA:20,16
DA:21,5
DA:22,4
DA:23,2
DA:33,4
DA:43,2
DA:44,2
DA:53,8
DA:54,2
DA:56,6
DA:57,6
DA:58,2
DA:59,4
DA:62,0
LF:16
LH:15
BRDA:17,0,0,26
BRDA:18,1,0,8
BRDA:18,1,1,19
BRDA:19,2,0,3
BRDA:19,2,1,16
BRDA:20,3,0,11
BRDA:20,3,1,5
BRDA:21,4,0,1
BRDA:21,4,1,4
BRDA:21,5,0,5
BRDA:21,5,1,3
BRDA:21,5,2,1
BRDA:22,6,0,2
BRDA:22,6,1,2
BRDA:42,7,0,1
BRDA:43,8,0,0
BRDA:43,8,1,2
BRDA:44,9,0,1
BRDA:44,9,1,1
BRDA:53,10,0,2
BRDA:53,10,1,6
BRDA:56,11,0,6
BRDA:56,11,1,0
BRDA:57,12,0,4
BRDA:57,12,1,2
BRDA:57,13,0,6
BRDA:57,13,1,4
BRF:27
BRH:25
end_of_record
TN:
SF:/home/mike/dev/thr-addons/packages/money/src/graphql/GraphQLMoney.js
FN:10,(anonymous_0)
FN:14,(anonymous_1)
FN:18,(anonymous_2)
FNF:3
FNH:3
FNDA:5,(anonymous_0)
FNDA:7,(anonymous_1)
FNDA:6,(anonymous_2)
DA:6,1
DA:11,5
DA:15,7
DA:19,6
DA:20,0
LF:5
LH:4
BRDA:19,0,0,6
BRDA:19,0,1,0
BRDA:19,1,0,6
BRDA:19,1,1,4
BRDA:19,1,2,2
BRF:5
BRH:4
end_of_record
