<?xml version="1.0" encoding="UTF-8"?>
<coverage generated="1529614515770" clover="3.2.0">
  <project timestamp="1529614515770" name="All files">
    <metrics statements="53" coveredstatements="13" conditionals="35" coveredconditionals="6" methods="15" coveredmethods="4" elements="103" coveredelements="23" complexity="0" loc="53" ncloc="53" packages="3" files="5" classes="5">
      <package name="src.MoneyInput">
        <metrics statements="38" coveredstatements="8" conditionals="23" coveredconditionals="5" methods="11" coveredmethods="3"/>
        <file name="MoneyInput.js" path="/home/mike/dev/thr-addons/packages/money-ui/src/MoneyInput/MoneyInput.js">
          <metrics statements="33" coveredstatements="8" conditionals="23" coveredconditionals="5" methods="8" coveredmethods="3"/>
          <line num="11" count="1" type="stmt"/>
          <line num="41" count="1" type="stmt"/>
          <line num="42" count="1" type="cond" truecount="2" falsecount="3"/>
          <line num="43" count="0" type="stmt"/>
          <line num="48" count="1" type="stmt"/>
          <line num="49" count="1" type="cond" truecount="1" falsecount="1"/>
          <line num="50" count="0" type="stmt"/>
          <line num="54" count="0" type="cond" truecount="0" falsecount="2"/>
          <line num="55" count="0" type="stmt"/>
          <line num="56" count="0" type="cond" truecount="0" falsecount="2"/>
          <line num="57" count="0" type="stmt"/>
          <line num="59" count="0" type="stmt"/>
          <line num="63" count="0" type="stmt"/>
          <line num="65" count="0" type="stmt"/>
          <line num="74" count="0" type="stmt"/>
          <line num="75" count="0" type="stmt"/>
          <line num="76" count="0" type="cond" truecount="0" falsecount="2"/>
          <line num="77" count="0" type="stmt"/>
          <line num="78" count="0" type="stmt"/>
          <line num="79" count="0" type="stmt"/>
          <line num="84" count="0" type="stmt"/>
          <line num="90" count="0" type="stmt"/>
          <line num="91" count="0" type="cond" truecount="0" falsecount="2"/>
          <line num="92" count="0" type="stmt"/>
          <line num="93" count="0" type="cond" truecount="0" falsecount="2"/>
          <line num="94" count="0" type="stmt"/>
          <line num="99" count="0" type="stmt"/>
          <line num="101" count="0" type="stmt"/>
          <line num="103" count="0" type="stmt"/>
          <line num="115" count="1" type="stmt"/>
          <line num="116" count="1" type="stmt"/>
          <line num="118" count="1" type="stmt"/>
          <line num="120" count="0" type="cond" truecount="1" falsecount="1"/>
        </file>
        <file name="index.js" path="/home/mike/dev/thr-addons/packages/money-ui/src/MoneyInput/index.js">
          <metrics statements="0" coveredstatements="0" conditionals="0" coveredconditionals="0" methods="0" coveredmethods="0"/>
        </file>
        <file name="moneyInputMask.js" path="/home/mike/dev/thr-addons/packages/money-ui/src/MoneyInput/moneyInputMask.js">
          <metrics statements="5" coveredstatements="0" conditionals="0" coveredconditionals="0" methods="3" coveredmethods="0"/>
          <line num="7" count="0" type="stmt"/>
          <line num="11" count="0" type="stmt"/>
          <line num="14" count="0" type="stmt"/>
          <line num="27" count="0" type="stmt"/>
          <line num="29" count="0" type="stmt"/>
        </file>
      </package>
      <package name="src.MoneyInputMask">
        <metrics statements="14" coveredstatements="4" conditionals="12" coveredconditionals="1" methods="4" coveredmethods="1"/>
        <file name="index.js" path="/home/mike/dev/thr-addons/packages/money-ui/src/MoneyInputMask/index.js">
          <metrics statements="14" coveredstatements="4" conditionals="12" coveredconditionals="1" methods="4" coveredmethods="1"/>
          <line num="12" count="1" type="stmt"/>
          <line num="36" count="0" type="stmt"/>
          <line num="37" count="0" type="stmt"/>
          <line num="38" count="0" type="stmt"/>
          <line num="39" count="0" type="cond" truecount="0" falsecount="2"/>
          <line num="40" count="0" type="cond" truecount="0" falsecount="2"/>
          <line num="42" count="0" type="stmt"/>
          <line num="47" count="0" type="stmt"/>
          <line num="48" count="0" type="stmt"/>
          <line num="61" count="1" type="stmt"/>
          <line num="62" count="1" type="cond" truecount="1" falsecount="1"/>
          <line num="64" count="1" type="stmt"/>
          <line num="76" count="0" type="stmt"/>
          <line num="77" count="0" type="stmt"/>
        </file>
      </package>
      <package name="tests">
        <metrics statements="1" coveredstatements="1" conditionals="0" coveredconditionals="0" methods="0" coveredmethods="0"/>
        <file name="setupTests.js" path="/home/mike/dev/thr-addons/packages/money-ui/tests/setupTests.js">
          <metrics statements="1" coveredstatements="1" conditionals="0" coveredconditionals="0" methods="0" coveredmethods="0"/>
          <line num="4" count="2" type="stmt"/>
        </file>
      </package>
    </metrics>
  </project>
</coverage>
