<?xml version="1.0" encoding="UTF-8"?>
<coverage generated="1529354712044" clover="3.2.0">
  <project timestamp="1529354712044" name="All files">
    <metrics statements="43" coveredstatements="15" conditionals="30" coveredconditionals="5" methods="14" coveredmethods="5" elements="87" coveredelements="25" complexity="0" loc="43" ncloc="43" packages="3" files="4" classes="4">
      <package name="src.MoneyInput">
        <metrics statements="28" coveredstatements="10" conditionals="18" coveredconditionals="4" methods="10" coveredmethods="4"/>
        <file name="index.js" path="/home/mike/dev/thr-addons/packages/money-ui/src/MoneyInput/index.js">
          <metrics statements="23" coveredstatements="10" conditionals="18" coveredconditionals="4" methods="7" coveredmethods="4"/>
          <line num="14" count="1" type="cond" truecount="1" falsecount="1"/>
          <line num="15" count="0" type="cond" truecount="0" falsecount="2"/>
          <line num="16" count="0" type="stmt"/>
          <line num="18" count="0" type="stmt"/>
          <line num="21" count="1" type="stmt"/>
          <line num="23" count="1" type="stmt"/>
          <line num="53" count="1" type="stmt"/>
          <line num="54" count="1" type="stmt"/>
          <line num="55" count="1" type="stmt"/>
          <line num="59" count="1" type="cond" truecount="1" falsecount="1"/>
          <line num="60" count="0" type="stmt"/>
          <line num="61" count="0" type="stmt"/>
          <line num="70" count="0" type="stmt"/>
          <line num="71" count="0" type="stmt"/>
          <line num="72" count="0" type="cond" truecount="0" falsecount="4"/>
          <line num="73" count="0" type="stmt"/>
          <line num="78" count="0" type="stmt"/>
          <line num="79" count="0" type="stmt"/>
          <line num="80" count="0" type="cond" truecount="0" falsecount="2"/>
          <line num="84" count="1" type="stmt"/>
          <line num="86" count="1" type="cond" truecount="1" falsecount="1"/>
          <line num="97" count="1" type="stmt"/>
          <line num="99" count="0" type="cond" truecount="1" falsecount="1"/>
        </file>
        <file name="moneyInputMask.js" path="/home/mike/dev/thr-addons/packages/money-ui/src/MoneyInput/moneyInputMask.js">
          <metrics statements="5" coveredstatements="0" conditionals="0" coveredconditionals="0" methods="3" coveredmethods="0"/>
          <line num="7" count="0" type="stmt"/>
          <line num="11" count="0" type="stmt"/>
          <line num="14" count="0" type="stmt"/>
          <line num="27" count="0" type="stmt"/>
          <line num="29" count="0" type="stmt"/>
        </file>
      </package>
      <package name="src.MoneyInputMask">
        <metrics statements="14" coveredstatements="4" conditionals="12" coveredconditionals="1" methods="4" coveredmethods="1"/>
        <file name="index.js" path="/home/mike/dev/thr-addons/packages/money-ui/src/MoneyInputMask/index.js">
          <metrics statements="14" coveredstatements="4" conditionals="12" coveredconditionals="1" methods="4" coveredmethods="1"/>
          <line num="12" count="1" type="stmt"/>
          <line num="36" count="0" type="stmt"/>
          <line num="37" count="0" type="stmt"/>
          <line num="38" count="0" type="stmt"/>
          <line num="39" count="0" type="cond" truecount="0" falsecount="2"/>
          <line num="40" count="0" type="cond" truecount="0" falsecount="2"/>
          <line num="42" count="0" type="stmt"/>
          <line num="47" count="0" type="stmt"/>
          <line num="48" count="0" type="stmt"/>
          <line num="61" count="1" type="stmt"/>
          <line num="62" count="1" type="cond" truecount="1" falsecount="1"/>
          <line num="64" count="1" type="stmt"/>
          <line num="76" count="0" type="stmt"/>
          <line num="77" count="0" type="stmt"/>
        </file>
      </package>
      <package name="tests">
        <metrics statements="1" coveredstatements="1" conditionals="0" coveredconditionals="0" methods="0" coveredmethods="0"/>
        <file name="setupTests.js" path="/home/mike/dev/thr-addons/packages/money-ui/tests/setupTests.js">
          <metrics statements="1" coveredstatements="1" conditionals="0" coveredconditionals="0" methods="0" coveredmethods="0"/>
          <line num="4" count="2" type="stmt"/>
        </file>
      </package>
    </metrics>
  </project>
</coverage>
