{"/home/mike/dev/thr-addons/packages/money-ui/src/MoneyInput/MoneyInput.js": {"path":"/home/mike/dev/thr-addons/packages/money-ui/src/MoneyInput/MoneyInput.js","statementMap":{"0":{"start":{"line":11,"column":10},"end":{"line":11,"column":35}},"1":{"start":{"line":41,"column":2},"end":{"line":41,"column":15}},"2":{"start":{"line":42,"column":2},"end":{"line":44,"column":3}},"3":{"start":{"line":43,"column":3},"end":{"line":43,"column":92}},"4":{"start":{"line":48,"column":2},"end":{"line":48,"column":46}},"5":{"start":{"line":49,"column":2},"end":{"line":70,"column":3}},"6":{"start":{"line":50,"column":29},"end":{"line":50,"column":39}},"7":{"start":{"line":54,"column":3},"end":{"line":60,"column":4}},"8":{"start":{"line":55,"column":4},"end":{"line":55,"column":28}},"9":{"start":{"line":56,"column":10},"end":{"line":60,"column":4}},"10":{"start":{"line":57,"column":4},"end":{"line":57,"column":34}},"11":{"start":{"line":59,"column":4},"end":{"line":59,"column":25}},"12":{"start":{"line":63,"column":3},"end":{"line":63,"column":52}},"13":{"start":{"line":65,"column":3},"end":{"line":69,"column":6}},"14":{"start":{"line":74,"column":16},"end":{"line":74,"column":43}},"15":{"start":{"line":75,"column":13},"end":{"line":75,"column":41}},"16":{"start":{"line":76,"column":2},"end":{"line":80,"column":3}},"17":{"start":{"line":77,"column":21},"end":{"line":77,"column":36}},"18":{"start":{"line":78,"column":3},"end":{"line":78,"column":60}},"19":{"start":{"line":79,"column":3},"end":{"line":79,"column":41}},"20":{"start":{"line":84,"column":2},"end":{"line":84,"column":21}},"21":{"start":{"line":90,"column":2},"end":{"line":90,"column":30}},"22":{"start":{"line":91,"column":2},"end":{"line":95,"column":3}},"23":{"start":{"line":92,"column":22},"end":{"line":92,"column":32}},"24":{"start":{"line":93,"column":17},"end":{"line":93,"column":52}},"25":{"start":{"line":94,"column":3},"end":{"line":94,"column":30}},"26":{"start":{"line":99,"column":48},"end":{"line":99,"column":58}},"27":{"start":{"line":101,"column":2},"end":{"line":101,"column":17}},"28":{"start":{"line":103,"column":2},"end":{"line":111,"column":4}},"29":{"start":{"line":115,"column":82},"end":{"line":115,"column":92}},"30":{"start":{"line":116,"column":2},"end":{"line":116,"column":24}},"31":{"start":{"line":118,"column":2},"end":{"line":123,"column":4}},"32":{"start":{"line":120,"column":34},"end":{"line":120,"column":49}}},"fnMap":{"0":{"name":"(anonymous_0)","decl":{"start":{"line":40,"column":1},"end":{"line":40,"column":2}},"loc":{"start":{"line":40,"column":20},"end":{"line":45,"column":2}},"line":40},"1":{"name":"(anonymous_1)","decl":{"start":{"line":47,"column":1},"end":{"line":47,"column":2}},"loc":{"start":{"line":47,"column":21},"end":{"line":71,"column":2}},"line":47},"2":{"name":"(anonymous_2)","decl":{"start":{"line":73,"column":1},"end":{"line":73,"column":2}},"loc":{"start":{"line":73,"column":31},"end":{"line":81,"column":2}},"line":73},"3":{"name":"(anonymous_3)","decl":{"start":{"line":83,"column":1},"end":{"line":83,"column":2}},"loc":{"start":{"line":83,"column":24},"end":{"line":85,"column":2}},"line":83},"4":{"name":"(anonymous_4)","decl":{"start":{"line":89,"column":16},"end":{"line":89,"column":17}},"loc":{"start":{"line":89,"column":25},"end":{"line":96,"column":2}},"line":89},"5":{"name":"(anonymous_5)","decl":{"start":{"line":98,"column":23},"end":{"line":98,"column":24}},"loc":{"start":{"line":98,"column":29},"end":{"line":112,"column":2}},"line":98},"6":{"name":"(anonymous_6)","decl":{"start":{"line":114,"column":1},"end":{"line":114,"column":2}},"loc":{"start":{"line":114,"column":10},"end":{"line":124,"column":2}},"line":114},"7":{"name":"(anonymous_7)","decl":{"start":{"line":120,"column":28},"end":{"line":120,"column":29}},"loc":{"start":{"line":120,"column":34},"end":{"line":120,"column":49}},"line":120}},"branchMap":{"0":{"loc":{"start":{"line":42,"column":2},"end":{"line":44,"column":3}},"type":"if","locations":[{"start":{"line":42,"column":2},"end":{"line":44,"column":3}},{"start":{"line":42,"column":2},"end":{"line":44,"column":3}}],"line":42},"1":{"loc":{"start":{"line":42,"column":6},"end":{"line":42,"column":78}},"type":"binary-expr","locations":[{"start":{"line":42,"column":6},"end":{"line":42,"column":17}},{"start":{"line":42,"column":21},"end":{"line":42,"column":35}},{"start":{"line":42,"column":39},"end":{"line":42,"column":78}}],"line":42},"2":{"loc":{"start":{"line":49,"column":2},"end":{"line":70,"column":3}},"type":"if","locations":[{"start":{"line":49,"column":2},"end":{"line":70,"column":3}},{"start":{"line":49,"column":2},"end":{"line":70,"column":3}}],"line":49},"3":{"loc":{"start":{"line":54,"column":3},"end":{"line":60,"column":4}},"type":"if","locations":[{"start":{"line":54,"column":3},"end":{"line":60,"column":4}},{"start":{"line":54,"column":3},"end":{"line":60,"column":4}}],"line":54},"4":{"loc":{"start":{"line":56,"column":10},"end":{"line":60,"column":4}},"type":"if","locations":[{"start":{"line":56,"column":10},"end":{"line":60,"column":4}},{"start":{"line":56,"column":10},"end":{"line":60,"column":4}}],"line":56},"5":{"loc":{"start":{"line":76,"column":2},"end":{"line":80,"column":3}},"type":"if","locations":[{"start":{"line":76,"column":2},"end":{"line":80,"column":3}},{"start":{"line":76,"column":2},"end":{"line":80,"column":3}}],"line":76},"6":{"loc":{"start":{"line":91,"column":2},"end":{"line":95,"column":3}},"type":"if","locations":[{"start":{"line":91,"column":2},"end":{"line":95,"column":3}},{"start":{"line":91,"column":2},"end":{"line":95,"column":3}}],"line":91},"7":{"loc":{"start":{"line":93,"column":34},"end":{"line":93,"column":51}},"type":"binary-expr","locations":[{"start":{"line":93,"column":34},"end":{"line":93,"column":42}},{"start":{"line":93,"column":46},"end":{"line":93,"column":51}}],"line":93},"8":{"loc":{"start":{"line":106,"column":11},"end":{"line":106,"column":33}},"type":"cond-expr","locations":[{"start":{"line":106,"column":20},"end":{"line":106,"column":26}},{"start":{"line":106,"column":29},"end":{"line":106,"column":33}}],"line":106},"9":{"loc":{"start":{"line":120,"column":78},"end":{"line":120,"column":104}},"type":"cond-expr","locations":[{"start":{"line":120,"column":87},"end":{"line":120,"column":97}},{"start":{"line":120,"column":100},"end":{"line":120,"column":104}}],"line":120},"10":{"loc":{"start":{"line":121,"column":5},"end":{"line":121,"column":55}},"type":"cond-expr","locations":[{"start":{"line":121,"column":22},"end":{"line":121,"column":48}},{"start":{"line":121,"column":51},"end":{"line":121,"column":55}}],"line":121}},"s":{"0":1,"1":1,"2":1,"3":0,"4":1,"5":1,"6":0,"7":0,"8":0,"9":0,"10":0,"11":0,"12":0,"13":0,"14":0,"15":0,"16":0,"17":0,"18":0,"19":0,"20":0,"21":0,"22":0,"23":0,"24":0,"25":0,"26":0,"27":0,"28":0,"29":1,"30":1,"31":1,"32":0},"f":{"0":1,"1":1,"2":0,"3":0,"4":0,"5":0,"6":1,"7":0},"b":{"0":[0,1],"1":[1,0,0],"2":[0,1],"3":[0,0],"4":[0,0],"5":[0,0],"6":[0,0],"7":[0,0],"8":[0,0],"9":[0,1],"10":[0,1]},"_coverageSchema":"332fd63041d2c1bcb487cc26dd0d5f7d97098a6c","hash":"a0b15fc93ab3cd4f3dcd29b1352fe6b8de30affa"}
,"/home/mike/dev/thr-addons/packages/money-ui/src/MoneyInput/index.js": {"path":"/home/mike/dev/thr-addons/packages/money-ui/src/MoneyInput/index.js","statementMap":{},"fnMap":{},"branchMap":{},"s":{},"f":{},"b":{},"_coverageSchema":"332fd63041d2c1bcb487cc26dd0d5f7d97098a6c","hash":"8f6049ab75a4b37619fc3690cec92ecb4c4566fc"}
,"/home/mike/dev/thr-addons/packages/money-ui/src/MoneyInput/moneyInputMask.js": {"path":"/home/mike/dev/thr-addons/packages/money-ui/src/MoneyInput/moneyInputMask.js","statementMap":{"0":{"start":{"line":7,"column":2},"end":{"line":7,"column":28}},"1":{"start":{"line":11,"column":2},"end":{"line":11,"column":14}},"2":{"start":{"line":14,"column":12},"end":{"line":26,"column":3}},"3":{"start":{"line":27,"column":1},"end":{"line":27,"column":18}},"4":{"start":{"line":29,"column":1},"end":{"line":29,"column":11}}},"fnMap":{"0":{"name":"moneyInputMask","decl":{"start":{"line":5,"column":24},"end":{"line":5,"column":38}},"loc":{"start":{"line":5,"column":81},"end":{"line":30,"column":1}},"line":5},"1":{"name":"onComplete","decl":{"start":{"line":6,"column":10},"end":{"line":6,"column":20}},"loc":{"start":{"line":6,"column":25},"end":{"line":8,"column":2}},"line":6},"2":{"name":"onCleared","decl":{"start":{"line":10,"column":10},"end":{"line":10,"column":19}},"loc":{"start":{"line":10,"column":22},"end":{"line":12,"column":2}},"line":10}},"branchMap":{},"s":{"0":0,"1":0,"2":0,"3":0,"4":0},"f":{"0":0,"1":0,"2":0},"b":{},"_coverageSchema":"332fd63041d2c1bcb487cc26dd0d5f7d97098a6c","hash":"090559d37f5b66f904cae8bafd3e57ab6c20e7fb"}
,"/home/mike/dev/thr-addons/packages/money-ui/src/MoneyInputMask/index.js": {"path":"/home/mike/dev/thr-addons/packages/money-ui/src/MoneyInputMask/index.js","statementMap":{"0":{"start":{"line":12,"column":10},"end":{"line":12,"column":39}},"1":{"start":{"line":36,"column":31},"end":{"line":36,"column":43}},"2":{"start":{"line":37,"column":15},"end":{"line":37,"column":56}},"3":{"start":{"line":38,"column":2},"end":{"line":43,"column":3}},"4":{"start":{"line":39,"column":17},"end":{"line":39,"column":65}},"5":{"start":{"line":40,"column":3},"end":{"line":40,"column":55}},"6":{"start":{"line":40,"column":28},"end":{"line":40,"column":55}},"7":{"start":{"line":42,"column":3},"end":{"line":42,"column":8}},"8":{"start":{"line":47,"column":48},"end":{"line":47,"column":58}},"9":{"start":{"line":48,"column":2},"end":{"line":57,"column":4}},"10":{"start":{"line":61,"column":18},"end":{"line":61,"column":28}},"11":{"start":{"line":62,"column":16},"end":{"line":62,"column":46}},"12":{"start":{"line":64,"column":2},"end":{"line":85,"column":4}},"13":{"start":{"line":76,"column":5},"end":{"line":76,"column":14}},"14":{"start":{"line":77,"column":5},"end":{"line":82,"column":7}}},"fnMap":{"0":{"name":"(anonymous_0)","decl":{"start":{"line":35,"column":16},"end":{"line":35,"column":17}},"loc":{"start":{"line":35,"column":25},"end":{"line":44,"column":2}},"line":35},"1":{"name":"(anonymous_1)","decl":{"start":{"line":46,"column":23},"end":{"line":46,"column":24}},"loc":{"start":{"line":46,"column":29},"end":{"line":58,"column":2}},"line":46},"2":{"name":"(anonymous_2)","decl":{"start":{"line":60,"column":1},"end":{"line":60,"column":2}},"loc":{"start":{"line":60,"column":10},"end":{"line":86,"column":2}},"line":60},"3":{"name":"(anonymous_3)","decl":{"start":{"line":75,"column":12},"end":{"line":75,"column":13}},"loc":{"start":{"line":75,"column":28},"end":{"line":83,"column":5}},"line":75}},"branchMap":{"0":{"loc":{"start":{"line":39,"column":35},"end":{"line":39,"column":57}},"type":"cond-expr","locations":[{"start":{"line":39,"column":49},"end":{"line":39,"column":50}},{"start":{"line":39,"column":53},"end":{"line":39,"column":57}}],"line":39},"1":{"loc":{"start":{"line":40,"column":3},"end":{"line":40,"column":55}},"type":"if","locations":[{"start":{"line":40,"column":3},"end":{"line":40,"column":55}},{"start":{"line":40,"column":3},"end":{"line":40,"column":55}}],"line":40},"2":{"loc":{"start":{"line":51,"column":11},"end":{"line":51,"column":33}},"type":"cond-expr","locations":[{"start":{"line":51,"column":20},"end":{"line":51,"column":26}},{"start":{"line":51,"column":29},"end":{"line":51,"column":33}}],"line":51},"3":{"loc":{"start":{"line":62,"column":16},"end":{"line":62,"column":46}},"type":"cond-expr","locations":[{"start":{"line":62,"column":24},"end":{"line":62,"column":41}},{"start":{"line":62,"column":44},"end":{"line":62,"column":46}}],"line":62},"4":{"loc":{"start":{"line":79,"column":75},"end":{"line":79,"column":107}},"type":"cond-expr","locations":[{"start":{"line":79,"column":90},"end":{"line":79,"column":100}},{"start":{"line":79,"column":103},"end":{"line":79,"column":107}}],"line":79},"5":{"loc":{"start":{"line":80,"column":8},"end":{"line":80,"column":64}},"type":"cond-expr","locations":[{"start":{"line":80,"column":31},"end":{"line":80,"column":57}},{"start":{"line":80,"column":60},"end":{"line":80,"column":64}}],"line":80}},"s":{"0":1,"1":0,"2":0,"3":0,"4":0,"5":0,"6":0,"7":0,"8":0,"9":0,"10":1,"11":1,"12":1,"13":0,"14":0},"f":{"0":0,"1":0,"2":1,"3":0},"b":{"0":[0,0],"1":[0,0],"2":[0,0],"3":[0,1],"4":[0,0],"5":[0,0]},"_coverageSchema":"332fd63041d2c1bcb487cc26dd0d5f7d97098a6c","hash":"919fbd07b0fafe8c88ef0d2789e4240a4ffa703d"}
,"/home/mike/dev/thr-addons/packages/money-ui/tests/setupTests.js": {"path":"/home/mike/dev/thr-addons/packages/money-ui/tests/setupTests.js","statementMap":{"0":{"start":{"line":4,"column":0},"end":{"line":4,"column":43}}},"fnMap":{},"branchMap":{},"s":{"0":2},"f":{},"b":{},"_coverageSchema":"332fd63041d2c1bcb487cc26dd0d5f7d97098a6c","hash":"6b54c3ec90fecd3326119361a17c2512a4288166"}
}
