{"/home/mike/dev/thr-addons/packages/money-ui/src/MoneyInput/index.js": {"path":"/home/mike/dev/thr-addons/packages/money-ui/src/MoneyInput/index.js","statementMap":{"0":{"start":{"line":14,"column":1},"end":{"line":22,"column":2}},"1":{"start":{"line":15,"column":2},"end":{"line":19,"column":3}},"2":{"start":{"line":16,"column":3},"end":{"line":16,"column":17}},"3":{"start":{"line":18,"column":3},"end":{"line":18,"column":51}},"4":{"start":{"line":21,"column":2},"end":{"line":21,"column":30}},"5":{"start":{"line":23,"column":1},"end":{"line":23,"column":14}},"6":{"start":{"line":53,"column":2},"end":{"line":53,"column":15}},"7":{"start":{"line":54,"column":16},"end":{"line":54,"column":48}},"8":{"start":{"line":55,"column":2},"end":{"line":55,"column":23}},"9":{"start":{"line":59,"column":2},"end":{"line":66,"column":3}},"10":{"start":{"line":60,"column":3},"end":{"line":60,"column":52}},"11":{"start":{"line":61,"column":3},"end":{"line":65,"column":6}},"12":{"start":{"line":70,"column":16},"end":{"line":70,"column":48}},"13":{"start":{"line":71,"column":20},"end":{"line":71,"column":51}},"14":{"start":{"line":72,"column":2},"end":{"line":74,"column":3}},"15":{"start":{"line":73,"column":3},"end":{"line":73,"column":41}},"16":{"start":{"line":78,"column":16},"end":{"line":78,"column":67}},"17":{"start":{"line":79,"column":2},"end":{"line":79,"column":25}},"18":{"start":{"line":80,"column":2},"end":{"line":80,"column":54}},"19":{"start":{"line":80,"column":27},"end":{"line":80,"column":54}},"20":{"start":{"line":84,"column":69},"end":{"line":84,"column":79}},"21":{"start":{"line":86,"column":24},"end":{"line":95,"column":10}},"22":{"start":{"line":97,"column":2},"end":{"line":102,"column":4}},"23":{"start":{"line":99,"column":34},"end":{"line":99,"column":49}}},"fnMap":{"0":{"name":"moneyFromProps","decl":{"start":{"line":12,"column":9},"end":{"line":12,"column":23}},"loc":{"start":{"line":12,"column":31},"end":{"line":24,"column":1}},"line":12},"1":{"name":"(anonymous_1)","decl":{"start":{"line":52,"column":1},"end":{"line":52,"column":2}},"loc":{"start":{"line":52,"column":20},"end":{"line":56,"column":2}},"line":52},"2":{"name":"(anonymous_2)","decl":{"start":{"line":58,"column":1},"end":{"line":58,"column":2}},"loc":{"start":{"line":58,"column":21},"end":{"line":67,"column":2}},"line":58},"3":{"name":"(anonymous_3)","decl":{"start":{"line":69,"column":1},"end":{"line":69,"column":2}},"loc":{"start":{"line":69,"column":31},"end":{"line":75,"column":2}},"line":69},"4":{"name":"(anonymous_4)","decl":{"start":{"line":77,"column":16},"end":{"line":77,"column":17}},"loc":{"start":{"line":77,"column":25},"end":{"line":81,"column":2}},"line":77},"5":{"name":"(anonymous_5)","decl":{"start":{"line":83,"column":1},"end":{"line":83,"column":2}},"loc":{"start":{"line":83,"column":10},"end":{"line":103,"column":2}},"line":83},"6":{"name":"(anonymous_6)","decl":{"start":{"line":99,"column":28},"end":{"line":99,"column":29}},"loc":{"start":{"line":99,"column":34},"end":{"line":99,"column":49}},"line":99}},"branchMap":{"0":{"loc":{"start":{"line":14,"column":1},"end":{"line":22,"column":2}},"type":"if","locations":[{"start":{"line":14,"column":1},"end":{"line":22,"column":2}},{"start":{"line":14,"column":1},"end":{"line":22,"column":2}}],"line":14},"1":{"loc":{"start":{"line":15,"column":2},"end":{"line":19,"column":3}},"type":"if","locations":[{"start":{"line":15,"column":2},"end":{"line":19,"column":3}},{"start":{"line":15,"column":2},"end":{"line":19,"column":3}}],"line":15},"2":{"loc":{"start":{"line":59,"column":2},"end":{"line":66,"column":3}},"type":"if","locations":[{"start":{"line":59,"column":2},"end":{"line":66,"column":3}},{"start":{"line":59,"column":2},"end":{"line":66,"column":3}}],"line":59},"3":{"loc":{"start":{"line":72,"column":2},"end":{"line":74,"column":3}},"type":"if","locations":[{"start":{"line":72,"column":2},"end":{"line":74,"column":3}},{"start":{"line":72,"column":2},"end":{"line":74,"column":3}}],"line":72},"4":{"loc":{"start":{"line":72,"column":6},"end":{"line":72,"column":65}},"type":"binary-expr","locations":[{"start":{"line":72,"column":6},"end":{"line":72,"column":30}},{"start":{"line":72,"column":34},"end":{"line":72,"column":65}}],"line":72},"5":{"loc":{"start":{"line":80,"column":2},"end":{"line":80,"column":54}},"type":"if","locations":[{"start":{"line":80,"column":2},"end":{"line":80,"column":54}},{"start":{"line":80,"column":2},"end":{"line":80,"column":54}}],"line":80},"6":{"loc":{"start":{"line":86,"column":24},"end":{"line":95,"column":10}},"type":"cond-expr","locations":[{"start":{"line":87,"column":3},"end":{"line":94,"column":5}},{"start":{"line":95,"column":6},"end":{"line":95,"column":10}}],"line":86},"7":{"loc":{"start":{"line":89,"column":11},"end":{"line":89,"column":33}},"type":"cond-expr","locations":[{"start":{"line":89,"column":20},"end":{"line":89,"column":26}},{"start":{"line":89,"column":29},"end":{"line":89,"column":33}}],"line":89},"8":{"loc":{"start":{"line":99,"column":62},"end":{"line":99,"column":88}},"type":"cond-expr","locations":[{"start":{"line":99,"column":71},"end":{"line":99,"column":81}},{"start":{"line":99,"column":84},"end":{"line":99,"column":88}}],"line":99}},"s":{"0":1,"1":0,"2":0,"3":0,"4":1,"5":1,"6":1,"7":1,"8":1,"9":1,"10":0,"11":0,"12":0,"13":0,"14":0,"15":0,"16":0,"17":0,"18":0,"19":0,"20":1,"21":1,"22":1,"23":0},"f":{"0":1,"1":1,"2":1,"3":0,"4":0,"5":1,"6":0},"b":{"0":[0,1],"1":[0,0],"2":[0,1],"3":[0,0],"4":[0,0],"5":[0,0],"6":[0,1],"7":[0,0],"8":[0,1]},"_coverageSchema":"332fd63041d2c1bcb487cc26dd0d5f7d97098a6c","hash":"5dd6e48d5113bf40ea51ab48a179e7514df66daa"}
,"/home/mike/dev/thr-addons/packages/money-ui/src/MoneyInput/moneyInputMask.js": {"path":"/home/mike/dev/thr-addons/packages/money-ui/src/MoneyInput/moneyInputMask.js","statementMap":{"0":{"start":{"line":7,"column":2},"end":{"line":7,"column":28}},"1":{"start":{"line":11,"column":2},"end":{"line":11,"column":14}},"2":{"start":{"line":14,"column":12},"end":{"line":26,"column":3}},"3":{"start":{"line":27,"column":1},"end":{"line":27,"column":18}},"4":{"start":{"line":29,"column":1},"end":{"line":29,"column":11}}},"fnMap":{"0":{"name":"moneyInputMask","decl":{"start":{"line":5,"column":24},"end":{"line":5,"column":38}},"loc":{"start":{"line":5,"column":81},"end":{"line":30,"column":1}},"line":5},"1":{"name":"onComplete","decl":{"start":{"line":6,"column":10},"end":{"line":6,"column":20}},"loc":{"start":{"line":6,"column":25},"end":{"line":8,"column":2}},"line":6},"2":{"name":"onCleared","decl":{"start":{"line":10,"column":10},"end":{"line":10,"column":19}},"loc":{"start":{"line":10,"column":22},"end":{"line":12,"column":2}},"line":10}},"branchMap":{},"s":{"0":0,"1":0,"2":0,"3":0,"4":0},"f":{"0":0,"1":0,"2":0},"b":{},"_coverageSchema":"332fd63041d2c1bcb487cc26dd0d5f7d97098a6c","hash":"090559d37f5b66f904cae8bafd3e57ab6c20e7fb"}
,"/home/mike/dev/thr-addons/packages/money-ui/src/MoneyInputMask/index.js": {"path":"/home/mike/dev/thr-addons/packages/money-ui/src/MoneyInputMask/index.js","statementMap":{"0":{"start":{"line":12,"column":10},"end":{"line":12,"column":39}},"1":{"start":{"line":36,"column":31},"end":{"line":36,"column":43}},"2":{"start":{"line":37,"column":15},"end":{"line":37,"column":56}},"3":{"start":{"line":38,"column":2},"end":{"line":43,"column":3}},"4":{"start":{"line":39,"column":17},"end":{"line":39,"column":65}},"5":{"start":{"line":40,"column":3},"end":{"line":40,"column":55}},"6":{"start":{"line":40,"column":28},"end":{"line":40,"column":55}},"7":{"start":{"line":42,"column":3},"end":{"line":42,"column":8}},"8":{"start":{"line":47,"column":48},"end":{"line":47,"column":58}},"9":{"start":{"line":48,"column":2},"end":{"line":57,"column":4}},"10":{"start":{"line":61,"column":18},"end":{"line":61,"column":28}},"11":{"start":{"line":62,"column":16},"end":{"line":62,"column":46}},"12":{"start":{"line":64,"column":2},"end":{"line":85,"column":4}},"13":{"start":{"line":76,"column":5},"end":{"line":76,"column":14}},"14":{"start":{"line":77,"column":5},"end":{"line":82,"column":7}}},"fnMap":{"0":{"name":"(anonymous_0)","decl":{"start":{"line":35,"column":16},"end":{"line":35,"column":17}},"loc":{"start":{"line":35,"column":25},"end":{"line":44,"column":2}},"line":35},"1":{"name":"(anonymous_1)","decl":{"start":{"line":46,"column":23},"end":{"line":46,"column":24}},"loc":{"start":{"line":46,"column":29},"end":{"line":58,"column":2}},"line":46},"2":{"name":"(anonymous_2)","decl":{"start":{"line":60,"column":1},"end":{"line":60,"column":2}},"loc":{"start":{"line":60,"column":10},"end":{"line":86,"column":2}},"line":60},"3":{"name":"(anonymous_3)","decl":{"start":{"line":75,"column":12},"end":{"line":75,"column":13}},"loc":{"start":{"line":75,"column":28},"end":{"line":83,"column":5}},"line":75}},"branchMap":{"0":{"loc":{"start":{"line":39,"column":35},"end":{"line":39,"column":57}},"type":"cond-expr","locations":[{"start":{"line":39,"column":49},"end":{"line":39,"column":50}},{"start":{"line":39,"column":53},"end":{"line":39,"column":57}}],"line":39},"1":{"loc":{"start":{"line":40,"column":3},"end":{"line":40,"column":55}},"type":"if","locations":[{"start":{"line":40,"column":3},"end":{"line":40,"column":55}},{"start":{"line":40,"column":3},"end":{"line":40,"column":55}}],"line":40},"2":{"loc":{"start":{"line":51,"column":11},"end":{"line":51,"column":33}},"type":"cond-expr","locations":[{"start":{"line":51,"column":20},"end":{"line":51,"column":26}},{"start":{"line":51,"column":29},"end":{"line":51,"column":33}}],"line":51},"3":{"loc":{"start":{"line":62,"column":16},"end":{"line":62,"column":46}},"type":"cond-expr","locations":[{"start":{"line":62,"column":24},"end":{"line":62,"column":41}},{"start":{"line":62,"column":44},"end":{"line":62,"column":46}}],"line":62},"4":{"loc":{"start":{"line":79,"column":75},"end":{"line":79,"column":107}},"type":"cond-expr","locations":[{"start":{"line":79,"column":90},"end":{"line":79,"column":100}},{"start":{"line":79,"column":103},"end":{"line":79,"column":107}}],"line":79},"5":{"loc":{"start":{"line":80,"column":8},"end":{"line":80,"column":64}},"type":"cond-expr","locations":[{"start":{"line":80,"column":31},"end":{"line":80,"column":57}},{"start":{"line":80,"column":60},"end":{"line":80,"column":64}}],"line":80}},"s":{"0":1,"1":0,"2":0,"3":0,"4":0,"5":0,"6":0,"7":0,"8":0,"9":0,"10":1,"11":1,"12":1,"13":0,"14":0},"f":{"0":0,"1":0,"2":1,"3":0},"b":{"0":[0,0],"1":[0,0],"2":[0,0],"3":[0,1],"4":[0,0],"5":[0,0]},"_coverageSchema":"332fd63041d2c1bcb487cc26dd0d5f7d97098a6c","hash":"919fbd07b0fafe8c88ef0d2789e4240a4ffa703d"}
,"/home/mike/dev/thr-addons/packages/money-ui/tests/setupTests.js": {"path":"/home/mike/dev/thr-addons/packages/money-ui/tests/setupTests.js","statementMap":{"0":{"start":{"line":4,"column":0},"end":{"line":4,"column":43}}},"fnMap":{},"branchMap":{},"s":{"0":2},"f":{},"b":{},"_coverageSchema":"332fd63041d2c1bcb487cc26dd0d5f7d97098a6c","hash":"6b54c3ec90fecd3326119361a17c2512a4288166"}
}
