TN:
SF:/home/mike/dev/thr-addons/packages/money-ui/src/MoneyInput/MoneyInput.js
FN:40,(anonymous_0)
FN:47,(anonymous_1)
FN:73,(anonymous_2)
FN:83,(anonymous_3)
FN:89,(anonymous_4)
FN:98,(anonymous_5)
FN:114,(anonymous_6)
FN:120,(anonymous_7)
FNF:8
FNH:3
FNDA:1,(anonymous_0)
FNDA:1,(anonymous_1)
FNDA:0,(anonymous_2)
FNDA:0,(anonymous_3)
FNDA:0,(anonymous_4)
FNDA:0,(anonymous_5)
FNDA:1,(anonymous_6)
FNDA:0,(anonymous_7)
DA:11,1
DA:41,1
DA:42,1
DA:43,0
DA:48,1
DA:49,1
DA:50,0
DA:54,0
DA:55,0
DA:56,0
DA:57,0
DA:59,0
DA:63,0
DA:65,0
DA:74,0
DA:75,0
DA:76,0
DA:77,0
DA:78,0
DA:79,0
DA:84,0
DA:90,0
DA:91,0
DA:92,0
DA:93,0
DA:94,0
DA:99,0
DA:101,0
DA:103,0
DA:115,1
DA:116,1
DA:118,1
DA:120,0
LF:33
LH:8
BRDA:42,0,0,0
BRDA:42,0,1,1
BRDA:42,1,0,1
BRDA:42,1,1,0
BRDA:42,1,2,0
BRDA:49,2,0,0
BRDA:49,2,1,1
BRDA:54,3,0,0
BRDA:54,3,1,0
BRDA:56,4,0,0
BRDA:56,4,1,0
BRDA:76,5,0,0
BRDA:76,5,1,0
BRDA:91,6,0,0
BRDA:91,6,1,0
BRDA:93,7,0,0
BRDA:93,7,1,0
BRDA:106,8,0,0
BRDA:106,8,1,0
BRDA:120,9,0,0
BRDA:120,9,1,1
BRDA:121,10,0,0
BRDA:121,10,1,1
BRF:23
BRH:5
end_of_record
TN:
SF:/home/mike/dev/thr-addons/packages/money-ui/src/MoneyInput/index.js
FNF:0
FNH:0
LF:0
LH:0
BRF:0
BRH:0
end_of_record
TN:
SF:/home/mike/dev/thr-addons/packages/money-ui/src/MoneyInput/moneyInputMask.js
FN:5,moneyInputMask
FN:6,onComplete
FN:10,onCleared
FNF:3
FNH:0
FNDA:0,moneyInputMask
FNDA:0,onComplete
FNDA:0,onCleared
DA:7,0
DA:11,0
DA:14,0
DA:27,0
DA:29,0
LF:5
LH:0
BRF:0
BRH:0
end_of_record
TN:
SF:/home/mike/dev/thr-addons/packages/money-ui/src/MoneyInputMask/index.js
FN:35,(anonymous_0)
FN:46,(anonymous_1)
FN:60,(anonymous_2)
FN:75,(anonymous_3)
FNF:4
FNH:1
FNDA:0,(anonymous_0)
FNDA:0,(anonymous_1)
FNDA:1,(anonymous_2)
FNDA:0,(anonymous_3)
DA:12,1
DA:36,0
DA:37,0
DA:38,0
DA:39,0
DA:40,0
DA:42,0
DA:47,0
DA:48,0
DA:61,1
DA:62,1
DA:64,1
DA:76,0
DA:77,0
LF:14
LH:4
BRDA:39,0,0,0
BRDA:39,0,1,0
BRDA:40,1,0,0
BRDA:40,1,1,0
BRDA:51,2,0,0
BRDA:51,2,1,0
BRDA:62,3,0,0
BRDA:62,3,1,1
BRDA:79,4,0,0
BRDA:79,4,1,0
BRDA:80,5,0,0
BRDA:80,5,1,0
BRF:12
BRH:1
end_of_record
TN:
SF:/home/mike/dev/thr-addons/packages/money-ui/tests/setupTests.js
FNF:0
FNH:0
DA:4,2
LF:1
LH:1
BRF:0
BRH:0
end_of_record
