<?xml version="1.0" encoding="UTF-8"?>
<coverage generated="1603401537953" clover="3.2.0">
  <project timestamp="1603401537954" name="All files">
    <metrics statements="22" coveredstatements="21" conditionals="14" coveredconditionals="14" methods="6" coveredmethods="6" elements="42" coveredelements="41" complexity="0" loc="22" ncloc="22" packages="1" files="1" classes="1"/>
    <file name="index.ts" path="/home/mike/dev/thr-addons/packages/random/src/index.ts">
      <metrics statements="22" coveredstatements="21" conditionals="14" coveredconditionals="14" methods="6" coveredmethods="6"/>
      <line num="5" count="1" type="stmt"/>
      <line num="6" count="1" type="stmt"/>
      <line num="9" count="2" type="stmt"/>
      <line num="11" count="2" type="stmt"/>
      <line num="12" count="2" type="stmt"/>
      <line num="14" count="0" type="stmt"/>
      <line num="16" count="2" type="stmt"/>
      <line num="20" count="41" type="stmt"/>
      <line num="24" count="12" type="stmt"/>
      <line num="28" count="6" type="stmt"/>
      <line num="29" count="6" type="stmt"/>
      <line num="30" count="40" type="stmt"/>
      <line num="32" count="6" type="stmt"/>
      <line num="36" count="2" type="stmt"/>
      <line num="37" count="2" type="stmt"/>
      <line num="38" count="11" type="stmt"/>
      <line num="40" count="2" type="stmt"/>
      <line num="44" count="5" type="stmt"/>
      <line num="45" count="5" type="cond" truecount="2" falsecount="0"/>
      <line num="46" count="5" type="cond" truecount="6" falsecount="0"/>
      <line num="47" count="5" type="cond" truecount="2" falsecount="0"/>
      <line num="49" count="5" type="stmt"/>
    </file>
  </project>
</coverage>
