TN:
SF:src/index.ts
FN:8,randomId
FN:19,randomAlphanumericCharacter
FN:23,randomLetterCharacter
FN:27,randomAlphanumeric
FN:35,randomLetters
FN:43,randomFilename
FNF:6
FNH:6
FNDA:2,randomId
FNDA:41,randomAlphanumericCharacter
FNDA:12,randomLetterCharacter
FNDA:6,randomAlphanumeric
FNDA:2,randomLetters
FNDA:5,randomFilename
DA:5,1
DA:6,1
DA:9,2
DA:11,2
DA:12,2
DA:14,0
DA:16,2
DA:20,41
DA:24,12
DA:28,6
DA:29,6
DA:30,40
DA:32,6
DA:36,2
DA:37,2
DA:38,11
DA:40,2
DA:44,5
DA:45,5
DA:46,5
DA:47,5
DA:49,5
LF:22
LH:21
BRDA:8,0,0,1
BRDA:27,1,0,1
BRDA:35,2,0,1
BRDA:43,3,0,1
BRDA:45,4,0,1
BRDA:45,4,1,4
BRDA:46,5,0,1
BRDA:46,5,1,4
BRDA:46,6,0,5
BRDA:46,6,1,2
BRDA:46,7,0,4
BRDA:46,7,1,3
BRDA:47,8,0,1
BRDA:47,8,1,4
BRF:14
BRH:14
end_of_record
