{"/home/mike/dev/thr-addons/packages/unzipper/src/ZipReader.ts": {"path":"/home/mike/dev/thr-addons/packages/unzipper/src/ZipReader.ts","statementMap":{"0":{"start":{"line":14,"column":2},"end":{"line":14,"column":10}},"1":{"start":{"line":16,"column":2},"end":{"line":16,"column":16}},"2":{"start":{"line":17,"column":2},"end":{"line":17,"column":24}},"3":{"start":{"line":22,"column":2},"end":{"line":22,"column":70}}},"fnMap":{"0":{"name":"(anonymous_0)","decl":{"start":{"line":13,"column":1},"end":{"line":13,"column":2}},"loc":{"start":{"line":13,"column":43},"end":{"line":18,"column":2}},"line":13},"1":{"name":"(anonymous_1)","decl":{"start":{"line":20,"column":1},"end":{"line":20,"column":2}},"loc":{"start":{"line":20,"column":49},"end":{"line":23,"column":2}},"line":20}},"branchMap":{},"s":{"0":2,"1":2,"2":2,"3":6},"f":{"0":2,"1":6},"b":{},"_coverageSchema":"1a1c01bbd47fc00a2c39e90264f33305004495a9","hash":"f981d85fe617ba615ed27c5a1c88c84369b9c6b4"}
,"/home/mike/dev/thr-addons/packages/unzipper/src/index.ts": {"path":"/home/mike/dev/thr-addons/packages/unzipper/src/index.ts","statementMap":{},"fnMap":{},"branchMap":{},"s":{},"f":{},"b":{}}
,"/home/mike/dev/thr-addons/packages/unzipper/src/unzipper.ts": {"path":"/home/mike/dev/thr-addons/packages/unzipper/src/unzipper.ts","statementMap":{"0":{"start":{"line":8,"column":10},"end":{"line":8,"column":31}},"1":{"start":{"line":19,"column":1},"end":{"line":84,"column":4}},"2":{"start":{"line":20,"column":2},"end":{"line":20,"column":29}},"3":{"start":{"line":21,"column":14},"end":{"line":21,"column":26}},"4":{"start":{"line":22,"column":28},"end":{"line":22,"column":57}},"5":{"start":{"line":25,"column":2},"end":{"line":80,"column":5}},"6":{"start":{"line":26,"column":3},"end":{"line":26,"column":81}},"7":{"start":{"line":27,"column":28},"end":{"line":27,"column":54}},"8":{"start":{"line":28,"column":3},"end":{"line":79,"column":5}},"9":{"start":{"line":36,"column":5},"end":{"line":39,"column":6}},"10":{"start":{"line":37,"column":6},"end":{"line":37,"column":26}},"11":{"start":{"line":38,"column":6},"end":{"line":38,"column":13}},"12":{"start":{"line":41,"column":5},"end":{"line":41,"column":40}},"13":{"start":{"line":44,"column":5},"end":{"line":44,"column":25}},"14":{"start":{"line":47,"column":5},"end":{"line":66,"column":8}},"15":{"start":{"line":48,"column":6},"end":{"line":65,"column":7}},"16":{"start":{"line":50,"column":7},"end":{"line":50,"column":27}},"17":{"start":{"line":53,"column":7},"end":{"line":64,"column":10}},"18":{"start":{"line":54,"column":8},"end":{"line":54,"column":29}},"19":{"start":{"line":54,"column":18},"end":{"line":54,"column":29}},"20":{"start":{"line":55,"column":8},"end":{"line":55,"column":118}},"21":{"start":{"line":55,"column":37},"end":{"line":55,"column":118}},"22":{"start":{"line":56,"column":8},"end":{"line":56,"column":54}},"23":{"start":{"line":58,"column":8},"end":{"line":63,"column":11}},"24":{"start":{"line":62,"column":9},"end":{"line":62,"column":29}},"25":{"start":{"line":69,"column":5},"end":{"line":74,"column":8}},"26":{"start":{"line":70,"column":6},"end":{"line":70,"column":29}},"27":{"start":{"line":72,"column":6},"end":{"line":72,"column":24}},"28":{"start":{"line":73,"column":6},"end":{"line":73,"column":18}},"29":{"start":{"line":77,"column":5},"end":{"line":77,"column":41}},"30":{"start":{"line":83,"column":2},"end":{"line":83,"column":40}}},"fnMap":{"0":{"name":"unzipper","decl":{"start":{"line":18,"column":24},"end":{"line":18,"column":32}},"loc":{"start":{"line":18,"column":97},"end":{"line":85,"column":1}},"line":18},"1":{"name":"(anonymous_1)","decl":{"start":{"line":19,"column":20},"end":{"line":19,"column":21}},"loc":{"start":{"line":19,"column":57},"end":{"line":84,"column":2}},"line":19},"2":{"name":"(anonymous_2)","decl":{"start":{"line":25,"column":33},"end":{"line":25,"column":34}},"loc":{"start":{"line":25,"column":39},"end":{"line":80,"column":3}},"line":25},"3":{"name":"(anonymous_3)","decl":{"start":{"line":35,"column":4},"end":{"line":35,"column":5}},"loc":{"start":{"line":35,"column":22},"end":{"line":78,"column":5}},"line":35},"4":{"name":"(anonymous_4)","decl":{"start":{"line":47,"column":25},"end":{"line":47,"column":26}},"loc":{"start":{"line":47,"column":34},"end":{"line":66,"column":6}},"line":47},"5":{"name":"(anonymous_5)","decl":{"start":{"line":53,"column":37},"end":{"line":53,"column":38}},"loc":{"start":{"line":53,"column":71},"end":{"line":64,"column":8}},"line":53},"6":{"name":"(anonymous_6)","decl":{"start":{"line":61,"column":16},"end":{"line":61,"column":17}},"loc":{"start":{"line":61,"column":22},"end":{"line":63,"column":9}},"line":61},"7":{"name":"(anonymous_7)","decl":{"start":{"line":69,"column":25},"end":{"line":69,"column":26}},"loc":{"start":{"line":69,"column":31},"end":{"line":74,"column":6}},"line":69}},"branchMap":{"0":{"loc":{"start":{"line":36,"column":5},"end":{"line":39,"column":6}},"type":"if","locations":[{"start":{"line":36,"column":5},"end":{"line":39,"column":6}},{"start":{"line":36,"column":5},"end":{"line":39,"column":6}}],"line":36},"1":{"loc":{"start":{"line":36,"column":9},"end":{"line":36,"column":24}},"type":"binary-expr","locations":[{"start":{"line":36,"column":9},"end":{"line":36,"column":12}},{"start":{"line":36,"column":16},"end":{"line":36,"column":24}}],"line":36},"2":{"loc":{"start":{"line":48,"column":6},"end":{"line":65,"column":7}},"type":"if","locations":[{"start":{"line":48,"column":6},"end":{"line":65,"column":7}},{"start":{"line":48,"column":6},"end":{"line":65,"column":7}}],"line":48},"3":{"loc":{"start":{"line":54,"column":8},"end":{"line":54,"column":29}},"type":"if","locations":[{"start":{"line":54,"column":8},"end":{"line":54,"column":29}},{"start":{"line":54,"column":8},"end":{"line":54,"column":29}}],"line":54},"4":{"loc":{"start":{"line":55,"column":8},"end":{"line":55,"column":118}},"type":"if","locations":[{"start":{"line":55,"column":8},"end":{"line":55,"column":118}},{"start":{"line":55,"column":8},"end":{"line":55,"column":118}}],"line":55}},"s":{"0":1,"1":2,"2":2,"3":2,"4":2,"5":2,"6":2,"7":2,"8":2,"9":2,"10":1,"11":1,"12":1,"13":1,"14":1,"15":1,"16":0,"17":1,"18":1,"19":0,"20":1,"21":0,"22":1,"23":1,"24":1,"25":1,"26":1,"27":1,"28":1,"29":1,"30":2},"f":{"0":2,"1":2,"2":2,"3":2,"4":1,"5":1,"6":1,"7":1},"b":{"0":[1,1],"1":[2,1],"2":[0,1],"3":[0,1],"4":[0,1]},"_coverageSchema":"1a1c01bbd47fc00a2c39e90264f33305004495a9","hash":"00a2e51845b822330d59128ec3df62f1fc469dda"}
}
