TN:
SF:src/ZipReader.ts
FN:13,(anonymous_0)
FN:20,(anonymous_1)
FNF:2
FNH:2
FNDA:2,(anonymous_0)
FNDA:6,(anonymous_1)
DA:14,2
DA:16,2
DA:17,2
DA:22,6
LF:4
LH:4
BRF:0
BRH:0
end_of_record
TN:
SF:src/index.ts
FNF:0
FNH:0
LF:0
LH:0
BRF:0
BRH:0
end_of_record
TN:
SF:src/unzipper.ts
FN:18,unzipper
FN:19,(anonymous_1)
FN:25,(anonymous_2)
FN:35,(anonymous_3)
FN:47,(anonymous_4)
FN:53,(anonymous_5)
FN:61,(anonymous_6)
FN:69,(anonymous_7)
FNF:8
FNH:8
FNDA:2,unzipper
FNDA:2,(anonymous_1)
FNDA:2,(anonymous_2)
FNDA:2,(anonymous_3)
FNDA:1,(anonymous_4)
FNDA:1,(anonymous_5)
FNDA:1,(anonymous_6)
FNDA:1,(anonymous_7)
DA:8,1
DA:19,2
DA:20,2
DA:21,2
DA:22,2
DA:25,2
DA:26,2
DA:27,2
DA:28,2
DA:36,2
DA:37,1
DA:38,1
DA:41,1
DA:44,1
DA:47,1
DA:48,1
DA:50,0
DA:53,1
DA:54,1
DA:55,1
DA:56,1
DA:58,1
DA:62,1
DA:69,1
DA:70,1
DA:72,1
DA:73,1
DA:77,1
DA:83,2
LF:29
LH:28
BRDA:36,0,0,1
BRDA:36,0,1,1
BRDA:36,1,0,2
BRDA:36,1,1,1
BRDA:48,2,0,0
BRDA:48,2,1,1
BRDA:54,3,0,0
BRDA:54,3,1,1
BRDA:55,4,0,0
BRDA:55,4,1,1
BRF:10
BRH:7
end_of_record
