<?xml version="1.0" encoding="UTF-8"?>
<coverage generated="1603401535438" clover="3.2.0">
  <project timestamp="1603401535438" name="All files">
    <metrics statements="4" coveredstatements="4" conditionals="0" coveredconditionals="0" methods="4" coveredmethods="4" elements="8" coveredelements="8" complexity="0" loc="4" ncloc="4" packages="1" files="2" classes="2"/>
    <file name="index.ts" path="/home/mike/dev/thr-addons/packages/util/src/index.ts">
      <metrics statements="3" coveredstatements="3" conditionals="0" coveredconditionals="0" methods="3" coveredmethods="3"/>
      <line num="8" count="1" type="stmt"/>
      <line num="9" count="2" type="stmt"/>
      <line num="11" count="2" type="stmt"/>
    </file>
    <file name="typeguards.ts" path="/home/mike/dev/thr-addons/packages/util/src/typeguards.ts">
      <metrics statements="1" coveredstatements="1" conditionals="0" coveredconditionals="0" methods="1" coveredmethods="1"/>
      <line num="5" count="2" type="stmt"/>
    </file>
  </project>
</coverage>
