<?xml version="1.0" encoding="UTF-8"?>
<coverage generated="1567002738318" clover="3.2.0">
  <project timestamp="1567002738318" name="All files">
    <metrics statements="127" coveredstatements="114" conditionals="146" coveredconditionals="113" methods="36" coveredmethods="35" elements="309" coveredelements="262" complexity="0" loc="127" ncloc="127" packages="2" files="6" classes="6"/>
    <package name="src">
      <metrics statements="102" coveredstatements="96" conditionals="116" coveredconditionals="94" methods="29" coveredmethods="28"/>
      <file name="getMonthNames.ts" path="/home/mike/dev/thr-addons/packages/date/src/getMonthNames.ts">
        <metrics statements="8" coveredstatements="8" conditionals="10" coveredconditionals="10" methods="1" coveredmethods="1"/>
        <line num="12" count="4" type="stmt"/>
        <line num="26" count="4" type="stmt"/>
        <line num="27" count="4" type="stmt"/>
        <line num="28" count="4" type="stmt"/>
        <line num="30" count="4" type="cond" truecount="2" falsecount="0"/>
        <line num="31" count="3" type="cond" truecount="2" falsecount="0"/>
        <line num="32" count="2" type="cond" truecount="4" falsecount="0"/>
        <line num="34" count="2" type="stmt"/>
      </file>
      <file name="getNumberOfDaysInMonth.ts" path="/home/mike/dev/thr-addons/packages/date/src/getNumberOfDaysInMonth.ts">
        <metrics statements="6" coveredstatements="6" conditionals="8" coveredconditionals="8" methods="1" coveredmethods="1"/>
        <line num="14" count="6" type="cond" truecount="4" falsecount="0"/>
        <line num="18" count="6" type="cond" truecount="2" falsecount="0"/>
        <line num="20" count="2" type="stmt"/>
        <line num="21" count="2" type="stmt"/>
        <line num="22" count="35" type="stmt"/>
        <line num="24" count="2" type="stmt"/>
      </file>
      <file name="index.js" path="/home/mike/dev/thr-addons/packages/date/src/index.js">
        <metrics statements="0" coveredstatements="0" conditionals="0" coveredconditionals="0" methods="0" coveredmethods="0"/>
      </file>
      <file name="util.js" path="/home/mike/dev/thr-addons/packages/date/src/util.js">
        <metrics statements="88" coveredstatements="82" conditionals="98" coveredconditionals="76" methods="27" coveredmethods="26"/>
        <line num="15" count="4" type="stmt"/>
        <line num="34" count="3" type="cond" truecount="2" falsecount="0"/>
        <line num="35" count="2" type="stmt"/>
        <line num="44" count="1" type="cond" truecount="1" falsecount="1"/>
        <line num="45" count="1" type="stmt"/>
        <line num="54" count="3" type="cond" truecount="2" falsecount="0"/>
        <line num="55" count="2" type="stmt"/>
        <line num="64" count="2" type="cond" truecount="2" falsecount="0"/>
        <line num="65" count="1" type="stmt"/>
        <line num="74" count="5" type="cond" truecount="1" falsecount="1"/>
        <line num="75" count="5" type="stmt"/>
        <line num="84" count="2" type="cond" truecount="2" falsecount="0"/>
        <line num="85" count="1" type="stmt"/>
        <line num="98" count="10" type="cond" truecount="1" falsecount="1"/>
        <line num="99" count="10" type="stmt"/>
        <line num="108" count="1" type="cond" truecount="1" falsecount="1"/>
        <line num="109" count="1" type="stmt"/>
        <line num="118" count="1" type="cond" truecount="1" falsecount="1"/>
        <line num="119" count="1" type="stmt"/>
        <line num="128" count="1" type="cond" truecount="1" falsecount="1"/>
        <line num="129" count="1" type="stmt"/>
        <line num="140" count="6" type="cond" truecount="2" falsecount="0"/>
        <line num="141" count="4" type="cond" truecount="1" falsecount="1"/>
        <line num="143" count="2" type="cond" truecount="2" falsecount="0"/>
        <line num="144" count="2" type="stmt"/>
        <line num="146" count="1" type="cond" truecount="1" falsecount="1"/>
        <line num="147" count="1" type="stmt"/>
        <line num="148" count="2" type="stmt"/>
        <line num="151" count="0" type="stmt"/>
        <line num="160" count="7" type="cond" truecount="2" falsecount="0"/>
        <line num="161" count="2" type="cond" truecount="2" falsecount="0"/>
        <line num="162" count="2" type="stmt"/>
        <line num="164" count="1" type="cond" truecount="1" falsecount="1"/>
        <line num="165" count="1" type="stmt"/>
        <line num="166" count="2" type="stmt"/>
        <line num="169" count="0" type="stmt"/>
        <line num="178" count="3" type="cond" truecount="2" falsecount="0"/>
        <line num="179" count="1" type="cond" truecount="1" falsecount="1"/>
        <line num="180" count="0" type="stmt"/>
        <line num="182" count="1" type="cond" truecount="1" falsecount="1"/>
        <line num="183" count="1" type="stmt"/>
        <line num="184" count="2" type="stmt"/>
        <line num="187" count="0" type="stmt"/>
        <line num="197" count="25" type="cond" truecount="2" falsecount="0"/>
        <line num="198" count="13" type="cond" truecount="2" falsecount="0"/>
        <line num="199" count="8" type="stmt"/>
        <line num="201" count="5" type="stmt"/>
        <line num="203" count="12" type="cond" truecount="2" falsecount="0"/>
        <line num="204" count="10" type="stmt"/>
        <line num="206" count="6" type="cond" truecount="1" falsecount="1"/>
        <line num="207" count="6" type="stmt"/>
        <line num="208" count="14" type="stmt"/>
        <line num="211" count="0" type="stmt"/>
        <line num="214" count="4" type="stmt"/>
        <line num="221" count="7" type="cond" truecount="2" falsecount="0"/>
        <line num="222" count="2" type="stmt"/>
        <line num="224" count="6" type="cond" truecount="2" falsecount="0"/>
        <line num="225" count="1" type="cond" truecount="2" falsecount="3"/>
        <line num="226" count="1" type="stmt"/>
        <line num="227" count="4" type="stmt"/>
        <line num="230" count="5" type="cond" truecount="4" falsecount="0"/>
        <line num="231" count="4" type="cond" truecount="2" falsecount="0"/>
        <line num="232" count="1" type="stmt"/>
        <line num="234" count="3" type="stmt"/>
        <line num="248" count="9" type="cond" truecount="1" falsecount="1"/>
        <line num="249" count="9" type="stmt"/>
        <line num="250" count="9" type="cond" truecount="2" falsecount="0"/>
        <line num="251" count="9" type="cond" truecount="2" falsecount="0"/>
        <line num="252" count="9" type="cond" truecount="2" falsecount="0"/>
        <line num="253" count="9" type="cond" truecount="1" falsecount="1"/>
        <line num="259" count="0" type="stmt"/>
        <line num="264" count="9" type="cond" truecount="4" falsecount="2"/>
        <line num="266" count="7" type="stmt"/>
        <line num="267" count="7" type="stmt"/>
        <line num="268" count="7" type="stmt"/>
        <line num="270" count="1" type="stmt"/>
        <line num="271" count="1" type="stmt"/>
        <line num="272" count="1" type="stmt"/>
        <line num="274" count="1" type="stmt"/>
        <line num="275" count="1" type="stmt"/>
        <line num="276" count="1" type="stmt"/>
        <line num="280" count="9" type="cond" truecount="2" falsecount="0"/>
        <line num="281" count="9" type="cond" truecount="1" falsecount="1"/>
        <line num="283" count="9" type="cond" truecount="1" falsecount="1"/>
        <line num="284" count="9" type="cond" truecount="2" falsecount="0"/>
        <line num="285" count="3" type="stmt"/>
        <line num="288" count="9" type="cond" truecount="2" falsecount="0"/>
        <line num="290" count="9" type="stmt"/>
      </file>
    </package>
    <package name="src.graphql">
      <metrics statements="25" coveredstatements="18" conditionals="30" coveredconditionals="19" methods="7" coveredmethods="7"/>
      <file name="GraphQLLocalDate.js" path="/home/mike/dev/thr-addons/packages/date/src/graphql/GraphQLLocalDate.js">
        <metrics statements="15" coveredstatements="10" conditionals="20" coveredconditionals="11" methods="3" coveredmethods="3"/>
        <line num="10" count="3" type="stmt"/>
        <line num="12" count="3" type="stmt"/>
        <line num="17" count="3" type="cond" truecount="2" falsecount="0"/>
        <line num="18" count="2" type="cond" truecount="2" falsecount="0"/>
        <line num="19" count="1" type="cond" truecount="1" falsecount="1"/>
        <line num="20" count="0" type="cond" truecount="0" falsecount="2"/>
        <line num="21" count="0" type="stmt"/>
        <line num="25" count="5" type="cond" truecount="1" falsecount="1"/>
        <line num="26" count="5" type="cond" truecount="1" falsecount="1"/>
        <line num="27" count="5" type="cond" truecount="1" falsecount="1"/>
        <line num="28" count="0" type="cond" truecount="0" falsecount="2"/>
        <line num="29" count="0" type="stmt"/>
        <line num="33" count="4" type="cond" truecount="2" falsecount="0"/>
        <line num="34" count="2" type="cond" truecount="1" falsecount="1"/>
        <line num="35" count="0" type="stmt"/>
      </file>
      <file name="GraphQLMoment.js" path="/home/mike/dev/thr-addons/packages/date/src/graphql/GraphQLMoment.js">
        <metrics statements="10" coveredstatements="8" conditionals="10" coveredconditionals="8" methods="4" coveredmethods="4"/>
        <line num="9" count="8" type="cond" truecount="2" falsecount="0"/>
        <line num="10" count="2" type="cond" truecount="2" falsecount="0"/>
        <line num="11" count="1" type="cond" truecount="1" falsecount="1"/>
        <line num="12" count="0" type="stmt"/>
        <line num="15" count="3" type="stmt"/>
        <line num="19" count="3" type="stmt"/>
        <line num="22" count="5" type="stmt"/>
        <line num="25" count="4" type="cond" truecount="2" falsecount="0"/>
        <line num="26" count="2" type="cond" truecount="1" falsecount="1"/>
        <line num="27" count="0" type="stmt"/>
      </file>
    </package>
  </project>
</coverage>
