<?xml version="1.0" encoding="UTF-8"?>
<coverage generated="1538767395423" clover="3.2.0">
  <project timestamp="1538767395423" name="All files">
    <metrics statements="101" coveredstatements="91" conditionals="110" coveredconditionals="87" methods="26" coveredmethods="25" elements="237" coveredelements="203" complexity="0" loc="101" ncloc="101" packages="2" files="3" classes="3">
      <package name="src">
        <metrics statements="79" coveredstatements="74" conditionals="86" coveredconditionals="68" methods="24" coveredmethods="23"/>
        <file name="util.js" path="/home/mike/dev/thr-addons/packages/date/src/util.js">
          <metrics statements="79" coveredstatements="74" conditionals="86" coveredconditionals="68" methods="24" coveredmethods="23"/>
          <line num="29" count="3" type="cond" truecount="2" falsecount="0"/>
          <line num="30" count="2" type="stmt"/>
          <line num="39" count="4" type="cond" truecount="2" falsecount="0"/>
          <line num="40" count="3" type="stmt"/>
          <line num="49" count="2" type="cond" truecount="2" falsecount="0"/>
          <line num="50" count="1" type="stmt"/>
          <line num="59" count="3" type="cond" truecount="2" falsecount="0"/>
          <line num="60" count="2" type="stmt"/>
          <line num="73" count="9" type="cond" truecount="1" falsecount="1"/>
          <line num="74" count="9" type="stmt"/>
          <line num="83" count="2" type="cond" truecount="1" falsecount="1"/>
          <line num="84" count="2" type="stmt"/>
          <line num="93" count="1" type="cond" truecount="1" falsecount="1"/>
          <line num="94" count="1" type="stmt"/>
          <line num="103" count="1" type="cond" truecount="1" falsecount="1"/>
          <line num="104" count="1" type="stmt"/>
          <line num="115" count="6" type="cond" truecount="2" falsecount="0"/>
          <line num="116" count="4" type="cond" truecount="1" falsecount="1"/>
          <line num="118" count="2" type="cond" truecount="2" falsecount="0"/>
          <line num="119" count="2" type="stmt"/>
          <line num="121" count="1" type="cond" truecount="1" falsecount="1"/>
          <line num="122" count="1" type="stmt"/>
          <line num="123" count="2" type="stmt"/>
          <line num="126" count="0" type="stmt"/>
          <line num="135" count="7" type="cond" truecount="2" falsecount="0"/>
          <line num="136" count="2" type="cond" truecount="2" falsecount="0"/>
          <line num="137" count="2" type="stmt"/>
          <line num="139" count="1" type="cond" truecount="1" falsecount="1"/>
          <line num="140" count="1" type="stmt"/>
          <line num="141" count="2" type="stmt"/>
          <line num="144" count="0" type="stmt"/>
          <line num="153" count="3" type="cond" truecount="2" falsecount="0"/>
          <line num="154" count="1" type="cond" truecount="1" falsecount="1"/>
          <line num="155" count="0" type="stmt"/>
          <line num="157" count="1" type="cond" truecount="1" falsecount="1"/>
          <line num="158" count="1" type="stmt"/>
          <line num="159" count="2" type="stmt"/>
          <line num="162" count="0" type="stmt"/>
          <line num="172" count="25" type="cond" truecount="2" falsecount="0"/>
          <line num="173" count="13" type="cond" truecount="2" falsecount="0"/>
          <line num="174" count="8" type="stmt"/>
          <line num="176" count="5" type="stmt"/>
          <line num="178" count="12" type="cond" truecount="2" falsecount="0"/>
          <line num="179" count="10" type="stmt"/>
          <line num="181" count="6" type="cond" truecount="1" falsecount="1"/>
          <line num="182" count="6" type="stmt"/>
          <line num="183" count="14" type="stmt"/>
          <line num="186" count="0" type="stmt"/>
          <line num="189" count="1" type="stmt"/>
          <line num="196" count="7" type="cond" truecount="2" falsecount="0"/>
          <line num="197" count="2" type="stmt"/>
          <line num="199" count="6" type="cond" truecount="2" falsecount="0"/>
          <line num="200" count="1" type="cond" truecount="2" falsecount="3"/>
          <line num="201" count="1" type="stmt"/>
          <line num="202" count="4" type="stmt"/>
          <line num="205" count="5" type="cond" truecount="4" falsecount="0"/>
          <line num="206" count="4" type="cond" truecount="2" falsecount="0"/>
          <line num="207" count="1" type="stmt"/>
          <line num="209" count="3" type="stmt"/>
          <line num="224" count="8" type="cond" truecount="1" falsecount="1"/>
          <line num="225" count="8" type="stmt"/>
          <line num="226" count="8" type="cond" truecount="2" falsecount="0"/>
          <line num="227" count="8" type="cond" truecount="2" falsecount="0"/>
          <line num="228" count="8" type="cond" truecount="2" falsecount="0"/>
          <line num="229" count="8" type="cond" truecount="1" falsecount="1"/>
          <line num="232" count="8" type="cond" truecount="4" falsecount="2"/>
          <line num="234" count="6" type="stmt"/>
          <line num="235" count="6" type="stmt"/>
          <line num="236" count="6" type="stmt"/>
          <line num="238" count="1" type="stmt"/>
          <line num="239" count="1" type="stmt"/>
          <line num="240" count="1" type="stmt"/>
          <line num="242" count="1" type="stmt"/>
          <line num="243" count="1" type="stmt"/>
          <line num="244" count="1" type="stmt"/>
          <line num="247" count="8" type="cond" truecount="1" falsecount="1"/>
          <line num="248" count="8" type="cond" truecount="2" falsecount="0"/>
          <line num="249" count="3" type="stmt"/>
          <line num="251" count="8" type="cond" truecount="2" falsecount="0"/>
        </file>
      </package>
      <package name="src.graphql">
        <metrics statements="22" coveredstatements="17" conditionals="24" coveredconditionals="19" methods="2" coveredmethods="2"/>
        <file name="GraphQLLocalDate.js" path="/home/mike/dev/thr-addons/packages/date/src/graphql/GraphQLLocalDate.js">
          <metrics statements="12" coveredstatements="9" conditionals="14" coveredconditionals="11" methods="1" coveredmethods="1"/>
          <line num="9" count="3" type="cond" truecount="2" falsecount="0"/>
          <line num="10" count="2" type="cond" truecount="2" falsecount="0"/>
          <line num="11" count="1" type="cond" truecount="1" falsecount="1"/>
          <line num="12" count="0" type="stmt"/>
          <line num="15" count="1" type="stmt"/>
          <line num="20" count="3" type="stmt"/>
          <line num="24" count="5" type="cond" truecount="2" falsecount="0"/>
          <line num="25" count="1" type="cond" truecount="1" falsecount="1"/>
          <line num="26" count="0" type="stmt"/>
          <line num="30" count="4" type="cond" truecount="2" falsecount="0"/>
          <line num="31" count="2" type="cond" truecount="1" falsecount="1"/>
          <line num="32" count="0" type="stmt"/>
        </file>
        <file name="GraphQLMoment.js" path="/home/mike/dev/thr-addons/packages/date/src/graphql/GraphQLMoment.js">
          <metrics statements="10" coveredstatements="8" conditionals="10" coveredconditionals="8" methods="1" coveredmethods="1"/>
          <line num="9" count="8" type="cond" truecount="2" falsecount="0"/>
          <line num="10" count="2" type="cond" truecount="2" falsecount="0"/>
          <line num="11" count="1" type="cond" truecount="1" falsecount="1"/>
          <line num="12" count="0" type="stmt"/>
          <line num="15" count="1" type="stmt"/>
          <line num="19" count="3" type="stmt"/>
          <line num="22" count="5" type="stmt"/>
          <line num="25" count="4" type="cond" truecount="2" falsecount="0"/>
          <line num="26" count="2" type="cond" truecount="1" falsecount="1"/>
          <line num="27" count="0" type="stmt"/>
        </file>
      </package>
    </metrics>
  </project>
</coverage>
