{"/home/mike/dev/thr-addons/packages/date/src/util.js": {"path":"/home/mike/dev/thr-addons/packages/date/src/util.js","statementMap":{"0":{"start":{"line":31,"column":1},"end":{"line":31,"column":24}},"1":{"start":{"line":31,"column":12},"end":{"line":31,"column":24}},"2":{"start":{"line":32,"column":1},"end":{"line":32,"column":78}},"3":{"start":{"line":41,"column":1},"end":{"line":41,"column":24}},"4":{"start":{"line":41,"column":12},"end":{"line":41,"column":24}},"5":{"start":{"line":42,"column":1},"end":{"line":42,"column":39}},"6":{"start":{"line":51,"column":1},"end":{"line":51,"column":29}},"7":{"start":{"line":51,"column":17},"end":{"line":51,"column":29}},"8":{"start":{"line":52,"column":1},"end":{"line":52,"column":87}},"9":{"start":{"line":61,"column":1},"end":{"line":61,"column":23}},"10":{"start":{"line":61,"column":11},"end":{"line":61,"column":23}},"11":{"start":{"line":62,"column":1},"end":{"line":62,"column":62}},"12":{"start":{"line":71,"column":1},"end":{"line":71,"column":23}},"13":{"start":{"line":71,"column":11},"end":{"line":71,"column":23}},"14":{"start":{"line":72,"column":1},"end":{"line":72,"column":42}},"15":{"start":{"line":81,"column":1},"end":{"line":81,"column":29}},"16":{"start":{"line":81,"column":17},"end":{"line":81,"column":29}},"17":{"start":{"line":82,"column":1},"end":{"line":86,"column":4}},"18":{"start":{"line":95,"column":1},"end":{"line":95,"column":25}},"19":{"start":{"line":95,"column":13},"end":{"line":95,"column":25}},"20":{"start":{"line":96,"column":1},"end":{"line":96,"column":36}},"21":{"start":{"line":105,"column":1},"end":{"line":105,"column":25}},"22":{"start":{"line":105,"column":13},"end":{"line":105,"column":25}},"23":{"start":{"line":106,"column":1},"end":{"line":106,"column":62}},"24":{"start":{"line":115,"column":1},"end":{"line":115,"column":25}},"25":{"start":{"line":115,"column":13},"end":{"line":115,"column":25}},"26":{"start":{"line":116,"column":1},"end":{"line":116,"column":27}},"27":{"start":{"line":125,"column":1},"end":{"line":125,"column":25}},"28":{"start":{"line":125,"column":13},"end":{"line":125,"column":25}},"29":{"start":{"line":126,"column":1},"end":{"line":126,"column":53}},"30":{"start":{"line":137,"column":1},"end":{"line":139,"column":2}},"31":{"start":{"line":138,"column":2},"end":{"line":138,"column":45}},"32":{"start":{"line":140,"column":1},"end":{"line":142,"column":2}},"33":{"start":{"line":141,"column":2},"end":{"line":141,"column":50}},"34":{"start":{"line":141,"column":23},"end":{"line":141,"column":48}},"35":{"start":{"line":143,"column":1},"end":{"line":147,"column":2}},"36":{"start":{"line":144,"column":2},"end":{"line":146,"column":9}},"37":{"start":{"line":145,"column":3},"end":{"line":145,"column":47}},"38":{"start":{"line":148,"column":1},"end":{"line":148,"column":12}},"39":{"start":{"line":157,"column":1},"end":{"line":157,"column":37}},"40":{"start":{"line":157,"column":18},"end":{"line":157,"column":37}},"41":{"start":{"line":158,"column":1},"end":{"line":160,"column":2}},"42":{"start":{"line":159,"column":2},"end":{"line":159,"column":50}},"43":{"start":{"line":159,"column":23},"end":{"line":159,"column":48}},"44":{"start":{"line":161,"column":1},"end":{"line":165,"column":2}},"45":{"start":{"line":162,"column":2},"end":{"line":164,"column":9}},"46":{"start":{"line":163,"column":3},"end":{"line":163,"column":47}},"47":{"start":{"line":166,"column":1},"end":{"line":166,"column":12}},"48":{"start":{"line":175,"column":1},"end":{"line":175,"column":55}},"49":{"start":{"line":175,"column":31},"end":{"line":175,"column":55}},"50":{"start":{"line":176,"column":1},"end":{"line":178,"column":2}},"51":{"start":{"line":177,"column":2},"end":{"line":177,"column":61}},"52":{"start":{"line":177,"column":23},"end":{"line":177,"column":59}},"53":{"start":{"line":179,"column":1},"end":{"line":183,"column":2}},"54":{"start":{"line":180,"column":2},"end":{"line":182,"column":9}},"55":{"start":{"line":181,"column":3},"end":{"line":181,"column":58}},"56":{"start":{"line":184,"column":1},"end":{"line":184,"column":12}},"57":{"start":{"line":194,"column":1},"end":{"line":199,"column":2}},"58":{"start":{"line":195,"column":2},"end":{"line":197,"column":3}},"59":{"start":{"line":196,"column":3},"end":{"line":196,"column":48}},"60":{"start":{"line":198,"column":2},"end":{"line":198,"column":13}},"61":{"start":{"line":200,"column":1},"end":{"line":202,"column":2}},"62":{"start":{"line":201,"column":2},"end":{"line":201,"column":76}},"63":{"start":{"line":201,"column":23},"end":{"line":201,"column":74}},"64":{"start":{"line":203,"column":1},"end":{"line":207,"column":2}},"65":{"start":{"line":204,"column":2},"end":{"line":206,"column":9}},"66":{"start":{"line":205,"column":3},"end":{"line":205,"column":78}},"67":{"start":{"line":208,"column":1},"end":{"line":208,"column":12}},"68":{"start":{"line":211,"column":23},"end":{"line":211,"column":45}},"69":{"start":{"line":218,"column":1},"end":{"line":220,"column":2}},"70":{"start":{"line":219,"column":2},"end":{"line":219,"column":56}},"71":{"start":{"line":219,"column":23},"end":{"line":219,"column":54}},"72":{"start":{"line":221,"column":1},"end":{"line":226,"column":2}},"73":{"start":{"line":222,"column":2},"end":{"line":222,"column":96}},"74":{"start":{"line":222,"column":43},"end":{"line":222,"column":96}},"75":{"start":{"line":223,"column":2},"end":{"line":225,"column":9}},"76":{"start":{"line":224,"column":3},"end":{"line":224,"column":53}},"77":{"start":{"line":227,"column":1},"end":{"line":227,"column":76}},"78":{"start":{"line":227,"column":48},"end":{"line":227,"column":76}},"79":{"start":{"line":228,"column":1},"end":{"line":230,"column":2}},"80":{"start":{"line":229,"column":2},"end":{"line":229,"column":39}},"81":{"start":{"line":231,"column":1},"end":{"line":231,"column":12}},"82":{"start":{"line":245,"column":1},"end":{"line":245,"column":21}},"83":{"start":{"line":245,"column":11},"end":{"line":245,"column":21}},"84":{"start":{"line":246,"column":9},"end":{"line":246,"column":12}},"85":{"start":{"line":247,"column":1},"end":{"line":247,"column":59}},"86":{"start":{"line":247,"column":19},"end":{"line":247,"column":59}},"87":{"start":{"line":248,"column":1},"end":{"line":248,"column":60}},"88":{"start":{"line":248,"column":24},"end":{"line":248,"column":60}},"89":{"start":{"line":249,"column":1},"end":{"line":249,"column":63}},"90":{"start":{"line":249,"column":25},"end":{"line":249,"column":63}},"91":{"start":{"line":250,"column":1},"end":{"line":257,"column":2}},"92":{"start":{"line":256,"column":2},"end":{"line":256,"column":169}},"93":{"start":{"line":261,"column":1},"end":{"line":275,"column":2}},"94":{"start":{"line":263,"column":3},"end":{"line":263,"column":27}},"95":{"start":{"line":264,"column":3},"end":{"line":264,"column":25}},"96":{"start":{"line":265,"column":3},"end":{"line":265,"column":9}},"97":{"start":{"line":267,"column":3},"end":{"line":267,"column":30}},"98":{"start":{"line":268,"column":3},"end":{"line":268,"column":25}},"99":{"start":{"line":269,"column":3},"end":{"line":269,"column":9}},"100":{"start":{"line":271,"column":3},"end":{"line":271,"column":31}},"101":{"start":{"line":272,"column":3},"end":{"line":272,"column":25}},"102":{"start":{"line":273,"column":3},"end":{"line":273,"column":9}},"103":{"start":{"line":277,"column":1},"end":{"line":277,"column":45}},"104":{"start":{"line":277,"column":29},"end":{"line":277,"column":45}},"105":{"start":{"line":278,"column":1},"end":{"line":278,"column":45}},"106":{"start":{"line":278,"column":29},"end":{"line":278,"column":45}},"107":{"start":{"line":280,"column":20},"end":{"line":280,"column":54}},"108":{"start":{"line":281,"column":1},"end":{"line":283,"column":2}},"109":{"start":{"line":282,"column":2},"end":{"line":282,"column":49}},"110":{"start":{"line":285,"column":19},"end":{"line":285,"column":97}},"111":{"start":{"line":287,"column":1},"end":{"line":287,"column":67}},"112":{"start":{"line":287,"column":50},"end":{"line":287,"column":65}}},"fnMap":{"0":{"name":"transformDateToLocalDate","decl":{"start":{"line":30,"column":16},"end":{"line":30,"column":40}},"loc":{"start":{"line":30,"column":47},"end":{"line":33,"column":1}},"line":30},"1":{"name":"transformDateToLocalDateTime","decl":{"start":{"line":40,"column":16},"end":{"line":40,"column":44}},"loc":{"start":{"line":40,"column":51},"end":{"line":43,"column":1}},"line":40},"2":{"name":"transformLocalDateToDate","decl":{"start":{"line":50,"column":16},"end":{"line":50,"column":40}},"loc":{"start":{"line":50,"column":52},"end":{"line":53,"column":1}},"line":50},"3":{"name":"transformMomentToLocalDate","decl":{"start":{"line":60,"column":16},"end":{"line":60,"column":42}},"loc":{"start":{"line":60,"column":48},"end":{"line":63,"column":1}},"line":60},"4":{"name":"transformMomentToLocalDateTime","decl":{"start":{"line":70,"column":16},"end":{"line":70,"column":46}},"loc":{"start":{"line":70,"column":52},"end":{"line":73,"column":1}},"line":70},"5":{"name":"transformLocalDateToMoment","decl":{"start":{"line":80,"column":16},"end":{"line":80,"column":42}},"loc":{"start":{"line":80,"column":54},"end":{"line":87,"column":1}},"line":80},"6":{"name":"transformEpochIntegerToLocalDate","decl":{"start":{"line":94,"column":16},"end":{"line":94,"column":48}},"loc":{"start":{"line":94,"column":56},"end":{"line":97,"column":1}},"line":94},"7":{"name":"transformEpochIntegerToDate","decl":{"start":{"line":104,"column":16},"end":{"line":104,"column":43}},"loc":{"start":{"line":104,"column":51},"end":{"line":107,"column":1}},"line":104},"8":{"name":"transformLocalDateToEpochInteger","decl":{"start":{"line":114,"column":16},"end":{"line":114,"column":48}},"loc":{"start":{"line":114,"column":56},"end":{"line":117,"column":1}},"line":114},"9":{"name":"transformDateToEpochInteger","decl":{"start":{"line":124,"column":16},"end":{"line":124,"column":43}},"loc":{"start":{"line":124,"column":51},"end":{"line":127,"column":1}},"line":124},"10":{"name":"transformMomentsToDate","decl":{"start":{"line":136,"column":16},"end":{"line":136,"column":38}},"loc":{"start":{"line":136,"column":44},"end":{"line":149,"column":1}},"line":136},"11":{"name":"(anonymous_11)","decl":{"start":{"line":141,"column":18},"end":{"line":141,"column":19}},"loc":{"start":{"line":141,"column":23},"end":{"line":141,"column":48}},"line":141},"12":{"name":"(anonymous_12)","decl":{"start":{"line":144,"column":24},"end":{"line":144,"column":25}},"loc":{"start":{"line":144,"column":48},"end":{"line":146,"column":3}},"line":144},"13":{"name":"transformDatesToMoment","decl":{"start":{"line":156,"column":16},"end":{"line":156,"column":38}},"loc":{"start":{"line":156,"column":44},"end":{"line":167,"column":1}},"line":156},"14":{"name":"(anonymous_14)","decl":{"start":{"line":159,"column":18},"end":{"line":159,"column":19}},"loc":{"start":{"line":159,"column":23},"end":{"line":159,"column":48}},"line":159},"15":{"name":"(anonymous_15)","decl":{"start":{"line":162,"column":24},"end":{"line":162,"column":25}},"loc":{"start":{"line":162,"column":48},"end":{"line":164,"column":3}},"line":162},"16":{"name":"transformLocalDatesToEpochInteger","decl":{"start":{"line":174,"column":16},"end":{"line":174,"column":49}},"loc":{"start":{"line":174,"column":55},"end":{"line":185,"column":1}},"line":174},"17":{"name":"(anonymous_17)","decl":{"start":{"line":177,"column":18},"end":{"line":177,"column":19}},"loc":{"start":{"line":177,"column":23},"end":{"line":177,"column":59}},"line":177},"18":{"name":"(anonymous_18)","decl":{"start":{"line":180,"column":24},"end":{"line":180,"column":25}},"loc":{"start":{"line":180,"column":48},"end":{"line":182,"column":3}},"line":180},"19":{"name":"mapEpochIntegerToLocalDates","decl":{"start":{"line":193,"column":16},"end":{"line":193,"column":43}},"loc":{"start":{"line":193,"column":70},"end":{"line":209,"column":1}},"line":193},"20":{"name":"(anonymous_20)","decl":{"start":{"line":201,"column":18},"end":{"line":201,"column":19}},"loc":{"start":{"line":201,"column":23},"end":{"line":201,"column":74}},"line":201},"21":{"name":"(anonymous_21)","decl":{"start":{"line":204,"column":24},"end":{"line":204,"column":25}},"loc":{"start":{"line":204,"column":48},"end":{"line":206,"column":3}},"line":204},"22":{"name":"transformObjectsToLocalDates","decl":{"start":{"line":217,"column":16},"end":{"line":217,"column":44}},"loc":{"start":{"line":217,"column":50},"end":{"line":232,"column":1}},"line":217},"23":{"name":"(anonymous_23)","decl":{"start":{"line":219,"column":18},"end":{"line":219,"column":19}},"loc":{"start":{"line":219,"column":23},"end":{"line":219,"column":54}},"line":219},"24":{"name":"(anonymous_24)","decl":{"start":{"line":223,"column":24},"end":{"line":223,"column":25}},"loc":{"start":{"line":223,"column":48},"end":{"line":225,"column":3}},"line":223},"25":{"name":"formatDate","decl":{"start":{"line":244,"column":16},"end":{"line":244,"column":26}},"loc":{"start":{"line":244,"column":121},"end":{"line":288,"column":1}},"line":244},"26":{"name":"(anonymous_26)","decl":{"start":{"line":287,"column":45},"end":{"line":287,"column":46}},"loc":{"start":{"line":287,"column":50},"end":{"line":287,"column":65}},"line":287}},"branchMap":{"0":{"loc":{"start":{"line":31,"column":1},"end":{"line":31,"column":24}},"type":"if","locations":[{"start":{"line":31,"column":1},"end":{"line":31,"column":24}},{"start":{"line":31,"column":1},"end":{"line":31,"column":24}}],"line":31},"1":{"loc":{"start":{"line":41,"column":1},"end":{"line":41,"column":24}},"type":"if","locations":[{"start":{"line":41,"column":1},"end":{"line":41,"column":24}},{"start":{"line":41,"column":1},"end":{"line":41,"column":24}}],"line":41},"2":{"loc":{"start":{"line":51,"column":1},"end":{"line":51,"column":29}},"type":"if","locations":[{"start":{"line":51,"column":1},"end":{"line":51,"column":29}},{"start":{"line":51,"column":1},"end":{"line":51,"column":29}}],"line":51},"3":{"loc":{"start":{"line":61,"column":1},"end":{"line":61,"column":23}},"type":"if","locations":[{"start":{"line":61,"column":1},"end":{"line":61,"column":23}},{"start":{"line":61,"column":1},"end":{"line":61,"column":23}}],"line":61},"4":{"loc":{"start":{"line":71,"column":1},"end":{"line":71,"column":23}},"type":"if","locations":[{"start":{"line":71,"column":1},"end":{"line":71,"column":23}},{"start":{"line":71,"column":1},"end":{"line":71,"column":23}}],"line":71},"5":{"loc":{"start":{"line":81,"column":1},"end":{"line":81,"column":29}},"type":"if","locations":[{"start":{"line":81,"column":1},"end":{"line":81,"column":29}},{"start":{"line":81,"column":1},"end":{"line":81,"column":29}}],"line":81},"6":{"loc":{"start":{"line":95,"column":1},"end":{"line":95,"column":25}},"type":"if","locations":[{"start":{"line":95,"column":1},"end":{"line":95,"column":25}},{"start":{"line":95,"column":1},"end":{"line":95,"column":25}}],"line":95},"7":{"loc":{"start":{"line":105,"column":1},"end":{"line":105,"column":25}},"type":"if","locations":[{"start":{"line":105,"column":1},"end":{"line":105,"column":25}},{"start":{"line":105,"column":1},"end":{"line":105,"column":25}}],"line":105},"8":{"loc":{"start":{"line":115,"column":1},"end":{"line":115,"column":25}},"type":"if","locations":[{"start":{"line":115,"column":1},"end":{"line":115,"column":25}},{"start":{"line":115,"column":1},"end":{"line":115,"column":25}}],"line":115},"9":{"loc":{"start":{"line":125,"column":1},"end":{"line":125,"column":25}},"type":"if","locations":[{"start":{"line":125,"column":1},"end":{"line":125,"column":25}},{"start":{"line":125,"column":1},"end":{"line":125,"column":25}}],"line":125},"10":{"loc":{"start":{"line":137,"column":1},"end":{"line":139,"column":2}},"type":"if","locations":[{"start":{"line":137,"column":1},"end":{"line":139,"column":2}},{"start":{"line":137,"column":1},"end":{"line":139,"column":2}}],"line":137},"11":{"loc":{"start":{"line":138,"column":9},"end":{"line":138,"column":44}},"type":"cond-expr","locations":[{"start":{"line":138,"column":25},"end":{"line":138,"column":37}},{"start":{"line":138,"column":40},"end":{"line":138,"column":44}}],"line":138},"12":{"loc":{"start":{"line":140,"column":1},"end":{"line":142,"column":2}},"type":"if","locations":[{"start":{"line":140,"column":1},"end":{"line":142,"column":2}},{"start":{"line":140,"column":1},"end":{"line":142,"column":2}}],"line":140},"13":{"loc":{"start":{"line":143,"column":1},"end":{"line":147,"column":2}},"type":"if","locations":[{"start":{"line":143,"column":1},"end":{"line":147,"column":2}},{"start":{"line":143,"column":1},"end":{"line":147,"column":2}}],"line":143},"14":{"loc":{"start":{"line":157,"column":1},"end":{"line":157,"column":37}},"type":"if","locations":[{"start":{"line":157,"column":1},"end":{"line":157,"column":37}},{"start":{"line":157,"column":1},"end":{"line":157,"column":37}}],"line":157},"15":{"loc":{"start":{"line":158,"column":1},"end":{"line":160,"column":2}},"type":"if","locations":[{"start":{"line":158,"column":1},"end":{"line":160,"column":2}},{"start":{"line":158,"column":1},"end":{"line":160,"column":2}}],"line":158},"16":{"loc":{"start":{"line":161,"column":1},"end":{"line":165,"column":2}},"type":"if","locations":[{"start":{"line":161,"column":1},"end":{"line":165,"column":2}},{"start":{"line":161,"column":1},"end":{"line":165,"column":2}}],"line":161},"17":{"loc":{"start":{"line":175,"column":1},"end":{"line":175,"column":55}},"type":"if","locations":[{"start":{"line":175,"column":1},"end":{"line":175,"column":55}},{"start":{"line":175,"column":1},"end":{"line":175,"column":55}}],"line":175},"18":{"loc":{"start":{"line":176,"column":1},"end":{"line":178,"column":2}},"type":"if","locations":[{"start":{"line":176,"column":1},"end":{"line":178,"column":2}},{"start":{"line":176,"column":1},"end":{"line":178,"column":2}}],"line":176},"19":{"loc":{"start":{"line":179,"column":1},"end":{"line":183,"column":2}},"type":"if","locations":[{"start":{"line":179,"column":1},"end":{"line":183,"column":2}},{"start":{"line":179,"column":1},"end":{"line":183,"column":2}}],"line":179},"20":{"loc":{"start":{"line":193,"column":56},"end":{"line":193,"column":68}},"type":"default-arg","locations":[{"start":{"line":193,"column":66},"end":{"line":193,"column":68}}],"line":193},"21":{"loc":{"start":{"line":194,"column":1},"end":{"line":199,"column":2}},"type":"if","locations":[{"start":{"line":194,"column":1},"end":{"line":199,"column":2}},{"start":{"line":194,"column":1},"end":{"line":199,"column":2}}],"line":194},"22":{"loc":{"start":{"line":195,"column":2},"end":{"line":197,"column":3}},"type":"if","locations":[{"start":{"line":195,"column":2},"end":{"line":197,"column":3}},{"start":{"line":195,"column":2},"end":{"line":197,"column":3}}],"line":195},"23":{"loc":{"start":{"line":200,"column":1},"end":{"line":202,"column":2}},"type":"if","locations":[{"start":{"line":200,"column":1},"end":{"line":202,"column":2}},{"start":{"line":200,"column":1},"end":{"line":202,"column":2}}],"line":200},"24":{"loc":{"start":{"line":203,"column":1},"end":{"line":207,"column":2}},"type":"if","locations":[{"start":{"line":203,"column":1},"end":{"line":207,"column":2}},{"start":{"line":203,"column":1},"end":{"line":207,"column":2}}],"line":203},"25":{"loc":{"start":{"line":218,"column":1},"end":{"line":220,"column":2}},"type":"if","locations":[{"start":{"line":218,"column":1},"end":{"line":220,"column":2}},{"start":{"line":218,"column":1},"end":{"line":220,"column":2}}],"line":218},"26":{"loc":{"start":{"line":221,"column":1},"end":{"line":226,"column":2}},"type":"if","locations":[{"start":{"line":221,"column":1},"end":{"line":226,"column":2}},{"start":{"line":221,"column":1},"end":{"line":226,"column":2}}],"line":221},"27":{"loc":{"start":{"line":222,"column":2},"end":{"line":222,"column":96}},"type":"if","locations":[{"start":{"line":222,"column":2},"end":{"line":222,"column":96}},{"start":{"line":222,"column":2},"end":{"line":222,"column":96}}],"line":222},"28":{"loc":{"start":{"line":222,"column":6},"end":{"line":222,"column":41}},"type":"binary-expr","locations":[{"start":{"line":222,"column":6},"end":{"line":222,"column":15}},{"start":{"line":222,"column":19},"end":{"line":222,"column":29}},{"start":{"line":222,"column":33},"end":{"line":222,"column":41}}],"line":222},"29":{"loc":{"start":{"line":227,"column":1},"end":{"line":227,"column":76}},"type":"if","locations":[{"start":{"line":227,"column":1},"end":{"line":227,"column":76}},{"start":{"line":227,"column":1},"end":{"line":227,"column":76}}],"line":227},"30":{"loc":{"start":{"line":227,"column":5},"end":{"line":227,"column":46}},"type":"binary-expr","locations":[{"start":{"line":227,"column":5},"end":{"line":227,"column":18}},{"start":{"line":227,"column":22},"end":{"line":227,"column":46}}],"line":227},"31":{"loc":{"start":{"line":228,"column":1},"end":{"line":230,"column":2}},"type":"if","locations":[{"start":{"line":228,"column":1},"end":{"line":230,"column":2}},{"start":{"line":228,"column":1},"end":{"line":230,"column":2}}],"line":228},"32":{"loc":{"start":{"line":244,"column":32},"end":{"line":244,"column":119}},"type":"default-arg","locations":[{"start":{"line":244,"column":104},"end":{"line":244,"column":119}}],"line":244},"33":{"loc":{"start":{"line":244,"column":39},"end":{"line":244,"column":53}},"type":"default-arg","locations":[{"start":{"line":244,"column":46},"end":{"line":244,"column":53}}],"line":244},"34":{"loc":{"start":{"line":244,"column":61},"end":{"line":244,"column":73}},"type":"default-arg","locations":[{"start":{"line":244,"column":68},"end":{"line":244,"column":73}}],"line":244},"35":{"loc":{"start":{"line":244,"column":81},"end":{"line":244,"column":92}},"type":"default-arg","locations":[{"start":{"line":244,"column":88},"end":{"line":244,"column":92}}],"line":244},"36":{"loc":{"start":{"line":245,"column":1},"end":{"line":245,"column":21}},"type":"if","locations":[{"start":{"line":245,"column":1},"end":{"line":245,"column":21}},{"start":{"line":245,"column":1},"end":{"line":245,"column":21}}],"line":245},"37":{"loc":{"start":{"line":247,"column":1},"end":{"line":247,"column":59}},"type":"if","locations":[{"start":{"line":247,"column":1},"end":{"line":247,"column":59}},{"start":{"line":247,"column":1},"end":{"line":247,"column":59}}],"line":247},"38":{"loc":{"start":{"line":248,"column":1},"end":{"line":248,"column":60}},"type":"if","locations":[{"start":{"line":248,"column":1},"end":{"line":248,"column":60}},{"start":{"line":248,"column":1},"end":{"line":248,"column":60}}],"line":248},"39":{"loc":{"start":{"line":249,"column":1},"end":{"line":249,"column":63}},"type":"if","locations":[{"start":{"line":249,"column":1},"end":{"line":249,"column":63}},{"start":{"line":249,"column":1},"end":{"line":249,"column":63}}],"line":249},"40":{"loc":{"start":{"line":250,"column":1},"end":{"line":257,"column":2}},"type":"if","locations":[{"start":{"line":250,"column":1},"end":{"line":257,"column":2}},{"start":{"line":250,"column":1},"end":{"line":257,"column":2}}],"line":250},"41":{"loc":{"start":{"line":251,"column":4},"end":{"line":254,"column":33}},"type":"binary-expr","locations":[{"start":{"line":251,"column":5},"end":{"line":251,"column":27}},{"start":{"line":252,"column":6},"end":{"line":252,"column":28}},{"start":{"line":253,"column":6},"end":{"line":253,"column":32}},{"start":{"line":254,"column":6},"end":{"line":254,"column":32}}],"line":251},"42":{"loc":{"start":{"line":261,"column":1},"end":{"line":275,"column":2}},"type":"switch","locations":[{"start":{"line":262,"column":2},"end":{"line":265,"column":9}},{"start":{"line":266,"column":2},"end":{"line":269,"column":9}},{"start":{"line":270,"column":2},"end":{"line":273,"column":9}},{"start":{"line":274,"column":2},"end":{"line":274,"column":10}}],"line":261},"43":{"loc":{"start":{"line":261,"column":9},"end":{"line":261,"column":24}},"type":"binary-expr","locations":[{"start":{"line":261,"column":9},"end":{"line":261,"column":13}},{"start":{"line":261,"column":17},"end":{"line":261,"column":24}}],"line":261},"44":{"loc":{"start":{"line":277,"column":1},"end":{"line":277,"column":45}},"type":"if","locations":[{"start":{"line":277,"column":1},"end":{"line":277,"column":45}},{"start":{"line":277,"column":1},"end":{"line":277,"column":45}}],"line":277},"45":{"loc":{"start":{"line":278,"column":1},"end":{"line":278,"column":45}},"type":"if","locations":[{"start":{"line":278,"column":1},"end":{"line":278,"column":45}},{"start":{"line":278,"column":1},"end":{"line":278,"column":45}}],"line":278},"46":{"loc":{"start":{"line":280,"column":20},"end":{"line":280,"column":54}},"type":"cond-expr","locations":[{"start":{"line":280,"column":39},"end":{"line":280,"column":41}},{"start":{"line":280,"column":44},"end":{"line":280,"column":54}}],"line":280},"47":{"loc":{"start":{"line":281,"column":1},"end":{"line":283,"column":2}},"type":"if","locations":[{"start":{"line":281,"column":1},"end":{"line":283,"column":2}},{"start":{"line":281,"column":1},"end":{"line":283,"column":2}}],"line":281},"48":{"loc":{"start":{"line":285,"column":47},"end":{"line":285,"column":69}},"type":"binary-expr","locations":[{"start":{"line":285,"column":47},"end":{"line":285,"column":53}},{"start":{"line":285,"column":57},"end":{"line":285,"column":69}}],"line":285}},"s":{"0":3,"1":1,"2":2,"3":1,"4":0,"5":1,"6":3,"7":1,"8":2,"9":2,"10":1,"11":1,"12":5,"13":0,"14":5,"15":2,"16":1,"17":1,"18":10,"19":0,"20":10,"21":1,"22":0,"23":1,"24":1,"25":0,"26":1,"27":1,"28":0,"29":1,"30":6,"31":4,"32":2,"33":1,"34":2,"35":1,"36":1,"37":2,"38":0,"39":7,"40":5,"41":2,"42":1,"43":2,"44":1,"45":1,"46":2,"47":0,"48":3,"49":2,"50":1,"51":0,"52":0,"53":1,"54":1,"55":2,"56":0,"57":25,"58":13,"59":8,"60":5,"61":12,"62":6,"63":10,"64":6,"65":6,"66":14,"67":0,"68":2,"69":7,"70":1,"71":2,"72":6,"73":1,"74":0,"75":1,"76":4,"77":5,"78":1,"79":4,"80":1,"81":3,"82":9,"83":0,"84":9,"85":9,"86":1,"87":9,"88":1,"89":9,"90":5,"91":9,"92":0,"93":9,"94":7,"95":7,"96":7,"97":1,"98":1,"99":1,"100":1,"101":1,"102":1,"103":9,"104":3,"105":9,"106":0,"107":9,"108":9,"109":3,"110":9,"111":9,"112":4},"f":{"0":3,"1":1,"2":3,"3":2,"4":5,"5":2,"6":10,"7":1,"8":1,"9":1,"10":6,"11":2,"12":2,"13":7,"14":2,"15":2,"16":3,"17":0,"18":2,"19":25,"20":10,"21":14,"22":7,"23":2,"24":4,"25":9,"26":4},"b":{"0":[1,2],"1":[0,1],"2":[1,2],"3":[1,1],"4":[0,5],"5":[1,1],"6":[0,10],"7":[0,1],"8":[0,1],"9":[0,1],"10":[4,2],"11":[4,0],"12":[1,1],"13":[1,0],"14":[5,2],"15":[1,1],"16":[1,0],"17":[2,1],"18":[0,1],"19":[1,0],"20":[1],"21":[13,12],"22":[8,5],"23":[6,6],"24":[6,0],"25":[1,6],"26":[1,5],"27":[0,1],"28":[1,0,0],"29":[1,4],"30":[5,1],"31":[1,3],"32":[5],"33":[1],"34":[6],"35":[6],"36":[0,9],"37":[1,8],"38":[1,8],"39":[5,4],"40":[0,9],"41":[9,6,6,0],"42":[7,1,1,0],"43":[9,0],"44":[3,6],"45":[0,9],"46":[0,9],"47":[3,6],"48":[9,8]},"_coverageSchema":"43e27e138ebf9cfc5966b082cf9a028302ed4184","hash":"c9a4aab6e04eecd8ac54eff5541d919a1ca52815"}
,"/home/mike/dev/thr-addons/packages/date/src/graphql/GraphQLLocalDate.js": {"path":"/home/mike/dev/thr-addons/packages/date/src/graphql/GraphQLLocalDate.js","statementMap":{"0":{"start":{"line":10,"column":10},"end":{"line":10,"column":44}},"1":{"start":{"line":12,"column":25},"end":{"line":37,"column":2}},"2":{"start":{"line":17,"column":2},"end":{"line":17,"column":59}},"3":{"start":{"line":17,"column":24},"end":{"line":17,"column":59}},"4":{"start":{"line":18,"column":2},"end":{"line":18,"column":53}},"5":{"start":{"line":18,"column":23},"end":{"line":18,"column":53}},"6":{"start":{"line":19,"column":2},"end":{"line":19,"column":47}},"7":{"start":{"line":19,"column":34},"end":{"line":19,"column":47}},"8":{"start":{"line":20,"column":2},"end":{"line":20,"column":74}},"9":{"start":{"line":20,"column":31},"end":{"line":20,"column":74}},"10":{"start":{"line":21,"column":2},"end":{"line":21,"column":60}},"11":{"start":{"line":25,"column":2},"end":{"line":25,"column":37}},"12":{"start":{"line":25,"column":24},"end":{"line":25,"column":37}},"13":{"start":{"line":26,"column":2},"end":{"line":26,"column":66}},"14":{"start":{"line":26,"column":23},"end":{"line":26,"column":66}},"15":{"start":{"line":27,"column":2},"end":{"line":27,"column":60}},"16":{"start":{"line":27,"column":34},"end":{"line":27,"column":60}},"17":{"start":{"line":28,"column":2},"end":{"line":28,"column":87}},"18":{"start":{"line":28,"column":31},"end":{"line":28,"column":87}},"19":{"start":{"line":29,"column":2},"end":{"line":29,"column":64}},"20":{"start":{"line":33,"column":2},"end":{"line":33,"column":82}},"21":{"start":{"line":33,"column":29},"end":{"line":33,"column":82}},"22":{"start":{"line":34,"column":2},"end":{"line":34,"column":66}},"23":{"start":{"line":34,"column":32},"end":{"line":34,"column":66}},"24":{"start":{"line":35,"column":2},"end":{"line":35,"column":80}}},"fnMap":{"0":{"name":"(anonymous_0)","decl":{"start":{"line":16,"column":1},"end":{"line":16,"column":2}},"loc":{"start":{"line":16,"column":19},"end":{"line":22,"column":2}},"line":16},"1":{"name":"(anonymous_1)","decl":{"start":{"line":24,"column":1},"end":{"line":24,"column":2}},"loc":{"start":{"line":24,"column":18},"end":{"line":30,"column":2}},"line":24},"2":{"name":"(anonymous_2)","decl":{"start":{"line":32,"column":1},"end":{"line":32,"column":2}},"loc":{"start":{"line":32,"column":19},"end":{"line":36,"column":2}},"line":32}},"branchMap":{"0":{"loc":{"start":{"line":17,"column":2},"end":{"line":17,"column":59}},"type":"if","locations":[{"start":{"line":17,"column":2},"end":{"line":17,"column":59}},{"start":{"line":17,"column":2},"end":{"line":17,"column":59}}],"line":17},"1":{"loc":{"start":{"line":18,"column":2},"end":{"line":18,"column":53}},"type":"if","locations":[{"start":{"line":18,"column":2},"end":{"line":18,"column":53}},{"start":{"line":18,"column":2},"end":{"line":18,"column":53}}],"line":18},"2":{"loc":{"start":{"line":19,"column":2},"end":{"line":19,"column":47}},"type":"if","locations":[{"start":{"line":19,"column":2},"end":{"line":19,"column":47}},{"start":{"line":19,"column":2},"end":{"line":19,"column":47}}],"line":19},"3":{"loc":{"start":{"line":20,"column":2},"end":{"line":20,"column":74}},"type":"if","locations":[{"start":{"line":20,"column":2},"end":{"line":20,"column":74}},{"start":{"line":20,"column":2},"end":{"line":20,"column":74}}],"line":20},"4":{"loc":{"start":{"line":25,"column":2},"end":{"line":25,"column":37}},"type":"if","locations":[{"start":{"line":25,"column":2},"end":{"line":25,"column":37}},{"start":{"line":25,"column":2},"end":{"line":25,"column":37}}],"line":25},"5":{"loc":{"start":{"line":26,"column":2},"end":{"line":26,"column":66}},"type":"if","locations":[{"start":{"line":26,"column":2},"end":{"line":26,"column":66}},{"start":{"line":26,"column":2},"end":{"line":26,"column":66}}],"line":26},"6":{"loc":{"start":{"line":27,"column":2},"end":{"line":27,"column":60}},"type":"if","locations":[{"start":{"line":27,"column":2},"end":{"line":27,"column":60}},{"start":{"line":27,"column":2},"end":{"line":27,"column":60}}],"line":27},"7":{"loc":{"start":{"line":28,"column":2},"end":{"line":28,"column":87}},"type":"if","locations":[{"start":{"line":28,"column":2},"end":{"line":28,"column":87}},{"start":{"line":28,"column":2},"end":{"line":28,"column":87}}],"line":28},"8":{"loc":{"start":{"line":33,"column":2},"end":{"line":33,"column":82}},"type":"if","locations":[{"start":{"line":33,"column":2},"end":{"line":33,"column":82}},{"start":{"line":33,"column":2},"end":{"line":33,"column":82}}],"line":33},"9":{"loc":{"start":{"line":34,"column":2},"end":{"line":34,"column":66}},"type":"if","locations":[{"start":{"line":34,"column":2},"end":{"line":34,"column":66}},{"start":{"line":34,"column":2},"end":{"line":34,"column":66}}],"line":34}},"s":{"0":1,"1":1,"2":3,"3":1,"4":2,"5":1,"6":1,"7":1,"8":0,"9":0,"10":0,"11":5,"12":0,"13":5,"14":0,"15":5,"16":5,"17":0,"18":0,"19":0,"20":4,"21":2,"22":2,"23":2,"24":0},"f":{"0":3,"1":5,"2":4},"b":{"0":[1,2],"1":[1,1],"2":[1,0],"3":[0,0],"4":[0,5],"5":[0,5],"6":[5,0],"7":[0,0],"8":[2,2],"9":[2,0]},"_coverageSchema":"43e27e138ebf9cfc5966b082cf9a028302ed4184","hash":"fc7b2c7278be96149a939fb53860f9c48474f0b1"}
,"/home/mike/dev/thr-addons/packages/date/src/graphql/GraphQLMoment.js": {"path":"/home/mike/dev/thr-addons/packages/date/src/graphql/GraphQLMoment.js","statementMap":{"0":{"start":{"line":9,"column":1},"end":{"line":9,"column":42}},"1":{"start":{"line":9,"column":29},"end":{"line":9,"column":42}},"2":{"start":{"line":10,"column":1},"end":{"line":10,"column":44}},"3":{"start":{"line":10,"column":23},"end":{"line":10,"column":44}},"4":{"start":{"line":11,"column":1},"end":{"line":11,"column":43}},"5":{"start":{"line":11,"column":22},"end":{"line":11,"column":43}},"6":{"start":{"line":12,"column":1},"end":{"line":12,"column":47}},"7":{"start":{"line":15,"column":22},"end":{"line":29,"column":2}},"8":{"start":{"line":19,"column":2},"end":{"line":19,"column":25}},"9":{"start":{"line":22,"column":2},"end":{"line":22,"column":25}},"10":{"start":{"line":25,"column":2},"end":{"line":25,"column":57}},"11":{"start":{"line":25,"column":32},"end":{"line":25,"column":57}},"12":{"start":{"line":26,"column":2},"end":{"line":26,"column":68}},"13":{"start":{"line":26,"column":29},"end":{"line":26,"column":68}},"14":{"start":{"line":27,"column":2},"end":{"line":27,"column":77}}},"fnMap":{"0":{"name":"toMoment","decl":{"start":{"line":8,"column":9},"end":{"line":8,"column":17}},"loc":{"start":{"line":8,"column":25},"end":{"line":13,"column":1}},"line":8},"1":{"name":"(anonymous_1)","decl":{"start":{"line":18,"column":1},"end":{"line":18,"column":2}},"loc":{"start":{"line":18,"column":19},"end":{"line":20,"column":2}},"line":18},"2":{"name":"(anonymous_2)","decl":{"start":{"line":21,"column":1},"end":{"line":21,"column":2}},"loc":{"start":{"line":21,"column":18},"end":{"line":23,"column":2}},"line":21},"3":{"name":"(anonymous_3)","decl":{"start":{"line":24,"column":1},"end":{"line":24,"column":2}},"loc":{"start":{"line":24,"column":19},"end":{"line":28,"column":2}},"line":24}},"branchMap":{"0":{"loc":{"start":{"line":9,"column":1},"end":{"line":9,"column":42}},"type":"if","locations":[{"start":{"line":9,"column":1},"end":{"line":9,"column":42}},{"start":{"line":9,"column":1},"end":{"line":9,"column":42}}],"line":9},"1":{"loc":{"start":{"line":10,"column":1},"end":{"line":10,"column":44}},"type":"if","locations":[{"start":{"line":10,"column":1},"end":{"line":10,"column":44}},{"start":{"line":10,"column":1},"end":{"line":10,"column":44}}],"line":10},"2":{"loc":{"start":{"line":11,"column":1},"end":{"line":11,"column":43}},"type":"if","locations":[{"start":{"line":11,"column":1},"end":{"line":11,"column":43}},{"start":{"line":11,"column":1},"end":{"line":11,"column":43}}],"line":11},"3":{"loc":{"start":{"line":25,"column":2},"end":{"line":25,"column":57}},"type":"if","locations":[{"start":{"line":25,"column":2},"end":{"line":25,"column":57}},{"start":{"line":25,"column":2},"end":{"line":25,"column":57}}],"line":25},"4":{"loc":{"start":{"line":26,"column":2},"end":{"line":26,"column":68}},"type":"if","locations":[{"start":{"line":26,"column":2},"end":{"line":26,"column":68}},{"start":{"line":26,"column":2},"end":{"line":26,"column":68}}],"line":26}},"s":{"0":8,"1":6,"2":2,"3":1,"4":1,"5":1,"6":0,"7":1,"8":3,"9":5,"10":4,"11":2,"12":2,"13":2,"14":0},"f":{"0":8,"1":3,"2":5,"3":4},"b":{"0":[6,2],"1":[1,1],"2":[1,0],"3":[2,2],"4":[2,0]},"_coverageSchema":"43e27e138ebf9cfc5966b082cf9a028302ed4184","hash":"ff1da51e0e74247fd26703c19e5c9a39fd221e11"}
}
