{"/home/darkadept/dev/thr-addons/packages/date/src/util.js": {"path":"/home/darkadept/dev/thr-addons/packages/date/src/util.js","statementMap":{"0":{"start":{"line":29,"column":1},"end":{"line":29,"column":24}},"1":{"start":{"line":29,"column":12},"end":{"line":29,"column":24}},"2":{"start":{"line":30,"column":1},"end":{"line":30,"column":78}},"3":{"start":{"line":39,"column":1},"end":{"line":39,"column":29}},"4":{"start":{"line":39,"column":17},"end":{"line":39,"column":29}},"5":{"start":{"line":40,"column":1},"end":{"line":40,"column":87}},"6":{"start":{"line":49,"column":1},"end":{"line":49,"column":23}},"7":{"start":{"line":49,"column":11},"end":{"line":49,"column":23}},"8":{"start":{"line":50,"column":1},"end":{"line":50,"column":62}},"9":{"start":{"line":59,"column":1},"end":{"line":59,"column":29}},"10":{"start":{"line":59,"column":17},"end":{"line":59,"column":29}},"11":{"start":{"line":60,"column":1},"end":{"line":64,"column":4}},"12":{"start":{"line":73,"column":1},"end":{"line":73,"column":25}},"13":{"start":{"line":73,"column":13},"end":{"line":73,"column":25}},"14":{"start":{"line":74,"column":1},"end":{"line":74,"column":36}},"15":{"start":{"line":83,"column":1},"end":{"line":83,"column":25}},"16":{"start":{"line":83,"column":13},"end":{"line":83,"column":25}},"17":{"start":{"line":84,"column":1},"end":{"line":84,"column":62}},"18":{"start":{"line":93,"column":1},"end":{"line":93,"column":25}},"19":{"start":{"line":93,"column":13},"end":{"line":93,"column":25}},"20":{"start":{"line":94,"column":1},"end":{"line":94,"column":27}},"21":{"start":{"line":103,"column":1},"end":{"line":103,"column":25}},"22":{"start":{"line":103,"column":13},"end":{"line":103,"column":25}},"23":{"start":{"line":104,"column":1},"end":{"line":104,"column":53}},"24":{"start":{"line":115,"column":1},"end":{"line":117,"column":2}},"25":{"start":{"line":116,"column":2},"end":{"line":116,"column":45}},"26":{"start":{"line":118,"column":1},"end":{"line":120,"column":2}},"27":{"start":{"line":119,"column":2},"end":{"line":119,"column":50}},"28":{"start":{"line":119,"column":23},"end":{"line":119,"column":48}},"29":{"start":{"line":121,"column":1},"end":{"line":125,"column":2}},"30":{"start":{"line":122,"column":2},"end":{"line":124,"column":9}},"31":{"start":{"line":123,"column":3},"end":{"line":123,"column":47}},"32":{"start":{"line":126,"column":1},"end":{"line":126,"column":12}},"33":{"start":{"line":135,"column":1},"end":{"line":135,"column":37}},"34":{"start":{"line":135,"column":18},"end":{"line":135,"column":37}},"35":{"start":{"line":136,"column":1},"end":{"line":138,"column":2}},"36":{"start":{"line":137,"column":2},"end":{"line":137,"column":50}},"37":{"start":{"line":137,"column":23},"end":{"line":137,"column":48}},"38":{"start":{"line":139,"column":1},"end":{"line":143,"column":2}},"39":{"start":{"line":140,"column":2},"end":{"line":142,"column":9}},"40":{"start":{"line":141,"column":3},"end":{"line":141,"column":47}},"41":{"start":{"line":144,"column":1},"end":{"line":144,"column":12}},"42":{"start":{"line":153,"column":1},"end":{"line":153,"column":55}},"43":{"start":{"line":153,"column":31},"end":{"line":153,"column":55}},"44":{"start":{"line":154,"column":1},"end":{"line":156,"column":2}},"45":{"start":{"line":155,"column":2},"end":{"line":155,"column":61}},"46":{"start":{"line":155,"column":23},"end":{"line":155,"column":59}},"47":{"start":{"line":157,"column":1},"end":{"line":161,"column":2}},"48":{"start":{"line":158,"column":2},"end":{"line":160,"column":9}},"49":{"start":{"line":159,"column":3},"end":{"line":159,"column":58}},"50":{"start":{"line":162,"column":1},"end":{"line":162,"column":12}},"51":{"start":{"line":172,"column":1},"end":{"line":177,"column":2}},"52":{"start":{"line":173,"column":2},"end":{"line":175,"column":3}},"53":{"start":{"line":174,"column":3},"end":{"line":174,"column":48}},"54":{"start":{"line":176,"column":2},"end":{"line":176,"column":13}},"55":{"start":{"line":178,"column":1},"end":{"line":180,"column":2}},"56":{"start":{"line":179,"column":2},"end":{"line":179,"column":76}},"57":{"start":{"line":179,"column":23},"end":{"line":179,"column":74}},"58":{"start":{"line":181,"column":1},"end":{"line":185,"column":2}},"59":{"start":{"line":182,"column":2},"end":{"line":184,"column":9}},"60":{"start":{"line":183,"column":3},"end":{"line":183,"column":78}},"61":{"start":{"line":186,"column":1},"end":{"line":186,"column":12}},"62":{"start":{"line":189,"column":23},"end":{"line":189,"column":45}},"63":{"start":{"line":196,"column":1},"end":{"line":198,"column":2}},"64":{"start":{"line":197,"column":2},"end":{"line":197,"column":56}},"65":{"start":{"line":197,"column":23},"end":{"line":197,"column":54}},"66":{"start":{"line":199,"column":1},"end":{"line":204,"column":2}},"67":{"start":{"line":200,"column":2},"end":{"line":200,"column":96}},"68":{"start":{"line":200,"column":43},"end":{"line":200,"column":96}},"69":{"start":{"line":201,"column":2},"end":{"line":203,"column":9}},"70":{"start":{"line":202,"column":3},"end":{"line":202,"column":53}},"71":{"start":{"line":205,"column":1},"end":{"line":205,"column":76}},"72":{"start":{"line":205,"column":48},"end":{"line":205,"column":76}},"73":{"start":{"line":206,"column":1},"end":{"line":208,"column":2}},"74":{"start":{"line":207,"column":2},"end":{"line":207,"column":39}},"75":{"start":{"line":209,"column":1},"end":{"line":209,"column":12}},"76":{"start":{"line":224,"column":1},"end":{"line":224,"column":21}},"77":{"start":{"line":224,"column":11},"end":{"line":224,"column":21}},"78":{"start":{"line":225,"column":9},"end":{"line":225,"column":12}},"79":{"start":{"line":226,"column":1},"end":{"line":226,"column":54}},"80":{"start":{"line":226,"column":19},"end":{"line":226,"column":54}},"81":{"start":{"line":227,"column":1},"end":{"line":227,"column":63}},"82":{"start":{"line":227,"column":29},"end":{"line":227,"column":63}},"83":{"start":{"line":228,"column":1},"end":{"line":228,"column":38}},"84":{"start":{"line":228,"column":24},"end":{"line":228,"column":38}},"85":{"start":{"line":229,"column":1},"end":{"line":229,"column":150}},"86":{"start":{"line":229,"column":26},"end":{"line":229,"column":150}},"87":{"start":{"line":232,"column":1},"end":{"line":246,"column":2}},"88":{"start":{"line":234,"column":3},"end":{"line":234,"column":27}},"89":{"start":{"line":235,"column":3},"end":{"line":235,"column":25}},"90":{"start":{"line":236,"column":3},"end":{"line":236,"column":9}},"91":{"start":{"line":238,"column":3},"end":{"line":238,"column":30}},"92":{"start":{"line":239,"column":3},"end":{"line":239,"column":25}},"93":{"start":{"line":240,"column":3},"end":{"line":240,"column":9}},"94":{"start":{"line":242,"column":3},"end":{"line":242,"column":31}},"95":{"start":{"line":243,"column":3},"end":{"line":243,"column":25}},"96":{"start":{"line":244,"column":3},"end":{"line":244,"column":9}},"97":{"start":{"line":247,"column":20},"end":{"line":247,"column":54}},"98":{"start":{"line":248,"column":1},"end":{"line":250,"column":2}},"99":{"start":{"line":249,"column":2},"end":{"line":249,"column":49}},"100":{"start":{"line":251,"column":1},"end":{"line":251,"column":41}}},"fnMap":{"0":{"name":"transformDateToLocalDate","decl":{"start":{"line":28,"column":16},"end":{"line":28,"column":40}},"loc":{"start":{"line":28,"column":47},"end":{"line":31,"column":1}},"line":28},"1":{"name":"transformLocalDateToDate","decl":{"start":{"line":38,"column":16},"end":{"line":38,"column":40}},"loc":{"start":{"line":38,"column":52},"end":{"line":41,"column":1}},"line":38},"2":{"name":"transformMomentToLocalDate","decl":{"start":{"line":48,"column":16},"end":{"line":48,"column":42}},"loc":{"start":{"line":48,"column":48},"end":{"line":51,"column":1}},"line":48},"3":{"name":"transformLocalDateToMoment","decl":{"start":{"line":58,"column":16},"end":{"line":58,"column":42}},"loc":{"start":{"line":58,"column":54},"end":{"line":65,"column":1}},"line":58},"4":{"name":"transformEpochIntegerToLocalDate","decl":{"start":{"line":72,"column":16},"end":{"line":72,"column":48}},"loc":{"start":{"line":72,"column":56},"end":{"line":75,"column":1}},"line":72},"5":{"name":"transformEpochIntegerToDate","decl":{"start":{"line":82,"column":16},"end":{"line":82,"column":43}},"loc":{"start":{"line":82,"column":51},"end":{"line":85,"column":1}},"line":82},"6":{"name":"transformLocalDateToEpochInteger","decl":{"start":{"line":92,"column":16},"end":{"line":92,"column":48}},"loc":{"start":{"line":92,"column":56},"end":{"line":95,"column":1}},"line":92},"7":{"name":"transformDateToEpochInteger","decl":{"start":{"line":102,"column":16},"end":{"line":102,"column":43}},"loc":{"start":{"line":102,"column":51},"end":{"line":105,"column":1}},"line":102},"8":{"name":"transformMomentsToDate","decl":{"start":{"line":114,"column":16},"end":{"line":114,"column":38}},"loc":{"start":{"line":114,"column":44},"end":{"line":127,"column":1}},"line":114},"9":{"name":"(anonymous_9)","decl":{"start":{"line":119,"column":18},"end":{"line":119,"column":19}},"loc":{"start":{"line":119,"column":23},"end":{"line":119,"column":48}},"line":119},"10":{"name":"(anonymous_10)","decl":{"start":{"line":122,"column":24},"end":{"line":122,"column":25}},"loc":{"start":{"line":122,"column":48},"end":{"line":124,"column":3}},"line":122},"11":{"name":"transformDatesToMoment","decl":{"start":{"line":134,"column":16},"end":{"line":134,"column":38}},"loc":{"start":{"line":134,"column":44},"end":{"line":145,"column":1}},"line":134},"12":{"name":"(anonymous_12)","decl":{"start":{"line":137,"column":18},"end":{"line":137,"column":19}},"loc":{"start":{"line":137,"column":23},"end":{"line":137,"column":48}},"line":137},"13":{"name":"(anonymous_13)","decl":{"start":{"line":140,"column":24},"end":{"line":140,"column":25}},"loc":{"start":{"line":140,"column":48},"end":{"line":142,"column":3}},"line":140},"14":{"name":"transformLocalDatesToEpochInteger","decl":{"start":{"line":152,"column":16},"end":{"line":152,"column":49}},"loc":{"start":{"line":152,"column":55},"end":{"line":163,"column":1}},"line":152},"15":{"name":"(anonymous_15)","decl":{"start":{"line":155,"column":18},"end":{"line":155,"column":19}},"loc":{"start":{"line":155,"column":23},"end":{"line":155,"column":59}},"line":155},"16":{"name":"(anonymous_16)","decl":{"start":{"line":158,"column":24},"end":{"line":158,"column":25}},"loc":{"start":{"line":158,"column":48},"end":{"line":160,"column":3}},"line":158},"17":{"name":"mapEpochIntegerToLocalDates","decl":{"start":{"line":171,"column":16},"end":{"line":171,"column":43}},"loc":{"start":{"line":171,"column":70},"end":{"line":187,"column":1}},"line":171},"18":{"name":"(anonymous_18)","decl":{"start":{"line":179,"column":18},"end":{"line":179,"column":19}},"loc":{"start":{"line":179,"column":23},"end":{"line":179,"column":74}},"line":179},"19":{"name":"(anonymous_19)","decl":{"start":{"line":182,"column":24},"end":{"line":182,"column":25}},"loc":{"start":{"line":182,"column":48},"end":{"line":184,"column":3}},"line":182},"20":{"name":"transformObjectsToLocalDates","decl":{"start":{"line":195,"column":16},"end":{"line":195,"column":44}},"loc":{"start":{"line":195,"column":50},"end":{"line":210,"column":1}},"line":195},"21":{"name":"(anonymous_21)","decl":{"start":{"line":197,"column":18},"end":{"line":197,"column":19}},"loc":{"start":{"line":197,"column":23},"end":{"line":197,"column":54}},"line":197},"22":{"name":"(anonymous_22)","decl":{"start":{"line":201,"column":24},"end":{"line":201,"column":25}},"loc":{"start":{"line":201,"column":48},"end":{"line":203,"column":3}},"line":201},"23":{"name":"formatDate","decl":{"start":{"line":223,"column":16},"end":{"line":223,"column":26}},"loc":{"start":{"line":223,"column":121},"end":{"line":252,"column":1}},"line":223}},"branchMap":{"0":{"loc":{"start":{"line":29,"column":1},"end":{"line":29,"column":24}},"type":"if","locations":[{"start":{"line":29,"column":1},"end":{"line":29,"column":24}},{"start":{"line":29,"column":1},"end":{"line":29,"column":24}}],"line":29},"1":{"loc":{"start":{"line":39,"column":1},"end":{"line":39,"column":29}},"type":"if","locations":[{"start":{"line":39,"column":1},"end":{"line":39,"column":29}},{"start":{"line":39,"column":1},"end":{"line":39,"column":29}}],"line":39},"2":{"loc":{"start":{"line":49,"column":1},"end":{"line":49,"column":23}},"type":"if","locations":[{"start":{"line":49,"column":1},"end":{"line":49,"column":23}},{"start":{"line":49,"column":1},"end":{"line":49,"column":23}}],"line":49},"3":{"loc":{"start":{"line":59,"column":1},"end":{"line":59,"column":29}},"type":"if","locations":[{"start":{"line":59,"column":1},"end":{"line":59,"column":29}},{"start":{"line":59,"column":1},"end":{"line":59,"column":29}}],"line":59},"4":{"loc":{"start":{"line":73,"column":1},"end":{"line":73,"column":25}},"type":"if","locations":[{"start":{"line":73,"column":1},"end":{"line":73,"column":25}},{"start":{"line":73,"column":1},"end":{"line":73,"column":25}}],"line":73},"5":{"loc":{"start":{"line":83,"column":1},"end":{"line":83,"column":25}},"type":"if","locations":[{"start":{"line":83,"column":1},"end":{"line":83,"column":25}},{"start":{"line":83,"column":1},"end":{"line":83,"column":25}}],"line":83},"6":{"loc":{"start":{"line":93,"column":1},"end":{"line":93,"column":25}},"type":"if","locations":[{"start":{"line":93,"column":1},"end":{"line":93,"column":25}},{"start":{"line":93,"column":1},"end":{"line":93,"column":25}}],"line":93},"7":{"loc":{"start":{"line":103,"column":1},"end":{"line":103,"column":25}},"type":"if","locations":[{"start":{"line":103,"column":1},"end":{"line":103,"column":25}},{"start":{"line":103,"column":1},"end":{"line":103,"column":25}}],"line":103},"8":{"loc":{"start":{"line":115,"column":1},"end":{"line":117,"column":2}},"type":"if","locations":[{"start":{"line":115,"column":1},"end":{"line":117,"column":2}},{"start":{"line":115,"column":1},"end":{"line":117,"column":2}}],"line":115},"9":{"loc":{"start":{"line":116,"column":9},"end":{"line":116,"column":44}},"type":"cond-expr","locations":[{"start":{"line":116,"column":25},"end":{"line":116,"column":37}},{"start":{"line":116,"column":40},"end":{"line":116,"column":44}}],"line":116},"10":{"loc":{"start":{"line":118,"column":1},"end":{"line":120,"column":2}},"type":"if","locations":[{"start":{"line":118,"column":1},"end":{"line":120,"column":2}},{"start":{"line":118,"column":1},"end":{"line":120,"column":2}}],"line":118},"11":{"loc":{"start":{"line":121,"column":1},"end":{"line":125,"column":2}},"type":"if","locations":[{"start":{"line":121,"column":1},"end":{"line":125,"column":2}},{"start":{"line":121,"column":1},"end":{"line":125,"column":2}}],"line":121},"12":{"loc":{"start":{"line":135,"column":1},"end":{"line":135,"column":37}},"type":"if","locations":[{"start":{"line":135,"column":1},"end":{"line":135,"column":37}},{"start":{"line":135,"column":1},"end":{"line":135,"column":37}}],"line":135},"13":{"loc":{"start":{"line":136,"column":1},"end":{"line":138,"column":2}},"type":"if","locations":[{"start":{"line":136,"column":1},"end":{"line":138,"column":2}},{"start":{"line":136,"column":1},"end":{"line":138,"column":2}}],"line":136},"14":{"loc":{"start":{"line":139,"column":1},"end":{"line":143,"column":2}},"type":"if","locations":[{"start":{"line":139,"column":1},"end":{"line":143,"column":2}},{"start":{"line":139,"column":1},"end":{"line":143,"column":2}}],"line":139},"15":{"loc":{"start":{"line":153,"column":1},"end":{"line":153,"column":55}},"type":"if","locations":[{"start":{"line":153,"column":1},"end":{"line":153,"column":55}},{"start":{"line":153,"column":1},"end":{"line":153,"column":55}}],"line":153},"16":{"loc":{"start":{"line":154,"column":1},"end":{"line":156,"column":2}},"type":"if","locations":[{"start":{"line":154,"column":1},"end":{"line":156,"column":2}},{"start":{"line":154,"column":1},"end":{"line":156,"column":2}}],"line":154},"17":{"loc":{"start":{"line":157,"column":1},"end":{"line":161,"column":2}},"type":"if","locations":[{"start":{"line":157,"column":1},"end":{"line":161,"column":2}},{"start":{"line":157,"column":1},"end":{"line":161,"column":2}}],"line":157},"18":{"loc":{"start":{"line":171,"column":56},"end":{"line":171,"column":68}},"type":"default-arg","locations":[{"start":{"line":171,"column":66},"end":{"line":171,"column":68}}],"line":171},"19":{"loc":{"start":{"line":172,"column":1},"end":{"line":177,"column":2}},"type":"if","locations":[{"start":{"line":172,"column":1},"end":{"line":177,"column":2}},{"start":{"line":172,"column":1},"end":{"line":177,"column":2}}],"line":172},"20":{"loc":{"start":{"line":173,"column":2},"end":{"line":175,"column":3}},"type":"if","locations":[{"start":{"line":173,"column":2},"end":{"line":175,"column":3}},{"start":{"line":173,"column":2},"end":{"line":175,"column":3}}],"line":173},"21":{"loc":{"start":{"line":178,"column":1},"end":{"line":180,"column":2}},"type":"if","locations":[{"start":{"line":178,"column":1},"end":{"line":180,"column":2}},{"start":{"line":178,"column":1},"end":{"line":180,"column":2}}],"line":178},"22":{"loc":{"start":{"line":181,"column":1},"end":{"line":185,"column":2}},"type":"if","locations":[{"start":{"line":181,"column":1},"end":{"line":185,"column":2}},{"start":{"line":181,"column":1},"end":{"line":185,"column":2}}],"line":181},"23":{"loc":{"start":{"line":196,"column":1},"end":{"line":198,"column":2}},"type":"if","locations":[{"start":{"line":196,"column":1},"end":{"line":198,"column":2}},{"start":{"line":196,"column":1},"end":{"line":198,"column":2}}],"line":196},"24":{"loc":{"start":{"line":199,"column":1},"end":{"line":204,"column":2}},"type":"if","locations":[{"start":{"line":199,"column":1},"end":{"line":204,"column":2}},{"start":{"line":199,"column":1},"end":{"line":204,"column":2}}],"line":199},"25":{"loc":{"start":{"line":200,"column":2},"end":{"line":200,"column":96}},"type":"if","locations":[{"start":{"line":200,"column":2},"end":{"line":200,"column":96}},{"start":{"line":200,"column":2},"end":{"line":200,"column":96}}],"line":200},"26":{"loc":{"start":{"line":200,"column":6},"end":{"line":200,"column":41}},"type":"binary-expr","locations":[{"start":{"line":200,"column":6},"end":{"line":200,"column":15}},{"start":{"line":200,"column":19},"end":{"line":200,"column":29}},{"start":{"line":200,"column":33},"end":{"line":200,"column":41}}],"line":200},"27":{"loc":{"start":{"line":205,"column":1},"end":{"line":205,"column":76}},"type":"if","locations":[{"start":{"line":205,"column":1},"end":{"line":205,"column":76}},{"start":{"line":205,"column":1},"end":{"line":205,"column":76}}],"line":205},"28":{"loc":{"start":{"line":205,"column":5},"end":{"line":205,"column":46}},"type":"binary-expr","locations":[{"start":{"line":205,"column":5},"end":{"line":205,"column":18}},{"start":{"line":205,"column":22},"end":{"line":205,"column":46}}],"line":205},"29":{"loc":{"start":{"line":206,"column":1},"end":{"line":208,"column":2}},"type":"if","locations":[{"start":{"line":206,"column":1},"end":{"line":208,"column":2}},{"start":{"line":206,"column":1},"end":{"line":208,"column":2}}],"line":206},"30":{"loc":{"start":{"line":223,"column":32},"end":{"line":223,"column":119}},"type":"default-arg","locations":[{"start":{"line":223,"column":104},"end":{"line":223,"column":119}}],"line":223},"31":{"loc":{"start":{"line":223,"column":39},"end":{"line":223,"column":53}},"type":"default-arg","locations":[{"start":{"line":223,"column":46},"end":{"line":223,"column":53}}],"line":223},"32":{"loc":{"start":{"line":223,"column":61},"end":{"line":223,"column":73}},"type":"default-arg","locations":[{"start":{"line":223,"column":68},"end":{"line":223,"column":73}}],"line":223},"33":{"loc":{"start":{"line":223,"column":81},"end":{"line":223,"column":92}},"type":"default-arg","locations":[{"start":{"line":223,"column":88},"end":{"line":223,"column":92}}],"line":223},"34":{"loc":{"start":{"line":224,"column":1},"end":{"line":224,"column":21}},"type":"if","locations":[{"start":{"line":224,"column":1},"end":{"line":224,"column":21}},{"start":{"line":224,"column":1},"end":{"line":224,"column":21}}],"line":224},"35":{"loc":{"start":{"line":226,"column":1},"end":{"line":226,"column":54}},"type":"if","locations":[{"start":{"line":226,"column":1},"end":{"line":226,"column":54}},{"start":{"line":226,"column":1},"end":{"line":226,"column":54}}],"line":226},"36":{"loc":{"start":{"line":227,"column":1},"end":{"line":227,"column":63}},"type":"if","locations":[{"start":{"line":227,"column":1},"end":{"line":227,"column":63}},{"start":{"line":227,"column":1},"end":{"line":227,"column":63}}],"line":227},"37":{"loc":{"start":{"line":228,"column":1},"end":{"line":228,"column":38}},"type":"if","locations":[{"start":{"line":228,"column":1},"end":{"line":228,"column":38}},{"start":{"line":228,"column":1},"end":{"line":228,"column":38}}],"line":228},"38":{"loc":{"start":{"line":229,"column":1},"end":{"line":229,"column":150}},"type":"if","locations":[{"start":{"line":229,"column":1},"end":{"line":229,"column":150}},{"start":{"line":229,"column":1},"end":{"line":229,"column":150}}],"line":229},"39":{"loc":{"start":{"line":232,"column":1},"end":{"line":246,"column":2}},"type":"switch","locations":[{"start":{"line":233,"column":2},"end":{"line":236,"column":9}},{"start":{"line":237,"column":2},"end":{"line":240,"column":9}},{"start":{"line":241,"column":2},"end":{"line":244,"column":9}},{"start":{"line":245,"column":2},"end":{"line":245,"column":10}}],"line":232},"40":{"loc":{"start":{"line":232,"column":9},"end":{"line":232,"column":24}},"type":"binary-expr","locations":[{"start":{"line":232,"column":9},"end":{"line":232,"column":13}},{"start":{"line":232,"column":17},"end":{"line":232,"column":24}}],"line":232},"41":{"loc":{"start":{"line":247,"column":20},"end":{"line":247,"column":54}},"type":"cond-expr","locations":[{"start":{"line":247,"column":39},"end":{"line":247,"column":41}},{"start":{"line":247,"column":44},"end":{"line":247,"column":54}}],"line":247},"42":{"loc":{"start":{"line":248,"column":1},"end":{"line":250,"column":2}},"type":"if","locations":[{"start":{"line":248,"column":1},"end":{"line":250,"column":2}},{"start":{"line":248,"column":1},"end":{"line":250,"column":2}}],"line":248},"43":{"loc":{"start":{"line":251,"column":17},"end":{"line":251,"column":39}},"type":"binary-expr","locations":[{"start":{"line":251,"column":17},"end":{"line":251,"column":23}},{"start":{"line":251,"column":27},"end":{"line":251,"column":39}}],"line":251}},"s":{"0":3,"1":1,"2":2,"3":4,"4":1,"5":3,"6":2,"7":1,"8":1,"9":3,"10":1,"11":2,"12":9,"13":0,"14":9,"15":2,"16":0,"17":2,"18":1,"19":0,"20":1,"21":1,"22":0,"23":1,"24":6,"25":4,"26":2,"27":1,"28":2,"29":1,"30":1,"31":2,"32":0,"33":7,"34":5,"35":2,"36":1,"37":2,"38":1,"39":1,"40":2,"41":0,"42":3,"43":2,"44":1,"45":0,"46":0,"47":1,"48":1,"49":2,"50":0,"51":25,"52":13,"53":8,"54":5,"55":12,"56":6,"57":10,"58":6,"59":6,"60":14,"61":0,"62":1,"63":7,"64":1,"65":2,"66":6,"67":1,"68":0,"69":1,"70":4,"71":5,"72":1,"73":4,"74":1,"75":3,"76":8,"77":0,"78":8,"79":8,"80":1,"81":8,"82":1,"83":8,"84":2,"85":8,"86":0,"87":8,"88":6,"89":6,"90":6,"91":1,"92":1,"93":1,"94":1,"95":1,"96":1,"97":8,"98":8,"99":3,"100":8},"f":{"0":3,"1":4,"2":2,"3":3,"4":9,"5":2,"6":1,"7":1,"8":6,"9":2,"10":2,"11":7,"12":2,"13":2,"14":3,"15":0,"16":2,"17":25,"18":10,"19":14,"20":7,"21":2,"22":4,"23":8},"b":{"0":[1,2],"1":[1,3],"2":[1,1],"3":[1,2],"4":[0,9],"5":[0,2],"6":[0,1],"7":[0,1],"8":[4,2],"9":[4,0],"10":[1,1],"11":[1,0],"12":[5,2],"13":[1,1],"14":[1,0],"15":[2,1],"16":[0,1],"17":[1,0],"18":[1],"19":[13,12],"20":[8,5],"21":[6,6],"22":[6,0],"23":[1,6],"24":[1,5],"25":[0,1],"26":[1,0,0],"27":[1,4],"28":[5,1],"29":[1,3],"30":[4],"31":[1],"32":[5],"33":[5],"34":[0,8],"35":[1,7],"36":[1,7],"37":[2,6],"38":[0,8],"39":[6,1,1,0],"40":[8,0],"41":[0,8],"42":[3,5],"43":[8,7]},"_coverageSchema":"43e27e138ebf9cfc5966b082cf9a028302ed4184","hash":"c33711d2ffe3959d72fca4978f76ce466a6b31ba"}
,"/home/darkadept/dev/thr-addons/packages/date/src/graphql/GraphQLLocalDate.js": {"path":"/home/darkadept/dev/thr-addons/packages/date/src/graphql/GraphQLLocalDate.js","statementMap":{"0":{"start":{"line":9,"column":1},"end":{"line":9,"column":36}},"1":{"start":{"line":9,"column":23},"end":{"line":9,"column":36}},"2":{"start":{"line":10,"column":1},"end":{"line":10,"column":65}},"3":{"start":{"line":10,"column":22},"end":{"line":10,"column":65}},"4":{"start":{"line":11,"column":1},"end":{"line":11,"column":59}},"5":{"start":{"line":11,"column":33},"end":{"line":11,"column":59}},"6":{"start":{"line":12,"column":1},"end":{"line":12,"column":50}},"7":{"start":{"line":15,"column":25},"end":{"line":34,"column":2}},"8":{"start":{"line":20,"column":2},"end":{"line":20,"column":27}},"9":{"start":{"line":24,"column":2},"end":{"line":24,"column":37}},"10":{"start":{"line":24,"column":24},"end":{"line":24,"column":37}},"11":{"start":{"line":25,"column":2},"end":{"line":25,"column":50}},"12":{"start":{"line":25,"column":23},"end":{"line":25,"column":50}},"13":{"start":{"line":26,"column":2},"end":{"line":26,"column":64}},"14":{"start":{"line":30,"column":2},"end":{"line":30,"column":46}},"15":{"start":{"line":30,"column":29},"end":{"line":30,"column":46}},"16":{"start":{"line":31,"column":2},"end":{"line":31,"column":79}},"17":{"start":{"line":31,"column":32},"end":{"line":31,"column":79}},"18":{"start":{"line":32,"column":2},"end":{"line":32,"column":80}}},"fnMap":{"0":{"name":"toEpochDay","decl":{"start":{"line":8,"column":9},"end":{"line":8,"column":19}},"loc":{"start":{"line":8,"column":27},"end":{"line":13,"column":1}},"line":8},"1":{"name":"(anonymous_1)","decl":{"start":{"line":19,"column":1},"end":{"line":19,"column":2}},"loc":{"start":{"line":19,"column":19},"end":{"line":21,"column":2}},"line":19},"2":{"name":"(anonymous_2)","decl":{"start":{"line":23,"column":1},"end":{"line":23,"column":2}},"loc":{"start":{"line":23,"column":18},"end":{"line":27,"column":2}},"line":23},"3":{"name":"(anonymous_3)","decl":{"start":{"line":29,"column":1},"end":{"line":29,"column":2}},"loc":{"start":{"line":29,"column":19},"end":{"line":33,"column":2}},"line":29}},"branchMap":{"0":{"loc":{"start":{"line":9,"column":1},"end":{"line":9,"column":36}},"type":"if","locations":[{"start":{"line":9,"column":1},"end":{"line":9,"column":36}},{"start":{"line":9,"column":1},"end":{"line":9,"column":36}}],"line":9},"1":{"loc":{"start":{"line":10,"column":1},"end":{"line":10,"column":65}},"type":"if","locations":[{"start":{"line":10,"column":1},"end":{"line":10,"column":65}},{"start":{"line":10,"column":1},"end":{"line":10,"column":65}}],"line":10},"2":{"loc":{"start":{"line":11,"column":1},"end":{"line":11,"column":59}},"type":"if","locations":[{"start":{"line":11,"column":1},"end":{"line":11,"column":59}},{"start":{"line":11,"column":1},"end":{"line":11,"column":59}}],"line":11},"3":{"loc":{"start":{"line":24,"column":2},"end":{"line":24,"column":37}},"type":"if","locations":[{"start":{"line":24,"column":2},"end":{"line":24,"column":37}},{"start":{"line":24,"column":2},"end":{"line":24,"column":37}}],"line":24},"4":{"loc":{"start":{"line":25,"column":2},"end":{"line":25,"column":50}},"type":"if","locations":[{"start":{"line":25,"column":2},"end":{"line":25,"column":50}},{"start":{"line":25,"column":2},"end":{"line":25,"column":50}}],"line":25},"5":{"loc":{"start":{"line":30,"column":2},"end":{"line":30,"column":46}},"type":"if","locations":[{"start":{"line":30,"column":2},"end":{"line":30,"column":46}},{"start":{"line":30,"column":2},"end":{"line":30,"column":46}}],"line":30},"6":{"loc":{"start":{"line":31,"column":2},"end":{"line":31,"column":79}},"type":"if","locations":[{"start":{"line":31,"column":2},"end":{"line":31,"column":79}},{"start":{"line":31,"column":2},"end":{"line":31,"column":79}}],"line":31}},"s":{"0":3,"1":1,"2":2,"3":1,"4":1,"5":1,"6":0,"7":1,"8":3,"9":5,"10":4,"11":1,"12":1,"13":0,"14":4,"15":2,"16":2,"17":2,"18":0},"f":{"0":3,"1":3,"2":5,"3":4},"b":{"0":[1,2],"1":[1,1],"2":[1,0],"3":[4,1],"4":[1,0],"5":[2,2],"6":[2,0]},"_coverageSchema":"43e27e138ebf9cfc5966b082cf9a028302ed4184","hash":"d127ffcec7cd2ac600847cddef4bf42dbbc67783"}
,"/home/darkadept/dev/thr-addons/packages/date/src/graphql/GraphQLMoment.js": {"path":"/home/darkadept/dev/thr-addons/packages/date/src/graphql/GraphQLMoment.js","statementMap":{"0":{"start":{"line":9,"column":1},"end":{"line":9,"column":42}},"1":{"start":{"line":9,"column":29},"end":{"line":9,"column":42}},"2":{"start":{"line":10,"column":1},"end":{"line":10,"column":44}},"3":{"start":{"line":10,"column":23},"end":{"line":10,"column":44}},"4":{"start":{"line":11,"column":1},"end":{"line":11,"column":43}},"5":{"start":{"line":11,"column":22},"end":{"line":11,"column":43}},"6":{"start":{"line":12,"column":1},"end":{"line":12,"column":47}},"7":{"start":{"line":15,"column":22},"end":{"line":29,"column":2}},"8":{"start":{"line":19,"column":2},"end":{"line":19,"column":25}},"9":{"start":{"line":22,"column":2},"end":{"line":22,"column":25}},"10":{"start":{"line":25,"column":2},"end":{"line":25,"column":57}},"11":{"start":{"line":25,"column":32},"end":{"line":25,"column":57}},"12":{"start":{"line":26,"column":2},"end":{"line":26,"column":68}},"13":{"start":{"line":26,"column":29},"end":{"line":26,"column":68}},"14":{"start":{"line":27,"column":2},"end":{"line":27,"column":77}}},"fnMap":{"0":{"name":"toMoment","decl":{"start":{"line":8,"column":9},"end":{"line":8,"column":17}},"loc":{"start":{"line":8,"column":25},"end":{"line":13,"column":1}},"line":8},"1":{"name":"(anonymous_1)","decl":{"start":{"line":18,"column":1},"end":{"line":18,"column":2}},"loc":{"start":{"line":18,"column":19},"end":{"line":20,"column":2}},"line":18},"2":{"name":"(anonymous_2)","decl":{"start":{"line":21,"column":1},"end":{"line":21,"column":2}},"loc":{"start":{"line":21,"column":18},"end":{"line":23,"column":2}},"line":21},"3":{"name":"(anonymous_3)","decl":{"start":{"line":24,"column":1},"end":{"line":24,"column":2}},"loc":{"start":{"line":24,"column":19},"end":{"line":28,"column":2}},"line":24}},"branchMap":{"0":{"loc":{"start":{"line":9,"column":1},"end":{"line":9,"column":42}},"type":"if","locations":[{"start":{"line":9,"column":1},"end":{"line":9,"column":42}},{"start":{"line":9,"column":1},"end":{"line":9,"column":42}}],"line":9},"1":{"loc":{"start":{"line":10,"column":1},"end":{"line":10,"column":44}},"type":"if","locations":[{"start":{"line":10,"column":1},"end":{"line":10,"column":44}},{"start":{"line":10,"column":1},"end":{"line":10,"column":44}}],"line":10},"2":{"loc":{"start":{"line":11,"column":1},"end":{"line":11,"column":43}},"type":"if","locations":[{"start":{"line":11,"column":1},"end":{"line":11,"column":43}},{"start":{"line":11,"column":1},"end":{"line":11,"column":43}}],"line":11},"3":{"loc":{"start":{"line":25,"column":2},"end":{"line":25,"column":57}},"type":"if","locations":[{"start":{"line":25,"column":2},"end":{"line":25,"column":57}},{"start":{"line":25,"column":2},"end":{"line":25,"column":57}}],"line":25},"4":{"loc":{"start":{"line":26,"column":2},"end":{"line":26,"column":68}},"type":"if","locations":[{"start":{"line":26,"column":2},"end":{"line":26,"column":68}},{"start":{"line":26,"column":2},"end":{"line":26,"column":68}}],"line":26}},"s":{"0":8,"1":6,"2":2,"3":1,"4":1,"5":1,"6":0,"7":1,"8":3,"9":5,"10":4,"11":2,"12":2,"13":2,"14":0},"f":{"0":8,"1":3,"2":5,"3":4},"b":{"0":[6,2],"1":[1,1],"2":[1,0],"3":[2,2],"4":[2,0]},"_coverageSchema":"43e27e138ebf9cfc5966b082cf9a028302ed4184","hash":"47d946c4e7ea3084e3802871a0afe3f9655d1f3e"}
}
