TN:
SF:/home/darkadept/dev/thr-addons/packages/date/src/util.js
FN:28,transformDateToLocalDate
FN:38,transformLocalDateToDate
FN:48,transformMomentToLocalDate
FN:58,transformLocalDateToMoment
FN:72,transformEpochIntegerToLocalDate
FN:82,transformEpochIntegerToDate
FN:92,transformLocalDateToEpochInteger
FN:102,transformDateToEpochInteger
FN:114,transformMomentsToDate
FN:119,(anonymous_9)
FN:122,(anonymous_10)
FN:134,transformDatesToMoment
FN:137,(anonymous_12)
FN:140,(anonymous_13)
FN:152,transformLocalDatesToEpochInteger
FN:155,(anonymous_15)
FN:158,(anonymous_16)
FN:171,mapEpochIntegerToLocalDates
FN:179,(anonymous_18)
FN:182,(anonymous_19)
FN:195,transformObjectsToLocalDates
FN:197,(anonymous_21)
FN:201,(anonymous_22)
FN:223,formatDate
FNF:24
FNH:23
FNDA:3,transformDateToLocalDate
FNDA:4,transformLocalDateToDate
FNDA:2,transformMomentToLocalDate
FNDA:3,transformLocalDateToMoment
FNDA:9,transformEpochIntegerToLocalDate
FNDA:2,transformEpochIntegerToDate
FNDA:1,transformLocalDateToEpochInteger
FNDA:1,transformDateToEpochInteger
FNDA:6,transformMomentsToDate
FNDA:2,(anonymous_9)
FNDA:2,(anonymous_10)
FNDA:7,transformDatesToMoment
FNDA:2,(anonymous_12)
FNDA:2,(anonymous_13)
FNDA:3,transformLocalDatesToEpochInteger
FNDA:0,(anonymous_15)
FNDA:2,(anonymous_16)
FNDA:25,mapEpochIntegerToLocalDates
FNDA:10,(anonymous_18)
FNDA:14,(anonymous_19)
FNDA:7,transformObjectsToLocalDates
FNDA:2,(anonymous_21)
FNDA:4,(anonymous_22)
FNDA:8,formatDate
DA:29,3
DA:30,2
DA:39,4
DA:40,3
DA:49,2
DA:50,1
DA:59,3
DA:60,2
DA:73,9
DA:74,9
DA:83,2
DA:84,2
DA:93,1
DA:94,1
DA:103,1
DA:104,1
DA:115,6
DA:116,4
DA:118,2
DA:119,2
DA:121,1
DA:122,1
DA:123,2
DA:126,0
DA:135,7
DA:136,2
DA:137,2
DA:139,1
DA:140,1
DA:141,2
DA:144,0
DA:153,3
DA:154,1
DA:155,0
DA:157,1
DA:158,1
DA:159,2
DA:162,0
DA:172,25
DA:173,13
DA:174,8
DA:176,5
DA:178,12
DA:179,10
DA:181,6
DA:182,6
DA:183,14
DA:186,0
DA:189,1
DA:196,7
DA:197,2
DA:199,6
DA:200,1
DA:201,1
DA:202,4
DA:205,5
DA:206,4
DA:207,1
DA:209,3
DA:224,8
DA:225,8
DA:226,8
DA:227,8
DA:228,8
DA:229,8
DA:232,8
DA:234,6
DA:235,6
DA:236,6
DA:238,1
DA:239,1
DA:240,1
DA:242,1
DA:243,1
DA:244,1
DA:247,8
DA:248,8
DA:249,3
DA:251,8
LF:79
LH:74
BRDA:29,0,0,1
BRDA:29,0,1,2
BRDA:39,1,0,1
BRDA:39,1,1,3
BRDA:49,2,0,1
BRDA:49,2,1,1
BRDA:59,3,0,1
BRDA:59,3,1,2
BRDA:73,4,0,0
BRDA:73,4,1,9
BRDA:83,5,0,0
BRDA:83,5,1,2
BRDA:93,6,0,0
BRDA:93,6,1,1
BRDA:103,7,0,0
BRDA:103,7,1,1
BRDA:115,8,0,4
BRDA:115,8,1,2
BRDA:116,9,0,4
BRDA:116,9,1,0
BRDA:118,10,0,1
BRDA:118,10,1,1
BRDA:121,11,0,1
BRDA:121,11,1,0
BRDA:135,12,0,5
BRDA:135,12,1,2
BRDA:136,13,0,1
BRDA:136,13,1,1
BRDA:139,14,0,1
BRDA:139,14,1,0
BRDA:153,15,0,2
BRDA:153,15,1,1
BRDA:154,16,0,0
BRDA:154,16,1,1
BRDA:157,17,0,1
BRDA:157,17,1,0
BRDA:171,18,0,1
BRDA:172,19,0,13
BRDA:172,19,1,12
BRDA:173,20,0,8
BRDA:173,20,1,5
BRDA:178,21,0,6
BRDA:178,21,1,6
BRDA:181,22,0,6
BRDA:181,22,1,0
BRDA:196,23,0,1
BRDA:196,23,1,6
BRDA:199,24,0,1
BRDA:199,24,1,5
BRDA:200,25,0,0
BRDA:200,25,1,1
BRDA:200,26,0,1
BRDA:200,26,1,0
BRDA:200,26,2,0
BRDA:205,27,0,1
BRDA:205,27,1,4
BRDA:205,28,0,5
BRDA:205,28,1,1
BRDA:206,29,0,1
BRDA:206,29,1,3
BRDA:223,30,0,4
BRDA:223,31,0,1
BRDA:223,32,0,5
BRDA:223,33,0,5
BRDA:224,34,0,0
BRDA:224,34,1,8
BRDA:226,35,0,1
BRDA:226,35,1,7
BRDA:227,36,0,1
BRDA:227,36,1,7
BRDA:228,37,0,2
BRDA:228,37,1,6
BRDA:229,38,0,0
BRDA:229,38,1,8
BRDA:232,39,0,6
BRDA:232,39,1,1
BRDA:232,39,2,1
BRDA:232,39,3,0
BRDA:232,40,0,8
BRDA:232,40,1,0
BRDA:247,41,0,0
BRDA:247,41,1,8
BRDA:248,42,0,3
BRDA:248,42,1,5
BRDA:251,43,0,8
BRDA:251,43,1,7
BRF:86
BRH:68
end_of_record
TN:
SF:/home/darkadept/dev/thr-addons/packages/date/src/graphql/GraphQLLocalDate.js
FN:8,toEpochDay
FN:19,(anonymous_1)
FN:23,(anonymous_2)
FN:29,(anonymous_3)
FNF:4
FNH:4
FNDA:3,toEpochDay
FNDA:3,(anonymous_1)
FNDA:5,(anonymous_2)
FNDA:4,(anonymous_3)
DA:9,3
DA:10,2
DA:11,1
DA:12,0
DA:15,1
DA:20,3
DA:24,5
DA:25,1
DA:26,0
DA:30,4
DA:31,2
DA:32,0
LF:12
LH:9
BRDA:9,0,0,1
BRDA:9,0,1,2
BRDA:10,1,0,1
BRDA:10,1,1,1
BRDA:11,2,0,1
BRDA:11,2,1,0
BRDA:24,3,0,4
BRDA:24,3,1,1
BRDA:25,4,0,1
BRDA:25,4,1,0
BRDA:30,5,0,2
BRDA:30,5,1,2
BRDA:31,6,0,2
BRDA:31,6,1,0
BRF:14
BRH:11
end_of_record
TN:
SF:/home/darkadept/dev/thr-addons/packages/date/src/graphql/GraphQLMoment.js
FN:8,toMoment
FN:18,(anonymous_1)
FN:21,(anonymous_2)
FN:24,(anonymous_3)
FNF:4
FNH:4
FNDA:8,toMoment
FNDA:3,(anonymous_1)
FNDA:5,(anonymous_2)
FNDA:4,(anonymous_3)
DA:9,8
DA:10,2
DA:11,1
DA:12,0
DA:15,1
DA:19,3
DA:22,5
DA:25,4
DA:26,2
DA:27,0
LF:10
LH:8
BRDA:9,0,0,6
BRDA:9,0,1,2
BRDA:10,1,0,1
BRDA:10,1,1,1
BRDA:11,2,0,1
BRDA:11,2,1,0
BRDA:25,3,0,2
BRDA:25,3,1,2
BRDA:26,4,0,2
BRDA:26,4,1,0
BRF:10
BRH:8
end_of_record
