TN:
SF:/home/mike/dev/thr-addons/packages/date/src/conversion.ts
FN:21,isLocalDateLike
FN:36,toLocalDate
FN:71,toEpochDay
FN:91,toLocalDateTime
FN:117,toDate
FNF:5
FNH:5
FNDA:150,isLocalDateLike
FNDA:165,toLocalDate
FNDA:71,toEpochDay
FNDA:79,toLocalDateTime
FNDA:66,toDate
DA:22,150
DA:33,2
DA:34,2
DA:37,165
DA:38,16
DA:40,149
DA:42,30
DA:44,119
DA:46,10
DA:48,109
DA:49,17
DA:51,92
DA:53,30
DA:55,62
DA:57,20
DA:59,42
DA:60,40
DA:61,10
DA:63,30
DA:64,10
DA:66,20
DA:68,2
DA:72,71
DA:73,5
DA:75,66
DA:76,5
DA:78,61
DA:85,60
DA:88,1
DA:92,79
DA:93,15
DA:95,64
DA:96,5
DA:98,59
DA:99,18
DA:101,41
DA:102,20
DA:103,20
DA:105,21
DA:106,20
DA:107,5
DA:109,15
DA:110,5
DA:112,10
DA:114,1
DA:118,66
DA:119,15
DA:121,51
DA:122,15
DA:124,36
DA:125,10
DA:135,26
DA:136,10
DA:138,16
DA:139,15
DA:141,1
LF:56
LH:56
BRDA:23,0,0,150
BRDA:23,0,1,146
BRDA:23,0,2,145
BRDA:23,0,3,44
BRDA:23,0,4,36
BRDA:23,0,5,36
BRDA:36,1,0,100
BRDA:37,2,0,16
BRDA:37,2,1,149
BRDA:40,3,0,30
BRDA:40,3,1,119
BRDA:44,4,0,10
BRDA:44,4,1,109
BRDA:48,5,0,17
BRDA:48,5,1,92
BRDA:51,6,0,30
BRDA:51,6,1,62
BRDA:55,7,0,20
BRDA:55,7,1,42
BRDA:59,8,0,40
BRDA:59,8,1,2
BRDA:60,9,0,10
BRDA:60,9,1,30
BRDA:63,10,0,10
BRDA:63,10,1,20
BRDA:71,11,0,66
BRDA:72,12,0,5
BRDA:72,12,1,66
BRDA:75,13,0,5
BRDA:75,13,1,61
BRDA:78,14,0,60
BRDA:78,14,1,1
BRDA:79,15,0,61
BRDA:79,15,1,46
BRDA:79,15,2,41
BRDA:79,15,3,26
BRDA:79,15,4,21
BRDA:91,16,0,66
BRDA:92,17,0,15
BRDA:92,17,1,64
BRDA:95,18,0,5
BRDA:95,18,1,59
BRDA:98,19,0,18
BRDA:98,19,1,41
BRDA:101,20,0,20
BRDA:101,20,1,21
BRDA:101,21,0,41
BRDA:101,21,1,31
BRDA:101,21,2,26
BRDA:105,22,0,20
BRDA:105,22,1,1
BRDA:106,23,0,5
BRDA:106,23,1,15
BRDA:109,24,0,5
BRDA:109,24,1,10
BRDA:118,25,0,15
BRDA:118,25,1,51
BRDA:121,26,0,15
BRDA:121,26,1,36
BRDA:121,27,0,51
BRDA:121,27,1,36
BRDA:124,28,0,10
BRDA:124,28,1,26
BRDA:135,29,0,10
BRDA:135,29,1,16
BRDA:135,30,0,26
BRDA:135,30,1,21
BRDA:138,31,0,15
BRDA:138,31,1,1
BRF:69
BRH:69
end_of_record
TN:
SF:/home/mike/dev/thr-addons/packages/date/src/formatDate.ts
FN:25,formatDate
FN:79,(anonymous_1)
FNF:2
FNH:2
FNDA:11,formatDate
FNDA:4,(anonymous_1)
DA:41,11
DA:42,10
DA:43,10
DA:44,10
DA:45,10
DA:46,10
DA:47,10
DA:48,10
DA:49,10
DA:53,10
DA:55,1
DA:56,1
DA:57,1
DA:59,1
DA:60,1
DA:61,1
DA:64,8
DA:65,8
DA:66,8
DA:69,10
DA:70,10
DA:72,10
DA:73,10
DA:74,3
DA:77,10
DA:79,10
LF:26
LH:26
BRDA:37,0,0,7
BRDA:38,1,0,9
BRDA:41,2,0,1
BRDA:41,2,1,10
BRDA:42,3,0,1
BRDA:42,3,1,9
BRDA:43,4,0,1
BRDA:43,4,1,9
BRDA:44,5,0,3
BRDA:44,5,1,7
BRDA:45,6,0,1
BRDA:45,6,1,9
BRDA:46,7,0,5
BRDA:46,7,1,5
BRDA:47,8,0,0
BRDA:47,8,1,10
BRDA:48,9,0,0
BRDA:48,9,1,10
BRDA:49,10,0,0
BRDA:49,10,1,10
BRDA:53,11,0,1
BRDA:53,11,1,1
BRDA:53,11,2,7
BRDA:53,11,3,8
BRDA:69,12,0,2
BRDA:69,12,1,8
BRDA:70,13,0,0
BRDA:70,13,1,10
BRDA:72,14,0,1
BRDA:72,14,1,9
BRDA:73,15,0,3
BRDA:73,15,1,7
BRDA:77,16,0,10
BRDA:77,16,1,9
BRF:34
BRH:30
end_of_record
TN:
SF:/home/mike/dev/thr-addons/packages/date/src/getMonthNames.ts
FN:11,getMonthNames
FNF:1
FNH:0
FNDA:0,getMonthNames
DA:12,0
DA:26,0
DA:27,0
DA:28,0
DA:30,0
DA:31,0
DA:32,0
DA:33,0
DA:36,0
LF:9
LH:0
BRDA:11,0,0,0
BRDA:11,1,0,0
BRDA:30,2,0,0
BRDA:30,2,1,0
BRDA:31,3,0,0
BRDA:31,3,1,0
BRDA:32,4,0,0
BRDA:32,4,1,0
BRDA:32,5,0,0
BRDA:32,5,1,0
BRF:10
BRH:0
end_of_record
TN:
SF:/home/mike/dev/thr-addons/packages/date/src/getNumberOfDaysInMonth.ts
FN:13,getNumberofDaysInMonth
FNF:1
FNH:0
FNDA:0,getNumberofDaysInMonth
DA:15,0
DA:19,0
DA:21,0
DA:22,0
DA:23,0
DA:25,0
LF:6
LH:0
BRDA:13,0,0,0
BRDA:13,1,0,0
BRDA:15,2,0,0
BRDA:15,2,1,0
BRDA:15,3,0,0
BRDA:15,3,1,0
BRDA:19,4,0,0
BRDA:19,4,1,0
BRF:8
BRH:0
end_of_record
TN:
SF:/home/mike/dev/thr-addons/packages/date/src/index.ts
FNF:0
FNH:0
LF:0
LH:0
BRF:0
BRH:0
end_of_record
