<?xml version="1.0" encoding="UTF-8"?>
<coverage generated="1538082319024" clover="3.2.0">
  <project timestamp="1538082319024" name="All files">
    <metrics statements="25" coveredstatements="22" conditionals="12" coveredconditionals="11" methods="14" coveredmethods="10" elements="51" coveredelements="43" complexity="0" loc="25" ncloc="25" packages="4" files="5" classes="5">
      <package name="src">
        <metrics statements="9" coveredstatements="9" conditionals="8" coveredconditionals="8" methods="6" coveredmethods="6"/>
        <file name="messagesActions.js" path="/home/mike/dev/thr-addons/packages/messages/src/messagesActions.js">
          <metrics statements="9" coveredstatements="9" conditionals="8" coveredconditionals="8" methods="6" coveredmethods="6"/>
          <line num="3" count="3" type="stmt"/>
          <line num="4" count="3" type="stmt"/>
          <line num="5" count="3" type="stmt"/>
          <line num="17" count="5" type="stmt"/>
          <line num="37" count="1" type="stmt"/>
          <line num="49" count="1" type="stmt"/>
          <line num="61" count="1" type="stmt"/>
          <line num="71" count="1" type="stmt"/>
          <line num="83" count="1" type="stmt"/>
        </file>
      </package>
      <package name="src.Message">
        <metrics statements="11" coveredstatements="8" conditionals="2" coveredconditionals="1" methods="5" coveredmethods="2"/>
        <file name="Message.js" path="/home/mike/dev/thr-addons/packages/messages/src/Message/Message.js">
          <metrics statements="11" coveredstatements="8" conditionals="2" coveredconditionals="1" methods="5" coveredmethods="2"/>
          <line num="21" count="2" type="stmt"/>
          <line num="22" count="2" type="stmt"/>
          <line num="23" count="2" type="stmt"/>
          <line num="24" count="2" type="stmt"/>
          <line num="25" count="2" type="cond" truecount="1" falsecount="1"/>
          <line num="26" count="0" type="stmt"/>
          <line num="28" count="0" type="stmt"/>
          <line num="31" count="0" type="stmt"/>
          <line num="36" count="2" type="stmt"/>
          <line num="38" count="1" type="stmt"/>
          <line num="45" count="2" type="stmt"/>
        </file>
        <file name="index.js" path="/home/mike/dev/thr-addons/packages/messages/src/Message/index.js">
          <metrics statements="0" coveredstatements="0" conditionals="0" coveredconditionals="0" methods="0" coveredmethods="0"/>
        </file>
      </package>
      <package name="src.Messages">
        <metrics statements="4" coveredstatements="4" conditionals="2" coveredconditionals="2" methods="3" coveredmethods="2"/>
        <file name="Messages.js" path="/home/mike/dev/thr-addons/packages/messages/src/Messages/Messages.js">
          <metrics statements="4" coveredstatements="4" conditionals="2" coveredconditionals="2" methods="3" coveredmethods="2"/>
          <line num="16" count="2" type="cond" truecount="2" falsecount="0"/>
          <line num="17" count="1" type="stmt"/>
          <line num="20" count="4" type="stmt"/>
          <line num="26" count="1" type="stmt"/>
        </file>
      </package>
      <package name="tests">
        <metrics statements="1" coveredstatements="1" conditionals="0" coveredconditionals="0" methods="0" coveredmethods="0"/>
        <file name="setupTests.js" path="/home/mike/dev/thr-addons/packages/messages/tests/setupTests.js">
          <metrics statements="1" coveredstatements="1" conditionals="0" coveredconditionals="0" methods="0" coveredmethods="0"/>
          <line num="4" count="3" type="stmt"/>
        </file>
      </package>
    </metrics>
  </project>
</coverage>
